2023-10-29 08:53:10,684 [INFO] Activator:176 - 


2023-10-29 08:53:10,693 [INFO] Activator:177 - !SESSION log4j initialized
2023-10-29 08:53:20,974 [INFO] LogOutputStream:77 - [STDOUT_REDIRECT] 
2023-10-29 08:53:43,599 [ERROR] LogOutputStream:75 - [STDERR_REDIRECT] SLF4J: Failed to load class "org.slf4j.impl.StaticLoggerBinder".
2023-10-29 08:53:43,600 [ERROR] LogOutputStream:75 - [STDERR_REDIRECT] SLF4J: Defaulting to no-operation (NOP) logger implementation
2023-10-29 08:53:43,603 [ERROR] LogOutputStream:75 - [STDERR_REDIRECT] SLF4J: See http://www.slf4j.org/codes.html#StaticLoggerBinder for further details.
2023-10-29 14:41:29,935 [INFO] ApplicationProperties:184 - Using Application install path: C:\ST\STM32CubeIDE_1.12.1\STM32CubeIDE\plugins\com.st.stm32cube.common.mx_6.8.1.202304191431
2023-10-29 14:41:29,997 [INFO] DbMcusXml:78 - Set database path to: C:\ST\STM32CubeIDE_1.12.1\STM32CubeIDE\plugins\com.st.stm32cube.common.mx_6.8.1.202304191431\\db\/mcu/
2023-10-29 14:41:29,999 [INFO] ApiDb:274 - Set plugin database path to: C:\ST\STM32CubeIDE_1.12.1\STM32CubeIDE\plugins\com.st.stm32cube.common.mx_6.8.1.202304191431\\db\/plugins/boardmanager/
2023-10-29 14:41:30,001 [WARN] ApiDb:259 - Overriding images path with different value:  => C:\ST\STM32CubeIDE_1.12.1\STM32CubeIDE\plugins\com.st.stm32cube.common.mx_6.8.1.202304191431\\db\/plugins/mcufinder/images/
2023-10-29 14:41:30,034 [INFO] ApiDb:250 - Set database path to: C:\Users\Admin\.stmcufinder\plugins\mcufinder//mcu/
2023-10-29 14:41:30,037 [INFO] DbMcusAds:125 - Set database path to: C:\Users\Admin\.stmcufinder\plugins\mcufinder//mcu/
2023-10-29 14:41:30,052 [INFO] CrossReferenceDbSqlite:203 - Set database path to: C:\Users\Admin\.stmcufinder\plugins\mcufinder//mcu/cs/
2023-10-29 14:41:30,348 [INFO] RulesReader:64 - Compatibility file has been processed (293 Rules)
2023-10-29 14:41:30,522 [INFO] DbMcusXml:78 - Set database path to: C:\ST\STM32CubeIDE_1.12.1\STM32CubeIDE\plugins\com.st.stm32cube.common.mx_6.8.1.202304191431\\db\/mcu/
2023-10-29 14:41:30,522 [INFO] ApiDb:274 - Set plugin database path to: C:\ST\STM32CubeIDE_1.12.1\STM32CubeIDE\plugins\com.st.stm32cube.common.mx_6.8.1.202304191431\\db\/plugins/boardmanager/
2023-10-29 14:41:30,523 [INFO] ApiDb:261 - Set plugin images path to: C:\ST\STM32CubeIDE_1.12.1\STM32CubeIDE\plugins\com.st.stm32cube.common.mx_6.8.1.202304191431\\db\/plugins/mcufinder/images/
2023-10-29 14:41:30,523 [WARN] DbFile:41 - Overriding database path with different value: C:\Users\Admin\.stmcufinder\plugins\mcufinder/ => C:\Users\Admin\.stmcufinder\plugins\mcufinder
2023-10-29 14:41:30,523 [INFO] ApiDb:250 - Set database path to: C:\Users\Admin\.stmcufinder\plugins\mcufinder//mcu/
2023-10-29 14:41:30,523 [WARN] DbFile:41 - Overriding database path with different value: C:\Users\Admin\.stmcufinder\plugins\mcufinder/ => C:\Users\Admin\.stmcufinder\plugins\mcufinder
2023-10-29 14:41:30,523 [INFO] DbMcusAds:125 - Set database path to: C:\Users\Admin\.stmcufinder\plugins\mcufinder//mcu/
2023-10-29 14:41:30,523 [WARN] DbFile:41 - Overriding database path with different value: C:\Users\Admin\.stmcufinder\plugins\mcufinder/ => C:\Users\Admin\.stmcufinder\plugins\mcufinder
2023-10-29 14:41:30,523 [WARN] DbFile:41 - Overriding database path with different value: C:\Users\Admin\.stmcufinder\plugins\mcufinder/ => C:\Users\Admin\.stmcufinder\plugins\mcufinder
2023-10-29 14:41:30,524 [INFO] CrossReferenceDbSqlite:203 - Set database path to: C:\Users\Admin\.stmcufinder\plugins\mcufinder//mcu/cs/
2023-10-29 14:41:30,699 [INFO] MainPanel:253 - HeapMemory: 685768704
2023-10-29 14:41:30,872 [INFO] DbMcusXml:78 - Set database path to: C:\ST\STM32CubeIDE_1.12.1\STM32CubeIDE\plugins\com.st.stm32cube.common.mx_6.8.1.202304191431\\db\/mcu/
2023-10-29 14:41:30,872 [INFO] ApiDb:274 - Set plugin database path to: C:\ST\STM32CubeIDE_1.12.1\STM32CubeIDE\plugins\com.st.stm32cube.common.mx_6.8.1.202304191431\\db\/plugins/boardmanager/
2023-10-29 14:41:30,872 [INFO] ApiDb:261 - Set plugin images path to: C:\ST\STM32CubeIDE_1.12.1\STM32CubeIDE\plugins\com.st.stm32cube.common.mx_6.8.1.202304191431\\db\/plugins/mcufinder/images/
2023-10-29 14:41:30,873 [WARN] DbFile:41 - Overriding database path with different value: C:\Users\Admin\.stmcufinder\plugins\mcufinder/ => C:\Users\Admin\.stmcufinder\plugins\mcufinder
2023-10-29 14:41:30,873 [INFO] ApiDb:250 - Set database path to: C:\Users\Admin\.stmcufinder\plugins\mcufinder//mcu/
2023-10-29 14:41:30,874 [WARN] DbFile:41 - Overriding database path with different value: C:\Users\Admin\.stmcufinder\plugins\mcufinder/ => C:\Users\Admin\.stmcufinder\plugins\mcufinder
2023-10-29 14:41:30,874 [INFO] DbMcusAds:125 - Set database path to: C:\Users\Admin\.stmcufinder\plugins\mcufinder//mcu/
2023-10-29 14:41:30,874 [WARN] DbFile:41 - Overriding database path with different value: C:\Users\Admin\.stmcufinder\plugins\mcufinder/ => C:\Users\Admin\.stmcufinder\plugins\mcufinder
2023-10-29 14:41:30,874 [WARN] DbFile:41 - Overriding database path with different value: C:\Users\Admin\.stmcufinder\plugins\mcufinder/ => C:\Users\Admin\.stmcufinder\plugins\mcufinder
2023-10-29 14:41:30,875 [INFO] CrossReferenceDbSqlite:203 - Set database path to: C:\Users\Admin\.stmcufinder\plugins\mcufinder//mcu/cs/
2023-10-29 14:41:30,920 [INFO] ApplicationProperties:184 - Using Application install path: C:\ST\STM32CubeIDE_1.12.1\STM32CubeIDE\plugins\com.st.stm32cube.common.mx_6.8.1.202304191431
2023-10-29 14:41:30,923 [INFO] PluginManage:196 - Search for loadable plugins [exclusion list=, ]
2023-10-29 14:41:30,926 [INFO] PluginManage:310 - Check plugin analytics
2023-10-29 14:41:31,374 [INFO] AnalyticsPlugin:253 - Accepted Software Licenses: STM32CubeMX.6.8.1
2023-10-29 14:41:31,375 [INFO] AnalyticsPlugin:255 - Accepted CMSIS Pack Licenses: 
2023-10-29 14:41:31,376 [INFO] AnalyticsPlugin:257 - Accepted Firmware Licenses: FW.F4.1.27.0
2023-10-29 14:41:31,392 [INFO] PluginManage:359 - Loaded plugin analytics (category:tool,tabindex:-1)
2023-10-29 14:41:31,393 [INFO] PluginManage:310 - Check plugin cadmodel
2023-10-29 14:41:31,406 [INFO] CADModel:105 - Init CAD model plugin
2023-10-29 14:41:31,407 [INFO] PluginManage:359 - Loaded plugin cadmodel (category:power,tabindex:5)
2023-10-29 14:41:31,407 [INFO] PluginManage:310 - Check plugin clock
2023-10-29 14:41:31,438 [INFO] PluginManage:359 - Loaded plugin clock (category:base,tabindex:2)
2023-10-29 14:41:31,439 [INFO] PluginManage:310 - Check plugin ddr
2023-10-29 14:41:31,445 [INFO] PluginManage:359 - Loaded plugin ddr (category:tool,tabindex:6)
2023-10-29 14:41:31,447 [INFO] PluginManage:310 - Check plugin filemanager
2023-10-29 14:41:31,855 [INFO] PluginManage:359 - Loaded plugin filemanager (category:base,tabindex:10)
2023-10-29 14:41:31,856 [INFO] PluginManage:310 - Check plugin ipmanager
2023-10-29 14:41:31,876 [INFO] PluginManage:359 - Loaded plugin ipmanager (category:base,tabindex:5)
2023-10-29 14:41:31,877 [INFO] PluginManage:310 - Check plugin lpbam
2023-10-29 14:41:31,902 [INFO] PluginManage:359 - Loaded plugin lpbam (category:base,tabindex:0)
2023-10-29 14:41:31,902 [INFO] PluginManage:310 - Check plugin pinoutandconfiguration
2023-10-29 14:41:31,921 [INFO] PluginManage:359 - Loaded plugin pinoutandconfiguration (category:base,tabindex:1)
2023-10-29 14:41:31,921 [INFO] PluginManage:310 - Check plugin pinoutconfig
2023-10-29 14:41:32,083 [WARN] SupportedApi:132 - Cannot load RTOS API schema: s4s-elt-must-match.1: The content of 'definitions' must match (annotation?, (simpleType | complexType)?, (unique | key | keyref)*)). A problem was found starting at: attribute.
2023-10-29 14:41:32,455 [INFO] PluginManage:359 - Loaded plugin pinoutconfig (category:base,tabindex:0)
2023-10-29 14:41:32,456 [INFO] PluginManage:310 - Check plugin power
2023-10-29 14:41:32,483 [INFO] PluginManage:359 - Loaded plugin power (category:power,tabindex:4)
2023-10-29 14:41:32,483 [INFO] PluginManage:310 - Check plugin projectmanager
2023-10-29 14:41:32,520 [INFO] PluginManage:359 - Loaded plugin projectmanager (category:projectmanager,tabindex:3)
2023-10-29 14:41:32,521 [INFO] PluginManage:310 - Check plugin thirdparty
2023-10-29 14:41:32,835 [INFO] PluginManage:359 - Loaded plugin thirdparty (category:base,tabindex:-1)
2023-10-29 14:41:32,835 [INFO] PluginManage:310 - Check plugin tools
2023-10-29 14:41:32,838 [WARN] IntegrityCheckThread:84 - waiting for thirdparty lock release [integrity check]
2023-10-29 14:41:32,839 [INFO] IntegrityCheckThread:86 - entering critical section [integrity check]
2023-10-29 14:41:32,843 [INFO] PluginManage:359 - Loaded plugin tools (category:base,tabindex:7)
2023-10-29 14:41:32,844 [INFO] PluginManage:310 - Check plugin tutovideos
2023-10-29 14:41:32,846 [INFO] ThirdPartyUpdaterWithRetryManager:70 - Updater plugin not ready yet. [1/15]
2023-10-29 14:41:33,285 [INFO] PluginManage:359 - Loaded plugin tutovideos (category:base,tabindex:-1)
2023-10-29 14:41:33,286 [INFO] PluginManage:310 - Check plugin updater
2023-10-29 14:41:33,321 [INFO] PluginManage:359 - Loaded plugin updater (category:base,tabindex:12)
2023-10-29 14:41:33,322 [INFO] PluginManage:283 - PluginManage : Loaded plugins [15]
2023-10-29 14:41:34,078 [INFO] PinOutPanel:1499 - setPackage(No Configuration,No Configuration)
2023-10-29 14:41:34,220 [INFO] CADModel:165 - CPN selected for project level
2023-10-29 14:41:34,220 [INFO] CADModel:114 - Register for checkConnection events
2023-10-29 14:41:34,256 [INFO] IPUIPlugin:80 - create IPUIPlugin
2023-10-29 14:41:34,256 [INFO] PluginManager:220 - loadIPPluginJar : add adc
2023-10-29 14:41:34,262 [INFO] IPUIPlugin:80 - create IPUIPlugin
2023-10-29 14:41:34,262 [INFO] PluginManager:220 - loadIPPluginJar : add aes
2023-10-29 14:41:34,267 [INFO] IPUIPlugin:80 - create IPUIPlugin
2023-10-29 14:41:34,267 [INFO] PluginManager:220 - loadIPPluginJar : add can
2023-10-29 14:41:34,270 [INFO] IPUIPlugin:80 - create IPUIPlugin
2023-10-29 14:41:34,270 [INFO] PluginManager:220 - loadIPPluginJar : add comp
2023-10-29 14:41:34,277 [INFO] IPUIPlugin:80 - create IPUIPlugin
2023-10-29 14:41:34,277 [INFO] PluginManager:220 - loadIPPluginJar : add cryp
2023-10-29 14:41:34,281 [INFO] IPUIPlugin:80 - create IPUIPlugin
2023-10-29 14:41:34,281 [INFO] PluginManager:220 - loadIPPluginJar : add dfsdm
2023-10-29 14:41:34,291 [INFO] IPUIPlugin:80 - create IPUIPlugin
2023-10-29 14:41:34,292 [INFO] PluginManager:220 - loadIPPluginJar : add dma
2023-10-29 14:41:34,296 [INFO] IPUIPlugin:80 - create IPUIPlugin
2023-10-29 14:41:34,296 [INFO] PluginManager:220 - loadIPPluginJar : add dma3
2023-10-29 14:41:34,299 [INFO] IPUIPlugin:80 - create IPUIPlugin
2023-10-29 14:41:34,299 [INFO] PluginManager:220 - loadIPPluginJar : add fatfs
2023-10-29 14:41:34,305 [INFO] IPUIPlugin:80 - create IPUIPlugin
2023-10-29 14:41:34,305 [INFO] PluginManager:220 - loadIPPluginJar : add fmc
2023-10-29 14:41:34,313 [INFO] IPUIPlugin:80 - create IPUIPlugin
2023-10-29 14:41:34,314 [INFO] PluginManager:220 - loadIPPluginJar : add freertos
2023-10-29 14:41:34,316 [INFO] IPUIPlugin:80 - create IPUIPlugin
2023-10-29 14:41:34,317 [INFO] PluginManager:220 - loadIPPluginJar : add genericplugin
2023-10-29 14:41:34,320 [INFO] IPUIPlugin:80 - create IPUIPlugin
2023-10-29 14:41:34,320 [INFO] PluginManager:220 - loadIPPluginJar : add gfxmmu
2023-10-29 14:41:34,329 [INFO] IPUIPlugin:80 - create IPUIPlugin
2023-10-29 14:41:34,330 [INFO] PluginManager:220 - loadIPPluginJar : add gic
2023-10-29 14:41:34,336 [INFO] IPUIPlugin:80 - create IPUIPlugin
2023-10-29 14:41:34,337 [INFO] PluginManager:220 - loadIPPluginJar : add gpio
2023-10-29 14:41:34,341 [INFO] IPUIPlugin:80 - create IPUIPlugin
2023-10-29 14:41:34,342 [INFO] PluginManager:220 - loadIPPluginJar : add gtzc
2023-10-29 14:41:34,346 [INFO] IPUIPlugin:80 - create IPUIPlugin
2023-10-29 14:41:34,347 [INFO] PluginManager:220 - loadIPPluginJar : add hash
2023-10-29 14:41:34,352 [INFO] IPUIPlugin:80 - create IPUIPlugin
2023-10-29 14:41:34,352 [INFO] PluginManager:220 - loadIPPluginJar : add i2c
2023-10-29 14:41:34,357 [INFO] IPUIPlugin:80 - create IPUIPlugin
2023-10-29 14:41:34,357 [INFO] PluginManager:220 - loadIPPluginJar : add i2s
2023-10-29 14:41:34,364 [INFO] IPUIPlugin:80 - create IPUIPlugin
2023-10-29 14:41:34,364 [INFO] PluginManager:220 - loadIPPluginJar : add i3c
2023-10-29 14:41:34,371 [INFO] IPUIPlugin:80 - create IPUIPlugin
2023-10-29 14:41:34,371 [INFO] PluginManager:220 - loadIPPluginJar : add ipddr
2023-10-29 14:41:34,384 [INFO] IPUIPlugin:80 - create IPUIPlugin
2023-10-29 14:41:34,384 [INFO] PluginManager:220 - loadIPPluginJar : add linkedlist
2023-10-29 14:41:34,391 [INFO] IPUIPlugin:80 - create IPUIPlugin
2023-10-29 14:41:34,392 [INFO] PluginManager:220 - loadIPPluginJar : add lorawan
2023-10-29 14:41:34,395 [INFO] IPUIPlugin:80 - create IPUIPlugin
2023-10-29 14:41:34,395 [INFO] PluginManager:220 - loadIPPluginJar : add ltdc
2023-10-29 14:41:34,407 [INFO] IPUIPlugin:80 - create IPUIPlugin
2023-10-29 14:41:34,407 [INFO] PluginManager:220 - loadIPPluginJar : add mdma
2023-10-29 14:41:34,414 [INFO] IPUIPlugin:80 - create IPUIPlugin
2023-10-29 14:41:34,415 [INFO] PluginManager:220 - loadIPPluginJar : add nvic
2023-10-29 14:41:34,422 [INFO] IPUIPlugin:80 - create IPUIPlugin
2023-10-29 14:41:34,423 [INFO] PluginManager:220 - loadIPPluginJar : add opamp
2023-10-29 14:41:34,432 [INFO] IPUIPlugin:80 - create IPUIPlugin
2023-10-29 14:41:34,432 [INFO] PluginManager:220 - loadIPPluginJar : add openamp
2023-10-29 14:41:34,438 [INFO] IPUIPlugin:80 - create IPUIPlugin
2023-10-29 14:41:34,439 [INFO] PluginManager:220 - loadIPPluginJar : add pdm2pcm
2023-10-29 14:41:34,459 [INFO] IPUIPlugin:80 - create IPUIPlugin
2023-10-29 14:41:34,467 [INFO] PluginManager:220 - loadIPPluginJar : add plateformsettings
2023-10-29 14:41:34,470 [INFO] IPUIPlugin:80 - create IPUIPlugin
2023-10-29 14:41:34,471 [INFO] PluginManager:220 - loadIPPluginJar : add quadspi
2023-10-29 14:41:34,479 [INFO] IPUIPlugin:80 - create IPUIPlugin
2023-10-29 14:41:34,479 [INFO] PluginManager:220 - loadIPPluginJar : add resmgrutility
2023-10-29 14:41:34,487 [INFO] IPUIPlugin:80 - create IPUIPlugin
2023-10-29 14:41:34,487 [INFO] PluginManager:220 - loadIPPluginJar : add sai
2023-10-29 14:41:34,494 [INFO] IPUIPlugin:80 - create IPUIPlugin
2023-10-29 14:41:34,494 [INFO] PluginManager:220 - loadIPPluginJar : add spi
2023-10-29 14:41:34,503 [INFO] IPUIPlugin:80 - create IPUIPlugin
2023-10-29 14:41:34,503 [INFO] PluginManager:220 - loadIPPluginJar : add stm32_wpan
2023-10-29 14:41:34,508 [INFO] IPUIPlugin:80 - create IPUIPlugin
2023-10-29 14:41:34,508 [INFO] PluginManager:220 - loadIPPluginJar : add tim
2023-10-29 14:41:34,516 [INFO] IPUIPlugin:80 - create IPUIPlugin
2023-10-29 14:41:34,517 [INFO] PluginManager:220 - loadIPPluginJar : add touchsensing
2023-10-29 14:41:34,520 [INFO] IPUIPlugin:80 - create IPUIPlugin
2023-10-29 14:41:34,521 [INFO] PluginManager:220 - loadIPPluginJar : add tracer_emb
2023-10-29 14:41:34,524 [INFO] IPUIPlugin:80 - create IPUIPlugin
2023-10-29 14:41:34,524 [INFO] PluginManager:220 - loadIPPluginJar : add ts
2023-10-29 14:41:34,529 [INFO] IPUIPlugin:80 - create IPUIPlugin
2023-10-29 14:41:34,529 [INFO] PluginManager:220 - loadIPPluginJar : add tsc
2023-10-29 14:41:34,532 [INFO] IPUIPlugin:80 - create IPUIPlugin
2023-10-29 14:41:34,532 [INFO] PluginManager:220 - loadIPPluginJar : add ucpd
2023-10-29 14:41:34,536 [INFO] IPUIPlugin:80 - create IPUIPlugin
2023-10-29 14:41:34,537 [INFO] PluginManager:220 - loadIPPluginJar : add usart
2023-10-29 14:41:34,548 [INFO] IPUIPlugin:80 - create IPUIPlugin
2023-10-29 14:41:34,548 [INFO] PluginManager:220 - loadIPPluginJar : add usbx
2023-10-29 14:41:34,774 [INFO] CADModel:165 - CPN selected for project level
2023-10-29 14:41:34,775 [INFO] CADModel:114 - Register for checkConnection events
2023-10-29 14:41:34,775 [FATAL] Updater:308 - Updater called before beeing initialized
2023-10-29 14:41:34,775 [ERROR] CADModel:125 - Updater not yet initialized, retry later 
2023-10-29 14:41:35,250 [INFO] CADModel:165 - CPN selected for project level
2023-10-29 14:41:35,250 [INFO] CADModel:114 - Register for checkConnection events
2023-10-29 14:41:35,250 [FATAL] Updater:308 - Updater called before beeing initialized
2023-10-29 14:41:35,250 [ERROR] CADModel:125 - Updater not yet initialized, retry later 
2023-10-29 14:41:35,268 [FATAL] Updater:308 - Updater called before beeing initialized
2023-10-29 14:41:35,735 [FATAL] Updater:308 - Updater called before beeing initialized
2023-10-29 14:41:35,747 [INFO] DbMcusAds:53 - JSON generation date=Tue Mar 07 15:50:55 ICT 2023 (1678179055114)
2023-10-29 14:41:35,748 [FATAL] Updater:308 - Updater called before beeing initialized
2023-10-29 14:41:35,820 [WARN] DetailPanel:346 - Failed to get advertising image, set to default
2023-10-29 14:41:35,848 [INFO] ThirdPartyUpdaterWithRetryManager:70 - Updater plugin not ready yet. [2/15]
2023-10-29 14:41:36,049 [FATAL] Updater:308 - Updater called before beeing initialized
2023-10-29 14:41:36,054 [FATAL] Updater:308 - Updater called before beeing initialized
2023-10-29 14:41:36,055 [FATAL] Updater:308 - Updater called before beeing initialized
2023-10-29 14:41:36,055 [WARN] DetailPanel:346 - Failed to get advertising image, set to default
2023-10-29 14:41:36,060 [FATAL] Updater:308 - Updater called before beeing initialized
2023-10-29 14:41:36,162 [ERROR] Updater:1120 - MainUpdater not yet initialized. External WinMGr cannot be set.
2023-10-29 14:41:36,165 [INFO] Updater:1056 - Updater Version found : 6.8.1
2023-10-29 14:41:36,200 [INFO] ApplicationProperties:184 - Using Application install path: C:\ST\STM32CubeIDE_1.12.1\STM32CubeIDE\plugins\com.st.stm32cube.common.mx_6.8.1.202304191431
2023-10-29 14:41:36,468 [INFO] MainUpdater:2854 - connection check result : 10
2023-10-29 14:41:36,469 [INFO] MainUpdater:283 - Updater Check For Update Now.
2023-10-29 14:41:36,470 [INFO] MicroXplorer:498 - Change Database Version : DB.6.0.81
2023-10-29 14:41:36,783 [INFO] CheckServerUpdateThread:120 - End of CheckServer Thread
2023-10-29 14:41:36,896 [INFO] MainUpdater:2854 - connection check result : 10
2023-10-29 14:41:36,897 [INFO] MainUpdater:2854 - connection check result : 10
2023-10-29 14:41:36,956 [INFO] MicroXplorer:468 - Change Database Path : 
2023-10-29 14:41:36,957 [INFO] MicroXplorer:498 - Change Database Version : DB.6.0.81
2023-10-29 14:41:36,960 [WARN] ThirdParty:871 - waiting for thirdparty lock release [close project]
2023-10-29 14:41:39,383 [WARN] PackLoader:240 - Cannot read IP mode file for STMicroelectronics.X-CUBE-SMBUS.2.1.0
2023-10-29 14:41:39,475 [WARN] PackLoader:240 - Cannot read IP mode file for STMicroelectronics.X-CUBE-AZRTOS-F7.1.1.0
2023-10-29 14:41:39,504 [WARN] PackLoader:240 - Cannot read IP mode file for STMicroelectronics.FP-SNS-MOTENV1.4.3.2
2023-10-29 14:41:39,520 [ERROR] RealEvaluatedCondition:428 - Found unsupported composite condition: GROUP='STM32_MetaDataManager' CLASS='Data Exchange'
2023-10-29 14:41:39,520 [ERROR] RealEvaluatedCondition:428 - Found unsupported composite condition: CLASS='Data Exchange' GROUP='STM32_MetaDataManager'
2023-10-29 14:41:39,523 [WARN] PackLoader:240 - Cannot read IP mode file for STMicroelectronics.FP-SNS-MOTENV1.4.3.1
2023-10-29 14:41:39,538 [WARN] PackLoader:240 - Cannot read IP mode file for STMicroelectronics.FP-SNS-FLIGHT1.5.0.1
2023-10-29 14:41:39,599 [WARN] PackLoader:240 - Cannot read IP mode file for STMicroelectronics.X-CUBE-BLE1.6.2.4
2023-10-29 14:41:39,632 [WARN] PackLoader:240 - Cannot read IP mode file for STMicroelectronics.X-CUBE-DISPLAY.3.0.0
2023-10-29 14:41:39,663 [WARN] PackLoader:240 - Cannot read IP mode file for STMicroelectronics.X-CUBE-TOUCHGFX.4.22.0
2023-10-29 14:41:39,668 [WARN] PackLoader:240 - Cannot read IP mode file for STMicroelectronics.X-CUBE-TOUCHGFX.4.22.1
2023-10-29 14:41:39,686 [WARN] PackLoader:240 - Cannot read IP mode file for STMicroelectronics.FP-SNS-SMARTAG2.1.2.0
2023-10-29 14:41:39,717 [INFO] LogOutputStream:77 - [STDOUT_REDIRECT] 1 : Invalid condition id : UX_CORESTACK_Condition cause : null
2023-10-29 14:41:39,718 [INFO] LogOutputStream:77 - [STDOUT_REDIRECT] 1 : Invalid condition id : UX_CORESTACK_Condition cause : null
2023-10-29 14:41:39,721 [INFO] LogOutputStream:77 - [STDOUT_REDIRECT] 1 : Invalid condition id : UX_CORESTACK_Condition cause : null
2023-10-29 14:41:39,728 [INFO] LogOutputStream:77 - [STDOUT_REDIRECT] 1 : Invalid condition id : UX_CORESTACK_Condition cause : null
2023-10-29 14:41:39,767 [INFO] LogOutputStream:77 - [STDOUT_REDIRECT] 1 : Invalid condition id : UX_CORESTACK_Condition cause : null
2023-10-29 14:41:39,776 [WARN] PackLoader:240 - Cannot read IP mode file for STMicroelectronics.X-CUBE-AZRTOS-WL.2.0.0
2023-10-29 14:41:39,801 [WARN] PackLoader:240 - Cannot read IP mode file for WES.I-CUBE-Cesium.1.3.0
2023-10-29 14:41:39,814 [WARN] PackLoader:240 - Cannot read IP mode file for STMicroelectronics.X-CUBE-BLE2.3.3.0
2023-10-29 14:41:39,826 [WARN] PackLoader:240 - Cannot read IP mode file for STMicroelectronics.X-CUBE-TOUCHGFX.4.21.4
2023-10-29 14:41:39,844 [WARN] PackLoader:240 - Cannot read IP mode file for STMicroelectronics.X-CUBE-ALGOBUILD.1.3.0
2023-10-29 14:41:39,936 [WARN] PackLoader:240 - Cannot read IP mode file for STMicroelectronics.X-CUBE-AZRTOS-G0.1.1.0
2023-10-29 14:41:39,953 [WARN] PackLoader:240 - Cannot read IP mode file for STMicroelectronics.X-CUBE-NFC4.3.0.0
2023-10-29 14:41:39,968 [WARN] PackLoader:240 - Cannot read IP mode file for STMicroelectronics.FP-ATR-SIGFOX1.3.2.0
2023-10-29 14:41:40,092 [WARN] PackLoader:240 - Cannot read IP mode file for SEGGER.I-CUBE-embOS.1.3.1
2023-10-29 14:41:40,371 [WARN] PackLoader:240 - Cannot read IP mode file for STMicroelectronics.X-CUBE-GNSS1.6.0.0
2023-10-29 14:41:40,432 [WARN] PackLoader:240 - Cannot read IP mode file for STMicroelectronics.X-CUBE-AZRTOS-F4.1.1.0
2023-10-29 14:41:40,481 [WARN] PackLoader:240 - Cannot read IP mode file for wolfSSL.I-CUBE-wolfSSL.5.6.0
2023-10-29 14:41:40,544 [WARN] PackLoader:240 - Cannot read IP mode file for STMicroelectronics.X-CUBE-AZRTOS-L5.2.0.0
2023-10-29 14:41:40,728 [WARN] PackLoader:240 - Cannot read IP mode file for STMicroelectronics.X-CUBE-MEMS1.9.6.0
2023-10-29 14:41:41,353 [WARN] PackLoader:240 - Cannot read IP mode file for STMicroelectronics.X-CUBE-EEPRMA1.4.2.0
2023-10-29 14:41:41,368 [WARN] PackLoader:240 - Cannot read IP mode file for ITTIA_DB.I-CUBE-ITTIADB.8.8.0
2023-10-29 14:41:41,388 [WARN] PackLoader:240 - Cannot read IP mode file for emotas.I-CUBE-CANOPEN.1.1.3
2023-10-29 14:41:41,405 [WARN] PackLoader:240 - Cannot read IP mode file for STMicroelectronics.X-CUBE-BLEMGR.2.0.0
2023-10-29 14:41:41,517 [WARN] ConditionMgr:438 - getConditionDescription Invalid condition id : UX DEVICE CLASS RTOS Condition cause : null
2023-10-29 14:41:41,517 [WARN] ConditionMgr:438 - getConditionDescription Invalid condition id : UX DEVICE CLASS RTOS Condition cause : null
2023-10-29 14:41:41,530 [WARN] PackLoader:240 - Cannot read IP mode file for STMicroelectronics.X-CUBE-AZRTOS-H7.3.1.0
2023-10-29 14:41:41,532 [WARN] ConditionMgr:1039 - genDependencies : Invalid condition id : UX DEVICE CLASS RTOS Condition cause : null
2023-10-29 14:41:41,533 [WARN] ConditionMgr:1039 - genDependencies : Invalid condition id : UX DEVICE CLASS RTOS Condition cause : null
2023-10-29 14:41:41,534 [WARN] ConditionMgr:1039 - genDependencies : Invalid condition id : UX DEVICE CLASS RTOS Condition cause : null
2023-10-29 14:41:41,535 [WARN] ConditionMgr:1039 - genDependencies : Invalid condition id : UX DEVICE CLASS RTOS Condition cause : null
2023-10-29 14:41:41,535 [WARN] ConditionMgr:1039 - genDependencies : Invalid condition id : UX DEVICE CLASS RTOS Condition cause : null
2023-10-29 14:41:41,549 [WARN] PackLoader:240 - Cannot read IP mode file for STMicroelectronics.X-CUBE-NFC7.1.0.1
2023-10-29 14:41:41,567 [WARN] PackLoader:240 - Cannot read IP mode file for STMicroelectronics.X-CUBE-NFC6.3.0.0
2023-10-29 14:41:41,585 [WARN] PackLoader:240 - Cannot read IP mode file for STMicroelectronics.X-CUBE-EEPRMA1.4.1.0
2023-10-29 14:41:41,664 [WARN] ConditionMgr:438 - getConditionDescription Invalid condition id : LAN8742 Phy interface Condition cause : null
2023-10-29 14:41:41,669 [WARN] PackLoader:240 - Cannot read IP mode file for STMicroelectronics.X-CUBE-AZRTOS-L4.2.0.0
2023-10-29 14:41:41,671 [WARN] ConditionMgr:1039 - genDependencies : Invalid condition id : LAN8742 Phy interface Condition cause : null
2023-10-29 14:41:41,672 [WARN] ConditionMgr:1039 - genDependencies : Invalid condition id : LAN8742 Phy interface Condition cause : null
2023-10-29 14:41:41,673 [WARN] ConditionMgr:1039 - genDependencies : Invalid condition id : LAN8742 Phy interface Condition cause : null
2023-10-29 14:41:41,698 [WARN] PackLoader:240 - Cannot read IP mode file for STMicroelectronics.X-CUBE-SFXS2LP1.4.0.0
2023-10-29 14:41:41,711 [WARN] PackLoader:240 - Cannot read IP mode file for STMicroelectronics.X-CUBE-ISPU.1.1.0
2023-10-29 14:41:41,740 [WARN] ConditionMgr:438 - getConditionDescription Invalid condition id : UX DEVICE CLASS RTOS Condition cause : null
2023-10-29 14:41:41,744 [WARN] ConditionMgr:438 - getConditionDescription Invalid condition id : UX DEVICE CLASS RTOS Condition cause : null
2023-10-29 14:41:41,784 [WARN] PackLoader:240 - Cannot read IP mode file for STMicroelectronics.X-CUBE-AZRTOS-WB.2.0.0
2023-10-29 14:41:41,785 [WARN] ConditionMgr:1039 - genDependencies : Invalid condition id : UX DEVICE CLASS RTOS Condition cause : null
2023-10-29 14:41:41,786 [WARN] ConditionMgr:1039 - genDependencies : Invalid condition id : UX DEVICE CLASS RTOS Condition cause : null
2023-10-29 14:41:41,788 [WARN] ConditionMgr:1039 - genDependencies : Invalid condition id : UX DEVICE CLASS RTOS Condition cause : null
2023-10-29 14:41:41,795 [WARN] ConditionMgr:1039 - genDependencies : Invalid condition id : UX DEVICE CLASS RTOS Condition cause : null
2023-10-29 14:41:41,796 [WARN] ConditionMgr:1039 - genDependencies : Invalid condition id : UX DEVICE CLASS RTOS Condition cause : null
2023-10-29 14:41:41,806 [WARN] PackLoader:240 - Cannot read IP mode file for STMicroelectronics.X-CUBE-FREERTOS.1.0.1
2023-10-29 14:41:41,844 [WARN] PackLoader:240 - Cannot read IP mode file for STMicroelectronics.X-CUBE-AZRTOS-L5.1.1.0
2023-10-29 14:41:41,855 [WARN] PackLoader:240 - Cannot read IP mode file for STMicroelectronics.X-CUBE-AI.8.0.1
2023-10-29 14:41:41,879 [WARN] PackLoader:240 - Cannot read IP mode file for STMicroelectronics.X-CUBE-SUBG2.5.0.0
2023-10-29 14:41:41,954 [WARN] PackLoader:240 - Cannot read IP mode file for STMicroelectronics.X-CUBE-TOF1.3.3.1
2023-10-29 14:41:42,011 [WARN] PackLoader:240 - Cannot read IP mode file for STMicroelectronics.X-CUBE-AZRTOS-G4.2.0.0
2023-10-29 14:41:42,040 [WARN] PackLoader:240 - Cannot read IP mode file for STMicroelectronics.X-CUBE-TOF1.3.3.0
2023-10-29 14:41:42,138 [WARN] PackLoader:240 - Cannot read IP mode file for Infineon.AIROC-Wi-Fi-Bluetooth-STM32.1.5.1
2023-10-29 14:41:42,265 [WARN] PackLoader:240 - Cannot read IP mode file for STMicroelectronics.X-CUBE-MEMS1.10.0.0
2023-10-29 14:41:42,783 [WARN] PackLoader:240 - Cannot read IP mode file for STMicroelectronics.X-CUBE-FREERTOS.1.1.0
2023-10-29 14:41:42,801 [WARN] PackLoader:240 - Cannot read IP mode file for portGmbH.I-Cube-SoM-uGOAL.1.1.0
2023-10-29 14:41:42,809 [WARN] PackLoader:240 - Cannot read IP mode file for STMicroelectronics.X-CUBE-ALS.1.0.1
2023-10-29 14:41:42,855 [WARN] PackLoader:240 - Cannot read IP mode file for STMicroelectronics.X-CUBE-AZRTOS-WB.1.1.0
2023-10-29 14:41:42,917 [WARN] PackLoader:240 - Cannot read IP mode file for STMicroelectronics.FP-ATR-ASTRA1.2.0.0
2023-10-29 14:41:42,918 [INFO] ThirdParty:978 - Integrity check success = true
2023-10-29 14:41:42,918 [INFO] IntegrityCheckThread:100 - exiting critical section [integrity check]
2023-10-29 14:41:42,919 [INFO] IntegrityCheckThread:103 - End integrity checks thread
2023-10-29 14:41:42,919 [INFO] ThirdParty:873 - entering critical section [close project]
2023-10-29 14:41:42,921 [INFO] ThirdParty:883 - exiting critical section [close project]
2023-10-29 14:41:42,943 [INFO] PinOutPanel:1499 - setPackage(No Configuration,No Configuration)
2023-10-29 14:41:42,975 [INFO] UtilMem:75 - Begin LoadConfig() Used Memory: 526967360 Bytes (685768704)
2023-10-29 14:41:42,977 [INFO] MicroXplorer:468 - Change Database Path : 
2023-10-29 14:41:42,978 [INFO] MicroXplorer:498 - Change Database Version : DB.6.0.81
2023-10-29 14:41:42,978 [INFO] OpenFileManager:308 - Change cursor
2023-10-29 14:41:43,256 [INFO] Mcu:1937 - Initializing MCU STM32F407V(E-G)Tx STM32F407VGTx STM32F407VGT6
2023-10-29 14:41:48,228 [INFO] Context:659 - Trying to add GPIOservice into a context  which must be forbidden
2023-10-29 14:41:50,683 [INFO] RtosManager:555 - Registered RTOS mode: class=CMSIS, group=RTOS, mode=CMSIS_V1, owner=FREERTOS
2023-10-29 14:41:50,684 [INFO] RtosManager:555 - Registered RTOS mode: class=CMSIS, group=RTOS2, mode=CMSIS_V2, owner=FREERTOS
2023-10-29 14:41:50,684 [INFO] RtosManager:555 - Registered RTOS mode: class=RTOS, group=Core, mode=CMSIS_V1, owner=FREERTOS
2023-10-29 14:41:50,684 [INFO] RtosManager:555 - Registered RTOS mode: class=RTOS, group=Core, mode=CMSIS_V2, owner=FREERTOS
2023-10-29 14:41:50,685 [WARN] ModelIntegratedComponent:184 - Missing modes for component STMicroelectronics:FreeRTOS:0.0.1:STMicroelectronics:RTOS:FreeRTOS:Core:::10.2.0:
2023-10-29 14:41:50,758 [WARN] ModelIntegratedComponent:63 - No mode defined for component null
2023-10-29 14:41:50,759 [WARN] ModelIntegratedComponent:63 - No mode defined for component null
2023-10-29 14:41:50,759 [WARN] ModelIntegratedComponent:63 - No mode defined for component null
2023-10-29 14:41:50,759 [WARN] ModelIntegratedComponent:63 - No mode defined for component null
2023-10-29 14:41:50,759 [WARN] ModelIntegratedComponent:63 - No mode defined for component null
2023-10-29 14:41:50,760 [WARN] ModelIntegratedComponent:63 - No mode defined for component null
2023-10-29 14:41:50,760 [WARN] ModelIntegratedComponent:63 - No mode defined for component null
2023-10-29 14:41:50,760 [WARN] ModelIntegratedComponent:63 - No mode defined for component null
2023-10-29 14:41:50,760 [WARN] ModelIntegratedComponent:63 - No mode defined for component null
2023-10-29 14:41:50,760 [WARN] ModelIntegratedComponent:63 - No mode defined for component null
2023-10-29 14:41:50,760 [WARN] ModelIntegratedComponent:63 - No mode defined for component null
2023-10-29 14:41:50,760 [WARN] ModelIntegratedComponent:63 - No mode defined for component null
2023-10-29 14:41:50,760 [WARN] ModelIntegratedComponent:63 - No mode defined for component null
2023-10-29 14:41:50,761 [WARN] ModelIntegratedComponent:63 - No mode defined for component null
2023-10-29 14:41:50,761 [WARN] ModelIntegratedComponent:63 - No mode defined for component null
2023-10-29 14:41:50,761 [WARN] ModelIntegratedComponent:63 - No mode defined for component null
2023-10-29 14:41:50,763 [WARN] ModelIntegratedComponent:63 - No mode defined for component null
2023-10-29 14:41:50,764 [WARN] ModelIntegratedComponent:63 - No mode defined for component null
2023-10-29 14:41:50,765 [WARN] ModelIntegratedComponent:63 - No mode defined for component null
2023-10-29 14:41:50,765 [WARN] ModelIntegratedComponent:63 - No mode defined for component null
2023-10-29 14:41:50,766 [WARN] ModelIntegratedComponent:63 - No mode defined for component null
2023-10-29 14:41:50,766 [WARN] ModelIntegratedComponent:63 - No mode defined for component null
2023-10-29 14:41:50,766 [WARN] ModelIntegratedComponent:63 - No mode defined for component null
2023-10-29 14:41:50,766 [WARN] ModelIntegratedComponent:63 - No mode defined for component null
2023-10-29 14:41:50,766 [WARN] ModelIntegratedComponent:63 - No mode defined for component null
2023-10-29 14:41:50,767 [WARN] ModelIntegratedComponent:63 - No mode defined for component null
2023-10-29 14:41:50,767 [WARN] ModelIntegratedComponent:63 - No mode defined for component null
2023-10-29 14:41:50,767 [WARN] ModelIntegratedComponent:63 - No mode defined for component null
2023-10-29 14:41:50,767 [WARN] ModelIntegratedComponent:63 - No mode defined for component null
2023-10-29 14:41:50,767 [WARN] ModelIntegratedComponent:63 - No mode defined for component null
2023-10-29 14:41:50,767 [WARN] ModelIntegratedComponent:63 - No mode defined for component null
2023-10-29 14:41:50,767 [WARN] ModelIntegratedComponent:63 - No mode defined for component null
2023-10-29 14:41:50,767 [WARN] ModelIntegratedComponent:63 - No mode defined for component null
2023-10-29 14:41:51,104 [INFO] ThirdPartyModel:298 - Start build external matchings
2023-10-29 14:41:52,438 [INFO] ThirdPartyModel:316 - End build external matchings
2023-10-29 14:41:54,552 [INFO] UtilMem:75 - End LoadConfig() Used Memory: 545012592 Bytes (685768704)
2023-10-29 14:41:54,825 [INFO] ApiDb:581 - Connected to CubeFinder SQLite database (C:\Users\Admin\.stmcufinder\plugins\mcufinder\mcu\cube-finder-db.db)
2023-10-29 14:41:54,968 [INFO] ApiDb:668 - CubeFinder database Data Model version=2.1
2023-10-29 14:41:54,968 [INFO] ApiDb:669 - CubeFinder database Configuration version=3.0.37
2023-10-29 14:41:54,969 [INFO] ApiDb:670 - CubeFinder database generation date=2023-10-13 (1697197505)
2023-10-29 14:41:54,969 [INFO] ApiDb:671 - CubeFinder database FW Pack versions=[FP-ATR-ASTRA1_V2.0.0, FP-SNS-FLIGHT1_V5.0.1, FP-SNS-FLIGHT1_V5.0.2, FP-SNS-MOTENV1_V4.3.1, FP-SNS-MOTENV1_V4.3.2, FP-SNS-SMARTAG2_V1.2.0, I-CUBE-ITTIADB_V8.6.3-1, STM32Cube_FW_C0_V1.1.0, STM32Cube_FW_F4_V1.27.1, STM32Cube_FW_F7_V1.17.0, STM32Cube_FW_G0_V1.6.1, STM32Cube_FW_G4_V1.5.1, STM32Cube_FW_H5_V0.5.1, STM32Cube_FW_H5_V1.1.1, STM32Cube_FW_H7_V1.11.0, STM32Cube_FW_L0_V1.12.2, STM32Cube_FW_L5_V1.5.0, STM32Cube_FW_U5_V1.3.0, STM32Cube_FW_U5_V1.3.0RC4, STM32Cube_FW_WBA_V1.0.0RC1, STM32Cube_FW_WBA_V1.1.0RC1, STM32Cube_FW_WBA_V1.1.1, STM32Cube_FW_WB_V1.15.0RC1, STM32Cube_FW_WB_V1.16.0, STM32Cube_FW_WB_V1.16.0RC2, STM32Cube_FW_WB_V1.17.3, STM32Cube_FW_WL_V1.3.0, X-CUBE-ALGOBUILD_V1.3.0, X-CUBE-ALS_V1.0.1, X-CUBE-AZRTOS-F4_V1.1.0, X-CUBE-AZRTOS-F7_V1.1.0, X-CUBE-AZRTOS-G0_V1.1.0, X-CUBE-AZRTOS-G4_V2.0.0, X-CUBE-AZRTOS-H7_V3.1.0, X-CUBE-AZRTOS-L4_V1.0.0, X-CUBE-AZRTOS-L4_V2.0.0, X-CUBE-AZRTOS-L5_V1.1.0, X-CUBE-AZRTOS-WB_V2.0.0, X-CUBE-AZRTOS-WL_V2.0.0, X-CUBE-BLE1_V7.0.0, X-CUBE-BLE2_V3.3.0, X-CUBE-BLEMGR_V2.0.0, X-CUBE-EEPRMA1_V4.1.0, X-CUBE-FREERTOS_V1.1.0, X-CUBE-GNSS1_V6.0.0, X-CUBE-MEMS1_V10.0.0, X-CUBE-MEMS1_V9.1.0, X-CUBE-MEMS1_V9.4.0, X-CUBE-MEMS1_V9.6.0, X-CUBE-NFC4_V3.0.0, X-CUBE-NFC7_V1.0.1, X-CUBE-SFXS2LP1_V4.0.0, X-CUBE-SUBG2_V5.0.0, X-CUBE-TOF1_V3.3.1]
2023-10-29 14:41:58,096 [INFO] ApiDb:240 - Found 297 in-development CPN: [B-G473E-ZEST1S, B-WB1M-WPAN1, B-WL5M-SUBG1, NUCLEO-C031C6, NUCLEO-H503RB, NUCLEO-H563ZI, NUCLEO-U545RE-Q, NUCLEO-U5A5ZJ-Q, NUCLEO-WBA52CG, STEVAL-PROTEUS1, STEVAL-STWINBX1, STM320518-EVAL, STM32C0116-DK, STM32C011D6Y3TR, STM32C011D6Y6TR, STM32C011F4P3, STM32C011F4P6, STM32C011F4U3, STM32C011F4U6TR, STM32C011F6P3, STM32C011F6P6, STM32C011F6U3, STM32C011F6U6TR, STM32C011J4M3, STM32C011J4M6, STM32C011J6M3, STM32C011J6M6, STM32C0316-DK, STM32C031C4T3, STM32C031C4T6, STM32C031C4U3, STM32C031C4U6, STM32C031C6T3, STM32C031C6T6, STM32C031C6U3, STM32C031C6U6, STM32C031F4P3, STM32C031F4P6, STM32C031F6P3, STM32C031F6P6, STM32C031G4U3, STM32C031G4U6, STM32C031G6U3, STM32C031G6U6, STM32C031K4T3, STM32C031K4T6, STM32C031K4U3, STM32C031K4U6, STM32C031K6T3, STM32C031K6T6, STM32C031K6U3, STM32C031K6U6, STM32G071K8TXN, STM32G071K8UXN, STM32G081GBU6N, STM32G081KBT6N, STM32G081KBUXN, STM32G0B1CCT6N, STM32G0B1KCT6, STM32G0B1NEY6TR, STM32G0B1RCT6N, STM32G0C1CCT6, STM32G0C1CCT6N, STM32G0C1CCU6N, STM32G0C1CET6N, STM32G0C1CEU6N, STM32G0C1KCT6, STM32G0C1NEY6TR, STM32G0C1RCI6N, STM32G0C1RCT6N, STM32G0C1REI6N, STM32G0C1RET6N, STM32G0C1VCI6, STM32G0C1VEI6, STM32G471CCT6, STM32G471CCU6, STM32G471CET3, STM32G471CET6, STM32G471CEU3, STM32G471CEU6, STM32G471MCT6, STM32G471MET3, STM32G471MET6, STM32G471MEY6TR, STM32G471QCT6, STM32G471QET3, STM32G471RCT6, STM32G471RET3, STM32G471RET6, STM32G471VCH6, STM32G471VCI6, STM32G471VCT6, STM32G471VEH3, STM32G471VEH6, STM32G471VEI3, STM32G471VEI6, STM32G471VET3, STM32G471VET6, STM32G474CCT6, STM32H503CBT6, STM32H503CBU6, STM32H503EBY6TR, STM32H503KBU6, STM32H503RBT6, STM32H562AGI6, STM32H562AII6, STM32H562IGK6, STM32H562IGT6, STM32H562IIK6, STM32H562IIT6, STM32H562RGT6, STM32H562RGV6, STM32H562RIT6, STM32H562RIV6, STM32H562VGT6, STM32H562VIT6, STM32H562ZGT6, STM32H562ZIT6, STM32H563AGI6, STM32H563AII3Q, STM32H563AII6, STM32H563IGK6, STM32H563IGT6, STM32H563IIK3Q, STM32H563IIK6, STM32H563IIT3Q, STM32H563IIT6, STM32H563MIY3QTR, STM32H563RGT6, STM32H563RGV6, STM32H563RIT6, STM32H563RIV6, STM32H563VGT6, STM32H563VIT3Q, STM32H563VIT6, STM32H563ZGT6, STM32H563ZIT3Q, STM32H563ZIT6, STM32H573AII3Q, STM32H573AII6, STM32H573I-DK, STM32H573IIK3Q, STM32H573IIK6, STM32H573IIT3Q, STM32H573IIT6, STM32H573MIY3QTR, STM32H573RIT6, STM32H573RIV6, STM32H573VIT3Q, STM32H573VIT6, STM32H573ZIT3Q, STM32H573ZIT6, STM32L4R5QGI6STR, STM32MP131AAE3, STM32MP131AAF3, STM32MP131AAG3, STM32MP131CAE3, STM32MP131CAF3, STM32MP131CAG3, STM32MP131DAE7, STM32MP131DAF7, STM32MP131DAG7, STM32MP131FAE7, STM32MP131FAF7, STM32MP131FAG7, STM32MP133AAE3, STM32MP133AAF3, STM32MP133AAG3, STM32MP133CAE3, STM32MP133CAF3, STM32MP133CAG3, STM32MP133DAE7, STM32MP133DAF7, STM32MP133DAG7, STM32MP133FAE7, STM32MP133FAF7, STM32MP133FAG7, STM32MP135AAE3, STM32MP135AAF3, STM32MP135AAG3, STM32MP135CAE3, STM32MP135CAF3, STM32MP135CAG3, STM32MP135DAE7, STM32MP135DAF7, STM32MP135DAG7, STM32MP135F-DK, STM32MP135FAE7, STM32MP135FAF7, STM32MP135FAF7T, STM32MP135FAF7U, STM32MP135FAG7, STM32U535CBT6, STM32U535CBT6Q, STM32U535CBU6, STM32U535CBU6Q, STM32U535CCT6, STM32U535CCT6Q, STM32U535CCU6, STM32U535CCU6Q, STM32U535CET6, STM32U535CET6Q, STM32U535CEU6, STM32U535CEU6Q, STM32U535JEY6QTR, STM32U535NCY6QTR, STM32U535NEY6QTR, STM32U535RBI6, STM32U535RBI6Q, STM32U535RBT6, STM32U535RBT6Q, STM32U535RCI6, STM32U535RCI6Q, STM32U535RCT6, STM32U535RCT6Q, STM32U535REI6, STM32U535REI6Q, STM32U535RET6, STM32U535RET6Q, STM32U535VCI6, STM32U535VCI6Q, STM32U535VCT6, STM32U535VCT6Q, STM32U535VEI6, STM32U535VEI6Q, STM32U535VET6, STM32U535VET6Q, STM32U545CET6, STM32U545CET6Q, STM32U545CEU6, STM32U545CEU6Q, STM32U545JEY6QTR, STM32U545NEY6QTR, STM32U545REI6, STM32U545REI6Q, STM32U545RET6, STM32U545RET6Q, STM32U545VEI6, STM32U545VEI6Q, STM32U545VET6, STM32U545VET6Q, STM32U595AIH6, STM32U595AIH6Q, STM32U595AJH6, STM32U595AJH6Q, STM32U595QII6, STM32U595QII6Q, STM32U595QJI6, STM32U595QJI6Q, STM32U595RIT6, STM32U595RIT6Q, STM32U595RJT6, STM32U595RJT6Q, STM32U595VIT6, STM32U595VIT6Q, STM32U595VJT6, STM32U595VJT6Q, STM32U595ZIT6, STM32U595ZIT6Q, STM32U595ZIY6QTR, STM32U595ZJT6, STM32U595ZJT6Q, STM32U595ZJY6QTR, STM32U599BJY6QTR, STM32U599NIH6Q, STM32U599NJH6Q, STM32U599VIT6Q, STM32U599VJT6, STM32U599VJT6Q, STM32U599ZIT6Q, STM32U599ZIY6QTR, STM32U599ZJT6Q, STM32U599ZJY6QTR, STM32U5A5AJH6, STM32U5A5AJH6Q, STM32U5A5QJI6, STM32U5A5QJI6Q, STM32U5A5RJT6, STM32U5A5RJT6Q, STM32U5A5VJT6, STM32U5A5VJT6Q, STM32U5A5ZJT6, STM32U5A5ZJT6Q, STM32U5A5ZJY6QTR, STM32U5A9BJY6QTR, STM32U5A9J-DK, STM32U5A9NJH6Q, STM32U5A9VJT6Q, STM32U5A9ZJT6Q, STM32U5A9ZJY6QTR, STM32WB1MMCH6, STM32WBA52CEU6, STM32WBA52CEU6T, STM32WBA52CGU6, STM32WBA52CGU6T, STM32WL5MOCH6, STM32WL5MOCH6TR]
2023-10-29 14:41:58,101 [INFO] DbMcus:216 - Found 3825 MCUs, 3825 are supported
2023-10-29 14:41:58,103 [INFO] ApiDb:423 - Load user favorites file C:\Users\Admin/.stm32cubeide/favorites.mcus.txt: 0 item(s)
2023-10-29 14:41:58,104 [INFO] ApiDb:427 - User favorites MCUs=[]
2023-10-29 14:41:58,104 [INFO] DbMcus:222 - Set 0 / 0 favorites MCUs
2023-10-29 14:41:58,920 [WARN] ThirdParty:833 - waiting for thirdparty lock release [change project]
2023-10-29 14:41:58,920 [INFO] ThirdParty:835 - entering critical section [change project]
2023-10-29 14:41:58,921 [INFO] ThirdParty:1030 - CMSIS Pack Vendor :STMicroelectronics X-CUBE-ISPU 1.1.0
2023-10-29 14:41:58,921 [INFO] ThirdParty:1030 - CMSIS Pack Vendor :STMicroelectronics X-CUBE-GNSS1 6.0.0
2023-10-29 14:41:58,921 [INFO] ThirdParty:1030 - CMSIS Pack Vendor :STMicroelectronics USB_HOST 2.0.0
2023-10-29 14:41:58,921 [INFO] ThirdParty:1030 - CMSIS Pack Vendor :STMicroelectronics X-CUBE-AZRTOS-F4 1.1.0
2023-10-29 14:41:58,921 [INFO] ThirdParty:1030 - CMSIS Pack Vendor :STMicroelectronics LIBJPEG 8.0.0
2023-10-29 14:41:58,921 [INFO] ThirdParty:1030 - CMSIS Pack Vendor :STMicroelectronics X-CUBE-SMBUS 2.1.0
2023-10-29 14:41:58,921 [INFO] ThirdParty:1030 - CMSIS Pack Vendor :wolfSSL I-CUBE-wolfSSL 5.6.0
2023-10-29 14:41:58,921 [INFO] ThirdParty:1030 - CMSIS Pack Vendor :STMicroelectronics USB_DEVICE 3.0.0
2023-10-29 14:41:58,922 [INFO] ThirdParty:1030 - CMSIS Pack Vendor :STMicroelectronics X-CUBE-AZRTOS-WB 2.0.0
2023-10-29 14:41:58,922 [INFO] ThirdParty:1030 - CMSIS Pack Vendor :STMicroelectronics X-CUBE-FREERTOS 1.0.1
2023-10-29 14:41:58,922 [INFO] ThirdParty:1030 - CMSIS Pack Vendor :STMicroelectronics X-CUBE-AZRTOS-F7 1.1.0
2023-10-29 14:41:58,922 [INFO] ThirdParty:1030 - CMSIS Pack Vendor :STMicroelectronics X-CUBE-TOUCHGFX 4.21.4
2023-10-29 14:41:58,922 [INFO] ThirdParty:1030 - CMSIS Pack Vendor :STMicroelectronics X-CUBE-AZRTOS-L5 2.0.0
2023-10-29 14:41:58,922 [INFO] ThirdParty:1030 - CMSIS Pack Vendor :STMicroelectronics USB_DEVICE 2.0.0
2023-10-29 14:41:58,922 [INFO] ThirdParty:1030 - CMSIS Pack Vendor :STMicroelectronics X-CUBE-MEMS1 9.6.0
2023-10-29 14:41:58,922 [INFO] ThirdParty:1030 - CMSIS Pack Vendor :STMicroelectronics X-CUBE-EEPRMA1 4.2.0
2023-10-29 14:41:58,923 [INFO] ThirdParty:1030 - CMSIS Pack Vendor :ITTIA_DB I-CUBE-ITTIADB 8.8.0
2023-10-29 14:41:58,923 [INFO] ThirdParty:1030 - CMSIS Pack Vendor :STMicroelectronics FP-SNS-MOTENV1 4.3.2
2023-10-29 14:41:58,923 [INFO] ThirdParty:1030 - CMSIS Pack Vendor :STMicroelectronics FP-SNS-MOTENV1 4.3.1
2023-10-29 14:41:58,923 [INFO] ThirdParty:1030 - CMSIS Pack Vendor :STMicroelectronics FP-SNS-FLIGHT1 5.0.1
2023-10-29 14:41:58,923 [INFO] ThirdParty:1030 - CMSIS Pack Vendor :STMicroelectronics X-CUBE-ALGOBUILD 1.3.0
2023-10-29 14:41:58,923 [INFO] ThirdParty:1030 - CMSIS Pack Vendor :STMicroelectronics X-CUBE-BLE1 6.2.4
2023-10-29 14:41:58,923 [INFO] ThirdParty:1030 - CMSIS Pack Vendor :STMicroelectronics X-CUBE-AZRTOS-L5 1.1.0
2023-10-29 14:41:58,923 [INFO] ThirdParty:1030 - CMSIS Pack Vendor :STMicroelectronics FreeRTOS 0.0.1
2023-10-29 14:41:58,923 [INFO] ThirdParty:1030 - CMSIS Pack Vendor :STMicroelectronics X-CUBE-AZRTOS-G0 1.1.0
2023-10-29 14:41:58,923 [INFO] ThirdParty:1030 - CMSIS Pack Vendor :emotas I-CUBE-CANOPEN 1.1.3
2023-10-29 14:41:58,924 [INFO] ThirdParty:1030 - CMSIS Pack Vendor :STMicroelectronics X-CUBE-BLEMGR 2.0.0
2023-10-29 14:41:58,924 [INFO] ThirdParty:1030 - CMSIS Pack Vendor :STMicroelectronics X-CUBE-AI 8.0.1
2023-10-29 14:41:58,924 [INFO] ThirdParty:1030 - CMSIS Pack Vendor :STMicroelectronics X-CUBE-NFC4 3.0.0
2023-10-29 14:41:58,924 [INFO] ThirdParty:1030 - CMSIS Pack Vendor :STMicroelectronics X-CUBE-SUBG2 5.0.0
2023-10-29 14:41:58,924 [INFO] ThirdParty:1030 - CMSIS Pack Vendor :STMicroelectronics STM32_WPAN 1.0.0
2023-10-29 14:41:58,924 [INFO] ThirdParty:1030 - CMSIS Pack Vendor :STMicroelectronics lwIP 2.0.3
2023-10-29 14:41:58,924 [INFO] ThirdParty:1030 - CMSIS Pack Vendor :STMicroelectronics USB_HOST 1.0.0
2023-10-29 14:41:58,924 [INFO] ThirdParty:1030 - CMSIS Pack Vendor :STMicroelectronics X-CUBE-TOF1 3.3.1
2023-10-29 14:41:58,924 [INFO] ThirdParty:1030 - CMSIS Pack Vendor :STMicroelectronics X-CUBE-AZRTOS-G4 2.0.0
2023-10-29 14:41:58,924 [INFO] ThirdParty:1030 - CMSIS Pack Vendor :STMicroelectronics PDM2PCM 3.1.0
2023-10-29 14:41:58,924 [INFO] ThirdParty:1030 - CMSIS Pack Vendor :STMicroelectronics X-CUBE-AZRTOS-H7 3.1.0
2023-10-29 14:41:58,925 [INFO] ThirdParty:1030 - CMSIS Pack Vendor :STMicroelectronics X-CUBE-TOF1 3.3.0
2023-10-29 14:41:58,925 [INFO] ThirdParty:1030 - CMSIS Pack Vendor :Infineon AIROC-Wi-Fi-Bluetooth-STM32 1.5.1
2023-10-29 14:41:58,925 [INFO] ThirdParty:1030 - CMSIS Pack Vendor :STMicroelectronics PDM2PCM 3.3.0
2023-10-29 14:41:58,925 [INFO] ThirdParty:1030 - CMSIS Pack Vendor :STMicroelectronics X-CUBE-DISPLAY 3.0.0
2023-10-29 14:41:58,925 [INFO] ThirdParty:1030 - CMSIS Pack Vendor :STMicroelectronics FP-ATR-SIGFOX1 3.2.0
2023-10-29 14:41:58,925 [INFO] ThirdParty:1030 - CMSIS Pack Vendor :STMicroelectronics HAL Drivers 0.0.0
2023-10-29 14:41:58,925 [INFO] ThirdParty:1030 - CMSIS Pack Vendor :STMicroelectronics MBEDTLS 2.16.2
2023-10-29 14:41:58,925 [INFO] ThirdParty:1030 - CMSIS Pack Vendor :STMicroelectronics X-CUBE-MEMS1 10.0.0
2023-10-29 14:41:58,925 [INFO] ThirdParty:1030 - CMSIS Pack Vendor :STMicroelectronics X-CUBE-FREERTOS 1.1.0
2023-10-29 14:41:58,926 [INFO] ThirdParty:1030 - CMSIS Pack Vendor :STMicroelectronics X-CUBE-TOUCHGFX 4.22.0
2023-10-29 14:41:58,926 [INFO] ThirdParty:1030 - CMSIS Pack Vendor :STMicroelectronics X-CUBE-NFC7 1.0.1
2023-10-29 14:41:58,926 [INFO] ThirdParty:1030 - CMSIS Pack Vendor :STMicroelectronics MBEDTLS 2.14.1
2023-10-29 14:41:58,926 [INFO] ThirdParty:1030 - CMSIS Pack Vendor :STMicroelectronics X-CUBE-TOUCHGFX 4.22.1
2023-10-29 14:41:58,926 [INFO] ThirdParty:1030 - CMSIS Pack Vendor :STMicroelectronics X-CUBE-NFC6 3.0.0
2023-10-29 14:41:58,926 [INFO] ThirdParty:1030 - CMSIS Pack Vendor :STMicroelectronics X-CUBE-EEPRMA1 4.1.0
2023-10-29 14:41:58,926 [INFO] ThirdParty:1030 - CMSIS Pack Vendor :portGmbH I-Cube-SoM-uGOAL 1.1.0
2023-10-29 14:41:58,927 [INFO] ThirdParty:1030 - CMSIS Pack Vendor :STMicroelectronics X-CUBE-ALS 1.0.1
2023-10-29 14:41:58,927 [INFO] ThirdParty:1030 - CMSIS Pack Vendor :STMicroelectronics ThreadX 1.0.0
2023-10-29 14:41:58,927 [INFO] ThirdParty:1030 - CMSIS Pack Vendor :STMicroelectronics FP-SNS-SMARTAG2 1.2.0
2023-10-29 14:41:58,927 [INFO] ThirdParty:1030 - CMSIS Pack Vendor :STMicroelectronics X-CUBE-AZRTOS-WB 1.1.0
2023-10-29 14:41:58,927 [INFO] ThirdParty:1030 - CMSIS Pack Vendor :STMicroelectronics X-CUBE-AZRTOS-WL 2.0.0
2023-10-29 14:41:58,927 [INFO] ThirdParty:1030 - CMSIS Pack Vendor :SEGGER I-CUBE-embOS 1.3.1
2023-10-29 14:41:58,927 [INFO] ThirdParty:1030 - CMSIS Pack Vendor :STMicroelectronics USB_DEVICE 1.0.0
2023-10-29 14:41:58,927 [INFO] ThirdParty:1030 - CMSIS Pack Vendor :STMicroelectronics X-CUBE-AZRTOS-L4 2.0.0
2023-10-29 14:41:58,927 [INFO] ThirdParty:1030 - CMSIS Pack Vendor :STMicroelectronics ThreadX 0.0.2
2023-10-29 14:41:58,927 [INFO] ThirdParty:1030 - CMSIS Pack Vendor :WES I-CUBE-Cesium 1.3.0
2023-10-29 14:41:58,928 [INFO] ThirdParty:1030 - CMSIS Pack Vendor :STMicroelectronics FP-ATR-ASTRA1 2.0.0
2023-10-29 14:41:58,928 [INFO] ThirdParty:1030 - CMSIS Pack Vendor :STMicroelectronics lwIP 2.1.2
2023-10-29 14:41:58,928 [INFO] ThirdParty:1030 - CMSIS Pack Vendor :STMicroelectronics X-CUBE-SFXS2LP1 4.0.0
2023-10-29 14:41:58,928 [INFO] ThirdParty:1030 - CMSIS Pack Vendor :STMicroelectronics X-CUBE-BLE2 3.3.0
2023-10-29 14:41:58,928 [INFO] ThirdParty:1030 - CMSIS Pack Vendor :STMicroelectronics PDM2PCM 3.2.0
2023-10-29 14:41:58,928 [INFO] ThirdParty:841 - exiting critical section [change project]
2023-10-29 14:42:00,904 [INFO] PinOutPanel:1499 - setPackage(No Configuration,No Configuration)
2023-10-29 14:42:00,907 [INFO] PinOutPanel:1499 - setPackage(STM32F407VGTx,LQFP100)
2023-10-29 14:42:03,683 [INFO] UtilMem:75 - Before build in PCC Used Memory: 531098648 Bytes (685768704)
2023-10-29 14:42:06,499 [INFO] UtilMem:75 - After build in PCC Used Memory: 588390936 Bytes (685768704)
2023-10-29 14:42:06,632 [INFO] IPUIPlugin:80 - create IPUIPlugin
2023-10-29 14:42:06,633 [INFO] IPUIPlugin:80 - create IPUIPlugin
2023-10-29 14:42:06,633 [INFO] IPUIPlugin:80 - create IPUIPlugin
2023-10-29 14:42:06,633 [INFO] IPUIPlugin:80 - create IPUIPlugin
2023-10-29 14:42:06,633 [INFO] IPUIPlugin:80 - create IPUIPlugin
2023-10-29 14:42:06,634 [INFO] IPUIPlugin:80 - create IPUIPlugin
2023-10-29 14:42:06,634 [INFO] IPUIPlugin:80 - create IPUIPlugin
2023-10-29 14:42:06,635 [INFO] IPUIPlugin:80 - create IPUIPlugin
2023-10-29 14:42:06,635 [INFO] IPUIPlugin:80 - create IPUIPlugin
2023-10-29 14:42:06,635 [INFO] IPUIPlugin:80 - create IPUIPlugin
2023-10-29 14:42:06,636 [INFO] IPUIPlugin:80 - create IPUIPlugin
2023-10-29 14:42:06,636 [INFO] IPUIPlugin:80 - create IPUIPlugin
2023-10-29 14:42:06,636 [INFO] IPUIPlugin:80 - create IPUIPlugin
2023-10-29 14:42:06,636 [INFO] IPUIPlugin:80 - create IPUIPlugin
2023-10-29 14:42:06,637 [INFO] IPUIPlugin:80 - create IPUIPlugin
2023-10-29 14:42:06,638 [INFO] IPUIPlugin:80 - create IPUIPlugin
2023-10-29 14:42:06,644 [INFO] IPUIPlugin:80 - create IPUIPlugin
2023-10-29 14:42:06,644 [INFO] IPUIPlugin:80 - create IPUIPlugin
2023-10-29 14:42:06,645 [INFO] IPUIPlugin:80 - create IPUIPlugin
2023-10-29 14:42:06,645 [INFO] IPUIPlugin:80 - create IPUIPlugin
2023-10-29 14:42:06,648 [INFO] IPUIPlugin:80 - create IPUIPlugin
2023-10-29 14:42:06,649 [INFO] IPUIPlugin:80 - create IPUIPlugin
2023-10-29 14:42:06,650 [INFO] IPUIPlugin:80 - create IPUIPlugin
2023-10-29 14:42:06,650 [INFO] IPUIPlugin:80 - create IPUIPlugin
2023-10-29 14:42:06,650 [INFO] IPUIPlugin:80 - create IPUIPlugin
2023-10-29 14:42:06,651 [INFO] IPUIPlugin:80 - create IPUIPlugin
2023-10-29 14:42:06,651 [INFO] IPUIPlugin:80 - create IPUIPlugin
2023-10-29 14:42:06,652 [INFO] IPUIPlugin:80 - create IPUIPlugin
2023-10-29 14:42:06,652 [INFO] IPUIPlugin:80 - create IPUIPlugin
2023-10-29 14:42:06,653 [INFO] IPUIPlugin:80 - create IPUIPlugin
2023-10-29 14:42:06,653 [INFO] IPUIPlugin:80 - create IPUIPlugin
2023-10-29 14:42:06,654 [INFO] IPUIPlugin:80 - create IPUIPlugin
2023-10-29 14:42:06,654 [INFO] IPUIPlugin:80 - create IPUIPlugin
2023-10-29 14:42:06,655 [INFO] IPUIPlugin:80 - create IPUIPlugin
2023-10-29 14:42:06,656 [INFO] IPUIPlugin:80 - create IPUIPlugin
2023-10-29 14:42:06,657 [INFO] IPUIPlugin:80 - create IPUIPlugin
2023-10-29 14:42:06,658 [INFO] IPUIPlugin:80 - create IPUIPlugin
2023-10-29 14:42:06,658 [INFO] IPUIPlugin:80 - create IPUIPlugin
2023-10-29 14:42:06,659 [INFO] IPUIPlugin:80 - create IPUIPlugin
2023-10-29 14:42:06,659 [INFO] IPUIPlugin:80 - create IPUIPlugin
2023-10-29 14:42:06,660 [INFO] IPUIPlugin:80 - create IPUIPlugin
2023-10-29 14:42:06,661 [INFO] IPUIPlugin:80 - create IPUIPlugin
2023-10-29 14:42:06,661 [INFO] IPUIPlugin:80 - create IPUIPlugin
2023-10-29 14:42:06,662 [INFO] IPUIPlugin:80 - create IPUIPlugin
2023-10-29 14:42:06,663 [INFO] IPUIPlugin:80 - create IPUIPlugin
2023-10-29 14:42:06,663 [INFO] IPUIPlugin:80 - create IPUIPlugin
2023-10-29 14:42:06,664 [INFO] IPUIPlugin:80 - create IPUIPlugin
2023-10-29 14:42:06,665 [INFO] IPUIPlugin:80 - create IPUIPlugin
2023-10-29 14:42:06,665 [INFO] IPUIPlugin:80 - create IPUIPlugin
2023-10-29 14:42:06,666 [INFO] IPUIPlugin:80 - create IPUIPlugin
2023-10-29 14:42:06,668 [INFO] IPUIPlugin:80 - create IPUIPlugin
2023-10-29 14:42:06,668 [INFO] IPUIPlugin:80 - create IPUIPlugin
2023-10-29 14:42:06,669 [INFO] IPUIPlugin:80 - create IPUIPlugin
2023-10-29 14:42:06,670 [INFO] IPUIPlugin:80 - create IPUIPlugin
2023-10-29 14:42:06,672 [INFO] IPUIPlugin:80 - create IPUIPlugin
2023-10-29 14:42:06,673 [INFO] IPUIPlugin:80 - create IPUIPlugin
2023-10-29 14:42:06,674 [INFO] IPUIPlugin:80 - create IPUIPlugin
2023-10-29 14:42:06,675 [INFO] IPUIPlugin:80 - create IPUIPlugin
2023-10-29 14:42:06,860 [INFO] ApiDbMcu:507 - Load IP Config File for PDM2PCM
2023-10-29 14:42:07,819 [INFO] CADModel:165 - CPN selected for project levelSTM32F407VGT6
2023-10-29 14:42:07,820 [INFO] CADModel:114 - Register for checkConnection events
2023-10-29 14:42:07,894 [INFO] OpenFileManager:328 - Restore cursor
2023-10-29 14:42:38,328 [WARN] IP:2113 - I2C_Coeff_DF not found: check if there is a RefParameter without a condition.
2023-10-29 14:42:38,328 [WARN] IP:2113 - Analog_Filter not found: check if there is a RefParameter without a condition.
2023-10-29 14:42:38,414 [WARN] IP:2113 - I2C_Coeff_DF not found: check if there is a RefParameter without a condition.
2023-10-29 14:42:38,414 [WARN] IP:2113 - Analog_Filter not found: check if there is a RefParameter without a condition.
2023-10-29 14:42:38,415 [WARN] IP:2113 - I2C_Coeff_DF not found: check if there is a RefParameter without a condition.
2023-10-29 14:42:38,415 [WARN] IP:2113 - Analog_Filter not found: check if there is a RefParameter without a condition.
2023-10-29 14:42:38,813 [WARN] IP:2113 - I2C_Coeff_DF not found: check if there is a RefParameter without a condition.
2023-10-29 14:42:38,814 [WARN] IP:2113 - Analog_Filter not found: check if there is a RefParameter without a condition.
2023-10-29 14:42:38,821 [WARN] IP:2113 - I2C_Coeff_DF not found: check if there is a RefParameter without a condition.
2023-10-29 14:42:38,821 [WARN] IP:2113 - Analog_Filter not found: check if there is a RefParameter without a condition.
2023-10-29 14:42:38,872 [INFO] NvicIntPanel:101 - NVIC parent = com.st.microxplorer.plugins.ip.nvic.MultiNvicIntPanel[,0,0,0x0,invalid,layout=javax.swing.BoxLayout,alignmentX=0.0,alignmentY=0.0,border=,flags=9,maximumSize=,minimumSize=,preferredSize=]
2023-10-29 14:42:55,357 [INFO] UtilMem:75 - End SaveConfig() Used Memory: 565023768 Bytes (685768704)
2023-10-29 14:42:56,444 [INFO] UtilMem:75 - End SaveConfig() Used Memory: 537450488 Bytes (685768704)
2023-10-29 14:43:06,147 [INFO] UtilMem:75 - End SaveConfig() Used Memory: 551962536 Bytes (685768704)
2023-10-29 14:43:08,356 [INFO] BlockDiagram:2759 - set Specific Code input for plugin: TIM1_8
2023-10-29 14:43:08,357 [INFO] BlockDiagram:2759 - set Specific Code input for plugin: RCC
2023-10-29 14:43:08,357 [INFO] BlockDiagram:2759 - set Specific Code input for plugin: I2C
2023-10-29 14:43:08,357 [INFO] BlockDiagram:2759 - set Specific Code input for plugin: NVIC
2023-10-29 14:43:08,358 [INFO] BlockDiagram:2759 - set Specific Code input for plugin: GPIO
2023-10-29 14:43:08,359 [INFO] CodeGenerator:793 - code generatio: config db path: C:\ST\STM32CubeIDE_1.12.1\STM32CubeIDE\plugins\com.st.stm32cube.common.mx_6.8.1.202304191431\\db\
2023-10-29 14:43:08,391 [WARN] IP:2113 - I2C_Coeff_DF not found: check if there is a RefParameter without a condition.
2023-10-29 14:43:08,391 [WARN] IP:2113 - Analog_Filter not found: check if there is a RefParameter without a condition.
2023-10-29 14:43:09,813 [INFO] CodeEngine:255 - oldGeneratedFile, D:\stm32\carOfMaze_@\ultrasonic\MXTmpFiles\license.tmp_save
2023-10-29 14:43:11,778 [INFO] CodeEngine:279 - Generated code: D:\stm32\carOfMaze_@\ultrasonic\MXTmpFiles\license.tmp
2023-10-29 14:43:12,266 [INFO] CodeEngine:255 - oldGeneratedFile, D:\stm32\carOfMaze_@\ultrasonic\MXTmpFiles\gpio.tmp_save
2023-10-29 14:43:13,180 [INFO] CodeEngine:279 - Generated code: D:\stm32\carOfMaze_@\ultrasonic\MXTmpFiles\gpio.tmp
2023-10-29 14:43:13,959 [INFO] CodeEngine:255 - oldGeneratedFile, D:\stm32\carOfMaze_@\ultrasonic\Core\Src\stm32f4xx_it.c_save
2023-10-29 14:43:15,678 [INFO] CodeEngine:279 - Generated code: D:\stm32\carOfMaze_@\ultrasonic\Core\Src\stm32f4xx_it.c
2023-10-29 14:43:15,725 [INFO] CodeEngine:255 - oldGeneratedFile, D:\stm32\carOfMaze_@\ultrasonic\Core\Inc\stm32f4xx_it.h_save
2023-10-29 14:43:16,135 [INFO] CodeEngine:279 - Generated code: D:\stm32\carOfMaze_@\ultrasonic\Core\Inc\stm32f4xx_it.h
2023-10-29 14:43:16,261 [INFO] CodeEngine:255 - oldGeneratedFile, D:\stm32\carOfMaze_@\ultrasonic\Core\Src\stm32f4xx_hal_msp.c_save
2023-10-29 14:43:17,071 [INFO] CodeEngine:279 - Generated code: D:\stm32\carOfMaze_@\ultrasonic\Core\Src\stm32f4xx_hal_msp.c
2023-10-29 14:43:17,096 [INFO] CodeEngine:255 - oldGeneratedFile, D:\stm32\carOfMaze_@\ultrasonic\MXTmpFiles\system.tmp_save
2023-10-29 14:43:17,324 [INFO] CodeEngine:279 - Generated code: D:\stm32\carOfMaze_@\ultrasonic\MXTmpFiles\system.tmp
2023-10-29 14:43:17,405 [INFO] CodeEngine:311 - oldGeneratedFile, D:\stm32\carOfMaze_@\ultrasonic\Core\Inc\stm32f4xx_hal_conf.h_save
2023-10-29 14:43:17,841 [INFO] CodeEngine:335 - Generated code: D:\stm32\carOfMaze_@\ultrasonic\Core\Inc\stm32f4xx_hal_conf.h
2023-10-29 14:43:17,962 [WARN] IPConfigManager:3431 - IP not found : TIM
2023-10-29 14:43:17,968 [WARN] CodeGenerator:3754 - IP not found : null
2023-10-29 14:43:18,053 [INFO] CodeEngine:255 - oldGeneratedFile, D:\stm32\carOfMaze_@\ultrasonic\Core\Inc\main.h_save
2023-10-29 14:43:18,453 [INFO] CodeEngine:279 - Generated code: D:\stm32\carOfMaze_@\ultrasonic\Core\Inc\main.h
2023-10-29 14:43:18,485 [INFO] CodeEngine:255 - oldGeneratedFile, D:\stm32\carOfMaze_@\ultrasonic\Core\Src\main.c_save
2023-10-29 14:43:18,895 [INFO] CodeEngine:279 - Generated code: D:\stm32\carOfMaze_@\ultrasonic\Core\Src\main.c
2023-10-29 14:43:21,421 [INFO] ProjectBuilder:2996 - Time for Copy HAL[1] : 501mS.
2023-10-29 14:43:21,474 [INFO] ProjectBuilder:4304 - Project Generator version: 3.19.2
2023-10-29 14:43:23,062 [INFO] ConfigFileManager:1483 - The Die is : DIE413
2023-10-29 14:43:23,219 [INFO] ApiDbMcu:507 - Load IP Config File for FATFS
2023-10-29 14:43:23,278 [INFO] ApiDbMcu:507 - Load IP Config File for FREERTOS
2023-10-29 14:43:23,314 [INFO] ApiDbMcu:507 - Load IP Config File for LIBJPEG
2023-10-29 14:43:23,364 [INFO] ApiDbMcu:507 - Load IP Config File for LWIP
2023-10-29 14:43:23,413 [INFO] ApiDbMcu:507 - Load IP Config File for MBEDTLS
2023-10-29 14:43:23,476 [INFO] ApiDbMcu:507 - Load IP Config File for USB_DEVICE
2023-10-29 14:43:23,510 [INFO] ApiDbMcu:507 - Load IP Config File for USB_HOST
2023-10-29 14:43:27,254 [INFO] LogOutputStream:77 - [STDOUT_REDIRECT] 
2023-10-29 14:43:38,344 [INFO] ProjectBuilder:4505 - Time for Generating toolchain IDE Files: 16869mS.
2023-10-29 14:43:38,348 [INFO] ProjectBuilder:2867 - Time for Copy CMSIS : 3mS.
2023-10-29 14:43:38,351 [INFO] ProjectBuilder:2867 - Time for Copy CMSIS : 0mS.
2023-10-29 15:37:08,154 [INFO] MainUpdater:2854 - connection check result : 10
2023-10-29 15:37:08,155 [INFO] MainUpdater:2854 - connection check result : 10
2023-10-29 15:37:08,453 [INFO] MicroXplorer:468 - Change Database Path : 
2023-10-29 15:37:08,453 [INFO] MicroXplorer:498 - Change Database Version : DB.6.0.81
2023-10-29 15:37:08,555 [WARN] ThirdParty:871 - waiting for thirdparty lock release [close project]
2023-10-29 15:37:08,555 [INFO] ThirdParty:873 - entering critical section [close project]
2023-10-29 15:37:08,555 [INFO] ThirdParty:883 - exiting critical section [close project]
2023-10-29 15:37:08,561 [INFO] PinOutPanel:1499 - setPackage(No Configuration,No Configuration)
2023-10-29 15:37:08,587 [WARN] IpParametersView:150 - Warning: This peripheral hasn't parameters
2023-10-29 15:37:08,756 [WARN] MainPanel:257 - <html><b><center>Warning: This peripheral has no parameters to be configured<br></b></html>
2023-10-29 15:37:08,818 [INFO] UtilMem:75 - Begin LoadConfig() Used Memory: 719339864 Bytes (946864128)
2023-10-29 15:37:08,819 [INFO] MicroXplorer:468 - Change Database Path : 
2023-10-29 15:37:08,819 [INFO] MicroXplorer:498 - Change Database Version : DB.6.0.81
2023-10-29 15:37:08,819 [INFO] OpenFileManager:308 - Change cursor
2023-10-29 15:37:08,900 [INFO] RulesReader:64 - Compatibility file has been processed (293 Rules)
2023-10-29 15:37:08,911 [INFO] Mcu:1937 - Initializing MCU STM32F407V(E-G)Tx STM32F407VGTx STM32F407VGT6
2023-10-29 15:37:13,505 [INFO] Context:659 - Trying to add GPIOservice into a context  which must be forbidden
2023-10-29 15:37:14,854 [INFO] RtosManager:555 - Registered RTOS mode: class=CMSIS, group=RTOS, mode=CMSIS_V1, owner=FREERTOS
2023-10-29 15:37:14,854 [INFO] RtosManager:555 - Registered RTOS mode: class=CMSIS, group=RTOS2, mode=CMSIS_V2, owner=FREERTOS
2023-10-29 15:37:14,854 [INFO] RtosManager:555 - Registered RTOS mode: class=RTOS, group=Core, mode=CMSIS_V1, owner=FREERTOS
2023-10-29 15:37:14,854 [INFO] RtosManager:555 - Registered RTOS mode: class=RTOS, group=Core, mode=CMSIS_V2, owner=FREERTOS
2023-10-29 15:37:14,854 [WARN] ModelIntegratedComponent:184 - Missing modes for component STMicroelectronics:FreeRTOS:0.0.1:STMicroelectronics:RTOS:FreeRTOS:Core:::10.2.0:
2023-10-29 15:37:14,911 [WARN] ModelIntegratedComponent:63 - No mode defined for component null
2023-10-29 15:37:14,911 [WARN] ModelIntegratedComponent:63 - No mode defined for component null
2023-10-29 15:37:14,912 [WARN] ModelIntegratedComponent:63 - No mode defined for component null
2023-10-29 15:37:14,912 [WARN] ModelIntegratedComponent:63 - No mode defined for component null
2023-10-29 15:37:14,912 [WARN] ModelIntegratedComponent:63 - No mode defined for component null
2023-10-29 15:37:14,912 [WARN] ModelIntegratedComponent:63 - No mode defined for component null
2023-10-29 15:37:14,912 [WARN] ModelIntegratedComponent:63 - No mode defined for component null
2023-10-29 15:37:14,912 [WARN] ModelIntegratedComponent:63 - No mode defined for component null
2023-10-29 15:37:14,912 [WARN] ModelIntegratedComponent:63 - No mode defined for component null
2023-10-29 15:37:14,912 [WARN] ModelIntegratedComponent:63 - No mode defined for component null
2023-10-29 15:37:14,913 [WARN] ModelIntegratedComponent:63 - No mode defined for component null
2023-10-29 15:37:14,913 [WARN] ModelIntegratedComponent:63 - No mode defined for component null
2023-10-29 15:37:14,913 [WARN] ModelIntegratedComponent:63 - No mode defined for component null
2023-10-29 15:37:14,913 [WARN] ModelIntegratedComponent:63 - No mode defined for component null
2023-10-29 15:37:14,913 [WARN] ModelIntegratedComponent:63 - No mode defined for component null
2023-10-29 15:37:14,913 [WARN] ModelIntegratedComponent:63 - No mode defined for component null
2023-10-29 15:37:14,913 [WARN] ModelIntegratedComponent:63 - No mode defined for component null
2023-10-29 15:37:14,913 [WARN] ModelIntegratedComponent:63 - No mode defined for component null
2023-10-29 15:37:14,913 [WARN] ModelIntegratedComponent:63 - No mode defined for component null
2023-10-29 15:37:14,914 [WARN] ModelIntegratedComponent:63 - No mode defined for component null
2023-10-29 15:37:14,914 [WARN] ModelIntegratedComponent:63 - No mode defined for component null
2023-10-29 15:37:14,914 [WARN] ModelIntegratedComponent:63 - No mode defined for component null
2023-10-29 15:37:14,914 [WARN] ModelIntegratedComponent:63 - No mode defined for component null
2023-10-29 15:37:14,914 [WARN] ModelIntegratedComponent:63 - No mode defined for component null
2023-10-29 15:37:14,914 [WARN] ModelIntegratedComponent:63 - No mode defined for component null
2023-10-29 15:37:14,914 [WARN] ModelIntegratedComponent:63 - No mode defined for component null
2023-10-29 15:37:14,914 [WARN] ModelIntegratedComponent:63 - No mode defined for component null
2023-10-29 15:37:14,914 [WARN] ModelIntegratedComponent:63 - No mode defined for component null
2023-10-29 15:37:14,914 [WARN] ModelIntegratedComponent:63 - No mode defined for component null
2023-10-29 15:37:14,914 [WARN] ModelIntegratedComponent:63 - No mode defined for component null
2023-10-29 15:37:14,915 [WARN] ModelIntegratedComponent:63 - No mode defined for component null
2023-10-29 15:37:14,916 [WARN] ModelIntegratedComponent:63 - No mode defined for component null
2023-10-29 15:37:14,916 [WARN] ModelIntegratedComponent:63 - No mode defined for component null
2023-10-29 15:37:15,142 [INFO] ThirdPartyModel:298 - Start build external matchings
2023-10-29 15:37:16,301 [INFO] ThirdPartyModel:316 - End build external matchings
2023-10-29 15:37:17,996 [INFO] UtilMem:75 - End LoadConfig() Used Memory: 757154688 Bytes (946864128)
2023-10-29 15:37:18,100 [WARN] ThirdParty:833 - waiting for thirdparty lock release [change project]
2023-10-29 15:37:18,101 [INFO] ThirdParty:835 - entering critical section [change project]
2023-10-29 15:37:18,101 [INFO] ThirdParty:1030 - CMSIS Pack Vendor :STMicroelectronics X-CUBE-ISPU 1.1.0
2023-10-29 15:37:18,101 [INFO] ThirdParty:1030 - CMSIS Pack Vendor :STMicroelectronics X-CUBE-GNSS1 6.0.0
2023-10-29 15:37:18,101 [INFO] ThirdParty:1030 - CMSIS Pack Vendor :STMicroelectronics USB_HOST 2.0.0
2023-10-29 15:37:18,102 [INFO] ThirdParty:1030 - CMSIS Pack Vendor :STMicroelectronics X-CUBE-AZRTOS-F4 1.1.0
2023-10-29 15:37:18,102 [INFO] ThirdParty:1030 - CMSIS Pack Vendor :STMicroelectronics LIBJPEG 8.0.0
2023-10-29 15:37:18,102 [INFO] ThirdParty:1030 - CMSIS Pack Vendor :STMicroelectronics X-CUBE-SMBUS 2.1.0
2023-10-29 15:37:18,102 [INFO] ThirdParty:1030 - CMSIS Pack Vendor :wolfSSL I-CUBE-wolfSSL 5.6.0
2023-10-29 15:37:18,102 [INFO] ThirdParty:1030 - CMSIS Pack Vendor :STMicroelectronics USB_DEVICE 3.0.0
2023-10-29 15:37:18,102 [INFO] ThirdParty:1030 - CMSIS Pack Vendor :STMicroelectronics X-CUBE-AZRTOS-WB 2.0.0
2023-10-29 15:37:18,102 [INFO] ThirdParty:1030 - CMSIS Pack Vendor :STMicroelectronics X-CUBE-FREERTOS 1.0.1
2023-10-29 15:37:18,102 [INFO] ThirdParty:1030 - CMSIS Pack Vendor :STMicroelectronics X-CUBE-AZRTOS-F7 1.1.0
2023-10-29 15:37:18,102 [INFO] ThirdParty:1030 - CMSIS Pack Vendor :STMicroelectronics X-CUBE-TOUCHGFX 4.21.4
2023-10-29 15:37:18,103 [INFO] ThirdParty:1030 - CMSIS Pack Vendor :STMicroelectronics X-CUBE-AZRTOS-L5 2.0.0
2023-10-29 15:37:18,103 [INFO] ThirdParty:1030 - CMSIS Pack Vendor :STMicroelectronics USB_DEVICE 2.0.0
2023-10-29 15:37:18,103 [INFO] ThirdParty:1030 - CMSIS Pack Vendor :STMicroelectronics X-CUBE-MEMS1 9.6.0
2023-10-29 15:37:18,103 [INFO] ThirdParty:1030 - CMSIS Pack Vendor :STMicroelectronics X-CUBE-EEPRMA1 4.2.0
2023-10-29 15:37:18,104 [INFO] ThirdParty:1030 - CMSIS Pack Vendor :ITTIA_DB I-CUBE-ITTIADB 8.8.0
2023-10-29 15:37:18,104 [INFO] ThirdParty:1030 - CMSIS Pack Vendor :STMicroelectronics FP-SNS-MOTENV1 4.3.2
2023-10-29 15:37:18,104 [INFO] ThirdParty:1030 - CMSIS Pack Vendor :STMicroelectronics FP-SNS-MOTENV1 4.3.1
2023-10-29 15:37:18,104 [INFO] ThirdParty:1030 - CMSIS Pack Vendor :STMicroelectronics FP-SNS-FLIGHT1 5.0.1
2023-10-29 15:37:18,104 [INFO] ThirdParty:1030 - CMSIS Pack Vendor :STMicroelectronics X-CUBE-ALGOBUILD 1.3.0
2023-10-29 15:37:18,104 [INFO] ThirdParty:1030 - CMSIS Pack Vendor :STMicroelectronics X-CUBE-BLE1 6.2.4
2023-10-29 15:37:18,104 [INFO] ThirdParty:1030 - CMSIS Pack Vendor :STMicroelectronics X-CUBE-AZRTOS-L5 1.1.0
2023-10-29 15:37:18,104 [INFO] ThirdParty:1030 - CMSIS Pack Vendor :STMicroelectronics FreeRTOS 0.0.1
2023-10-29 15:37:18,104 [INFO] ThirdParty:1030 - CMSIS Pack Vendor :STMicroelectronics X-CUBE-AZRTOS-G0 1.1.0
2023-10-29 15:37:18,105 [INFO] ThirdParty:1030 - CMSIS Pack Vendor :emotas I-CUBE-CANOPEN 1.1.3
2023-10-29 15:37:18,105 [INFO] ThirdParty:1030 - CMSIS Pack Vendor :STMicroelectronics X-CUBE-BLEMGR 2.0.0
2023-10-29 15:37:18,105 [INFO] ThirdParty:1030 - CMSIS Pack Vendor :STMicroelectronics X-CUBE-AI 8.0.1
2023-10-29 15:37:18,105 [INFO] ThirdParty:1030 - CMSIS Pack Vendor :STMicroelectronics X-CUBE-NFC4 3.0.0
2023-10-29 15:37:18,105 [INFO] ThirdParty:1030 - CMSIS Pack Vendor :STMicroelectronics X-CUBE-SUBG2 5.0.0
2023-10-29 15:37:18,105 [INFO] ThirdParty:1030 - CMSIS Pack Vendor :STMicroelectronics STM32_WPAN 1.0.0
2023-10-29 15:37:18,105 [INFO] ThirdParty:1030 - CMSIS Pack Vendor :STMicroelectronics lwIP 2.0.3
2023-10-29 15:37:18,105 [INFO] ThirdParty:1030 - CMSIS Pack Vendor :STMicroelectronics USB_HOST 1.0.0
2023-10-29 15:37:18,105 [INFO] ThirdParty:1030 - CMSIS Pack Vendor :STMicroelectronics X-CUBE-TOF1 3.3.1
2023-10-29 15:37:18,105 [INFO] ThirdParty:1030 - CMSIS Pack Vendor :STMicroelectronics X-CUBE-AZRTOS-G4 2.0.0
2023-10-29 15:37:18,105 [INFO] ThirdParty:1030 - CMSIS Pack Vendor :STMicroelectronics PDM2PCM 3.1.0
2023-10-29 15:37:18,106 [INFO] ThirdParty:1030 - CMSIS Pack Vendor :STMicroelectronics X-CUBE-AZRTOS-H7 3.1.0
2023-10-29 15:37:18,106 [INFO] ThirdParty:1030 - CMSIS Pack Vendor :STMicroelectronics X-CUBE-TOF1 3.3.0
2023-10-29 15:37:18,107 [INFO] ThirdParty:1030 - CMSIS Pack Vendor :Infineon AIROC-Wi-Fi-Bluetooth-STM32 1.5.1
2023-10-29 15:37:18,107 [INFO] ThirdParty:1030 - CMSIS Pack Vendor :STMicroelectronics PDM2PCM 3.3.0
2023-10-29 15:37:18,107 [INFO] ThirdParty:1030 - CMSIS Pack Vendor :STMicroelectronics X-CUBE-DISPLAY 3.0.0
2023-10-29 15:37:18,107 [INFO] ThirdParty:1030 - CMSIS Pack Vendor :STMicroelectronics FP-ATR-SIGFOX1 3.2.0
2023-10-29 15:37:18,108 [INFO] ThirdParty:1030 - CMSIS Pack Vendor :STMicroelectronics HAL Drivers 0.0.0
2023-10-29 15:37:18,108 [INFO] ThirdParty:1030 - CMSIS Pack Vendor :STMicroelectronics MBEDTLS 2.16.2
2023-10-29 15:37:18,109 [INFO] ThirdParty:1030 - CMSIS Pack Vendor :STMicroelectronics X-CUBE-MEMS1 10.0.0
2023-10-29 15:37:18,109 [INFO] ThirdParty:1030 - CMSIS Pack Vendor :STMicroelectronics X-CUBE-FREERTOS 1.1.0
2023-10-29 15:37:18,110 [INFO] ThirdParty:1030 - CMSIS Pack Vendor :STMicroelectronics X-CUBE-TOUCHGFX 4.22.0
2023-10-29 15:37:18,110 [INFO] ThirdParty:1030 - CMSIS Pack Vendor :STMicroelectronics X-CUBE-NFC7 1.0.1
2023-10-29 15:37:18,110 [INFO] ThirdParty:1030 - CMSIS Pack Vendor :STMicroelectronics MBEDTLS 2.14.1
2023-10-29 15:37:18,110 [INFO] ThirdParty:1030 - CMSIS Pack Vendor :STMicroelectronics X-CUBE-TOUCHGFX 4.22.1
2023-10-29 15:37:18,110 [INFO] ThirdParty:1030 - CMSIS Pack Vendor :STMicroelectronics X-CUBE-NFC6 3.0.0
2023-10-29 15:37:18,110 [INFO] ThirdParty:1030 - CMSIS Pack Vendor :STMicroelectronics X-CUBE-EEPRMA1 4.1.0
2023-10-29 15:37:18,110 [INFO] ThirdParty:1030 - CMSIS Pack Vendor :portGmbH I-Cube-SoM-uGOAL 1.1.0
2023-10-29 15:37:18,110 [INFO] ThirdParty:1030 - CMSIS Pack Vendor :STMicroelectronics X-CUBE-ALS 1.0.1
2023-10-29 15:37:18,111 [INFO] ThirdParty:1030 - CMSIS Pack Vendor :STMicroelectronics ThreadX 1.0.0
2023-10-29 15:37:18,111 [INFO] ThirdParty:1030 - CMSIS Pack Vendor :STMicroelectronics FP-SNS-SMARTAG2 1.2.0
2023-10-29 15:37:18,111 [INFO] ThirdParty:1030 - CMSIS Pack Vendor :STMicroelectronics X-CUBE-AZRTOS-WB 1.1.0
2023-10-29 15:37:18,111 [INFO] ThirdParty:1030 - CMSIS Pack Vendor :STMicroelectronics X-CUBE-AZRTOS-WL 2.0.0
2023-10-29 15:37:18,111 [INFO] ThirdParty:1030 - CMSIS Pack Vendor :SEGGER I-CUBE-embOS 1.3.1
2023-10-29 15:37:18,111 [INFO] ThirdParty:1030 - CMSIS Pack Vendor :STMicroelectronics USB_DEVICE 1.0.0
2023-10-29 15:37:18,112 [INFO] ThirdParty:1030 - CMSIS Pack Vendor :STMicroelectronics X-CUBE-AZRTOS-L4 2.0.0
2023-10-29 15:37:18,112 [INFO] ThirdParty:1030 - CMSIS Pack Vendor :STMicroelectronics ThreadX 0.0.2
2023-10-29 15:37:18,112 [INFO] ThirdParty:1030 - CMSIS Pack Vendor :WES I-CUBE-Cesium 1.3.0
2023-10-29 15:37:18,112 [INFO] ThirdParty:1030 - CMSIS Pack Vendor :STMicroelectronics FP-ATR-ASTRA1 2.0.0
2023-10-29 15:37:18,117 [INFO] ThirdParty:1030 - CMSIS Pack Vendor :STMicroelectronics lwIP 2.1.2
2023-10-29 15:37:18,118 [INFO] ThirdParty:1030 - CMSIS Pack Vendor :STMicroelectronics X-CUBE-SFXS2LP1 4.0.0
2023-10-29 15:37:18,119 [INFO] ThirdParty:1030 - CMSIS Pack Vendor :STMicroelectronics X-CUBE-BLE2 3.3.0
2023-10-29 15:37:18,119 [INFO] ThirdParty:1030 - CMSIS Pack Vendor :STMicroelectronics PDM2PCM 3.2.0
2023-10-29 15:37:18,119 [INFO] ThirdParty:841 - exiting critical section [change project]
2023-10-29 15:37:19,312 [INFO] PinOutPanel:1499 - setPackage(No Configuration,No Configuration)
2023-10-29 15:37:19,314 [INFO] PinOutPanel:1499 - setPackage(STM32F407VGTx,LQFP100)
2023-10-29 15:37:20,555 [INFO] UtilMem:75 - Before build in PCC Used Memory: 708443800 Bytes (946864128)
2023-10-29 15:37:21,487 [INFO] UtilMem:75 - After build in PCC Used Memory: 752483992 Bytes (946864128)
2023-10-29 15:37:21,585 [INFO] IPUIPlugin:80 - create IPUIPlugin
2023-10-29 15:37:21,585 [INFO] IPUIPlugin:80 - create IPUIPlugin
2023-10-29 15:37:21,586 [INFO] IPUIPlugin:80 - create IPUIPlugin
2023-10-29 15:37:21,586 [INFO] IPUIPlugin:80 - create IPUIPlugin
2023-10-29 15:37:21,586 [INFO] IPUIPlugin:80 - create IPUIPlugin
2023-10-29 15:37:21,586 [INFO] IPUIPlugin:80 - create IPUIPlugin
2023-10-29 15:37:21,587 [INFO] IPUIPlugin:80 - create IPUIPlugin
2023-10-29 15:37:21,587 [INFO] IPUIPlugin:80 - create IPUIPlugin
2023-10-29 15:37:21,587 [INFO] IPUIPlugin:80 - create IPUIPlugin
2023-10-29 15:37:21,587 [INFO] IPUIPlugin:80 - create IPUIPlugin
2023-10-29 15:37:21,588 [INFO] IPUIPlugin:80 - create IPUIPlugin
2023-10-29 15:37:21,588 [INFO] IPUIPlugin:80 - create IPUIPlugin
2023-10-29 15:37:21,588 [INFO] IPUIPlugin:80 - create IPUIPlugin
2023-10-29 15:37:21,588 [INFO] IPUIPlugin:80 - create IPUIPlugin
2023-10-29 15:37:21,589 [INFO] IPUIPlugin:80 - create IPUIPlugin
2023-10-29 15:37:21,591 [INFO] IPUIPlugin:80 - create IPUIPlugin
2023-10-29 15:37:21,592 [INFO] IPUIPlugin:80 - create IPUIPlugin
2023-10-29 15:37:21,593 [INFO] IPUIPlugin:80 - create IPUIPlugin
2023-10-29 15:37:21,594 [INFO] IPUIPlugin:80 - create IPUIPlugin
2023-10-29 15:37:21,595 [INFO] IPUIPlugin:80 - create IPUIPlugin
2023-10-29 15:37:21,596 [INFO] IPUIPlugin:80 - create IPUIPlugin
2023-10-29 15:37:21,597 [INFO] IPUIPlugin:80 - create IPUIPlugin
2023-10-29 15:37:21,597 [INFO] IPUIPlugin:80 - create IPUIPlugin
2023-10-29 15:37:21,598 [INFO] IPUIPlugin:80 - create IPUIPlugin
2023-10-29 15:37:21,598 [INFO] IPUIPlugin:80 - create IPUIPlugin
2023-10-29 15:37:21,599 [INFO] IPUIPlugin:80 - create IPUIPlugin
2023-10-29 15:37:21,599 [INFO] IPUIPlugin:80 - create IPUIPlugin
2023-10-29 15:37:21,600 [INFO] IPUIPlugin:80 - create IPUIPlugin
2023-10-29 15:37:21,600 [INFO] IPUIPlugin:80 - create IPUIPlugin
2023-10-29 15:37:21,601 [INFO] IPUIPlugin:80 - create IPUIPlugin
2023-10-29 15:37:21,602 [INFO] IPUIPlugin:80 - create IPUIPlugin
2023-10-29 15:37:21,602 [INFO] IPUIPlugin:80 - create IPUIPlugin
2023-10-29 15:37:21,603 [INFO] IPUIPlugin:80 - create IPUIPlugin
2023-10-29 15:37:21,603 [INFO] IPUIPlugin:80 - create IPUIPlugin
2023-10-29 15:37:21,604 [INFO] IPUIPlugin:80 - create IPUIPlugin
2023-10-29 15:37:21,606 [INFO] IPUIPlugin:80 - create IPUIPlugin
2023-10-29 15:37:21,608 [INFO] IPUIPlugin:80 - create IPUIPlugin
2023-10-29 15:37:21,610 [INFO] IPUIPlugin:80 - create IPUIPlugin
2023-10-29 15:37:21,611 [INFO] IPUIPlugin:80 - create IPUIPlugin
2023-10-29 15:37:21,612 [INFO] IPUIPlugin:80 - create IPUIPlugin
2023-10-29 15:37:21,612 [INFO] IPUIPlugin:80 - create IPUIPlugin
2023-10-29 15:37:21,613 [INFO] IPUIPlugin:80 - create IPUIPlugin
2023-10-29 15:37:21,613 [INFO] IPUIPlugin:80 - create IPUIPlugin
2023-10-29 15:37:21,614 [INFO] IPUIPlugin:80 - create IPUIPlugin
2023-10-29 15:37:21,614 [INFO] IPUIPlugin:80 - create IPUIPlugin
2023-10-29 15:37:21,615 [INFO] IPUIPlugin:80 - create IPUIPlugin
2023-10-29 15:37:21,616 [INFO] IPUIPlugin:80 - create IPUIPlugin
2023-10-29 15:37:21,617 [INFO] IPUIPlugin:80 - create IPUIPlugin
2023-10-29 15:37:21,617 [INFO] IPUIPlugin:80 - create IPUIPlugin
2023-10-29 15:37:21,618 [INFO] IPUIPlugin:80 - create IPUIPlugin
2023-10-29 15:37:21,619 [INFO] IPUIPlugin:80 - create IPUIPlugin
2023-10-29 15:37:21,620 [INFO] IPUIPlugin:80 - create IPUIPlugin
2023-10-29 15:37:21,620 [INFO] IPUIPlugin:80 - create IPUIPlugin
2023-10-29 15:37:21,621 [INFO] IPUIPlugin:80 - create IPUIPlugin
2023-10-29 15:37:21,622 [INFO] IPUIPlugin:80 - create IPUIPlugin
2023-10-29 15:37:21,625 [INFO] IPUIPlugin:80 - create IPUIPlugin
2023-10-29 15:37:21,626 [INFO] IPUIPlugin:80 - create IPUIPlugin
2023-10-29 15:37:21,627 [INFO] IPUIPlugin:80 - create IPUIPlugin
2023-10-29 15:37:21,637 [INFO] ApiDbMcu:507 - Load IP Config File for PDM2PCM
2023-10-29 15:37:21,638 [WARN] IP:2113 - I2C_Coeff_DF not found: check if there is a RefParameter without a condition.
2023-10-29 15:37:21,639 [WARN] IP:2113 - Analog_Filter not found: check if there is a RefParameter without a condition.
2023-10-29 15:37:21,910 [INFO] CADModel:165 - CPN selected for project levelSTM32F407VGT6
2023-10-29 15:37:21,910 [INFO] CADModel:114 - Register for checkConnection events
2023-10-29 15:37:22,022 [INFO] OpenFileManager:328 - Restore cursor
2023-10-29 15:37:22,302 [WARN] IP:2113 - I2C_Coeff_DF not found: check if there is a RefParameter without a condition.
2023-10-29 15:37:22,302 [WARN] IP:2113 - Analog_Filter not found: check if there is a RefParameter without a condition.
2023-10-29 15:37:22,303 [WARN] IP:2113 - I2C_Coeff_DF not found: check if there is a RefParameter without a condition.
2023-10-29 15:37:22,303 [WARN] IP:2113 - Analog_Filter not found: check if there is a RefParameter without a condition.
2023-10-29 15:38:10,107 [INFO] UtilMem:75 - End SaveConfig() Used Memory: 599348592 Bytes (946864128)
2023-10-29 15:38:11,755 [INFO] UtilMem:75 - End SaveConfig() Used Memory: 598549776 Bytes (946864128)
2023-10-29 15:38:15,269 [INFO] UtilMem:75 - End SaveConfig() Used Memory: 720710928 Bytes (946864128)
2023-10-29 15:38:16,102 [INFO] BlockDiagram:2759 - set Specific Code input for plugin: TIM1_8
2023-10-29 15:38:16,102 [INFO] BlockDiagram:2759 - set Specific Code input for plugin: RCC
2023-10-29 15:38:16,102 [INFO] BlockDiagram:2759 - set Specific Code input for plugin: I2C
2023-10-29 15:38:16,102 [INFO] BlockDiagram:2759 - set Specific Code input for plugin: NVIC
2023-10-29 15:38:16,102 [INFO] BlockDiagram:2759 - set Specific Code input for plugin: USART
2023-10-29 15:38:16,103 [INFO] BlockDiagram:2759 - set Specific Code input for plugin: GPIO
2023-10-29 15:38:16,104 [INFO] CodeGenerator:793 - code generatio: config db path: C:\ST\STM32CubeIDE_1.12.1\STM32CubeIDE\plugins\com.st.stm32cube.common.mx_6.8.1.202304191431\\db\
2023-10-29 15:38:16,107 [WARN] IP:2113 - I2C_Coeff_DF not found: check if there is a RefParameter without a condition.
2023-10-29 15:38:16,107 [WARN] IP:2113 - Analog_Filter not found: check if there is a RefParameter without a condition.
2023-10-29 15:38:16,649 [INFO] CodeEngine:255 - oldGeneratedFile, D:\stm32\carOfMaze_@\ultrasonic\MXTmpFiles\license.tmp_save
2023-10-29 15:38:18,152 [INFO] CodeEngine:279 - Generated code: D:\stm32\carOfMaze_@\ultrasonic\MXTmpFiles\license.tmp
2023-10-29 15:38:18,277 [INFO] CodeEngine:255 - oldGeneratedFile, D:\stm32\carOfMaze_@\ultrasonic\MXTmpFiles\gpio.tmp_save
2023-10-29 15:38:18,961 [INFO] CodeEngine:279 - Generated code: D:\stm32\carOfMaze_@\ultrasonic\MXTmpFiles\gpio.tmp
2023-10-29 15:38:19,663 [INFO] CodeEngine:255 - oldGeneratedFile, D:\stm32\carOfMaze_@\ultrasonic\Core\Src\stm32f4xx_it.c_save
2023-10-29 15:38:20,963 [INFO] CodeEngine:279 - Generated code: D:\stm32\carOfMaze_@\ultrasonic\Core\Src\stm32f4xx_it.c
2023-10-29 15:38:20,980 [INFO] CodeEngine:255 - oldGeneratedFile, D:\stm32\carOfMaze_@\ultrasonic\Core\Inc\stm32f4xx_it.h_save
2023-10-29 15:38:21,550 [INFO] CodeEngine:279 - Generated code: D:\stm32\carOfMaze_@\ultrasonic\Core\Inc\stm32f4xx_it.h
2023-10-29 15:38:21,712 [INFO] CodeEngine:255 - oldGeneratedFile, D:\stm32\carOfMaze_@\ultrasonic\Core\Src\stm32f4xx_hal_msp.c_save
2023-10-29 15:38:22,405 [INFO] CodeEngine:279 - Generated code: D:\stm32\carOfMaze_@\ultrasonic\Core\Src\stm32f4xx_hal_msp.c
2023-10-29 15:38:22,420 [INFO] CodeEngine:255 - oldGeneratedFile, D:\stm32\carOfMaze_@\ultrasonic\MXTmpFiles\system.tmp_save
2023-10-29 15:38:22,696 [INFO] CodeEngine:279 - Generated code: D:\stm32\carOfMaze_@\ultrasonic\MXTmpFiles\system.tmp
2023-10-29 15:38:22,746 [INFO] CodeEngine:311 - oldGeneratedFile, D:\stm32\carOfMaze_@\ultrasonic\Core\Inc\stm32f4xx_hal_conf.h_save
2023-10-29 15:38:23,164 [INFO] CodeEngine:335 - Generated code: D:\stm32\carOfMaze_@\ultrasonic\Core\Inc\stm32f4xx_hal_conf.h
2023-10-29 15:38:23,309 [WARN] IPConfigManager:3431 - IP not found : TIM
2023-10-29 15:38:23,310 [WARN] CodeGenerator:3754 - IP not found : null
2023-10-29 15:38:23,409 [INFO] CodeEngine:255 - oldGeneratedFile, D:\stm32\carOfMaze_@\ultrasonic\Core\Inc\main.h_save
2023-10-29 15:38:23,985 [INFO] CodeEngine:279 - Generated code: D:\stm32\carOfMaze_@\ultrasonic\Core\Inc\main.h
2023-10-29 15:38:24,044 [INFO] CodeEngine:255 - oldGeneratedFile, D:\stm32\carOfMaze_@\ultrasonic\Core\Src\main.c_save
2023-10-29 15:38:24,861 [INFO] CodeEngine:279 - Generated code: D:\stm32\carOfMaze_@\ultrasonic\Core\Src\main.c
2023-10-29 15:38:26,898 [INFO] ProjectBuilder:2996 - Time for Copy HAL[1] : 366mS.
2023-10-29 15:38:26,906 [INFO] ProjectBuilder:4304 - Project Generator version: 3.19.2
2023-10-29 15:38:28,108 [INFO] ConfigFileManager:1483 - The Die is : DIE413
2023-10-29 15:38:28,118 [INFO] ApiDbMcu:507 - Load IP Config File for FATFS
2023-10-29 15:38:28,137 [INFO] ApiDbMcu:507 - Load IP Config File for FREERTOS
2023-10-29 15:38:28,141 [INFO] ApiDbMcu:507 - Load IP Config File for LIBJPEG
2023-10-29 15:38:28,154 [INFO] ApiDbMcu:507 - Load IP Config File for LWIP
2023-10-29 15:38:28,168 [INFO] ApiDbMcu:507 - Load IP Config File for MBEDTLS
2023-10-29 15:38:28,184 [INFO] ApiDbMcu:507 - Load IP Config File for USB_DEVICE
2023-10-29 15:38:28,195 [INFO] ApiDbMcu:507 - Load IP Config File for USB_HOST
2023-10-29 15:38:35,562 [INFO] ProjectBuilder:4505 - Time for Generating toolchain IDE Files: 8655mS.
2023-10-29 15:38:35,563 [INFO] ProjectBuilder:2867 - Time for Copy CMSIS : 0mS.
2023-10-29 15:38:35,566 [INFO] ProjectBuilder:2867 - Time for Copy CMSIS : 1mS.
