2023-10-28 17:57:59,121 [INFO] Activator:176 - 


2023-10-28 17:57:59,125 [INFO] Activator:177 - !SESSION log4j initialized
2023-10-28 17:58:03,128 [INFO] LogOutputStream:77 - [STDOUT_REDIRECT] 
2023-10-28 17:58:06,710 [INFO] ApplicationProperties:184 - Using Application install path: C:\ST\STM32CubeIDE_1.12.1\STM32CubeIDE\plugins\com.st.stm32cube.common.mx_6.8.1.202304191431
2023-10-28 17:58:06,742 [INFO] DbMcusXml:78 - Set database path to: C:\ST\STM32CubeIDE_1.12.1\STM32CubeIDE\plugins\com.st.stm32cube.common.mx_6.8.1.202304191431\\db\/mcu/
2023-10-28 17:58:06,742 [INFO] ApiDb:274 - Set plugin database path to: C:\ST\STM32CubeIDE_1.12.1\STM32CubeIDE\plugins\com.st.stm32cube.common.mx_6.8.1.202304191431\\db\/plugins/boardmanager/
2023-10-28 17:58:06,745 [WARN] ApiDb:259 - Overriding images path with different value:  => C:\ST\STM32CubeIDE_1.12.1\STM32CubeIDE\plugins\com.st.stm32cube.common.mx_6.8.1.202304191431\\db\/plugins/mcufinder/images/
2023-10-28 17:58:06,782 [INFO] ApiDb:250 - Set database path to: C:\Users\Admin\.stmcufinder\plugins\mcufinder//mcu/
2023-10-28 17:58:06,785 [INFO] DbMcusAds:125 - Set database path to: C:\Users\Admin\.stmcufinder\plugins\mcufinder//mcu/
2023-10-28 17:58:06,790 [INFO] CrossReferenceDbSqlite:203 - Set database path to: C:\Users\Admin\.stmcufinder\plugins\mcufinder//mcu/cs/
2023-10-28 17:58:07,126 [INFO] RulesReader:64 - Compatibility file has been processed (293 Rules)
2023-10-28 17:58:07,365 [INFO] DbMcusXml:78 - Set database path to: C:\ST\STM32CubeIDE_1.12.1\STM32CubeIDE\plugins\com.st.stm32cube.common.mx_6.8.1.202304191431\\db\/mcu/
2023-10-28 17:58:07,365 [INFO] ApiDb:274 - Set plugin database path to: C:\ST\STM32CubeIDE_1.12.1\STM32CubeIDE\plugins\com.st.stm32cube.common.mx_6.8.1.202304191431\\db\/plugins/boardmanager/
2023-10-28 17:58:07,366 [INFO] ApiDb:261 - Set plugin images path to: C:\ST\STM32CubeIDE_1.12.1\STM32CubeIDE\plugins\com.st.stm32cube.common.mx_6.8.1.202304191431\\db\/plugins/mcufinder/images/
2023-10-28 17:58:07,367 [WARN] DbFile:41 - Overriding database path with different value: C:\Users\Admin\.stmcufinder\plugins\mcufinder/ => C:\Users\Admin\.stmcufinder\plugins\mcufinder
2023-10-28 17:58:07,367 [INFO] ApiDb:250 - Set database path to: C:\Users\Admin\.stmcufinder\plugins\mcufinder//mcu/
2023-10-28 17:58:07,367 [WARN] DbFile:41 - Overriding database path with different value: C:\Users\Admin\.stmcufinder\plugins\mcufinder/ => C:\Users\Admin\.stmcufinder\plugins\mcufinder
2023-10-28 17:58:07,368 [INFO] DbMcusAds:125 - Set database path to: C:\Users\Admin\.stmcufinder\plugins\mcufinder//mcu/
2023-10-28 17:58:07,368 [WARN] DbFile:41 - Overriding database path with different value: C:\Users\Admin\.stmcufinder\plugins\mcufinder/ => C:\Users\Admin\.stmcufinder\plugins\mcufinder
2023-10-28 17:58:07,368 [WARN] DbFile:41 - Overriding database path with different value: C:\Users\Admin\.stmcufinder\plugins\mcufinder/ => C:\Users\Admin\.stmcufinder\plugins\mcufinder
2023-10-28 17:58:07,368 [INFO] CrossReferenceDbSqlite:203 - Set database path to: C:\Users\Admin\.stmcufinder\plugins\mcufinder//mcu/cs/
2023-10-28 17:58:07,520 [INFO] MainPanel:253 - HeapMemory: 268435456
2023-10-28 17:58:07,710 [INFO] DbMcusXml:78 - Set database path to: C:\ST\STM32CubeIDE_1.12.1\STM32CubeIDE\plugins\com.st.stm32cube.common.mx_6.8.1.202304191431\\db\/mcu/
2023-10-28 17:58:07,710 [INFO] ApiDb:274 - Set plugin database path to: C:\ST\STM32CubeIDE_1.12.1\STM32CubeIDE\plugins\com.st.stm32cube.common.mx_6.8.1.202304191431\\db\/plugins/boardmanager/
2023-10-28 17:58:07,710 [INFO] ApiDb:261 - Set plugin images path to: C:\ST\STM32CubeIDE_1.12.1\STM32CubeIDE\plugins\com.st.stm32cube.common.mx_6.8.1.202304191431\\db\/plugins/mcufinder/images/
2023-10-28 17:58:07,711 [WARN] DbFile:41 - Overriding database path with different value: C:\Users\Admin\.stmcufinder\plugins\mcufinder/ => C:\Users\Admin\.stmcufinder\plugins\mcufinder
2023-10-28 17:58:07,712 [INFO] ApiDb:250 - Set database path to: C:\Users\Admin\.stmcufinder\plugins\mcufinder//mcu/
2023-10-28 17:58:07,712 [WARN] DbFile:41 - Overriding database path with different value: C:\Users\Admin\.stmcufinder\plugins\mcufinder/ => C:\Users\Admin\.stmcufinder\plugins\mcufinder
2023-10-28 17:58:07,712 [INFO] DbMcusAds:125 - Set database path to: C:\Users\Admin\.stmcufinder\plugins\mcufinder//mcu/
2023-10-28 17:58:07,712 [WARN] DbFile:41 - Overriding database path with different value: C:\Users\Admin\.stmcufinder\plugins\mcufinder/ => C:\Users\Admin\.stmcufinder\plugins\mcufinder
2023-10-28 17:58:07,712 [WARN] DbFile:41 - Overriding database path with different value: C:\Users\Admin\.stmcufinder\plugins\mcufinder/ => C:\Users\Admin\.stmcufinder\plugins\mcufinder
2023-10-28 17:58:07,713 [INFO] CrossReferenceDbSqlite:203 - Set database path to: C:\Users\Admin\.stmcufinder\plugins\mcufinder//mcu/cs/
2023-10-28 17:58:07,748 [INFO] ApplicationProperties:184 - Using Application install path: C:\ST\STM32CubeIDE_1.12.1\STM32CubeIDE\plugins\com.st.stm32cube.common.mx_6.8.1.202304191431
2023-10-28 17:58:07,751 [INFO] PluginManage:196 - Search for loadable plugins [exclusion list=, ]
2023-10-28 17:58:07,754 [INFO] PluginManage:310 - Check plugin analytics
2023-10-28 17:58:08,036 [INFO] AnalyticsPlugin:253 - Accepted Software Licenses: STM32CubeMX.6.8.1
2023-10-28 17:58:08,036 [INFO] AnalyticsPlugin:255 - Accepted CMSIS Pack Licenses: 
2023-10-28 17:58:08,037 [INFO] AnalyticsPlugin:257 - Accepted Firmware Licenses: FW.F4.1.27.0
2023-10-28 17:58:08,054 [INFO] PluginManage:359 - Loaded plugin analytics (category:tool,tabindex:-1)
2023-10-28 17:58:08,054 [INFO] PluginManage:310 - Check plugin cadmodel
2023-10-28 17:58:08,083 [INFO] CADModel:105 - Init CAD model plugin
2023-10-28 17:58:08,084 [INFO] PluginManage:359 - Loaded plugin cadmodel (category:power,tabindex:5)
2023-10-28 17:58:08,084 [INFO] PluginManage:310 - Check plugin clock
2023-10-28 17:58:08,125 [INFO] PluginManage:359 - Loaded plugin clock (category:base,tabindex:2)
2023-10-28 17:58:08,126 [INFO] PluginManage:310 - Check plugin ddr
2023-10-28 17:58:08,131 [INFO] PluginManage:359 - Loaded plugin ddr (category:tool,tabindex:6)
2023-10-28 17:58:08,131 [INFO] PluginManage:310 - Check plugin filemanager
2023-10-28 17:58:08,357 [INFO] PluginManage:359 - Loaded plugin filemanager (category:base,tabindex:10)
2023-10-28 17:58:08,357 [INFO] PluginManage:310 - Check plugin ipmanager
2023-10-28 17:58:08,372 [INFO] PluginManage:359 - Loaded plugin ipmanager (category:base,tabindex:5)
2023-10-28 17:58:08,372 [INFO] PluginManage:310 - Check plugin lpbam
2023-10-28 17:58:08,398 [INFO] PluginManage:359 - Loaded plugin lpbam (category:base,tabindex:0)
2023-10-28 17:58:08,398 [INFO] PluginManage:310 - Check plugin pinoutandconfiguration
2023-10-28 17:58:08,422 [INFO] PluginManage:359 - Loaded plugin pinoutandconfiguration (category:base,tabindex:1)
2023-10-28 17:58:08,422 [INFO] PluginManage:310 - Check plugin pinoutconfig
2023-10-28 17:58:08,571 [WARN] SupportedApi:132 - Cannot load RTOS API schema: s4s-elt-must-match.1: The content of 'definitions' must match (annotation?, (simpleType | complexType)?, (unique | key | keyref)*)). A problem was found starting at: attribute.
2023-10-28 17:58:08,831 [INFO] PluginManage:359 - Loaded plugin pinoutconfig (category:base,tabindex:0)
2023-10-28 17:58:08,831 [INFO] PluginManage:310 - Check plugin power
2023-10-28 17:58:08,860 [INFO] PluginManage:359 - Loaded plugin power (category:power,tabindex:4)
2023-10-28 17:58:08,860 [INFO] PluginManage:310 - Check plugin projectmanager
2023-10-28 17:58:08,891 [INFO] PluginManage:359 - Loaded plugin projectmanager (category:projectmanager,tabindex:3)
2023-10-28 17:58:08,891 [INFO] PluginManage:310 - Check plugin thirdparty
2023-10-28 17:58:09,373 [INFO] PluginManage:359 - Loaded plugin thirdparty (category:base,tabindex:-1)
2023-10-28 17:58:09,373 [INFO] PluginManage:310 - Check plugin tools
2023-10-28 17:58:09,373 [WARN] IntegrityCheckThread:84 - waiting for thirdparty lock release [integrity check]
2023-10-28 17:58:09,375 [INFO] IntegrityCheckThread:86 - entering critical section [integrity check]
2023-10-28 17:58:09,379 [INFO] ThirdPartyUpdaterWithRetryManager:70 - Updater plugin not ready yet. [1/15]
2023-10-28 17:58:09,440 [INFO] PluginManage:359 - Loaded plugin tools (category:base,tabindex:7)
2023-10-28 17:58:09,440 [INFO] PluginManage:310 - Check plugin tutovideos
2023-10-28 17:58:09,771 [INFO] PluginManage:359 - Loaded plugin tutovideos (category:base,tabindex:-1)
2023-10-28 17:58:09,771 [INFO] PluginManage:310 - Check plugin updater
2023-10-28 17:58:09,796 [INFO] PluginManage:359 - Loaded plugin updater (category:base,tabindex:12)
2023-10-28 17:58:09,797 [INFO] PluginManage:283 - PluginManage : Loaded plugins [15]
2023-10-28 17:58:10,264 [INFO] PinOutPanel:1499 - setPackage(No Configuration,No Configuration)
2023-10-28 17:58:10,390 [INFO] CADModel:165 - CPN selected for project level
2023-10-28 17:58:10,390 [INFO] CADModel:114 - Register for checkConnection events
2023-10-28 17:58:10,434 [INFO] IPUIPlugin:80 - create IPUIPlugin
2023-10-28 17:58:10,434 [INFO] PluginManager:220 - loadIPPluginJar : add adc
2023-10-28 17:58:10,501 [INFO] IPUIPlugin:80 - create IPUIPlugin
2023-10-28 17:58:10,501 [INFO] PluginManager:220 - loadIPPluginJar : add aes
2023-10-28 17:58:10,584 [INFO] IPUIPlugin:80 - create IPUIPlugin
2023-10-28 17:58:10,585 [INFO] PluginManager:220 - loadIPPluginJar : add can
2023-10-28 17:58:10,620 [INFO] IPUIPlugin:80 - create IPUIPlugin
2023-10-28 17:58:10,620 [INFO] PluginManager:220 - loadIPPluginJar : add comp
2023-10-28 17:58:10,666 [INFO] IPUIPlugin:80 - create IPUIPlugin
2023-10-28 17:58:10,666 [INFO] PluginManager:220 - loadIPPluginJar : add cryp
2023-10-28 17:58:10,709 [INFO] IPUIPlugin:80 - create IPUIPlugin
2023-10-28 17:58:10,709 [INFO] PluginManager:220 - loadIPPluginJar : add dfsdm
2023-10-28 17:58:10,730 [INFO] IPUIPlugin:80 - create IPUIPlugin
2023-10-28 17:58:10,731 [INFO] PluginManager:220 - loadIPPluginJar : add dma
2023-10-28 17:58:10,790 [INFO] IPUIPlugin:80 - create IPUIPlugin
2023-10-28 17:58:10,791 [INFO] PluginManager:220 - loadIPPluginJar : add dma3
2023-10-28 17:58:10,823 [INFO] IPUIPlugin:80 - create IPUIPlugin
2023-10-28 17:58:10,823 [INFO] PluginManager:220 - loadIPPluginJar : add fatfs
2023-10-28 17:58:10,907 [INFO] IPUIPlugin:80 - create IPUIPlugin
2023-10-28 17:58:10,907 [INFO] PluginManager:220 - loadIPPluginJar : add fmc
2023-10-28 17:58:10,931 [INFO] IPUIPlugin:80 - create IPUIPlugin
2023-10-28 17:58:10,932 [INFO] PluginManager:220 - loadIPPluginJar : add freertos
2023-10-28 17:58:10,958 [INFO] IPUIPlugin:80 - create IPUIPlugin
2023-10-28 17:58:10,958 [INFO] PluginManager:220 - loadIPPluginJar : add genericplugin
2023-10-28 17:58:11,077 [INFO] IPUIPlugin:80 - create IPUIPlugin
2023-10-28 17:58:11,077 [INFO] PluginManager:220 - loadIPPluginJar : add gfxmmu
2023-10-28 17:58:11,269 [INFO] IPUIPlugin:80 - create IPUIPlugin
2023-10-28 17:58:11,270 [INFO] PluginManager:220 - loadIPPluginJar : add gic
2023-10-28 17:58:11,297 [INFO] IPUIPlugin:80 - create IPUIPlugin
2023-10-28 17:58:11,298 [INFO] PluginManager:220 - loadIPPluginJar : add gpio
2023-10-28 17:58:11,417 [INFO] IPUIPlugin:80 - create IPUIPlugin
2023-10-28 17:58:11,417 [INFO] PluginManager:220 - loadIPPluginJar : add gtzc
2023-10-28 17:58:11,467 [INFO] IPUIPlugin:80 - create IPUIPlugin
2023-10-28 17:58:11,467 [INFO] PluginManager:220 - loadIPPluginJar : add hash
2023-10-28 17:58:11,532 [INFO] IPUIPlugin:80 - create IPUIPlugin
2023-10-28 17:58:11,532 [INFO] PluginManager:220 - loadIPPluginJar : add i2c
2023-10-28 17:58:11,585 [INFO] IPUIPlugin:80 - create IPUIPlugin
2023-10-28 17:58:11,585 [INFO] PluginManager:220 - loadIPPluginJar : add i2s
2023-10-28 17:58:11,660 [INFO] IPUIPlugin:80 - create IPUIPlugin
2023-10-28 17:58:11,660 [INFO] PluginManager:220 - loadIPPluginJar : add i3c
2023-10-28 17:58:11,811 [INFO] IPUIPlugin:80 - create IPUIPlugin
2023-10-28 17:58:11,812 [INFO] PluginManager:220 - loadIPPluginJar : add ipddr
2023-10-28 17:58:11,930 [INFO] IPUIPlugin:80 - create IPUIPlugin
2023-10-28 17:58:11,930 [INFO] PluginManager:220 - loadIPPluginJar : add linkedlist
2023-10-28 17:58:11,974 [INFO] IPUIPlugin:80 - create IPUIPlugin
2023-10-28 17:58:11,974 [INFO] PluginManager:220 - loadIPPluginJar : add lorawan
2023-10-28 17:58:12,020 [INFO] IPUIPlugin:80 - create IPUIPlugin
2023-10-28 17:58:12,020 [INFO] PluginManager:220 - loadIPPluginJar : add ltdc
2023-10-28 17:58:12,037 [INFO] IPUIPlugin:80 - create IPUIPlugin
2023-10-28 17:58:12,037 [INFO] PluginManager:220 - loadIPPluginJar : add mdma
2023-10-28 17:58:12,052 [INFO] IPUIPlugin:80 - create IPUIPlugin
2023-10-28 17:58:12,052 [INFO] PluginManager:220 - loadIPPluginJar : add nvic
2023-10-28 17:58:12,096 [INFO] IPUIPlugin:80 - create IPUIPlugin
2023-10-28 17:58:12,096 [INFO] PluginManager:220 - loadIPPluginJar : add opamp
2023-10-28 17:58:12,173 [INFO] IPUIPlugin:80 - create IPUIPlugin
2023-10-28 17:58:12,173 [INFO] PluginManager:220 - loadIPPluginJar : add openamp
2023-10-28 17:58:12,255 [INFO] IPUIPlugin:80 - create IPUIPlugin
2023-10-28 17:58:12,255 [INFO] PluginManager:220 - loadIPPluginJar : add pdm2pcm
2023-10-28 17:58:12,277 [INFO] IPUIPlugin:80 - create IPUIPlugin
2023-10-28 17:58:12,283 [INFO] PluginManager:220 - loadIPPluginJar : add plateformsettings
2023-10-28 17:58:12,314 [INFO] IPUIPlugin:80 - create IPUIPlugin
2023-10-28 17:58:12,314 [INFO] PluginManager:220 - loadIPPluginJar : add quadspi
2023-10-28 17:58:12,333 [INFO] IPUIPlugin:80 - create IPUIPlugin
2023-10-28 17:58:12,334 [INFO] PluginManager:220 - loadIPPluginJar : add resmgrutility
2023-10-28 17:58:12,390 [INFO] ThirdPartyUpdaterWithRetryManager:70 - Updater plugin not ready yet. [2/15]
2023-10-28 17:58:12,397 [INFO] IPUIPlugin:80 - create IPUIPlugin
2023-10-28 17:58:12,397 [INFO] PluginManager:220 - loadIPPluginJar : add sai
2023-10-28 17:58:12,451 [INFO] IPUIPlugin:80 - create IPUIPlugin
2023-10-28 17:58:12,451 [INFO] PluginManager:220 - loadIPPluginJar : add spi
2023-10-28 17:58:12,524 [INFO] IPUIPlugin:80 - create IPUIPlugin
2023-10-28 17:58:12,525 [INFO] PluginManager:220 - loadIPPluginJar : add stm32_wpan
2023-10-28 17:58:12,552 [INFO] IPUIPlugin:80 - create IPUIPlugin
2023-10-28 17:58:12,552 [INFO] PluginManager:220 - loadIPPluginJar : add tim
2023-10-28 17:58:12,622 [INFO] IPUIPlugin:80 - create IPUIPlugin
2023-10-28 17:58:12,622 [INFO] PluginManager:220 - loadIPPluginJar : add touchsensing
2023-10-28 17:58:12,650 [INFO] IPUIPlugin:80 - create IPUIPlugin
2023-10-28 17:58:12,650 [INFO] PluginManager:220 - loadIPPluginJar : add tracer_emb
2023-10-28 17:58:12,678 [INFO] IPUIPlugin:80 - create IPUIPlugin
2023-10-28 17:58:12,678 [INFO] PluginManager:220 - loadIPPluginJar : add ts
2023-10-28 17:58:12,705 [INFO] IPUIPlugin:80 - create IPUIPlugin
2023-10-28 17:58:12,705 [INFO] PluginManager:220 - loadIPPluginJar : add tsc
2023-10-28 17:58:12,730 [INFO] IPUIPlugin:80 - create IPUIPlugin
2023-10-28 17:58:12,730 [INFO] PluginManager:220 - loadIPPluginJar : add ucpd
2023-10-28 17:58:12,789 [INFO] IPUIPlugin:80 - create IPUIPlugin
2023-10-28 17:58:12,789 [INFO] PluginManager:220 - loadIPPluginJar : add usart
2023-10-28 17:58:12,855 [INFO] IPUIPlugin:80 - create IPUIPlugin
2023-10-28 17:58:12,855 [INFO] PluginManager:220 - loadIPPluginJar : add usbx
2023-10-28 17:58:13,043 [INFO] CADModel:165 - CPN selected for project level
2023-10-28 17:58:13,044 [INFO] CADModel:114 - Register for checkConnection events
2023-10-28 17:58:13,045 [FATAL] Updater:308 - Updater called before beeing initialized
2023-10-28 17:58:13,045 [ERROR] CADModel:125 - Updater not yet initialized, retry later 
2023-10-28 17:58:13,387 [INFO] CADModel:165 - CPN selected for project level
2023-10-28 17:58:13,388 [INFO] CADModel:114 - Register for checkConnection events
2023-10-28 17:58:13,388 [FATAL] Updater:308 - Updater called before beeing initialized
2023-10-28 17:58:13,388 [ERROR] CADModel:125 - Updater not yet initialized, retry later 
2023-10-28 17:58:13,395 [FATAL] Updater:308 - Updater called before beeing initialized
2023-10-28 17:58:13,729 [FATAL] Updater:308 - Updater called before beeing initialized
2023-10-28 17:58:13,745 [INFO] DbMcusAds:53 - JSON generation date=Tue Mar 07 15:50:55 ICT 2023 (1678179055114)
2023-10-28 17:58:13,745 [FATAL] Updater:308 - Updater called before beeing initialized
2023-10-28 17:58:13,824 [WARN] DetailPanel:346 - Failed to get advertising image, set to default
2023-10-28 17:58:14,000 [FATAL] Updater:308 - Updater called before beeing initialized
2023-10-28 17:58:14,004 [FATAL] Updater:308 - Updater called before beeing initialized
2023-10-28 17:58:14,004 [FATAL] Updater:308 - Updater called before beeing initialized
2023-10-28 17:58:14,004 [WARN] DetailPanel:346 - Failed to get advertising image, set to default
2023-10-28 17:58:14,005 [FATAL] Updater:308 - Updater called before beeing initialized
2023-10-28 17:58:14,098 [ERROR] Updater:1120 - MainUpdater not yet initialized. External WinMGr cannot be set.
2023-10-28 17:58:14,110 [INFO] Updater:1056 - Updater Version found : 6.8.1
2023-10-28 17:58:14,135 [INFO] ApplicationProperties:184 - Using Application install path: C:\ST\STM32CubeIDE_1.12.1\STM32CubeIDE\plugins\com.st.stm32cube.common.mx_6.8.1.202304191431
2023-10-28 17:58:14,415 [INFO] MainUpdater:2854 - connection check result : 10
2023-10-28 17:58:14,416 [INFO] MainUpdater:283 - Updater Check For Update Now.
2023-10-28 17:58:14,417 [INFO] MicroXplorer:498 - Change Database Version : DB.6.0.81
2023-10-28 17:58:14,734 [INFO] CheckServerUpdateThread:120 - End of CheckServer Thread
2023-10-28 17:58:14,907 [INFO] MainUpdater:2854 - connection check result : 10
2023-10-28 17:58:15,880 [WARN] PackLoader:240 - Cannot read IP mode file for STMicroelectronics.X-CUBE-SMBUS.2.1.0
2023-10-28 17:58:16,025 [WARN] PackLoader:240 - Cannot read IP mode file for STMicroelectronics.X-CUBE-AZRTOS-F7.1.1.0
2023-10-28 17:58:16,093 [WARN] PackLoader:240 - Cannot read IP mode file for STMicroelectronics.FP-SNS-MOTENV1.4.3.2
2023-10-28 17:58:16,133 [ERROR] RealEvaluatedCondition:428 - Found unsupported composite condition: CLASS='Data Exchange' GROUP='STM32_MetaDataManager'
2023-10-28 17:58:16,133 [ERROR] RealEvaluatedCondition:428 - Found unsupported composite condition: GROUP='STM32_MetaDataManager' CLASS='Data Exchange'
2023-10-28 17:58:16,142 [WARN] PackLoader:240 - Cannot read IP mode file for STMicroelectronics.FP-SNS-MOTENV1.4.3.1
2023-10-28 17:58:16,182 [WARN] PackLoader:240 - Cannot read IP mode file for STMicroelectronics.FP-SNS-FLIGHT1.5.0.1
2023-10-28 17:58:16,220 [WARN] PackLoader:240 - Cannot read IP mode file for STMicroelectronics.X-CUBE-BLE1.6.2.4
2023-10-28 17:58:16,254 [WARN] PackLoader:240 - Cannot read IP mode file for STMicroelectronics.X-CUBE-DISPLAY.3.0.0
2023-10-28 17:58:16,295 [WARN] PackLoader:240 - Cannot read IP mode file for STMicroelectronics.X-CUBE-TOUCHGFX.4.22.0
2023-10-28 17:58:16,316 [WARN] PackLoader:240 - Cannot read IP mode file for STMicroelectronics.X-CUBE-TOUCHGFX.4.22.1
2023-10-28 17:58:16,345 [WARN] PackLoader:240 - Cannot read IP mode file for STMicroelectronics.FP-SNS-SMARTAG2.1.2.0
2023-10-28 17:58:16,441 [INFO] LogOutputStream:77 - [STDOUT_REDIRECT] 1 : Invalid condition id : UX_CORESTACK_Condition cause : null
2023-10-28 17:58:16,442 [INFO] LogOutputStream:77 - [STDOUT_REDIRECT] 1 : Invalid condition id : UX_CORESTACK_Condition cause : null
2023-10-28 17:58:16,447 [INFO] LogOutputStream:77 - [STDOUT_REDIRECT] 1 : Invalid condition id : UX_CORESTACK_Condition cause : null
2023-10-28 17:58:16,454 [INFO] LogOutputStream:77 - [STDOUT_REDIRECT] 1 : Invalid condition id : UX_CORESTACK_Condition cause : null
2023-10-28 17:58:16,457 [INFO] LogOutputStream:77 - [STDOUT_REDIRECT] 1 : Invalid condition id : UX_CORESTACK_Condition cause : null
2023-10-28 17:58:16,540 [WARN] PackLoader:240 - Cannot read IP mode file for STMicroelectronics.X-CUBE-AZRTOS-WL.2.0.0
2023-10-28 17:58:16,662 [WARN] PackLoader:240 - Cannot read IP mode file for WES.I-CUBE-Cesium.1.3.0
2023-10-28 17:58:16,777 [WARN] PackLoader:240 - Cannot read IP mode file for STMicroelectronics.X-CUBE-BLE2.3.3.0
2023-10-28 17:58:16,824 [WARN] PackLoader:240 - Cannot read IP mode file for STMicroelectronics.X-CUBE-TOUCHGFX.4.21.4
2023-10-28 17:58:16,858 [WARN] PackLoader:240 - Cannot read IP mode file for STMicroelectronics.X-CUBE-ALGOBUILD.1.3.0
2023-10-28 17:58:16,931 [INFO] ApiDb:581 - Connected to CubeFinder SQLite database (C:\Users\Admin\.stmcufinder\plugins\mcufinder\mcu\cube-finder-db.db)
2023-10-28 17:58:16,942 [WARN] PackLoader:240 - Cannot read IP mode file for STMicroelectronics.X-CUBE-AZRTOS-G0.1.1.0
2023-10-28 17:58:16,973 [WARN] PackLoader:240 - Cannot read IP mode file for STMicroelectronics.X-CUBE-NFC4.3.0.0
2023-10-28 17:58:17,001 [WARN] PackLoader:240 - Cannot read IP mode file for STMicroelectronics.FP-ATR-SIGFOX1.3.2.0
2023-10-28 17:58:17,171 [WARN] PackLoader:240 - Cannot read IP mode file for SEGGER.I-CUBE-embOS.1.3.1
2023-10-28 17:58:17,189 [INFO] ApiDb:668 - CubeFinder database Data Model version=2.1
2023-10-28 17:58:17,190 [INFO] ApiDb:669 - CubeFinder database Configuration version=3.0.37
2023-10-28 17:58:17,190 [INFO] ApiDb:670 - CubeFinder database generation date=2023-10-13 (1697197505)
2023-10-28 17:58:17,191 [INFO] ApiDb:671 - CubeFinder database FW Pack versions=[FP-ATR-ASTRA1_V2.0.0, FP-SNS-FLIGHT1_V5.0.1, FP-SNS-FLIGHT1_V5.0.2, FP-SNS-MOTENV1_V4.3.1, FP-SNS-MOTENV1_V4.3.2, FP-SNS-SMARTAG2_V1.2.0, I-CUBE-ITTIADB_V8.6.3-1, STM32Cube_FW_C0_V1.1.0, STM32Cube_FW_F4_V1.27.1, STM32Cube_FW_F7_V1.17.0, STM32Cube_FW_G0_V1.6.1, STM32Cube_FW_G4_V1.5.1, STM32Cube_FW_H5_V0.5.1, STM32Cube_FW_H5_V1.1.1, STM32Cube_FW_H7_V1.11.0, STM32Cube_FW_L0_V1.12.2, STM32Cube_FW_L5_V1.5.0, STM32Cube_FW_U5_V1.3.0, STM32Cube_FW_U5_V1.3.0RC4, STM32Cube_FW_WBA_V1.0.0RC1, STM32Cube_FW_WBA_V1.1.0RC1, STM32Cube_FW_WBA_V1.1.1, STM32Cube_FW_WB_V1.15.0RC1, STM32Cube_FW_WB_V1.16.0, STM32Cube_FW_WB_V1.16.0RC2, STM32Cube_FW_WB_V1.17.3, STM32Cube_FW_WL_V1.3.0, X-CUBE-ALGOBUILD_V1.3.0, X-CUBE-ALS_V1.0.1, X-CUBE-AZRTOS-F4_V1.1.0, X-CUBE-AZRTOS-F7_V1.1.0, X-CUBE-AZRTOS-G0_V1.1.0, X-CUBE-AZRTOS-G4_V2.0.0, X-CUBE-AZRTOS-H7_V3.1.0, X-CUBE-AZRTOS-L4_V1.0.0, X-CUBE-AZRTOS-L4_V2.0.0, X-CUBE-AZRTOS-L5_V1.1.0, X-CUBE-AZRTOS-WB_V2.0.0, X-CUBE-AZRTOS-WL_V2.0.0, X-CUBE-BLE1_V7.0.0, X-CUBE-BLE2_V3.3.0, X-CUBE-BLEMGR_V2.0.0, X-CUBE-EEPRMA1_V4.1.0, X-CUBE-FREERTOS_V1.1.0, X-CUBE-GNSS1_V6.0.0, X-CUBE-MEMS1_V10.0.0, X-CUBE-MEMS1_V9.1.0, X-CUBE-MEMS1_V9.4.0, X-CUBE-MEMS1_V9.6.0, X-CUBE-NFC4_V3.0.0, X-CUBE-NFC7_V1.0.1, X-CUBE-SFXS2LP1_V4.0.0, X-CUBE-SUBG2_V5.0.0, X-CUBE-TOF1_V3.3.1]
2023-10-28 17:58:17,296 [WARN] PackLoader:240 - Cannot read IP mode file for STMicroelectronics.X-CUBE-GNSS1.6.0.0
2023-10-28 17:58:17,359 [WARN] PackLoader:240 - Cannot read IP mode file for STMicroelectronics.X-CUBE-AZRTOS-F4.1.1.0
2023-10-28 17:58:17,392 [WARN] PackLoader:240 - Cannot read IP mode file for wolfSSL.I-CUBE-wolfSSL.5.6.0
2023-10-28 17:58:17,475 [WARN] PackLoader:240 - Cannot read IP mode file for STMicroelectronics.X-CUBE-AZRTOS-L5.2.0.0
2023-10-28 17:58:17,506 [INFO] DbBoardsSqlite:226 - include board P-NUCLEO-WB55-NUCLEO as a kit item of type 'Nucleo-64'
2023-10-28 17:58:17,506 [INFO] DbBoardsSqlite:226 - include board P-NUCLEO-WB55-USBDONGLE as a kit item of type 'Nucleo USB Dongle'
2023-10-28 17:58:17,509 [INFO] DbBoardsSqlite:226 - include board STEVAL-IDP005V1 as a kit item of type 'Evaluation Board'
2023-10-28 17:58:17,510 [INFO] DbBoardsSqlite:226 - include board STEVAL-IDP005V2 as a kit item of type 'Evaluation Board'
2023-10-28 17:58:17,628 [WARN] PackLoader:240 - Cannot read IP mode file for STMicroelectronics.X-CUBE-MEMS1.9.6.0
2023-10-28 17:58:18,016 [WARN] PackLoader:240 - Cannot read IP mode file for STMicroelectronics.X-CUBE-EEPRMA1.4.2.0
2023-10-28 17:58:18,041 [WARN] PackLoader:240 - Cannot read IP mode file for ITTIA_DB.I-CUBE-ITTIADB.8.8.0
2023-10-28 17:58:18,068 [WARN] PackLoader:240 - Cannot read IP mode file for emotas.I-CUBE-CANOPEN.1.1.3
2023-10-28 17:58:18,101 [WARN] PackLoader:240 - Cannot read IP mode file for STMicroelectronics.X-CUBE-BLEMGR.2.0.0
2023-10-28 17:58:18,164 [WARN] ConditionMgr:438 - getConditionDescription Invalid condition id : UX DEVICE CLASS RTOS Condition cause : null
2023-10-28 17:58:18,164 [WARN] ConditionMgr:438 - getConditionDescription Invalid condition id : UX DEVICE CLASS RTOS Condition cause : null
2023-10-28 17:58:18,173 [WARN] PackLoader:240 - Cannot read IP mode file for STMicroelectronics.X-CUBE-AZRTOS-H7.3.1.0
2023-10-28 17:58:18,175 [WARN] ConditionMgr:1039 - genDependencies : Invalid condition id : UX DEVICE CLASS RTOS Condition cause : null
2023-10-28 17:58:18,175 [WARN] ConditionMgr:1039 - genDependencies : Invalid condition id : UX DEVICE CLASS RTOS Condition cause : null
2023-10-28 17:58:18,177 [WARN] ConditionMgr:1039 - genDependencies : Invalid condition id : UX DEVICE CLASS RTOS Condition cause : null
2023-10-28 17:58:18,178 [WARN] ConditionMgr:1039 - genDependencies : Invalid condition id : UX DEVICE CLASS RTOS Condition cause : null
2023-10-28 17:58:18,178 [WARN] ConditionMgr:1039 - genDependencies : Invalid condition id : UX DEVICE CLASS RTOS Condition cause : null
2023-10-28 17:58:18,208 [WARN] PackLoader:240 - Cannot read IP mode file for STMicroelectronics.X-CUBE-NFC7.1.0.1
2023-10-28 17:58:18,248 [WARN] PackLoader:240 - Cannot read IP mode file for STMicroelectronics.X-CUBE-NFC6.3.0.0
2023-10-28 17:58:18,275 [WARN] PackLoader:240 - Cannot read IP mode file for STMicroelectronics.X-CUBE-EEPRMA1.4.1.0
2023-10-28 17:58:18,335 [WARN] ConditionMgr:438 - getConditionDescription Invalid condition id : LAN8742 Phy interface Condition cause : null
2023-10-28 17:58:18,337 [WARN] PackLoader:240 - Cannot read IP mode file for STMicroelectronics.X-CUBE-AZRTOS-L4.2.0.0
2023-10-28 17:58:18,339 [WARN] ConditionMgr:1039 - genDependencies : Invalid condition id : LAN8742 Phy interface Condition cause : null
2023-10-28 17:58:18,339 [WARN] ConditionMgr:1039 - genDependencies : Invalid condition id : LAN8742 Phy interface Condition cause : null
2023-10-28 17:58:18,341 [WARN] ConditionMgr:1039 - genDependencies : Invalid condition id : LAN8742 Phy interface Condition cause : null
2023-10-28 17:58:18,342 [INFO] ApiDb:240 - Found 297 in-development CPN: [B-G473E-ZEST1S, B-WB1M-WPAN1, B-WL5M-SUBG1, NUCLEO-C031C6, NUCLEO-H503RB, NUCLEO-H563ZI, NUCLEO-U545RE-Q, NUCLEO-U5A5ZJ-Q, NUCLEO-WBA52CG, STEVAL-PROTEUS1, STEVAL-STWINBX1, STM320518-EVAL, STM32C0116-DK, STM32C011D6Y3TR, STM32C011D6Y6TR, STM32C011F4P3, STM32C011F4P6, STM32C011F4U3, STM32C011F4U6TR, STM32C011F6P3, STM32C011F6P6, STM32C011F6U3, STM32C011F6U6TR, STM32C011J4M3, STM32C011J4M6, STM32C011J6M3, STM32C011J6M6, STM32C0316-DK, STM32C031C4T3, STM32C031C4T6, STM32C031C4U3, STM32C031C4U6, STM32C031C6T3, STM32C031C6T6, STM32C031C6U3, STM32C031C6U6, STM32C031F4P3, STM32C031F4P6, STM32C031F6P3, STM32C031F6P6, STM32C031G4U3, STM32C031G4U6, STM32C031G6U3, STM32C031G6U6, STM32C031K4T3, STM32C031K4T6, STM32C031K4U3, STM32C031K4U6, STM32C031K6T3, STM32C031K6T6, STM32C031K6U3, STM32C031K6U6, STM32G071K8TXN, STM32G071K8UXN, STM32G081GBU6N, STM32G081KBT6N, STM32G081KBUXN, STM32G0B1CCT6N, STM32G0B1KCT6, STM32G0B1NEY6TR, STM32G0B1RCT6N, STM32G0C1CCT6, STM32G0C1CCT6N, STM32G0C1CCU6N, STM32G0C1CET6N, STM32G0C1CEU6N, STM32G0C1KCT6, STM32G0C1NEY6TR, STM32G0C1RCI6N, STM32G0C1RCT6N, STM32G0C1REI6N, STM32G0C1RET6N, STM32G0C1VCI6, STM32G0C1VEI6, STM32G471CCT6, STM32G471CCU6, STM32G471CET3, STM32G471CET6, STM32G471CEU3, STM32G471CEU6, STM32G471MCT6, STM32G471MET3, STM32G471MET6, STM32G471MEY6TR, STM32G471QCT6, STM32G471QET3, STM32G471RCT6, STM32G471RET3, STM32G471RET6, STM32G471VCH6, STM32G471VCI6, STM32G471VCT6, STM32G471VEH3, STM32G471VEH6, STM32G471VEI3, STM32G471VEI6, STM32G471VET3, STM32G471VET6, STM32G474CCT6, STM32H503CBT6, STM32H503CBU6, STM32H503EBY6TR, STM32H503KBU6, STM32H503RBT6, STM32H562AGI6, STM32H562AII6, STM32H562IGK6, STM32H562IGT6, STM32H562IIK6, STM32H562IIT6, STM32H562RGT6, STM32H562RGV6, STM32H562RIT6, STM32H562RIV6, STM32H562VGT6, STM32H562VIT6, STM32H562ZGT6, STM32H562ZIT6, STM32H563AGI6, STM32H563AII3Q, STM32H563AII6, STM32H563IGK6, STM32H563IGT6, STM32H563IIK3Q, STM32H563IIK6, STM32H563IIT3Q, STM32H563IIT6, STM32H563MIY3QTR, STM32H563RGT6, STM32H563RGV6, STM32H563RIT6, STM32H563RIV6, STM32H563VGT6, STM32H563VIT3Q, STM32H563VIT6, STM32H563ZGT6, STM32H563ZIT3Q, STM32H563ZIT6, STM32H573AII3Q, STM32H573AII6, STM32H573I-DK, STM32H573IIK3Q, STM32H573IIK6, STM32H573IIT3Q, STM32H573IIT6, STM32H573MIY3QTR, STM32H573RIT6, STM32H573RIV6, STM32H573VIT3Q, STM32H573VIT6, STM32H573ZIT3Q, STM32H573ZIT6, STM32L4R5QGI6STR, STM32MP131AAE3, STM32MP131AAF3, STM32MP131AAG3, STM32MP131CAE3, STM32MP131CAF3, STM32MP131CAG3, STM32MP131DAE7, STM32MP131DAF7, STM32MP131DAG7, STM32MP131FAE7, STM32MP131FAF7, STM32MP131FAG7, STM32MP133AAE3, STM32MP133AAF3, STM32MP133AAG3, STM32MP133CAE3, STM32MP133CAF3, STM32MP133CAG3, STM32MP133DAE7, STM32MP133DAF7, STM32MP133DAG7, STM32MP133FAE7, STM32MP133FAF7, STM32MP133FAG7, STM32MP135AAE3, STM32MP135AAF3, STM32MP135AAG3, STM32MP135CAE3, STM32MP135CAF3, STM32MP135CAG3, STM32MP135DAE7, STM32MP135DAF7, STM32MP135DAG7, STM32MP135F-DK, STM32MP135FAE7, STM32MP135FAF7, STM32MP135FAF7T, STM32MP135FAF7U, STM32MP135FAG7, STM32U535CBT6, STM32U535CBT6Q, STM32U535CBU6, STM32U535CBU6Q, STM32U535CCT6, STM32U535CCT6Q, STM32U535CCU6, STM32U535CCU6Q, STM32U535CET6, STM32U535CET6Q, STM32U535CEU6, STM32U535CEU6Q, STM32U535JEY6QTR, STM32U535NCY6QTR, STM32U535NEY6QTR, STM32U535RBI6, STM32U535RBI6Q, STM32U535RBT6, STM32U535RBT6Q, STM32U535RCI6, STM32U535RCI6Q, STM32U535RCT6, STM32U535RCT6Q, STM32U535REI6, STM32U535REI6Q, STM32U535RET6, STM32U535RET6Q, STM32U535VCI6, STM32U535VCI6Q, STM32U535VCT6, STM32U535VCT6Q, STM32U535VEI6, STM32U535VEI6Q, STM32U535VET6, STM32U535VET6Q, STM32U545CET6, STM32U545CET6Q, STM32U545CEU6, STM32U545CEU6Q, STM32U545JEY6QTR, STM32U545NEY6QTR, STM32U545REI6, STM32U545REI6Q, STM32U545RET6, STM32U545RET6Q, STM32U545VEI6, STM32U545VEI6Q, STM32U545VET6, STM32U545VET6Q, STM32U595AIH6, STM32U595AIH6Q, STM32U595AJH6, STM32U595AJH6Q, STM32U595QII6, STM32U595QII6Q, STM32U595QJI6, STM32U595QJI6Q, STM32U595RIT6, STM32U595RIT6Q, STM32U595RJT6, STM32U595RJT6Q, STM32U595VIT6, STM32U595VIT6Q, STM32U595VJT6, STM32U595VJT6Q, STM32U595ZIT6, STM32U595ZIT6Q, STM32U595ZIY6QTR, STM32U595ZJT6, STM32U595ZJT6Q, STM32U595ZJY6QTR, STM32U599BJY6QTR, STM32U599NIH6Q, STM32U599NJH6Q, STM32U599VIT6Q, STM32U599VJT6, STM32U599VJT6Q, STM32U599ZIT6Q, STM32U599ZIY6QTR, STM32U599ZJT6Q, STM32U599ZJY6QTR, STM32U5A5AJH6, STM32U5A5AJH6Q, STM32U5A5QJI6, STM32U5A5QJI6Q, STM32U5A5RJT6, STM32U5A5RJT6Q, STM32U5A5VJT6, STM32U5A5VJT6Q, STM32U5A5ZJT6, STM32U5A5ZJT6Q, STM32U5A5ZJY6QTR, STM32U5A9BJY6QTR, STM32U5A9J-DK, STM32U5A9NJH6Q, STM32U5A9VJT6Q, STM32U5A9ZJT6Q, STM32U5A9ZJY6QTR, STM32WB1MMCH6, STM32WBA52CEU6, STM32WBA52CEU6T, STM32WBA52CGU6, STM32WBA52CGU6T, STM32WL5MOCH6, STM32WL5MOCH6TR]
2023-10-28 17:58:18,357 [INFO] ApiDb:668 - CubeFinder database Data Model version=2.1
2023-10-28 17:58:18,357 [INFO] ApiDb:669 - CubeFinder database Configuration version=3.0.37
2023-10-28 17:58:18,358 [INFO] ApiDb:670 - CubeFinder database generation date=2023-10-13 (1697197505)
2023-10-28 17:58:18,358 [INFO] ApiDb:671 - CubeFinder database FW Pack versions=[FP-ATR-ASTRA1_V2.0.0, FP-SNS-FLIGHT1_V5.0.1, FP-SNS-FLIGHT1_V5.0.2, FP-SNS-MOTENV1_V4.3.1, FP-SNS-MOTENV1_V4.3.2, FP-SNS-SMARTAG2_V1.2.0, I-CUBE-ITTIADB_V8.6.3-1, STM32Cube_FW_C0_V1.1.0, STM32Cube_FW_F4_V1.27.1, STM32Cube_FW_F7_V1.17.0, STM32Cube_FW_G0_V1.6.1, STM32Cube_FW_G4_V1.5.1, STM32Cube_FW_H5_V0.5.1, STM32Cube_FW_H5_V1.1.1, STM32Cube_FW_H7_V1.11.0, STM32Cube_FW_L0_V1.12.2, STM32Cube_FW_L5_V1.5.0, STM32Cube_FW_U5_V1.3.0, STM32Cube_FW_U5_V1.3.0RC4, STM32Cube_FW_WBA_V1.0.0RC1, STM32Cube_FW_WBA_V1.1.0RC1, STM32Cube_FW_WBA_V1.1.1, STM32Cube_FW_WB_V1.15.0RC1, STM32Cube_FW_WB_V1.16.0, STM32Cube_FW_WB_V1.16.0RC2, STM32Cube_FW_WB_V1.17.3, STM32Cube_FW_WL_V1.3.0, X-CUBE-ALGOBUILD_V1.3.0, X-CUBE-ALS_V1.0.1, X-CUBE-AZRTOS-F4_V1.1.0, X-CUBE-AZRTOS-F7_V1.1.0, X-CUBE-AZRTOS-G0_V1.1.0, X-CUBE-AZRTOS-G4_V2.0.0, X-CUBE-AZRTOS-H7_V3.1.0, X-CUBE-AZRTOS-L4_V1.0.0, X-CUBE-AZRTOS-L4_V2.0.0, X-CUBE-AZRTOS-L5_V1.1.0, X-CUBE-AZRTOS-WB_V2.0.0, X-CUBE-AZRTOS-WL_V2.0.0, X-CUBE-BLE1_V7.0.0, X-CUBE-BLE2_V3.3.0, X-CUBE-BLEMGR_V2.0.0, X-CUBE-EEPRMA1_V4.1.0, X-CUBE-FREERTOS_V1.1.0, X-CUBE-GNSS1_V6.0.0, X-CUBE-MEMS1_V10.0.0, X-CUBE-MEMS1_V9.1.0, X-CUBE-MEMS1_V9.4.0, X-CUBE-MEMS1_V9.6.0, X-CUBE-NFC4_V3.0.0, X-CUBE-NFC7_V1.0.1, X-CUBE-SFXS2LP1_V4.0.0, X-CUBE-SUBG2_V5.0.0, X-CUBE-TOF1_V3.3.1]
2023-10-28 17:58:18,437 [WARN] PackLoader:240 - Cannot read IP mode file for STMicroelectronics.X-CUBE-SFXS2LP1.4.0.0
2023-10-28 17:58:18,466 [WARN] PackLoader:240 - Cannot read IP mode file for STMicroelectronics.X-CUBE-ISPU.1.1.0
2023-10-28 17:58:18,514 [WARN] ConditionMgr:438 - getConditionDescription Invalid condition id : UX DEVICE CLASS RTOS Condition cause : null
2023-10-28 17:58:18,514 [WARN] ConditionMgr:438 - getConditionDescription Invalid condition id : UX DEVICE CLASS RTOS Condition cause : null
2023-10-28 17:58:18,519 [WARN] PackLoader:240 - Cannot read IP mode file for STMicroelectronics.X-CUBE-AZRTOS-WB.2.0.0
2023-10-28 17:58:18,521 [WARN] ConditionMgr:1039 - genDependencies : Invalid condition id : UX DEVICE CLASS RTOS Condition cause : null
2023-10-28 17:58:18,521 [WARN] ConditionMgr:1039 - genDependencies : Invalid condition id : UX DEVICE CLASS RTOS Condition cause : null
2023-10-28 17:58:18,522 [WARN] ConditionMgr:1039 - genDependencies : Invalid condition id : UX DEVICE CLASS RTOS Condition cause : null
2023-10-28 17:58:18,527 [WARN] ConditionMgr:1039 - genDependencies : Invalid condition id : UX DEVICE CLASS RTOS Condition cause : null
2023-10-28 17:58:18,527 [WARN] ConditionMgr:1039 - genDependencies : Invalid condition id : UX DEVICE CLASS RTOS Condition cause : null
2023-10-28 17:58:18,551 [WARN] PackLoader:240 - Cannot read IP mode file for STMicroelectronics.X-CUBE-FREERTOS.1.0.1
2023-10-28 17:58:18,598 [WARN] PackLoader:240 - Cannot read IP mode file for STMicroelectronics.X-CUBE-AZRTOS-L5.1.1.0
2023-10-28 17:58:18,624 [WARN] PackLoader:240 - Cannot read IP mode file for STMicroelectronics.X-CUBE-AI.8.0.1
2023-10-28 17:58:18,661 [WARN] PackLoader:240 - Cannot read IP mode file for STMicroelectronics.X-CUBE-SUBG2.5.0.0
2023-10-28 17:58:18,716 [WARN] PackLoader:240 - Cannot read IP mode file for STMicroelectronics.X-CUBE-TOF1.3.3.1
2023-10-28 17:58:18,775 [WARN] PackLoader:240 - Cannot read IP mode file for STMicroelectronics.X-CUBE-AZRTOS-G4.2.0.0
2023-10-28 17:58:18,816 [WARN] PackLoader:240 - Cannot read IP mode file for STMicroelectronics.X-CUBE-TOF1.3.3.0
2023-10-28 17:58:18,872 [WARN] PackLoader:240 - Cannot read IP mode file for Infineon.AIROC-Wi-Fi-Bluetooth-STM32.1.5.1
2023-10-28 17:58:18,995 [WARN] PackLoader:240 - Cannot read IP mode file for STMicroelectronics.X-CUBE-MEMS1.10.0.0
2023-10-28 17:58:19,231 [WARN] PackLoader:240 - Cannot read IP mode file for STMicroelectronics.X-CUBE-FREERTOS.1.1.0
2023-10-28 17:58:19,255 [WARN] PackLoader:240 - Cannot read IP mode file for portGmbH.I-Cube-SoM-uGOAL.1.1.0
2023-10-28 17:58:19,283 [WARN] PackLoader:240 - Cannot read IP mode file for STMicroelectronics.X-CUBE-ALS.1.0.1
2023-10-28 17:58:19,324 [WARN] PackLoader:240 - Cannot read IP mode file for STMicroelectronics.X-CUBE-AZRTOS-WB.1.1.0
2023-10-28 17:58:19,352 [WARN] PackLoader:240 - Cannot read IP mode file for STMicroelectronics.FP-ATR-ASTRA1.2.0.0
2023-10-28 17:58:19,353 [INFO] ThirdParty:978 - Integrity check success = true
2023-10-28 17:58:19,353 [INFO] IntegrityCheckThread:100 - exiting critical section [integrity check]
2023-10-28 17:58:19,353 [INFO] IntegrityCheckThread:103 - End integrity checks thread
2023-10-28 17:58:21,756 [INFO] ApiDb:240 - Found 297 in-development CPN: [B-G473E-ZEST1S, B-WB1M-WPAN1, B-WL5M-SUBG1, NUCLEO-C031C6, NUCLEO-H503RB, NUCLEO-H563ZI, NUCLEO-U545RE-Q, NUCLEO-U5A5ZJ-Q, NUCLEO-WBA52CG, STEVAL-PROTEUS1, STEVAL-STWINBX1, STM320518-EVAL, STM32C0116-DK, STM32C011D6Y3TR, STM32C011D6Y6TR, STM32C011F4P3, STM32C011F4P6, STM32C011F4U3, STM32C011F4U6TR, STM32C011F6P3, STM32C011F6P6, STM32C011F6U3, STM32C011F6U6TR, STM32C011J4M3, STM32C011J4M6, STM32C011J6M3, STM32C011J6M6, STM32C0316-DK, STM32C031C4T3, STM32C031C4T6, STM32C031C4U3, STM32C031C4U6, STM32C031C6T3, STM32C031C6T6, STM32C031C6U3, STM32C031C6U6, STM32C031F4P3, STM32C031F4P6, STM32C031F6P3, STM32C031F6P6, STM32C031G4U3, STM32C031G4U6, STM32C031G6U3, STM32C031G6U6, STM32C031K4T3, STM32C031K4T6, STM32C031K4U3, STM32C031K4U6, STM32C031K6T3, STM32C031K6T6, STM32C031K6U3, STM32C031K6U6, STM32G071K8TXN, STM32G071K8UXN, STM32G081GBU6N, STM32G081KBT6N, STM32G081KBUXN, STM32G0B1CCT6N, STM32G0B1KCT6, STM32G0B1NEY6TR, STM32G0B1RCT6N, STM32G0C1CCT6, STM32G0C1CCT6N, STM32G0C1CCU6N, STM32G0C1CET6N, STM32G0C1CEU6N, STM32G0C1KCT6, STM32G0C1NEY6TR, STM32G0C1RCI6N, STM32G0C1RCT6N, STM32G0C1REI6N, STM32G0C1RET6N, STM32G0C1VCI6, STM32G0C1VEI6, STM32G471CCT6, STM32G471CCU6, STM32G471CET3, STM32G471CET6, STM32G471CEU3, STM32G471CEU6, STM32G471MCT6, STM32G471MET3, STM32G471MET6, STM32G471MEY6TR, STM32G471QCT6, STM32G471QET3, STM32G471RCT6, STM32G471RET3, STM32G471RET6, STM32G471VCH6, STM32G471VCI6, STM32G471VCT6, STM32G471VEH3, STM32G471VEH6, STM32G471VEI3, STM32G471VEI6, STM32G471VET3, STM32G471VET6, STM32G474CCT6, STM32H503CBT6, STM32H503CBU6, STM32H503EBY6TR, STM32H503KBU6, STM32H503RBT6, STM32H562AGI6, STM32H562AII6, STM32H562IGK6, STM32H562IGT6, STM32H562IIK6, STM32H562IIT6, STM32H562RGT6, STM32H562RGV6, STM32H562RIT6, STM32H562RIV6, STM32H562VGT6, STM32H562VIT6, STM32H562ZGT6, STM32H562ZIT6, STM32H563AGI6, STM32H563AII3Q, STM32H563AII6, STM32H563IGK6, STM32H563IGT6, STM32H563IIK3Q, STM32H563IIK6, STM32H563IIT3Q, STM32H563IIT6, STM32H563MIY3QTR, STM32H563RGT6, STM32H563RGV6, STM32H563RIT6, STM32H563RIV6, STM32H563VGT6, STM32H563VIT3Q, STM32H563VIT6, STM32H563ZGT6, STM32H563ZIT3Q, STM32H563ZIT6, STM32H573AII3Q, STM32H573AII6, STM32H573I-DK, STM32H573IIK3Q, STM32H573IIK6, STM32H573IIT3Q, STM32H573IIT6, STM32H573MIY3QTR, STM32H573RIT6, STM32H573RIV6, STM32H573VIT3Q, STM32H573VIT6, STM32H573ZIT3Q, STM32H573ZIT6, STM32L4R5QGI6STR, STM32MP131AAE3, STM32MP131AAF3, STM32MP131AAG3, STM32MP131CAE3, STM32MP131CAF3, STM32MP131CAG3, STM32MP131DAE7, STM32MP131DAF7, STM32MP131DAG7, STM32MP131FAE7, STM32MP131FAF7, STM32MP131FAG7, STM32MP133AAE3, STM32MP133AAF3, STM32MP133AAG3, STM32MP133CAE3, STM32MP133CAF3, STM32MP133CAG3, STM32MP133DAE7, STM32MP133DAF7, STM32MP133DAG7, STM32MP133FAE7, STM32MP133FAF7, STM32MP133FAG7, STM32MP135AAE3, STM32MP135AAF3, STM32MP135AAG3, STM32MP135CAE3, STM32MP135CAF3, STM32MP135CAG3, STM32MP135DAE7, STM32MP135DAF7, STM32MP135DAG7, STM32MP135F-DK, STM32MP135FAE7, STM32MP135FAF7, STM32MP135FAF7T, STM32MP135FAF7U, STM32MP135FAG7, STM32U535CBT6, STM32U535CBT6Q, STM32U535CBU6, STM32U535CBU6Q, STM32U535CCT6, STM32U535CCT6Q, STM32U535CCU6, STM32U535CCU6Q, STM32U535CET6, STM32U535CET6Q, STM32U535CEU6, STM32U535CEU6Q, STM32U535JEY6QTR, STM32U535NCY6QTR, STM32U535NEY6QTR, STM32U535RBI6, STM32U535RBI6Q, STM32U535RBT6, STM32U535RBT6Q, STM32U535RCI6, STM32U535RCI6Q, STM32U535RCT6, STM32U535RCT6Q, STM32U535REI6, STM32U535REI6Q, STM32U535RET6, STM32U535RET6Q, STM32U535VCI6, STM32U535VCI6Q, STM32U535VCT6, STM32U535VCT6Q, STM32U535VEI6, STM32U535VEI6Q, STM32U535VET6, STM32U535VET6Q, STM32U545CET6, STM32U545CET6Q, STM32U545CEU6, STM32U545CEU6Q, STM32U545JEY6QTR, STM32U545NEY6QTR, STM32U545REI6, STM32U545REI6Q, STM32U545RET6, STM32U545RET6Q, STM32U545VEI6, STM32U545VEI6Q, STM32U545VET6, STM32U545VET6Q, STM32U595AIH6, STM32U595AIH6Q, STM32U595AJH6, STM32U595AJH6Q, STM32U595QII6, STM32U595QII6Q, STM32U595QJI6, STM32U595QJI6Q, STM32U595RIT6, STM32U595RIT6Q, STM32U595RJT6, STM32U595RJT6Q, STM32U595VIT6, STM32U595VIT6Q, STM32U595VJT6, STM32U595VJT6Q, STM32U595ZIT6, STM32U595ZIT6Q, STM32U595ZIY6QTR, STM32U595ZJT6, STM32U595ZJT6Q, STM32U595ZJY6QTR, STM32U599BJY6QTR, STM32U599NIH6Q, STM32U599NJH6Q, STM32U599VIT6Q, STM32U599VJT6, STM32U599VJT6Q, STM32U599ZIT6Q, STM32U599ZIY6QTR, STM32U599ZJT6Q, STM32U599ZJY6QTR, STM32U5A5AJH6, STM32U5A5AJH6Q, STM32U5A5QJI6, STM32U5A5QJI6Q, STM32U5A5RJT6, STM32U5A5RJT6Q, STM32U5A5VJT6, STM32U5A5VJT6Q, STM32U5A5ZJT6, STM32U5A5ZJT6Q, STM32U5A5ZJY6QTR, STM32U5A9BJY6QTR, STM32U5A9J-DK, STM32U5A9NJH6Q, STM32U5A9VJT6Q, STM32U5A9ZJT6Q, STM32U5A9ZJY6QTR, STM32WB1MMCH6, STM32WBA52CEU6, STM32WBA52CEU6T, STM32WBA52CGU6, STM32WBA52CGU6T, STM32WL5MOCH6, STM32WL5MOCH6TR]
2023-10-28 17:58:21,763 [INFO] DbMcus:216 - Found 3825 MCUs, 3825 are supported
2023-10-28 17:58:21,768 [INFO] ApiDb:423 - Load user favorites file C:\Users\Admin/.stm32cubeide/favorites.mcus.txt: 0 item(s)
2023-10-28 17:58:21,768 [INFO] ApiDb:427 - User favorites MCUs=[]
2023-10-28 17:58:21,769 [INFO] DbMcus:222 - Set 0 / 0 favorites MCUs
2023-10-28 17:58:22,411 [INFO] BoardInfo:880 - No configuration file found for board P-NUCLEO-WB55
2023-10-28 17:58:22,411 [INFO] DbBoards:157 - Kit is not supported: P-NUCLEO-WB55
2023-10-28 17:58:22,419 [INFO] BoardInfo:880 - No configuration file found for board STEVAL-BFA001V1B
2023-10-28 17:58:22,419 [INFO] DbBoards:157 - Kit is not supported: STEVAL-BFA001V1B
2023-10-28 17:58:22,421 [INFO] BoardInfo:880 - No configuration file found for board STEVAL-BFA001V2B
2023-10-28 17:58:22,421 [INFO] DbBoards:157 - Kit is not supported: STEVAL-BFA001V2B
2023-10-28 17:58:22,431 [INFO] BoardInfo:880 - No configuration file found for board STEVAL-SMARTAG2
2023-10-28 17:58:22,431 [INFO] DbBoards:157 - Board is not supported: STEVAL-SMARTAG2
2023-10-28 17:58:22,625 [INFO] DbBoards:161 - Found 188 boards, 184 are supported
2023-10-28 17:58:22,631 [INFO] ApiDb:423 - Load user favorites file C:\Users\Admin/.stm32cubeide/favorites.boards.txt: 0 item(s)
2023-10-28 17:58:22,631 [INFO] ApiDb:427 - User favorites Boards=[]
2023-10-28 17:58:22,632 [INFO] DbBoards:190 - Set 0 / 0 favorites Boards
2023-10-28 17:58:22,632 [INFO] McuFinderGlobals:66 - Set McuFinderConnectedMode to true
2023-10-28 17:58:22,648 [INFO] MultiScanPanel:200 - Auto-refresh data requested => check proxy status ongoing
2023-10-28 17:58:22,653 [INFO] FinderPluginLoader:95 - Searching for filters in installed packs
2023-10-28 17:58:26,607 [INFO] LoadUrlFilesThread:185 - End of LoadServerUrlFiles without Thread
2023-10-28 17:58:26,678 [INFO] DetailPanel:341 - Set advertising image to C:/Users/Admin/STM32Cube/Repository/\en.prom-stm32h5-mcu-finder.jpg
2023-10-28 17:58:26,981 [ERROR] LogOutputStream:75 - [STDERR_REDIRECT] SLF4J: Failed to load class "org.slf4j.impl.StaticLoggerBinder".
2023-10-28 17:58:26,983 [ERROR] LogOutputStream:75 - [STDERR_REDIRECT] SLF4J: Defaulting to no-operation (NOP) logger implementation
2023-10-28 17:58:26,987 [ERROR] LogOutputStream:75 - [STDERR_REDIRECT] SLF4J: See http://www.slf4j.org/codes.html#StaticLoggerBinder for further details.
2023-10-28 17:59:08,492 [INFO] MainUpdater:2854 - connection check result : 10
2023-10-28 17:59:08,492 [INFO] MainUpdater:2854 - connection check result : 10
2023-10-28 17:59:08,600 [INFO] MicroXplorer:468 - Change Database Path : 
2023-10-28 17:59:08,601 [INFO] MicroXplorer:498 - Change Database Version : DB.6.0.81
2023-10-28 17:59:08,623 [WARN] ThirdParty:871 - waiting for thirdparty lock release [close project]
2023-10-28 17:59:08,623 [INFO] ThirdParty:873 - entering critical section [close project]
2023-10-28 17:59:08,626 [INFO] ThirdParty:883 - exiting critical section [close project]
2023-10-28 17:59:08,648 [INFO] PinOutPanel:1499 - setPackage(No Configuration,No Configuration)
2023-10-28 17:59:08,682 [INFO] UtilMem:75 - Begin LoadConfig() Used Memory: 353233624 Bytes (415236096)
2023-10-28 17:59:08,684 [INFO] MicroXplorer:468 - Change Database Path : 
2023-10-28 17:59:08,684 [INFO] MicroXplorer:498 - Change Database Version : DB.6.0.81
2023-10-28 17:59:08,684 [INFO] OpenFileManager:308 - Change cursor
2023-10-28 17:59:09,101 [INFO] Mcu:1937 - Initializing MCU STM32F407VGTx STM32F407VGTx 
2023-10-28 17:59:09,103 [INFO] Mcu:1950 - No CPN specified => set CPN to STM32F407VGT6
2023-10-28 17:59:15,286 [INFO] Context:659 - Trying to add GPIOservice into a context  which must be forbidden
2023-10-28 17:59:16,477 [INFO] ImportTextPane:194 - (OptionalMessage_ERROR) Unable to find key (Mcu.ThirdPartyNb) in loaded IOC file
2023-10-28 17:59:16,477 [INFO] ImportTextPane:194 - (OptionalMessage_ERROR) Unable to find key (Mcu.PinsNb) in loaded IOC file
2023-10-28 17:59:16,477 [INFO] ImportTextPane:194 - (OptionalMessage_ERROR) Unable to find key (Mcu.IPNb) in loaded IOC file
2023-10-28 17:59:17,365 [INFO] RtosManager:555 - Registered RTOS mode: class=CMSIS, group=RTOS, mode=CMSIS_V1, owner=FREERTOS
2023-10-28 17:59:17,365 [INFO] RtosManager:555 - Registered RTOS mode: class=CMSIS, group=RTOS2, mode=CMSIS_V2, owner=FREERTOS
2023-10-28 17:59:17,366 [INFO] RtosManager:555 - Registered RTOS mode: class=RTOS, group=Core, mode=CMSIS_V1, owner=FREERTOS
2023-10-28 17:59:17,366 [INFO] RtosManager:555 - Registered RTOS mode: class=RTOS, group=Core, mode=CMSIS_V2, owner=FREERTOS
2023-10-28 17:59:17,366 [WARN] ModelIntegratedComponent:184 - Missing modes for component STMicroelectronics:FreeRTOS:0.0.1:STMicroelectronics:RTOS:FreeRTOS:Core:::10.2.0:
2023-10-28 17:59:17,458 [WARN] ModelIntegratedComponent:63 - No mode defined for component null
2023-10-28 17:59:17,458 [WARN] ModelIntegratedComponent:63 - No mode defined for component null
2023-10-28 17:59:17,458 [WARN] ModelIntegratedComponent:63 - No mode defined for component null
2023-10-28 17:59:17,458 [WARN] ModelIntegratedComponent:63 - No mode defined for component null
2023-10-28 17:59:17,459 [WARN] ModelIntegratedComponent:63 - No mode defined for component null
2023-10-28 17:59:17,459 [WARN] ModelIntegratedComponent:63 - No mode defined for component null
2023-10-28 17:59:17,459 [WARN] ModelIntegratedComponent:63 - No mode defined for component null
2023-10-28 17:59:17,459 [WARN] ModelIntegratedComponent:63 - No mode defined for component null
2023-10-28 17:59:17,459 [WARN] ModelIntegratedComponent:63 - No mode defined for component null
2023-10-28 17:59:17,459 [WARN] ModelIntegratedComponent:63 - No mode defined for component null
2023-10-28 17:59:17,459 [WARN] ModelIntegratedComponent:63 - No mode defined for component null
2023-10-28 17:59:17,459 [WARN] ModelIntegratedComponent:63 - No mode defined for component null
2023-10-28 17:59:17,459 [WARN] ModelIntegratedComponent:63 - No mode defined for component null
2023-10-28 17:59:17,460 [WARN] ModelIntegratedComponent:63 - No mode defined for component null
2023-10-28 17:59:17,460 [WARN] ModelIntegratedComponent:63 - No mode defined for component null
2023-10-28 17:59:17,460 [WARN] ModelIntegratedComponent:63 - No mode defined for component null
2023-10-28 17:59:17,460 [WARN] ModelIntegratedComponent:63 - No mode defined for component null
2023-10-28 17:59:17,460 [WARN] ModelIntegratedComponent:63 - No mode defined for component null
2023-10-28 17:59:17,460 [WARN] ModelIntegratedComponent:63 - No mode defined for component null
2023-10-28 17:59:17,460 [WARN] ModelIntegratedComponent:63 - No mode defined for component null
2023-10-28 17:59:17,460 [WARN] ModelIntegratedComponent:63 - No mode defined for component null
2023-10-28 17:59:17,461 [WARN] ModelIntegratedComponent:63 - No mode defined for component null
2023-10-28 17:59:17,461 [WARN] ModelIntegratedComponent:63 - No mode defined for component null
2023-10-28 17:59:17,461 [WARN] ModelIntegratedComponent:63 - No mode defined for component null
2023-10-28 17:59:17,461 [WARN] ModelIntegratedComponent:63 - No mode defined for component null
2023-10-28 17:59:17,461 [WARN] ModelIntegratedComponent:63 - No mode defined for component null
2023-10-28 17:59:17,461 [WARN] ModelIntegratedComponent:63 - No mode defined for component null
2023-10-28 17:59:17,461 [WARN] ModelIntegratedComponent:63 - No mode defined for component null
2023-10-28 17:59:17,461 [WARN] ModelIntegratedComponent:63 - No mode defined for component null
2023-10-28 17:59:17,461 [WARN] ModelIntegratedComponent:63 - No mode defined for component null
2023-10-28 17:59:17,471 [WARN] ModelIntegratedComponent:63 - No mode defined for component null
2023-10-28 17:59:17,471 [WARN] ModelIntegratedComponent:63 - No mode defined for component null
2023-10-28 17:59:17,471 [WARN] ModelIntegratedComponent:63 - No mode defined for component null
2023-10-28 17:59:17,969 [INFO] ThirdPartyModel:298 - Start build external matchings
2023-10-28 17:59:19,430 [INFO] ThirdPartyModel:316 - End build external matchings
2023-10-28 17:59:21,018 [INFO] UtilMem:75 - End LoadConfig() Used Memory: 443636936 Bytes (592445440)
2023-10-28 17:59:21,141 [WARN] ThirdParty:833 - waiting for thirdparty lock release [change project]
2023-10-28 17:59:21,141 [INFO] ThirdParty:835 - entering critical section [change project]
2023-10-28 17:59:21,142 [INFO] ThirdParty:1030 - CMSIS Pack Vendor :STMicroelectronics X-CUBE-ISPU 1.1.0
2023-10-28 17:59:21,142 [INFO] ThirdParty:1030 - CMSIS Pack Vendor :STMicroelectronics X-CUBE-GNSS1 6.0.0
2023-10-28 17:59:21,142 [INFO] ThirdParty:1030 - CMSIS Pack Vendor :STMicroelectronics USB_HOST 2.0.0
2023-10-28 17:59:21,142 [INFO] ThirdParty:1030 - CMSIS Pack Vendor :STMicroelectronics X-CUBE-AZRTOS-F4 1.1.0
2023-10-28 17:59:21,143 [INFO] ThirdParty:1030 - CMSIS Pack Vendor :STMicroelectronics LIBJPEG 8.0.0
2023-10-28 17:59:21,143 [INFO] ThirdParty:1030 - CMSIS Pack Vendor :STMicroelectronics X-CUBE-SMBUS 2.1.0
2023-10-28 17:59:21,143 [INFO] ThirdParty:1030 - CMSIS Pack Vendor :wolfSSL I-CUBE-wolfSSL 5.6.0
2023-10-28 17:59:21,143 [INFO] ThirdParty:1030 - CMSIS Pack Vendor :STMicroelectronics USB_DEVICE 3.0.0
2023-10-28 17:59:21,143 [INFO] ThirdParty:1030 - CMSIS Pack Vendor :STMicroelectronics X-CUBE-AZRTOS-WB 2.0.0
2023-10-28 17:59:21,143 [INFO] ThirdParty:1030 - CMSIS Pack Vendor :STMicroelectronics X-CUBE-FREERTOS 1.0.1
2023-10-28 17:59:21,144 [INFO] ThirdParty:1030 - CMSIS Pack Vendor :STMicroelectronics X-CUBE-AZRTOS-F7 1.1.0
2023-10-28 17:59:21,144 [INFO] ThirdParty:1030 - CMSIS Pack Vendor :STMicroelectronics X-CUBE-TOUCHGFX 4.21.4
2023-10-28 17:59:21,144 [INFO] ThirdParty:1030 - CMSIS Pack Vendor :STMicroelectronics X-CUBE-AZRTOS-L5 2.0.0
2023-10-28 17:59:21,144 [INFO] ThirdParty:1030 - CMSIS Pack Vendor :STMicroelectronics USB_DEVICE 2.0.0
2023-10-28 17:59:21,144 [INFO] ThirdParty:1030 - CMSIS Pack Vendor :STMicroelectronics X-CUBE-MEMS1 9.6.0
2023-10-28 17:59:21,145 [INFO] ThirdParty:1030 - CMSIS Pack Vendor :STMicroelectronics X-CUBE-EEPRMA1 4.2.0
2023-10-28 17:59:21,149 [INFO] ThirdParty:1030 - CMSIS Pack Vendor :ITTIA_DB I-CUBE-ITTIADB 8.8.0
2023-10-28 17:59:21,149 [INFO] ThirdParty:1030 - CMSIS Pack Vendor :STMicroelectronics FP-SNS-MOTENV1 4.3.2
2023-10-28 17:59:21,149 [INFO] ThirdParty:1030 - CMSIS Pack Vendor :STMicroelectronics FP-SNS-MOTENV1 4.3.1
2023-10-28 17:59:21,150 [INFO] ThirdParty:1030 - CMSIS Pack Vendor :STMicroelectronics FP-SNS-FLIGHT1 5.0.1
2023-10-28 17:59:21,150 [INFO] ThirdParty:1030 - CMSIS Pack Vendor :STMicroelectronics X-CUBE-ALGOBUILD 1.3.0
2023-10-28 17:59:21,150 [INFO] ThirdParty:1030 - CMSIS Pack Vendor :STMicroelectronics X-CUBE-BLE1 6.2.4
2023-10-28 17:59:21,150 [INFO] ThirdParty:1030 - CMSIS Pack Vendor :STMicroelectronics X-CUBE-AZRTOS-L5 1.1.0
2023-10-28 17:59:21,150 [INFO] ThirdParty:1030 - CMSIS Pack Vendor :STMicroelectronics FreeRTOS 0.0.1
2023-10-28 17:59:21,150 [INFO] ThirdParty:1030 - CMSIS Pack Vendor :STMicroelectronics X-CUBE-AZRTOS-G0 1.1.0
2023-10-28 17:59:21,150 [INFO] ThirdParty:1030 - CMSIS Pack Vendor :emotas I-CUBE-CANOPEN 1.1.3
2023-10-28 17:59:21,151 [INFO] ThirdParty:1030 - CMSIS Pack Vendor :STMicroelectronics X-CUBE-BLEMGR 2.0.0
2023-10-28 17:59:21,151 [INFO] ThirdParty:1030 - CMSIS Pack Vendor :STMicroelectronics X-CUBE-AI 8.0.1
2023-10-28 17:59:21,151 [INFO] ThirdParty:1030 - CMSIS Pack Vendor :STMicroelectronics X-CUBE-NFC4 3.0.0
2023-10-28 17:59:21,151 [INFO] ThirdParty:1030 - CMSIS Pack Vendor :STMicroelectronics X-CUBE-SUBG2 5.0.0
2023-10-28 17:59:21,151 [INFO] ThirdParty:1030 - CMSIS Pack Vendor :STMicroelectronics STM32_WPAN 1.0.0
2023-10-28 17:59:21,151 [INFO] ThirdParty:1030 - CMSIS Pack Vendor :STMicroelectronics lwIP 2.0.3
2023-10-28 17:59:21,155 [INFO] ThirdParty:1030 - CMSIS Pack Vendor :STMicroelectronics USB_HOST 1.0.0
2023-10-28 17:59:21,155 [INFO] ThirdParty:1030 - CMSIS Pack Vendor :STMicroelectronics X-CUBE-TOF1 3.3.1
2023-10-28 17:59:21,155 [INFO] ThirdParty:1030 - CMSIS Pack Vendor :STMicroelectronics X-CUBE-AZRTOS-G4 2.0.0
2023-10-28 17:59:21,155 [INFO] ThirdParty:1030 - CMSIS Pack Vendor :STMicroelectronics PDM2PCM 3.1.0
2023-10-28 17:59:21,156 [INFO] ThirdParty:1030 - CMSIS Pack Vendor :STMicroelectronics X-CUBE-AZRTOS-H7 3.1.0
2023-10-28 17:59:21,156 [INFO] ThirdParty:1030 - CMSIS Pack Vendor :STMicroelectronics X-CUBE-TOF1 3.3.0
2023-10-28 17:59:21,157 [INFO] ThirdParty:1030 - CMSIS Pack Vendor :Infineon AIROC-Wi-Fi-Bluetooth-STM32 1.5.1
2023-10-28 17:59:21,157 [INFO] ThirdParty:1030 - CMSIS Pack Vendor :STMicroelectronics PDM2PCM 3.3.0
2023-10-28 17:59:21,157 [INFO] ThirdParty:1030 - CMSIS Pack Vendor :STMicroelectronics X-CUBE-DISPLAY 3.0.0
2023-10-28 17:59:21,157 [INFO] ThirdParty:1030 - CMSIS Pack Vendor :STMicroelectronics FP-ATR-SIGFOX1 3.2.0
2023-10-28 17:59:21,157 [INFO] ThirdParty:1030 - CMSIS Pack Vendor :STMicroelectronics HAL Drivers 0.0.0
2023-10-28 17:59:21,157 [INFO] ThirdParty:1030 - CMSIS Pack Vendor :STMicroelectronics MBEDTLS 2.16.2
2023-10-28 17:59:21,158 [INFO] ThirdParty:1030 - CMSIS Pack Vendor :STMicroelectronics X-CUBE-MEMS1 10.0.0
2023-10-28 17:59:21,158 [INFO] ThirdParty:1030 - CMSIS Pack Vendor :STMicroelectronics X-CUBE-FREERTOS 1.1.0
2023-10-28 17:59:21,158 [INFO] ThirdParty:1030 - CMSIS Pack Vendor :STMicroelectronics X-CUBE-TOUCHGFX 4.22.0
2023-10-28 17:59:21,158 [INFO] ThirdParty:1030 - CMSIS Pack Vendor :STMicroelectronics X-CUBE-NFC7 1.0.1
2023-10-28 17:59:21,158 [INFO] ThirdParty:1030 - CMSIS Pack Vendor :STMicroelectronics MBEDTLS 2.14.1
2023-10-28 17:59:21,159 [INFO] ThirdParty:1030 - CMSIS Pack Vendor :STMicroelectronics X-CUBE-TOUCHGFX 4.22.1
2023-10-28 17:59:21,159 [INFO] ThirdParty:1030 - CMSIS Pack Vendor :STMicroelectronics X-CUBE-NFC6 3.0.0
2023-10-28 17:59:21,159 [INFO] ThirdParty:1030 - CMSIS Pack Vendor :STMicroelectronics X-CUBE-EEPRMA1 4.1.0
2023-10-28 17:59:21,159 [INFO] ThirdParty:1030 - CMSIS Pack Vendor :portGmbH I-Cube-SoM-uGOAL 1.1.0
2023-10-28 17:59:21,159 [INFO] ThirdParty:1030 - CMSIS Pack Vendor :STMicroelectronics X-CUBE-ALS 1.0.1
2023-10-28 17:59:21,159 [INFO] ThirdParty:1030 - CMSIS Pack Vendor :STMicroelectronics ThreadX 1.0.0
2023-10-28 17:59:21,159 [INFO] ThirdParty:1030 - CMSIS Pack Vendor :STMicroelectronics FP-SNS-SMARTAG2 1.2.0
2023-10-28 17:59:21,159 [INFO] ThirdParty:1030 - CMSIS Pack Vendor :STMicroelectronics X-CUBE-AZRTOS-WB 1.1.0
2023-10-28 17:59:21,160 [INFO] ThirdParty:1030 - CMSIS Pack Vendor :STMicroelectronics X-CUBE-AZRTOS-WL 2.0.0
2023-10-28 17:59:21,160 [INFO] ThirdParty:1030 - CMSIS Pack Vendor :SEGGER I-CUBE-embOS 1.3.1
2023-10-28 17:59:21,160 [INFO] ThirdParty:1030 - CMSIS Pack Vendor :STMicroelectronics USB_DEVICE 1.0.0
2023-10-28 17:59:21,160 [INFO] ThirdParty:1030 - CMSIS Pack Vendor :STMicroelectronics X-CUBE-AZRTOS-L4 2.0.0
2023-10-28 17:59:21,160 [INFO] ThirdParty:1030 - CMSIS Pack Vendor :STMicroelectronics ThreadX 0.0.2
2023-10-28 17:59:21,160 [INFO] ThirdParty:1030 - CMSIS Pack Vendor :WES I-CUBE-Cesium 1.3.0
2023-10-28 17:59:21,160 [INFO] ThirdParty:1030 - CMSIS Pack Vendor :STMicroelectronics FP-ATR-ASTRA1 2.0.0
2023-10-28 17:59:21,160 [INFO] ThirdParty:1030 - CMSIS Pack Vendor :STMicroelectronics lwIP 2.1.2
2023-10-28 17:59:21,161 [INFO] ThirdParty:1030 - CMSIS Pack Vendor :STMicroelectronics X-CUBE-SFXS2LP1 4.0.0
2023-10-28 17:59:21,161 [INFO] ThirdParty:1030 - CMSIS Pack Vendor :STMicroelectronics X-CUBE-BLE2 3.3.0
2023-10-28 17:59:21,161 [INFO] ThirdParty:1030 - CMSIS Pack Vendor :STMicroelectronics PDM2PCM 3.2.0
2023-10-28 17:59:21,161 [INFO] ThirdParty:841 - exiting critical section [change project]
2023-10-28 17:59:22,322 [INFO] PinOutPanel:1499 - setPackage(No Configuration,No Configuration)
2023-10-28 17:59:22,324 [INFO] PinOutPanel:1499 - setPackage(STM32F407VGTx,LQFP100)
2023-10-28 17:59:23,872 [INFO] UtilMem:75 - Before build in PCC Used Memory: 430051472 Bytes (592445440)
2023-10-28 17:59:27,529 [INFO] UtilMem:75 - After build in PCC Used Memory: 453750272 Bytes (592445440)
2023-10-28 17:59:27,633 [INFO] IPUIPlugin:80 - create IPUIPlugin
2023-10-28 17:59:27,633 [INFO] IPUIPlugin:80 - create IPUIPlugin
2023-10-28 17:59:27,633 [INFO] IPUIPlugin:80 - create IPUIPlugin
2023-10-28 17:59:27,633 [INFO] IPUIPlugin:80 - create IPUIPlugin
2023-10-28 17:59:27,634 [INFO] IPUIPlugin:80 - create IPUIPlugin
2023-10-28 17:59:27,634 [INFO] IPUIPlugin:80 - create IPUIPlugin
2023-10-28 17:59:27,634 [INFO] IPUIPlugin:80 - create IPUIPlugin
2023-10-28 17:59:27,635 [INFO] IPUIPlugin:80 - create IPUIPlugin
2023-10-28 17:59:27,635 [INFO] IPUIPlugin:80 - create IPUIPlugin
2023-10-28 17:59:27,719 [INFO] IPUIPlugin:80 - create IPUIPlugin
2023-10-28 17:59:27,719 [INFO] IPUIPlugin:80 - create IPUIPlugin
2023-10-28 17:59:27,719 [INFO] IPUIPlugin:80 - create IPUIPlugin
2023-10-28 17:59:27,719 [INFO] IPUIPlugin:80 - create IPUIPlugin
2023-10-28 17:59:27,720 [INFO] IPUIPlugin:80 - create IPUIPlugin
2023-10-28 17:59:27,720 [INFO] IPUIPlugin:80 - create IPUIPlugin
2023-10-28 17:59:27,720 [INFO] IPUIPlugin:80 - create IPUIPlugin
2023-10-28 17:59:27,721 [INFO] IPUIPlugin:80 - create IPUIPlugin
2023-10-28 17:59:27,721 [INFO] IPUIPlugin:80 - create IPUIPlugin
2023-10-28 17:59:27,721 [INFO] IPUIPlugin:80 - create IPUIPlugin
2023-10-28 17:59:27,722 [INFO] IPUIPlugin:80 - create IPUIPlugin
2023-10-28 17:59:27,722 [INFO] IPUIPlugin:80 - create IPUIPlugin
2023-10-28 17:59:27,723 [INFO] IPUIPlugin:80 - create IPUIPlugin
2023-10-28 17:59:27,723 [INFO] IPUIPlugin:80 - create IPUIPlugin
2023-10-28 17:59:27,724 [INFO] IPUIPlugin:80 - create IPUIPlugin
2023-10-28 17:59:27,724 [INFO] IPUIPlugin:80 - create IPUIPlugin
2023-10-28 17:59:27,724 [INFO] IPUIPlugin:80 - create IPUIPlugin
2023-10-28 17:59:27,725 [INFO] IPUIPlugin:80 - create IPUIPlugin
2023-10-28 17:59:27,725 [INFO] IPUIPlugin:80 - create IPUIPlugin
2023-10-28 17:59:27,726 [INFO] IPUIPlugin:80 - create IPUIPlugin
2023-10-28 17:59:27,726 [INFO] IPUIPlugin:80 - create IPUIPlugin
2023-10-28 17:59:27,727 [INFO] IPUIPlugin:80 - create IPUIPlugin
2023-10-28 17:59:27,727 [INFO] IPUIPlugin:80 - create IPUIPlugin
2023-10-28 17:59:27,728 [INFO] IPUIPlugin:80 - create IPUIPlugin
2023-10-28 17:59:27,728 [INFO] IPUIPlugin:80 - create IPUIPlugin
2023-10-28 17:59:27,729 [INFO] IPUIPlugin:80 - create IPUIPlugin
2023-10-28 17:59:27,729 [INFO] IPUIPlugin:80 - create IPUIPlugin
2023-10-28 17:59:27,730 [INFO] IPUIPlugin:80 - create IPUIPlugin
2023-10-28 17:59:27,730 [INFO] IPUIPlugin:80 - create IPUIPlugin
2023-10-28 17:59:27,731 [INFO] IPUIPlugin:80 - create IPUIPlugin
2023-10-28 17:59:27,731 [INFO] IPUIPlugin:80 - create IPUIPlugin
2023-10-28 17:59:27,732 [INFO] IPUIPlugin:80 - create IPUIPlugin
2023-10-28 17:59:27,732 [INFO] IPUIPlugin:80 - create IPUIPlugin
2023-10-28 17:59:27,733 [INFO] IPUIPlugin:80 - create IPUIPlugin
2023-10-28 17:59:27,733 [INFO] IPUIPlugin:80 - create IPUIPlugin
2023-10-28 17:59:27,734 [INFO] IPUIPlugin:80 - create IPUIPlugin
2023-10-28 17:59:27,735 [INFO] IPUIPlugin:80 - create IPUIPlugin
2023-10-28 17:59:27,735 [INFO] IPUIPlugin:80 - create IPUIPlugin
2023-10-28 17:59:27,736 [INFO] IPUIPlugin:80 - create IPUIPlugin
2023-10-28 17:59:27,737 [INFO] IPUIPlugin:80 - create IPUIPlugin
2023-10-28 17:59:27,737 [INFO] IPUIPlugin:80 - create IPUIPlugin
2023-10-28 17:59:27,738 [INFO] IPUIPlugin:80 - create IPUIPlugin
2023-10-28 17:59:27,739 [INFO] IPUIPlugin:80 - create IPUIPlugin
2023-10-28 17:59:27,739 [INFO] IPUIPlugin:80 - create IPUIPlugin
2023-10-28 17:59:27,740 [INFO] IPUIPlugin:80 - create IPUIPlugin
2023-10-28 17:59:27,741 [INFO] IPUIPlugin:80 - create IPUIPlugin
2023-10-28 17:59:27,742 [INFO] IPUIPlugin:80 - create IPUIPlugin
2023-10-28 17:59:27,743 [INFO] IPUIPlugin:80 - create IPUIPlugin
2023-10-28 17:59:27,744 [INFO] IPUIPlugin:80 - create IPUIPlugin
2023-10-28 17:59:28,225 [INFO] ApiDbMcu:507 - Load IP Config File for PDM2PCM
2023-10-28 17:59:29,072 [INFO] CADModel:165 - CPN selected for project levelSTM32F407VGT6
2023-10-28 17:59:29,072 [INFO] CADModel:114 - Register for checkConnection events
2023-10-28 17:59:29,211 [INFO] OpenFileManager:328 - Restore cursor
2023-10-28 17:59:32,215 [INFO] UtilMem:75 - End SaveConfig() Used Memory: 468519784 Bytes (592445440)
2023-10-28 17:59:32,366 [INFO] UtilMem:75 - End SaveConfig() Used Memory: 491546936 Bytes (592445440)
2023-10-28 17:59:33,585 [INFO] BlockDiagram:2759 - set Specific Code input for plugin: RCC
2023-10-28 17:59:33,586 [INFO] BlockDiagram:2759 - set Specific Code input for plugin: NVIC
2023-10-28 17:59:33,588 [INFO] CodeGenerator:793 - code generatio: config db path: C:\ST\STM32CubeIDE_1.12.1\STM32CubeIDE\plugins\com.st.stm32cube.common.mx_6.8.1.202304191431\\db\
2023-10-28 17:59:36,010 [INFO] CodeEngine:255 - oldGeneratedFile, D:\stm32\carOfMaze_@\ultrasonic\MXTmpFiles\license.tmp_save
2023-10-28 17:59:37,174 [INFO] CodeEngine:279 - Generated code: D:\stm32\carOfMaze_@\ultrasonic\MXTmpFiles\license.tmp
2023-10-28 17:59:37,276 [INFO] CodeEngine:255 - oldGeneratedFile, D:\stm32\carOfMaze_@\ultrasonic\Core\Src\stm32f4xx_it.c_save
2023-10-28 17:59:40,852 [INFO] CodeEngine:279 - Generated code: D:\stm32\carOfMaze_@\ultrasonic\Core\Src\stm32f4xx_it.c
2023-10-28 17:59:40,879 [INFO] CodeEngine:255 - oldGeneratedFile, D:\stm32\carOfMaze_@\ultrasonic\Core\Inc\stm32f4xx_it.h_save
2023-10-28 17:59:41,236 [INFO] CodeEngine:279 - Generated code: D:\stm32\carOfMaze_@\ultrasonic\Core\Inc\stm32f4xx_it.h
2023-10-28 17:59:41,568 [INFO] CodeEngine:255 - oldGeneratedFile, D:\stm32\carOfMaze_@\ultrasonic\Core\Src\stm32f4xx_hal_msp.c_save
2023-10-28 17:59:42,033 [INFO] CodeEngine:279 - Generated code: D:\stm32\carOfMaze_@\ultrasonic\Core\Src\stm32f4xx_hal_msp.c
2023-10-28 17:59:42,057 [INFO] CodeEngine:255 - oldGeneratedFile, D:\stm32\carOfMaze_@\ultrasonic\MXTmpFiles\system.tmp_save
2023-10-28 17:59:42,253 [INFO] CodeEngine:279 - Generated code: D:\stm32\carOfMaze_@\ultrasonic\MXTmpFiles\system.tmp
2023-10-28 17:59:42,283 [INFO] CodeEngine:311 - oldGeneratedFile, D:\stm32\carOfMaze_@\ultrasonic\Core\Inc\stm32f4xx_hal_conf.h_save
2023-10-28 17:59:42,620 [INFO] CodeEngine:335 - Generated code: D:\stm32\carOfMaze_@\ultrasonic\Core\Inc\stm32f4xx_hal_conf.h
2023-10-28 17:59:42,764 [INFO] CodeEngine:255 - oldGeneratedFile, D:\stm32\carOfMaze_@\ultrasonic\Core\Inc\main.h_save
2023-10-28 17:59:43,093 [INFO] CodeEngine:279 - Generated code: D:\stm32\carOfMaze_@\ultrasonic\Core\Inc\main.h
2023-10-28 17:59:43,122 [INFO] CodeEngine:255 - oldGeneratedFile, D:\stm32\carOfMaze_@\ultrasonic\Core\Src\main.c_save
2023-10-28 17:59:43,675 [INFO] CodeEngine:279 - Generated code: D:\stm32\carOfMaze_@\ultrasonic\Core\Src\main.c
2023-10-28 17:59:47,001 [INFO] ProjectBuilder:2996 - Time for Copy HAL[1] : 504mS.
2023-10-28 17:59:47,039 [INFO] ProjectBuilder:4304 - Project Generator version: 3.19.2
2023-10-28 17:59:48,457 [INFO] ConfigFileManager:1483 - The Die is : DIE413
2023-10-28 17:59:48,557 [INFO] ApiDbMcu:507 - Load IP Config File for FATFS
2023-10-28 17:59:48,661 [INFO] ApiDbMcu:507 - Load IP Config File for FREERTOS
2023-10-28 17:59:48,707 [INFO] ApiDbMcu:507 - Load IP Config File for LIBJPEG
2023-10-28 17:59:48,846 [INFO] ApiDbMcu:507 - Load IP Config File for LWIP
2023-10-28 17:59:48,947 [INFO] ApiDbMcu:507 - Load IP Config File for MBEDTLS
2023-10-28 17:59:49,034 [INFO] ApiDbMcu:507 - Load IP Config File for USB_DEVICE
2023-10-28 17:59:49,220 [INFO] ApiDbMcu:507 - Load IP Config File for USB_HOST
2023-10-28 17:59:52,484 [INFO] LogOutputStream:77 - [STDOUT_REDIRECT] 
2023-10-28 18:00:00,797 [INFO] ProjectBuilder:4505 - Time for Generating toolchain IDE Files: 13757mS.
2023-10-28 18:00:00,799 [INFO] ProjectBuilder:2867 - Time for Copy CMSIS : 0mS.
2023-10-28 18:00:00,805 [INFO] ProjectBuilder:2867 - Time for Copy CMSIS : 0mS.
2023-10-28 18:00:10,161 [INFO] McuFinderGlobals:66 - Set McuFinderConnectedMode to true
2023-10-28 18:00:10,165 [INFO] ApiDb:448 - Save user favorites file C:\Users\Admin/.stm32cubeide/favorites.mcus.txt: 0 item(s)
2023-10-28 18:00:10,166 [INFO] ApiDb:452 - User favorites MCUs=[]
2023-10-28 18:01:34,485 [INFO] NvicIntPanel:101 - NVIC parent = com.st.microxplorer.plugins.ip.nvic.MultiNvicIntPanel[,0,0,0x0,invalid,layout=javax.swing.BoxLayout,alignmentX=0.0,alignmentY=0.0,border=,flags=9,maximumSize=,minimumSize=,preferredSize=]
2023-10-28 18:01:38,176 [INFO] NvicIntPanel:101 - NVIC parent = com.st.microxplorer.plugins.ip.nvic.MultiNvicIntPanel[,0,0,0x0,invalid,layout=javax.swing.BoxLayout,alignmentX=0.0,alignmentY=0.0,border=,flags=9,maximumSize=,minimumSize=,preferredSize=]
2023-10-28 18:01:40,985 [INFO] NvicIntPanel:101 - NVIC parent = com.st.microxplorer.plugins.ip.nvic.MultiNvicIntPanel[,0,0,0x0,invalid,layout=javax.swing.BoxLayout,alignmentX=0.0,alignmentY=0.0,border=,flags=9,maximumSize=,minimumSize=,preferredSize=]
2023-10-28 18:01:42,400 [INFO] NvicIntPanel:101 - NVIC parent = com.st.microxplorer.plugins.ip.nvic.MultiNvicIntPanel[,0,0,0x0,invalid,layout=javax.swing.BoxLayout,alignmentX=0.0,alignmentY=0.0,border=,flags=9,maximumSize=,minimumSize=,preferredSize=]
2023-10-28 18:02:08,962 [INFO] NvicIntPanel:101 - NVIC parent = com.st.microxplorer.plugins.ip.nvic.MultiNvicIntPanel[,0,0,0x0,invalid,layout=javax.swing.BoxLayout,alignmentX=0.0,alignmentY=0.0,border=,flags=9,maximumSize=,minimumSize=,preferredSize=]
2023-10-28 18:02:39,653 [INFO] NvicIntPanel:101 - NVIC parent = com.st.microxplorer.plugins.ip.nvic.MultiNvicIntPanel[,0,0,450x232,layout=javax.swing.BoxLayout,alignmentX=0.0,alignmentY=0.0,border=,flags=9,maximumSize=,minimumSize=,preferredSize=]
2023-10-28 18:03:31,535 [INFO] NvicIntPanel:101 - NVIC parent = com.st.microxplorer.plugins.ip.nvic.MultiNvicIntPanel[,0,0,0x0,invalid,layout=javax.swing.BoxLayout,alignmentX=0.0,alignmentY=0.0,border=,flags=9,maximumSize=,minimumSize=,preferredSize=]
2023-10-28 18:03:43,064 [INFO] NvicIntPanel:101 - NVIC parent = com.st.microxplorer.plugins.ip.nvic.MultiNvicIntPanel[,0,0,0x0,invalid,layout=javax.swing.BoxLayout,alignmentX=0.0,alignmentY=0.0,border=,flags=9,maximumSize=,minimumSize=,preferredSize=]
2023-10-28 18:03:43,521 [INFO] NvicIntPanel:101 - NVIC parent = com.st.microxplorer.plugins.ip.nvic.MultiNvicIntPanel[,0,0,0x0,invalid,layout=javax.swing.BoxLayout,alignmentX=0.0,alignmentY=0.0,border=,flags=9,maximumSize=,minimumSize=,preferredSize=]
2023-10-28 18:04:11,250 [INFO] NvicIntPanel:101 - NVIC parent = com.st.microxplorer.plugins.ip.nvic.MultiNvicIntPanel[,0,0,450x179,layout=javax.swing.BoxLayout,alignmentX=0.0,alignmentY=0.0,border=,flags=9,maximumSize=,minimumSize=,preferredSize=]
2023-10-28 18:04:14,568 [INFO] NvicIntPanel:101 - NVIC parent = com.st.microxplorer.plugins.ip.nvic.MultiNvicIntPanel[,0,0,0x0,invalid,layout=javax.swing.BoxLayout,alignmentX=0.0,alignmentY=0.0,border=,flags=9,maximumSize=,minimumSize=,preferredSize=]
2023-10-28 18:04:21,376 [INFO] NvicIntPanel:101 - NVIC parent = com.st.microxplorer.plugins.ip.nvic.MultiNvicIntPanel[,0,0,0x0,invalid,layout=javax.swing.BoxLayout,alignmentX=0.0,alignmentY=0.0,border=,flags=9,maximumSize=,minimumSize=,preferredSize=]
2023-10-28 18:04:31,690 [INFO] NvicIntPanel:101 - NVIC parent = com.st.microxplorer.plugins.ip.nvic.MultiNvicIntPanel[,0,0,0x0,invalid,layout=javax.swing.BoxLayout,alignmentX=0.0,alignmentY=0.0,border=,flags=9,maximumSize=,minimumSize=,preferredSize=]
2023-10-28 18:04:34,455 [INFO] NvicIntPanel:101 - NVIC parent = com.st.microxplorer.plugins.ip.nvic.MultiNvicIntPanel[,0,0,0x0,invalid,layout=javax.swing.BoxLayout,alignmentX=0.0,alignmentY=0.0,border=,flags=9,maximumSize=,minimumSize=,preferredSize=]
2023-10-28 18:04:44,261 [INFO] NvicIntPanel:101 - NVIC parent = com.st.microxplorer.plugins.ip.nvic.MultiNvicIntPanel[,0,0,0x0,invalid,layout=javax.swing.BoxLayout,alignmentX=0.0,alignmentY=0.0,border=,flags=9,maximumSize=,minimumSize=,preferredSize=]
2023-10-28 18:04:45,921 [INFO] NvicIntPanel:101 - NVIC parent = com.st.microxplorer.plugins.ip.nvic.MultiNvicIntPanel[,0,0,0x0,invalid,layout=javax.swing.BoxLayout,alignmentX=0.0,alignmentY=0.0,border=,flags=9,maximumSize=,minimumSize=,preferredSize=]
2023-10-28 18:07:02,921 [INFO] NvicIntPanel:101 - NVIC parent = com.st.microxplorer.plugins.ip.nvic.MultiNvicIntPanel[,0,0,450x179,layout=javax.swing.BoxLayout,alignmentX=0.0,alignmentY=0.0,border=,flags=9,maximumSize=,minimumSize=,preferredSize=]
2023-10-28 18:07:05,113 [INFO] NvicIntPanel:101 - NVIC parent = com.st.microxplorer.plugins.ip.nvic.MultiNvicIntPanel[,0,0,0x0,invalid,layout=javax.swing.BoxLayout,alignmentX=0.0,alignmentY=0.0,border=,flags=9,maximumSize=,minimumSize=,preferredSize=]
2023-10-28 18:07:08,864 [INFO] NvicIntPanel:101 - NVIC parent = com.st.microxplorer.plugins.ip.nvic.MultiNvicIntPanel[,0,0,0x0,invalid,layout=javax.swing.BoxLayout,alignmentX=0.0,alignmentY=0.0,border=,flags=9,maximumSize=,minimumSize=,preferredSize=]
2023-10-28 18:07:37,423 [INFO] Gpio:273 - dependency for GPIO [TIM1]
2023-10-28 18:07:48,903 [INFO] UtilMem:75 - End SaveConfig() Used Memory: 729678024 Bytes (899678208)
2023-10-28 18:07:50,789 [INFO] UtilMem:75 - End SaveConfig() Used Memory: 771621064 Bytes (899678208)
2023-10-28 18:07:56,039 [INFO] UtilMem:75 - End SaveConfig() Used Memory: 702508664 Bytes (899678208)
2023-10-28 18:07:56,656 [INFO] BlockDiagram:2759 - set Specific Code input for plugin: TIM1_8
2023-10-28 18:07:56,657 [INFO] BlockDiagram:2759 - set Specific Code input for plugin: RCC
2023-10-28 18:07:56,657 [INFO] BlockDiagram:2759 - set Specific Code input for plugin: NVIC
2023-10-28 18:07:56,657 [INFO] BlockDiagram:2759 - set Specific Code input for plugin: GPIO
2023-10-28 18:07:56,659 [INFO] CodeGenerator:793 - code generatio: config db path: C:\ST\STM32CubeIDE_1.12.1\STM32CubeIDE\plugins\com.st.stm32cube.common.mx_6.8.1.202304191431\\db\
2023-10-28 18:07:56,972 [INFO] CodeEngine:255 - oldGeneratedFile, D:\stm32\carOfMaze_@\ultrasonic\MXTmpFiles\license.tmp_save
2023-10-28 18:07:57,126 [INFO] CodeEngine:279 - Generated code: D:\stm32\carOfMaze_@\ultrasonic\MXTmpFiles\license.tmp
2023-10-28 18:07:57,186 [INFO] CodeEngine:255 - oldGeneratedFile, D:\stm32\carOfMaze_@\ultrasonic\MXTmpFiles\gpio.tmp_save
2023-10-28 18:07:57,406 [INFO] CodeEngine:279 - Generated code: D:\stm32\carOfMaze_@\ultrasonic\MXTmpFiles\gpio.tmp
2023-10-28 18:07:57,530 [INFO] CodeEngine:255 - oldGeneratedFile, D:\stm32\carOfMaze_@\ultrasonic\Core\Src\stm32f4xx_it.c_save
2023-10-28 18:07:57,772 [INFO] CodeEngine:279 - Generated code: D:\stm32\carOfMaze_@\ultrasonic\Core\Src\stm32f4xx_it.c
2023-10-28 18:07:57,782 [INFO] CodeEngine:255 - oldGeneratedFile, D:\stm32\carOfMaze_@\ultrasonic\Core\Inc\stm32f4xx_it.h_save
2023-10-28 18:07:57,916 [INFO] CodeEngine:279 - Generated code: D:\stm32\carOfMaze_@\ultrasonic\Core\Inc\stm32f4xx_it.h
2023-10-28 18:07:57,953 [INFO] CodeEngine:255 - oldGeneratedFile, D:\stm32\carOfMaze_@\ultrasonic\Core\Src\stm32f4xx_hal_msp.c_save
2023-10-28 18:07:58,193 [INFO] CodeEngine:279 - Generated code: D:\stm32\carOfMaze_@\ultrasonic\Core\Src\stm32f4xx_hal_msp.c
2023-10-28 18:07:58,199 [INFO] CodeEngine:255 - oldGeneratedFile, D:\stm32\carOfMaze_@\ultrasonic\MXTmpFiles\system.tmp_save
2023-10-28 18:07:58,288 [INFO] CodeEngine:279 - Generated code: D:\stm32\carOfMaze_@\ultrasonic\MXTmpFiles\system.tmp
2023-10-28 18:07:58,313 [INFO] CodeEngine:311 - oldGeneratedFile, D:\stm32\carOfMaze_@\ultrasonic\Core\Inc\stm32f4xx_hal_conf.h_save
2023-10-28 18:07:58,516 [INFO] CodeEngine:335 - Generated code: D:\stm32\carOfMaze_@\ultrasonic\Core\Inc\stm32f4xx_hal_conf.h
2023-10-28 18:07:58,594 [WARN] IPConfigManager:3431 - IP not found : TIM
2023-10-28 18:07:58,595 [WARN] CodeGenerator:3754 - IP not found : null
2023-10-28 18:07:58,620 [INFO] CodeEngine:255 - oldGeneratedFile, D:\stm32\carOfMaze_@\ultrasonic\Core\Inc\main.h_save
2023-10-28 18:07:58,981 [INFO] CodeEngine:279 - Generated code: D:\stm32\carOfMaze_@\ultrasonic\Core\Inc\main.h
2023-10-28 18:07:59,001 [INFO] CodeEngine:255 - oldGeneratedFile, D:\stm32\carOfMaze_@\ultrasonic\Core\Src\main.c_save
2023-10-28 18:07:59,256 [INFO] CodeEngine:279 - Generated code: D:\stm32\carOfMaze_@\ultrasonic\Core\Src\main.c
2023-10-28 18:08:00,432 [INFO] ProjectBuilder:2996 - Time for Copy HAL[1] : 208mS.
2023-10-28 18:08:00,437 [INFO] ProjectBuilder:4304 - Project Generator version: 3.19.2
2023-10-28 18:08:01,175 [INFO] ConfigFileManager:1483 - The Die is : DIE413
2023-10-28 18:08:07,951 [INFO] ProjectBuilder:4505 - Time for Generating toolchain IDE Files: 7513mS.
2023-10-28 18:08:07,952 [INFO] ProjectBuilder:2867 - Time for Copy CMSIS : 0mS.
2023-10-28 18:08:07,954 [INFO] ProjectBuilder:2867 - Time for Copy CMSIS : 0mS.
