2023-11-07 19:28:38,847 [INFO] Activator:176 - 


2023-11-07 19:28:38,856 [INFO] Activator:177 - !SESSION log4j initialized
2023-11-07 19:28:54,334 [INFO] LogOutputStream:77 - [STDOUT_REDIRECT] 
2023-11-07 19:29:21,328 [ERROR] LogOutputStream:75 - [STDERR_REDIRECT] SLF4J: Failed to load class "org.slf4j.impl.StaticLoggerBinder".
2023-11-07 19:29:21,332 [ERROR] LogOutputStream:75 - [STDERR_REDIRECT] SLF4J: Defaulting to no-operation (NOP) logger implementation
2023-11-07 19:29:21,338 [ERROR] LogOutputStream:75 - [STDERR_REDIRECT] SLF4J: See http://www.slf4j.org/codes.html#StaticLoggerBinder for further details.
2023-11-07 19:40:56,909 [INFO] ApplicationProperties:184 - Using Application install path: C:\ST\STM32CubeIDE_1.12.1\STM32CubeIDE\plugins\com.st.stm32cube.common.mx_6.8.1.202304191431
2023-11-07 19:40:56,951 [INFO] DbMcusXml:78 - Set database path to: C:\ST\STM32CubeIDE_1.12.1\STM32CubeIDE\plugins\com.st.stm32cube.common.mx_6.8.1.202304191431\\db\/mcu/
2023-11-07 19:40:56,952 [INFO] ApiDb:274 - Set plugin database path to: C:\ST\STM32CubeIDE_1.12.1\STM32CubeIDE\plugins\com.st.stm32cube.common.mx_6.8.1.202304191431\\db\/plugins/boardmanager/
2023-11-07 19:40:56,955 [WARN] ApiDb:259 - Overriding images path with different value:  => C:\ST\STM32CubeIDE_1.12.1\STM32CubeIDE\plugins\com.st.stm32cube.common.mx_6.8.1.202304191431\\db\/plugins/mcufinder/images/
2023-11-07 19:40:57,000 [INFO] ApiDb:250 - Set database path to: C:\Users\Admin\.stmcufinder\plugins\mcufinder//mcu/
2023-11-07 19:40:57,003 [INFO] DbMcusAds:125 - Set database path to: C:\Users\Admin\.stmcufinder\plugins\mcufinder//mcu/
2023-11-07 19:40:57,718 [INFO] CrossReferenceDbSqlite:203 - Set database path to: C:\Users\Admin\.stmcufinder\plugins\mcufinder//mcu/cs/
2023-11-07 19:40:58,125 [INFO] RulesReader:64 - Compatibility file has been processed (293 Rules)
2023-11-07 19:40:58,331 [INFO] DbMcusXml:78 - Set database path to: C:\ST\STM32CubeIDE_1.12.1\STM32CubeIDE\plugins\com.st.stm32cube.common.mx_6.8.1.202304191431\\db\/mcu/
2023-11-07 19:40:58,332 [INFO] ApiDb:274 - Set plugin database path to: C:\ST\STM32CubeIDE_1.12.1\STM32CubeIDE\plugins\com.st.stm32cube.common.mx_6.8.1.202304191431\\db\/plugins/boardmanager/
2023-11-07 19:40:58,332 [INFO] ApiDb:261 - Set plugin images path to: C:\ST\STM32CubeIDE_1.12.1\STM32CubeIDE\plugins\com.st.stm32cube.common.mx_6.8.1.202304191431\\db\/plugins/mcufinder/images/
2023-11-07 19:40:58,333 [WARN] DbFile:41 - Overriding database path with different value: C:\Users\Admin\.stmcufinder\plugins\mcufinder/ => C:\Users\Admin\.stmcufinder\plugins\mcufinder
2023-11-07 19:40:58,334 [INFO] ApiDb:250 - Set database path to: C:\Users\Admin\.stmcufinder\plugins\mcufinder//mcu/
2023-11-07 19:40:58,334 [WARN] DbFile:41 - Overriding database path with different value: C:\Users\Admin\.stmcufinder\plugins\mcufinder/ => C:\Users\Admin\.stmcufinder\plugins\mcufinder
2023-11-07 19:40:58,334 [INFO] DbMcusAds:125 - Set database path to: C:\Users\Admin\.stmcufinder\plugins\mcufinder//mcu/
2023-11-07 19:40:58,334 [WARN] DbFile:41 - Overriding database path with different value: C:\Users\Admin\.stmcufinder\plugins\mcufinder/ => C:\Users\Admin\.stmcufinder\plugins\mcufinder
2023-11-07 19:40:58,334 [WARN] DbFile:41 - Overriding database path with different value: C:\Users\Admin\.stmcufinder\plugins\mcufinder/ => C:\Users\Admin\.stmcufinder\plugins\mcufinder
2023-11-07 19:40:59,216 [INFO] CrossReferenceDbSqlite:203 - Set database path to: C:\Users\Admin\.stmcufinder\plugins\mcufinder//mcu/cs/
2023-11-07 19:40:59,502 [INFO] MainPanel:253 - HeapMemory: 522190848
2023-11-07 19:40:59,776 [INFO] DbMcusXml:78 - Set database path to: C:\ST\STM32CubeIDE_1.12.1\STM32CubeIDE\plugins\com.st.stm32cube.common.mx_6.8.1.202304191431\\db\/mcu/
2023-11-07 19:40:59,776 [INFO] ApiDb:274 - Set plugin database path to: C:\ST\STM32CubeIDE_1.12.1\STM32CubeIDE\plugins\com.st.stm32cube.common.mx_6.8.1.202304191431\\db\/plugins/boardmanager/
2023-11-07 19:40:59,776 [INFO] ApiDb:261 - Set plugin images path to: C:\ST\STM32CubeIDE_1.12.1\STM32CubeIDE\plugins\com.st.stm32cube.common.mx_6.8.1.202304191431\\db\/plugins/mcufinder/images/
2023-11-07 19:40:59,778 [WARN] DbFile:41 - Overriding database path with different value: C:\Users\Admin\.stmcufinder\plugins\mcufinder/ => C:\Users\Admin\.stmcufinder\plugins\mcufinder
2023-11-07 19:40:59,778 [INFO] ApiDb:250 - Set database path to: C:\Users\Admin\.stmcufinder\plugins\mcufinder//mcu/
2023-11-07 19:40:59,778 [WARN] DbFile:41 - Overriding database path with different value: C:\Users\Admin\.stmcufinder\plugins\mcufinder/ => C:\Users\Admin\.stmcufinder\plugins\mcufinder
2023-11-07 19:40:59,779 [INFO] DbMcusAds:125 - Set database path to: C:\Users\Admin\.stmcufinder\plugins\mcufinder//mcu/
2023-11-07 19:40:59,779 [WARN] DbFile:41 - Overriding database path with different value: C:\Users\Admin\.stmcufinder\plugins\mcufinder/ => C:\Users\Admin\.stmcufinder\plugins\mcufinder
2023-11-07 19:40:59,779 [WARN] DbFile:41 - Overriding database path with different value: C:\Users\Admin\.stmcufinder\plugins\mcufinder/ => C:\Users\Admin\.stmcufinder\plugins\mcufinder
2023-11-07 19:41:00,724 [INFO] CrossReferenceDbSqlite:203 - Set database path to: C:\Users\Admin\.stmcufinder\plugins\mcufinder//mcu/cs/
2023-11-07 19:41:00,828 [INFO] ApplicationProperties:184 - Using Application install path: C:\ST\STM32CubeIDE_1.12.1\STM32CubeIDE\plugins\com.st.stm32cube.common.mx_6.8.1.202304191431
2023-11-07 19:41:00,835 [INFO] PluginManage:196 - Search for loadable plugins [exclusion list=, ]
2023-11-07 19:41:00,841 [INFO] PluginManage:310 - Check plugin analytics
2023-11-07 19:41:02,059 [INFO] AnalyticsPlugin:253 - Accepted Software Licenses: STM32CubeMX.6.8.1
2023-11-07 19:41:02,059 [INFO] AnalyticsPlugin:255 - Accepted CMSIS Pack Licenses: 
2023-11-07 19:41:02,061 [INFO] AnalyticsPlugin:257 - Accepted Firmware Licenses: FW.F4.1.27.0
2023-11-07 19:41:02,144 [INFO] PluginManage:359 - Loaded plugin analytics (category:tool,tabindex:-1)
2023-11-07 19:41:02,145 [INFO] PluginManage:310 - Check plugin cadmodel
2023-11-07 19:41:02,176 [INFO] CADModel:105 - Init CAD model plugin
2023-11-07 19:41:02,177 [INFO] PluginManage:359 - Loaded plugin cadmodel (category:power,tabindex:5)
2023-11-07 19:41:02,177 [INFO] PluginManage:310 - Check plugin clock
2023-11-07 19:41:02,222 [INFO] PluginManage:359 - Loaded plugin clock (category:base,tabindex:2)
2023-11-07 19:41:02,223 [INFO] PluginManage:310 - Check plugin ddr
2023-11-07 19:41:02,230 [INFO] PluginManage:359 - Loaded plugin ddr (category:tool,tabindex:6)
2023-11-07 19:41:02,230 [INFO] PluginManage:310 - Check plugin filemanager
2023-11-07 19:41:02,581 [INFO] PluginManage:359 - Loaded plugin filemanager (category:base,tabindex:10)
2023-11-07 19:41:02,582 [INFO] PluginManage:310 - Check plugin ipmanager
2023-11-07 19:41:02,599 [INFO] PluginManage:359 - Loaded plugin ipmanager (category:base,tabindex:5)
2023-11-07 19:41:02,600 [INFO] PluginManage:310 - Check plugin lpbam
2023-11-07 19:41:02,634 [INFO] PluginManage:359 - Loaded plugin lpbam (category:base,tabindex:0)
2023-11-07 19:41:02,635 [INFO] PluginManage:310 - Check plugin pinoutandconfiguration
2023-11-07 19:41:02,664 [INFO] PluginManage:359 - Loaded plugin pinoutandconfiguration (category:base,tabindex:1)
2023-11-07 19:41:02,664 [INFO] PluginManage:310 - Check plugin pinoutconfig
2023-11-07 19:41:02,890 [WARN] SupportedApi:132 - Cannot load RTOS API schema: s4s-elt-must-match.1: The content of 'definitions' must match (annotation?, (simpleType | complexType)?, (unique | key | keyref)*)). A problem was found starting at: attribute.
2023-11-07 19:41:03,196 [INFO] PluginManage:359 - Loaded plugin pinoutconfig (category:base,tabindex:0)
2023-11-07 19:41:03,196 [INFO] PluginManage:310 - Check plugin power
2023-11-07 19:41:03,241 [INFO] PluginManage:359 - Loaded plugin power (category:power,tabindex:4)
2023-11-07 19:41:03,241 [INFO] PluginManage:310 - Check plugin projectmanager
2023-11-07 19:41:03,287 [INFO] PluginManage:359 - Loaded plugin projectmanager (category:projectmanager,tabindex:3)
2023-11-07 19:41:03,288 [INFO] PluginManage:310 - Check plugin thirdparty
2023-11-07 19:41:03,911 [WARN] IntegrityCheckThread:84 - waiting for thirdparty lock release [integrity check]
2023-11-07 19:41:03,914 [INFO] PluginManage:359 - Loaded plugin thirdparty (category:base,tabindex:-1)
2023-11-07 19:41:03,914 [INFO] IntegrityCheckThread:86 - entering critical section [integrity check]
2023-11-07 19:41:03,916 [INFO] PluginManage:310 - Check plugin tools
2023-11-07 19:41:03,922 [INFO] ThirdPartyUpdaterWithRetryManager:70 - Updater plugin not ready yet. [1/15]
2023-11-07 19:41:03,978 [INFO] PluginManage:359 - Loaded plugin tools (category:base,tabindex:7)
2023-11-07 19:41:03,979 [INFO] PluginManage:310 - Check plugin tutovideos
2023-11-07 19:41:04,441 [INFO] PluginManage:359 - Loaded plugin tutovideos (category:base,tabindex:-1)
2023-11-07 19:41:04,442 [INFO] PluginManage:310 - Check plugin updater
2023-11-07 19:41:04,472 [INFO] PluginManage:359 - Loaded plugin updater (category:base,tabindex:12)
2023-11-07 19:41:04,473 [INFO] PluginManage:283 - PluginManage : Loaded plugins [15]
2023-11-07 19:41:05,116 [INFO] PinOutPanel:1499 - setPackage(No Configuration,No Configuration)
2023-11-07 19:41:05,300 [INFO] CADModel:165 - CPN selected for project level
2023-11-07 19:41:05,301 [INFO] CADModel:114 - Register for checkConnection events
2023-11-07 19:41:05,366 [INFO] IPUIPlugin:80 - create IPUIPlugin
2023-11-07 19:41:05,366 [INFO] PluginManager:220 - loadIPPluginJar : add adc
2023-11-07 19:41:05,503 [INFO] IPUIPlugin:80 - create IPUIPlugin
2023-11-07 19:41:05,503 [INFO] PluginManager:220 - loadIPPluginJar : add aes
2023-11-07 19:41:05,564 [INFO] IPUIPlugin:80 - create IPUIPlugin
2023-11-07 19:41:05,565 [INFO] PluginManager:220 - loadIPPluginJar : add can
2023-11-07 19:41:05,597 [INFO] IPUIPlugin:80 - create IPUIPlugin
2023-11-07 19:41:05,597 [INFO] PluginManager:220 - loadIPPluginJar : add comp
2023-11-07 19:41:05,655 [INFO] IPUIPlugin:80 - create IPUIPlugin
2023-11-07 19:41:05,655 [INFO] PluginManager:220 - loadIPPluginJar : add cryp
2023-11-07 19:41:05,696 [INFO] IPUIPlugin:80 - create IPUIPlugin
2023-11-07 19:41:05,696 [INFO] PluginManager:220 - loadIPPluginJar : add dfsdm
2023-11-07 19:41:05,719 [INFO] IPUIPlugin:80 - create IPUIPlugin
2023-11-07 19:41:05,720 [INFO] PluginManager:220 - loadIPPluginJar : add dma
2023-11-07 19:41:05,778 [INFO] IPUIPlugin:80 - create IPUIPlugin
2023-11-07 19:41:05,778 [INFO] PluginManager:220 - loadIPPluginJar : add dma3
2023-11-07 19:41:05,822 [INFO] IPUIPlugin:80 - create IPUIPlugin
2023-11-07 19:41:05,823 [INFO] PluginManager:220 - loadIPPluginJar : add fatfs
2023-11-07 19:41:05,899 [INFO] IPUIPlugin:80 - create IPUIPlugin
2023-11-07 19:41:05,899 [INFO] PluginManager:220 - loadIPPluginJar : add fmc
2023-11-07 19:41:05,920 [INFO] IPUIPlugin:80 - create IPUIPlugin
2023-11-07 19:41:05,921 [INFO] PluginManager:220 - loadIPPluginJar : add freertos
2023-11-07 19:41:05,948 [INFO] IPUIPlugin:80 - create IPUIPlugin
2023-11-07 19:41:05,949 [INFO] PluginManager:220 - loadIPPluginJar : add genericplugin
2023-11-07 19:41:06,219 [INFO] IPUIPlugin:80 - create IPUIPlugin
2023-11-07 19:41:06,219 [INFO] PluginManager:220 - loadIPPluginJar : add gfxmmu
2023-11-07 19:41:06,565 [INFO] IPUIPlugin:80 - create IPUIPlugin
2023-11-07 19:41:06,566 [INFO] PluginManager:220 - loadIPPluginJar : add gic
2023-11-07 19:41:06,603 [INFO] IPUIPlugin:80 - create IPUIPlugin
2023-11-07 19:41:06,604 [INFO] PluginManager:220 - loadIPPluginJar : add gpio
2023-11-07 19:41:06,821 [INFO] IPUIPlugin:80 - create IPUIPlugin
2023-11-07 19:41:06,821 [INFO] PluginManager:220 - loadIPPluginJar : add gtzc
2023-11-07 19:41:06,901 [INFO] IPUIPlugin:80 - create IPUIPlugin
2023-11-07 19:41:06,902 [INFO] PluginManager:220 - loadIPPluginJar : add hash
2023-11-07 19:41:06,926 [INFO] ThirdPartyUpdaterWithRetryManager:70 - Updater plugin not ready yet. [2/15]
2023-11-07 19:41:07,023 [INFO] IPUIPlugin:80 - create IPUIPlugin
2023-11-07 19:41:07,024 [INFO] PluginManager:220 - loadIPPluginJar : add i2c
2023-11-07 19:41:07,151 [INFO] IPUIPlugin:80 - create IPUIPlugin
2023-11-07 19:41:07,152 [INFO] PluginManager:220 - loadIPPluginJar : add i2s
2023-11-07 19:41:07,265 [INFO] IPUIPlugin:80 - create IPUIPlugin
2023-11-07 19:41:07,265 [INFO] PluginManager:220 - loadIPPluginJar : add i3c
2023-11-07 19:41:07,546 [INFO] IPUIPlugin:80 - create IPUIPlugin
2023-11-07 19:41:07,547 [INFO] PluginManager:220 - loadIPPluginJar : add ipddr
2023-11-07 19:41:07,769 [INFO] IPUIPlugin:80 - create IPUIPlugin
2023-11-07 19:41:07,769 [INFO] PluginManager:220 - loadIPPluginJar : add linkedlist
2023-11-07 19:41:07,851 [INFO] IPUIPlugin:80 - create IPUIPlugin
2023-11-07 19:41:07,851 [INFO] PluginManager:220 - loadIPPluginJar : add lorawan
2023-11-07 19:41:07,943 [INFO] IPUIPlugin:80 - create IPUIPlugin
2023-11-07 19:41:07,943 [INFO] PluginManager:220 - loadIPPluginJar : add ltdc
2023-11-07 19:41:07,987 [INFO] IPUIPlugin:80 - create IPUIPlugin
2023-11-07 19:41:07,988 [INFO] PluginManager:220 - loadIPPluginJar : add mdma
2023-11-07 19:41:08,024 [INFO] IPUIPlugin:80 - create IPUIPlugin
2023-11-07 19:41:08,025 [INFO] PluginManager:220 - loadIPPluginJar : add nvic
2023-11-07 19:41:08,118 [INFO] IPUIPlugin:80 - create IPUIPlugin
2023-11-07 19:41:08,118 [INFO] PluginManager:220 - loadIPPluginJar : add opamp
2023-11-07 19:41:08,296 [INFO] IPUIPlugin:80 - create IPUIPlugin
2023-11-07 19:41:08,296 [INFO] PluginManager:220 - loadIPPluginJar : add openamp
2023-11-07 19:41:08,446 [INFO] IPUIPlugin:80 - create IPUIPlugin
2023-11-07 19:41:08,446 [INFO] PluginManager:220 - loadIPPluginJar : add pdm2pcm
2023-11-07 19:41:08,496 [INFO] IPUIPlugin:80 - create IPUIPlugin
2023-11-07 19:41:08,511 [INFO] PluginManager:220 - loadIPPluginJar : add plateformsettings
2023-11-07 19:41:08,581 [INFO] IPUIPlugin:80 - create IPUIPlugin
2023-11-07 19:41:08,581 [INFO] PluginManager:220 - loadIPPluginJar : add quadspi
2023-11-07 19:41:08,612 [INFO] IPUIPlugin:80 - create IPUIPlugin
2023-11-07 19:41:08,612 [INFO] PluginManager:220 - loadIPPluginJar : add resmgrutility
2023-11-07 19:41:08,728 [INFO] IPUIPlugin:80 - create IPUIPlugin
2023-11-07 19:41:08,729 [INFO] PluginManager:220 - loadIPPluginJar : add sai
2023-11-07 19:41:08,816 [INFO] IPUIPlugin:80 - create IPUIPlugin
2023-11-07 19:41:08,816 [INFO] PluginManager:220 - loadIPPluginJar : add spi
2023-11-07 19:41:08,959 [INFO] IPUIPlugin:80 - create IPUIPlugin
2023-11-07 19:41:08,960 [INFO] PluginManager:220 - loadIPPluginJar : add stm32_wpan
2023-11-07 19:41:09,018 [INFO] IPUIPlugin:80 - create IPUIPlugin
2023-11-07 19:41:09,018 [INFO] PluginManager:220 - loadIPPluginJar : add tim
2023-11-07 19:41:09,152 [INFO] IPUIPlugin:80 - create IPUIPlugin
2023-11-07 19:41:09,153 [INFO] PluginManager:220 - loadIPPluginJar : add touchsensing
2023-11-07 19:41:09,209 [INFO] IPUIPlugin:80 - create IPUIPlugin
2023-11-07 19:41:09,209 [INFO] PluginManager:220 - loadIPPluginJar : add tracer_emb
2023-11-07 19:41:09,261 [INFO] IPUIPlugin:80 - create IPUIPlugin
2023-11-07 19:41:09,261 [INFO] PluginManager:220 - loadIPPluginJar : add ts
2023-11-07 19:41:09,310 [INFO] IPUIPlugin:80 - create IPUIPlugin
2023-11-07 19:41:09,310 [INFO] PluginManager:220 - loadIPPluginJar : add tsc
2023-11-07 19:41:09,361 [INFO] IPUIPlugin:80 - create IPUIPlugin
2023-11-07 19:41:09,361 [INFO] PluginManager:220 - loadIPPluginJar : add ucpd
2023-11-07 19:41:09,464 [INFO] IPUIPlugin:80 - create IPUIPlugin
2023-11-07 19:41:09,464 [INFO] PluginManager:220 - loadIPPluginJar : add usart
2023-11-07 19:41:09,566 [INFO] IPUIPlugin:80 - create IPUIPlugin
2023-11-07 19:41:09,566 [INFO] PluginManager:220 - loadIPPluginJar : add usbx
2023-11-07 19:41:09,846 [INFO] CADModel:165 - CPN selected for project level
2023-11-07 19:41:09,847 [INFO] CADModel:114 - Register for checkConnection events
2023-11-07 19:41:09,848 [FATAL] Updater:308 - Updater called before beeing initialized
2023-11-07 19:41:09,849 [ERROR] CADModel:125 - Updater not yet initialized, retry later 
2023-11-07 19:41:09,941 [INFO] ThirdPartyUpdaterWithRetryManager:70 - Updater plugin not ready yet. [3/15]
2023-11-07 19:41:10,516 [INFO] CADModel:165 - CPN selected for project level
2023-11-07 19:41:10,516 [INFO] CADModel:114 - Register for checkConnection events
2023-11-07 19:41:10,516 [FATAL] Updater:308 - Updater called before beeing initialized
2023-11-07 19:41:10,518 [ERROR] CADModel:125 - Updater not yet initialized, retry later 
2023-11-07 19:41:10,530 [FATAL] Updater:308 - Updater called before beeing initialized
2023-11-07 19:41:10,934 [FATAL] Updater:308 - Updater called before beeing initialized
2023-11-07 19:41:10,970 [INFO] DbMcusAds:53 - JSON generation date=Tue Mar 07 15:50:55 ICT 2023 (1678179055335)
2023-11-07 19:41:10,971 [FATAL] Updater:308 - Updater called before beeing initialized
2023-11-07 19:41:11,079 [WARN] DetailPanel:346 - Failed to get advertising image, set to default
2023-11-07 19:41:11,781 [FATAL] Updater:308 - Updater called before beeing initialized
2023-11-07 19:41:11,792 [FATAL] Updater:308 - Updater called before beeing initialized
2023-11-07 19:41:11,792 [FATAL] Updater:308 - Updater called before beeing initialized
2023-11-07 19:41:11,792 [WARN] DetailPanel:346 - Failed to get advertising image, set to default
2023-11-07 19:41:11,796 [FATAL] Updater:308 - Updater called before beeing initialized
2023-11-07 19:41:12,038 [ERROR] Updater:1120 - MainUpdater not yet initialized. External WinMGr cannot be set.
2023-11-07 19:41:12,066 [INFO] Updater:1056 - Updater Version found : 6.8.1
2023-11-07 19:41:12,127 [INFO] ApplicationProperties:184 - Using Application install path: C:\ST\STM32CubeIDE_1.12.1\STM32CubeIDE\plugins\com.st.stm32cube.common.mx_6.8.1.202304191431
2023-11-07 19:41:13,007 [FATAL] Updater:308 - Updater called before beeing initialized
2023-11-07 19:41:13,036 [ERROR] IntegrityCheckThread:130 - Cannot retrieve database content from updater: error 21
2023-11-07 19:41:13,039 [INFO] ThirdParty:978 - Integrity check success = false
2023-11-07 19:41:13,040 [INFO] IntegrityCheckThread:100 - exiting critical section [integrity check]
2023-11-07 19:41:13,043 [INFO] IntegrityCheckThread:103 - End integrity checks thread
2023-11-07 19:41:13,612 [INFO] MainUpdater:2854 - connection check result : 10
2023-11-07 19:41:13,613 [INFO] MainUpdater:3548 - Updater definition file requires update
2023-11-07 19:41:13,615 [INFO] MainUpdater:283 - Updater Check For Update Now.
2023-11-07 19:41:13,617 [INFO] MicroXplorer:498 - Change Database Version : DB.6.0.81
2023-11-07 19:41:14,033 [INFO] ServerAccessManage:473 - Download File updaters.zip
2023-11-07 19:41:15,531 [INFO] FileExtend:240 - Unzip File : updaters.zip
2023-11-07 19:41:15,531 [INFO] FileExtend:255 - Standard Zip Deflate
2023-11-07 19:41:17,816 [INFO] ServerAccessManage:473 - Download File PacksControlFlags.xml
2023-11-07 19:41:18,452 [INFO] ServerAccessManage:473 - Download File cubemx.pidx
2023-11-07 19:41:19,422 [INFO] LoadServerUpdatesThread:373 - End of LoadServerUpdate Thread
2023-11-07 19:41:20,621 [INFO] MainUpdater:2854 - connection check result : 10
2023-11-07 19:41:20,664 [INFO] CheckServerUpdateThread:120 - End of CheckServer Thread
2023-11-07 19:41:20,937 [INFO] MainUpdater:2854 - connection check result : 10
2023-11-07 19:41:22,686 [INFO] MicroXplorer:468 - Change Database Path : 
2023-11-07 19:41:22,686 [INFO] MicroXplorer:498 - Change Database Version : DB.6.0.81
2023-11-07 19:41:22,687 [WARN] ThirdParty:871 - waiting for thirdparty lock release [close project]
2023-11-07 19:41:22,687 [INFO] ThirdParty:873 - entering critical section [close project]
2023-11-07 19:41:22,695 [INFO] ThirdParty:883 - exiting critical section [close project]
2023-11-07 19:41:22,722 [INFO] PinOutPanel:1499 - setPackage(No Configuration,No Configuration)
2023-11-07 19:41:22,789 [INFO] UtilMem:75 - Begin LoadConfig() Used Memory: 465980696 Bytes (867172352)
2023-11-07 19:41:22,803 [INFO] MicroXplorer:468 - Change Database Path : 
2023-11-07 19:41:22,803 [INFO] MicroXplorer:498 - Change Database Version : DB.6.0.81
2023-11-07 19:41:22,804 [INFO] OpenFileManager:308 - Change cursor
2023-11-07 19:41:23,031 [WARN] IntegrityCheckThread:84 - waiting for thirdparty lock release [integrity check]
2023-11-07 19:41:23,033 [INFO] IntegrityCheckThread:86 - entering critical section [integrity check]
2023-11-07 19:41:26,533 [WARN] PackLoader:240 - Cannot read IP mode file for STMicroelectronics.X-CUBE-SMBUS.2.1.0
2023-11-07 19:41:27,004 [WARN] PackLoader:240 - Cannot read IP mode file for STMicroelectronics.X-CUBE-AZRTOS-F7.1.1.0
2023-11-07 19:41:27,367 [WARN] PackLoader:240 - Cannot read IP mode file for STMicroelectronics.FP-SNS-MOTENV1.4.3.2
2023-11-07 19:41:27,771 [ERROR] RealEvaluatedCondition:428 - Found unsupported composite condition: GROUP='STM32_MetaDataManager' CLASS='Data Exchange'
2023-11-07 19:41:27,772 [ERROR] RealEvaluatedCondition:428 - Found unsupported composite condition: GROUP='STM32_MetaDataManager' CLASS='Data Exchange'
2023-11-07 19:41:27,786 [WARN] PackLoader:240 - Cannot read IP mode file for STMicroelectronics.FP-SNS-MOTENV1.4.3.1
2023-11-07 19:41:28,100 [WARN] PackLoader:240 - Cannot read IP mode file for STMicroelectronics.FP-SNS-FLIGHT1.5.0.1
2023-11-07 19:41:28,288 [WARN] PackLoader:240 - Cannot read IP mode file for STMicroelectronics.X-CUBE-BLE1.6.2.4
2023-11-07 19:41:28,501 [WARN] PackLoader:240 - Cannot read IP mode file for STMicroelectronics.X-CUBE-DISPLAY.3.0.0
2023-11-07 19:41:28,704 [WARN] PackLoader:240 - Cannot read IP mode file for STMicroelectronics.X-CUBE-TOUCHGFX.4.22.0
2023-11-07 19:41:28,883 [WARN] PackLoader:240 - Cannot read IP mode file for STMicroelectronics.X-CUBE-TOUCHGFX.4.22.1
2023-11-07 19:41:29,054 [WARN] PackLoader:240 - Cannot read IP mode file for STMicroelectronics.FP-SNS-SMARTAG2.1.2.0
2023-11-07 19:41:29,369 [INFO] LogOutputStream:77 - [STDOUT_REDIRECT] 1 : Invalid condition id : UX_CORESTACK_Condition cause : null
2023-11-07 19:41:29,372 [INFO] LogOutputStream:77 - [STDOUT_REDIRECT] 1 : Invalid condition id : UX_CORESTACK_Condition cause : null
2023-11-07 19:41:29,394 [INFO] LogOutputStream:77 - [STDOUT_REDIRECT] 1 : Invalid condition id : UX_CORESTACK_Condition cause : null
2023-11-07 19:41:29,405 [INFO] LogOutputStream:77 - [STDOUT_REDIRECT] 1 : Invalid condition id : UX_CORESTACK_Condition cause : null
2023-11-07 19:41:29,436 [INFO] LogOutputStream:77 - [STDOUT_REDIRECT] 1 : Invalid condition id : UX_CORESTACK_Condition cause : null
2023-11-07 19:41:29,486 [WARN] PackLoader:240 - Cannot read IP mode file for STMicroelectronics.X-CUBE-AZRTOS-WL.2.0.0
2023-11-07 19:41:29,700 [WARN] PackLoader:240 - Cannot read IP mode file for WES.I-CUBE-Cesium.1.3.0
2023-11-07 19:41:29,970 [WARN] PackLoader:240 - Cannot read IP mode file for STMicroelectronics.X-CUBE-BLE2.3.3.0
2023-11-07 19:41:30,064 [WARN] PackLoader:240 - Cannot read IP mode file for STMicroelectronics.X-CUBE-TOUCHGFX.4.21.4
2023-11-07 19:41:30,171 [WARN] PackLoader:240 - Cannot read IP mode file for STMicroelectronics.X-CUBE-ALGOBUILD.1.3.0
2023-11-07 19:41:30,538 [WARN] PackLoader:240 - Cannot read IP mode file for STMicroelectronics.X-CUBE-AZRTOS-G0.1.1.0
2023-11-07 19:41:30,837 [WARN] PackLoader:240 - Cannot read IP mode file for STMicroelectronics.X-CUBE-NFC4.3.0.0
2023-11-07 19:41:31,120 [WARN] PackLoader:240 - Cannot read IP mode file for STMicroelectronics.X-CUBE-BLEMGR.3.0.0
2023-11-07 19:41:31,370 [WARN] PackLoader:240 - Cannot read IP mode file for STMicroelectronics.FP-ATR-SIGFOX1.3.2.0
2023-11-07 19:41:31,833 [WARN] PackLoader:240 - Cannot read IP mode file for SEGGER.I-CUBE-embOS.1.3.1
2023-11-07 19:41:33,669 [WARN] PackLoader:240 - Cannot read IP mode file for STMicroelectronics.X-CUBE-GNSS1.6.0.0
2023-11-07 19:41:34,435 [WARN] PackLoader:240 - Cannot read IP mode file for STMicroelectronics.X-CUBE-AZRTOS-F4.1.1.0
2023-11-07 19:41:34,803 [WARN] PackLoader:240 - Cannot read IP mode file for wolfSSL.I-CUBE-wolfSSL.5.6.0
2023-11-07 19:41:35,019 [WARN] PackLoader:240 - Cannot read IP mode file for STMicroelectronics.X-CUBE-AZRTOS-L5.2.0.0
2023-11-07 19:41:35,915 [WARN] PackLoader:240 - Cannot read IP mode file for STMicroelectronics.X-CUBE-MEMS1.9.6.0
2023-11-07 19:41:40,493 [WARN] PackLoader:240 - Cannot read IP mode file for STMicroelectronics.X-CUBE-EEPRMA1.4.2.0
2023-11-07 19:41:40,933 [WARN] PackLoader:240 - Cannot read IP mode file for ITTIA_DB.I-CUBE-ITTIADB.8.8.0
2023-11-07 19:41:41,061 [WARN] PackLoader:240 - Cannot read IP mode file for emotas.I-CUBE-CANOPEN.1.1.3
2023-11-07 19:41:41,283 [WARN] PackLoader:240 - Cannot read IP mode file for STMicroelectronics.X-CUBE-BLEMGR.2.0.0
2023-11-07 19:41:42,119 [WARN] ConditionMgr:438 - getConditionDescription Invalid condition id : UX DEVICE CLASS RTOS Condition cause : null
2023-11-07 19:41:42,609 [WARN] ConditionMgr:438 - getConditionDescription Invalid condition id : UX DEVICE CLASS RTOS Condition cause : null
2023-11-07 19:41:42,754 [WARN] PackLoader:240 - Cannot read IP mode file for STMicroelectronics.X-CUBE-AZRTOS-H7.3.1.0
2023-11-07 19:41:42,770 [WARN] ConditionMgr:1039 - genDependencies : Invalid condition id : UX DEVICE CLASS RTOS Condition cause : null
2023-11-07 19:41:42,781 [WARN] ConditionMgr:1039 - genDependencies : Invalid condition id : UX DEVICE CLASS RTOS Condition cause : null
2023-11-07 19:41:42,827 [WARN] ConditionMgr:1039 - genDependencies : Invalid condition id : UX DEVICE CLASS RTOS Condition cause : null
2023-11-07 19:41:42,847 [WARN] ConditionMgr:1039 - genDependencies : Invalid condition id : UX DEVICE CLASS RTOS Condition cause : null
2023-11-07 19:41:42,847 [WARN] ConditionMgr:1039 - genDependencies : Invalid condition id : UX DEVICE CLASS RTOS Condition cause : null
2023-11-07 19:41:43,575 [WARN] PackLoader:240 - Cannot read IP mode file for STMicroelectronics.X-CUBE-NFC7.1.0.1
2023-11-07 19:41:43,767 [WARN] PackLoader:240 - Cannot read IP mode file for STMicroelectronics.X-CUBE-NFC6.3.0.0
2023-11-07 19:41:43,870 [WARN] PackLoader:240 - Cannot read IP mode file for STMicroelectronics.X-CUBE-EEPRMA1.4.1.0
2023-11-07 19:41:44,252 [WARN] ConditionMgr:438 - getConditionDescription Invalid condition id : LAN8742 Phy interface Condition cause : null
2023-11-07 19:41:44,283 [WARN] PackLoader:240 - Cannot read IP mode file for STMicroelectronics.X-CUBE-AZRTOS-L4.2.0.0
2023-11-07 19:41:44,302 [WARN] ConditionMgr:1039 - genDependencies : Invalid condition id : LAN8742 Phy interface Condition cause : null
2023-11-07 19:41:44,318 [WARN] ConditionMgr:1039 - genDependencies : Invalid condition id : LAN8742 Phy interface Condition cause : null
2023-11-07 19:41:44,320 [WARN] ConditionMgr:1039 - genDependencies : Invalid condition id : LAN8742 Phy interface Condition cause : null
2023-11-07 19:41:44,550 [WARN] PackLoader:240 - Cannot read IP mode file for STMicroelectronics.X-CUBE-SFXS2LP1.4.0.0
2023-11-07 19:41:44,700 [WARN] PackLoader:240 - Cannot read IP mode file for STMicroelectronics.X-CUBE-ISPU.1.1.0
2023-11-07 19:41:44,931 [WARN] ConditionMgr:438 - getConditionDescription Invalid condition id : UX DEVICE CLASS RTOS Condition cause : null
2023-11-07 19:41:44,933 [WARN] ConditionMgr:438 - getConditionDescription Invalid condition id : UX DEVICE CLASS RTOS Condition cause : null
2023-11-07 19:41:45,031 [WARN] PackLoader:240 - Cannot read IP mode file for STMicroelectronics.X-CUBE-AZRTOS-WB.2.0.0
2023-11-07 19:41:45,033 [WARN] ConditionMgr:1039 - genDependencies : Invalid condition id : UX DEVICE CLASS RTOS Condition cause : null
2023-11-07 19:41:45,034 [WARN] ConditionMgr:1039 - genDependencies : Invalid condition id : UX DEVICE CLASS RTOS Condition cause : null
2023-11-07 19:41:45,035 [WARN] ConditionMgr:1039 - genDependencies : Invalid condition id : UX DEVICE CLASS RTOS Condition cause : null
2023-11-07 19:41:45,036 [WARN] ConditionMgr:1039 - genDependencies : Invalid condition id : UX DEVICE CLASS RTOS Condition cause : null
2023-11-07 19:41:45,037 [WARN] ConditionMgr:1039 - genDependencies : Invalid condition id : UX DEVICE CLASS RTOS Condition cause : null
2023-11-07 19:41:45,492 [WARN] PackLoader:240 - Cannot read IP mode file for STMicroelectronics.X-CUBE-FREERTOS.1.0.1
2023-11-07 19:41:45,684 [WARN] PackLoader:240 - Cannot read IP mode file for STMicroelectronics.X-CUBE-AZRTOS-L5.1.1.0
2023-11-07 19:41:45,948 [WARN] PackLoader:240 - Cannot read IP mode file for STMicroelectronics.X-CUBE-AI.8.0.1
2023-11-07 19:41:46,370 [WARN] PackLoader:240 - Cannot read IP mode file for STMicroelectronics.X-CUBE-SUBG2.5.0.0
2023-11-07 19:41:47,005 [WARN] PackLoader:240 - Cannot read IP mode file for STMicroelectronics.X-CUBE-TOF1.3.3.1
2023-11-07 19:41:47,247 [WARN] PackLoader:240 - Cannot read IP mode file for STMicroelectronics.X-CUBE-AZRTOS-G4.2.0.0
2023-11-07 19:41:47,384 [WARN] PackLoader:240 - Cannot read IP mode file for STMicroelectronics.X-CUBE-TOF1.3.3.0
2023-11-07 19:41:48,756 [WARN] PackLoader:240 - Cannot read IP mode file for Infineon.AIROC-Wi-Fi-Bluetooth-STM32.1.5.1
2023-11-07 19:41:49,202 [WARN] PackLoader:240 - Cannot read IP mode file for STMicroelectronics.X-CUBE-MEMS1.10.0.0
2023-11-07 19:41:49,776 [WARN] PackLoader:240 - Cannot read IP mode file for STMicroelectronics.X-CUBE-FREERTOS.1.1.0
2023-11-07 19:41:49,818 [WARN] PackLoader:240 - Cannot read IP mode file for portGmbH.I-Cube-SoM-uGOAL.1.1.0
2023-11-07 19:41:49,882 [WARN] PackLoader:240 - Cannot read IP mode file for STMicroelectronics.X-CUBE-ALS.1.0.1
2023-11-07 19:41:50,655 [WARN] PackLoader:240 - Cannot read IP mode file for STMicroelectronics.X-CUBE-AZRTOS-WB.1.1.0
2023-11-07 19:41:50,971 [WARN] PackLoader:240 - Cannot read IP mode file for STMicroelectronics.FP-ATR-ASTRA1.2.0.0
2023-11-07 19:41:50,972 [INFO] ThirdParty:978 - Integrity check success = true
2023-11-07 19:41:50,972 [INFO] IntegrityCheckThread:100 - exiting critical section [integrity check]
2023-11-07 19:41:50,973 [INFO] IntegrityCheckThread:103 - End integrity checks thread
2023-11-07 19:41:51,284 [INFO] Mcu:1937 - Initializing MCU STM32F407V(E-G)Tx STM32F407VGTx STM32F407VGT6
2023-11-07 19:42:06,231 [INFO] Context:659 - Trying to add GPIOservice into a context  which must be forbidden
2023-11-07 19:42:08,669 [INFO] RtosManager:555 - Registered RTOS mode: class=CMSIS, group=RTOS, mode=CMSIS_V1, owner=FREERTOS
2023-11-07 19:42:08,669 [INFO] RtosManager:555 - Registered RTOS mode: class=CMSIS, group=RTOS2, mode=CMSIS_V2, owner=FREERTOS
2023-11-07 19:42:08,670 [INFO] RtosManager:555 - Registered RTOS mode: class=RTOS, group=Core, mode=CMSIS_V1, owner=FREERTOS
2023-11-07 19:42:08,670 [INFO] RtosManager:555 - Registered RTOS mode: class=RTOS, group=Core, mode=CMSIS_V2, owner=FREERTOS
2023-11-07 19:42:08,670 [WARN] ModelIntegratedComponent:184 - Missing modes for component STMicroelectronics:FreeRTOS:0.0.1:STMicroelectronics:RTOS:FreeRTOS:Core:::10.2.0:
2023-11-07 19:42:08,711 [WARN] ModelIntegratedComponent:63 - No mode defined for component null
2023-11-07 19:42:08,711 [WARN] ModelIntegratedComponent:63 - No mode defined for component null
2023-11-07 19:42:08,711 [WARN] ModelIntegratedComponent:63 - No mode defined for component null
2023-11-07 19:42:08,711 [WARN] ModelIntegratedComponent:63 - No mode defined for component null
2023-11-07 19:42:08,711 [WARN] ModelIntegratedComponent:63 - No mode defined for component null
2023-11-07 19:42:08,712 [WARN] ModelIntegratedComponent:63 - No mode defined for component null
2023-11-07 19:42:08,712 [WARN] ModelIntegratedComponent:63 - No mode defined for component null
2023-11-07 19:42:08,712 [WARN] ModelIntegratedComponent:63 - No mode defined for component null
2023-11-07 19:42:08,712 [WARN] ModelIntegratedComponent:63 - No mode defined for component null
2023-11-07 19:42:08,712 [WARN] ModelIntegratedComponent:63 - No mode defined for component null
2023-11-07 19:42:08,712 [WARN] ModelIntegratedComponent:63 - No mode defined for component null
2023-11-07 19:42:08,712 [WARN] ModelIntegratedComponent:63 - No mode defined for component null
2023-11-07 19:42:08,712 [WARN] ModelIntegratedComponent:63 - No mode defined for component null
2023-11-07 19:42:08,712 [WARN] ModelIntegratedComponent:63 - No mode defined for component null
2023-11-07 19:42:08,713 [WARN] ModelIntegratedComponent:63 - No mode defined for component null
2023-11-07 19:42:08,713 [WARN] ModelIntegratedComponent:63 - No mode defined for component null
2023-11-07 19:42:08,713 [WARN] ModelIntegratedComponent:63 - No mode defined for component null
2023-11-07 19:42:08,713 [WARN] ModelIntegratedComponent:63 - No mode defined for component null
2023-11-07 19:42:08,713 [WARN] ModelIntegratedComponent:63 - No mode defined for component null
2023-11-07 19:42:08,713 [WARN] ModelIntegratedComponent:63 - No mode defined for component null
2023-11-07 19:42:08,714 [WARN] ModelIntegratedComponent:63 - No mode defined for component null
2023-11-07 19:42:08,714 [WARN] ModelIntegratedComponent:63 - No mode defined for component null
2023-11-07 19:42:08,714 [WARN] ModelIntegratedComponent:63 - No mode defined for component null
2023-11-07 19:42:08,714 [WARN] ModelIntegratedComponent:63 - No mode defined for component null
2023-11-07 19:42:08,714 [WARN] ModelIntegratedComponent:63 - No mode defined for component null
2023-11-07 19:42:08,714 [WARN] ModelIntegratedComponent:63 - No mode defined for component null
2023-11-07 19:42:08,714 [WARN] ModelIntegratedComponent:63 - No mode defined for component null
2023-11-07 19:42:08,715 [WARN] ModelIntegratedComponent:63 - No mode defined for component null
2023-11-07 19:42:08,715 [WARN] ModelIntegratedComponent:63 - No mode defined for component null
2023-11-07 19:42:08,715 [WARN] ModelIntegratedComponent:63 - No mode defined for component null
2023-11-07 19:42:08,715 [WARN] ModelIntegratedComponent:63 - No mode defined for component null
2023-11-07 19:42:08,715 [WARN] ModelIntegratedComponent:63 - No mode defined for component null
2023-11-07 19:42:08,715 [WARN] ModelIntegratedComponent:63 - No mode defined for component null
2023-11-07 19:42:08,970 [INFO] ThirdPartyModel:298 - Start build external matchings
2023-11-07 19:42:10,158 [INFO] ThirdPartyModel:316 - End build external matchings
2023-11-07 19:42:11,026 [INFO] UtilMem:75 - End LoadConfig() Used Memory: 677726912 Bytes (867172352)
2023-11-07 19:42:11,327 [INFO] ApiDb:581 - Connected to CubeFinder SQLite database (C:\Users\Admin\.stmcufinder\plugins\mcufinder\mcu\cube-finder-db.db)
2023-11-07 19:42:11,533 [INFO] ApiDb:668 - CubeFinder database Data Model version=2.1
2023-11-07 19:42:11,534 [INFO] ApiDb:669 - CubeFinder database Configuration version=3.0.37
2023-11-07 19:42:11,534 [INFO] ApiDb:670 - CubeFinder database generation date=2023-10-13 (1697197505)
2023-11-07 19:42:11,534 [INFO] ApiDb:671 - CubeFinder database FW Pack versions=[FP-ATR-ASTRA1_V2.0.0, FP-SNS-FLIGHT1_V5.0.1, FP-SNS-FLIGHT1_V5.0.2, FP-SNS-MOTENV1_V4.3.1, FP-SNS-MOTENV1_V4.3.2, FP-SNS-SMARTAG2_V1.2.0, I-CUBE-ITTIADB_V8.6.3-1, STM32Cube_FW_C0_V1.1.0, STM32Cube_FW_F4_V1.27.1, STM32Cube_FW_F7_V1.17.0, STM32Cube_FW_G0_V1.6.1, STM32Cube_FW_G4_V1.5.1, STM32Cube_FW_H5_V0.5.1, STM32Cube_FW_H5_V1.1.1, STM32Cube_FW_H7_V1.11.0, STM32Cube_FW_L0_V1.12.2, STM32Cube_FW_L5_V1.5.0, STM32Cube_FW_U5_V1.3.0, STM32Cube_FW_U5_V1.3.0RC4, STM32Cube_FW_WBA_V1.0.0RC1, STM32Cube_FW_WBA_V1.1.0RC1, STM32Cube_FW_WBA_V1.1.1, STM32Cube_FW_WB_V1.15.0RC1, STM32Cube_FW_WB_V1.16.0, STM32Cube_FW_WB_V1.16.0RC2, STM32Cube_FW_WB_V1.17.3, STM32Cube_FW_WL_V1.3.0, X-CUBE-ALGOBUILD_V1.3.0, X-CUBE-ALS_V1.0.1, X-CUBE-AZRTOS-F4_V1.1.0, X-CUBE-AZRTOS-F7_V1.1.0, X-CUBE-AZRTOS-G0_V1.1.0, X-CUBE-AZRTOS-G4_V2.0.0, X-CUBE-AZRTOS-H7_V3.1.0, X-CUBE-AZRTOS-L4_V1.0.0, X-CUBE-AZRTOS-L4_V2.0.0, X-CUBE-AZRTOS-L5_V1.1.0, X-CUBE-AZRTOS-WB_V2.0.0, X-CUBE-AZRTOS-WL_V2.0.0, X-CUBE-BLE1_V7.0.0, X-CUBE-BLE2_V3.3.0, X-CUBE-BLEMGR_V2.0.0, X-CUBE-EEPRMA1_V4.1.0, X-CUBE-FREERTOS_V1.1.0, X-CUBE-GNSS1_V6.0.0, X-CUBE-MEMS1_V10.0.0, X-CUBE-MEMS1_V9.1.0, X-CUBE-MEMS1_V9.4.0, X-CUBE-MEMS1_V9.6.0, X-CUBE-NFC4_V3.0.0, X-CUBE-NFC7_V1.0.1, X-CUBE-SFXS2LP1_V4.0.0, X-CUBE-SUBG2_V5.0.0, X-CUBE-TOF1_V3.3.1]
2023-11-07 19:42:16,401 [INFO] ApiDb:240 - Found 297 in-development CPN: [B-G473E-ZEST1S, B-WB1M-WPAN1, B-WL5M-SUBG1, NUCLEO-C031C6, NUCLEO-H503RB, NUCLEO-H563ZI, NUCLEO-U545RE-Q, NUCLEO-U5A5ZJ-Q, NUCLEO-WBA52CG, STEVAL-PROTEUS1, STEVAL-STWINBX1, STM320518-EVAL, STM32C0116-DK, STM32C011D6Y3TR, STM32C011D6Y6TR, STM32C011F4P3, STM32C011F4P6, STM32C011F4U3, STM32C011F4U6TR, STM32C011F6P3, STM32C011F6P6, STM32C011F6U3, STM32C011F6U6TR, STM32C011J4M3, STM32C011J4M6, STM32C011J6M3, STM32C011J6M6, STM32C0316-DK, STM32C031C4T3, STM32C031C4T6, STM32C031C4U3, STM32C031C4U6, STM32C031C6T3, STM32C031C6T6, STM32C031C6U3, STM32C031C6U6, STM32C031F4P3, STM32C031F4P6, STM32C031F6P3, STM32C031F6P6, STM32C031G4U3, STM32C031G4U6, STM32C031G6U3, STM32C031G6U6, STM32C031K4T3, STM32C031K4T6, STM32C031K4U3, STM32C031K4U6, STM32C031K6T3, STM32C031K6T6, STM32C031K6U3, STM32C031K6U6, STM32G071K8TXN, STM32G071K8UXN, STM32G081GBU6N, STM32G081KBT6N, STM32G081KBUXN, STM32G0B1CCT6N, STM32G0B1KCT6, STM32G0B1NEY6TR, STM32G0B1RCT6N, STM32G0C1CCT6, STM32G0C1CCT6N, STM32G0C1CCU6N, STM32G0C1CET6N, STM32G0C1CEU6N, STM32G0C1KCT6, STM32G0C1NEY6TR, STM32G0C1RCI6N, STM32G0C1RCT6N, STM32G0C1REI6N, STM32G0C1RET6N, STM32G0C1VCI6, STM32G0C1VEI6, STM32G471CCT6, STM32G471CCU6, STM32G471CET3, STM32G471CET6, STM32G471CEU3, STM32G471CEU6, STM32G471MCT6, STM32G471MET3, STM32G471MET6, STM32G471MEY6TR, STM32G471QCT6, STM32G471QET3, STM32G471RCT6, STM32G471RET3, STM32G471RET6, STM32G471VCH6, STM32G471VCI6, STM32G471VCT6, STM32G471VEH3, STM32G471VEH6, STM32G471VEI3, STM32G471VEI6, STM32G471VET3, STM32G471VET6, STM32G474CCT6, STM32H503CBT6, STM32H503CBU6, STM32H503EBY6TR, STM32H503KBU6, STM32H503RBT6, STM32H562AGI6, STM32H562AII6, STM32H562IGK6, STM32H562IGT6, STM32H562IIK6, STM32H562IIT6, STM32H562RGT6, STM32H562RGV6, STM32H562RIT6, STM32H562RIV6, STM32H562VGT6, STM32H562VIT6, STM32H562ZGT6, STM32H562ZIT6, STM32H563AGI6, STM32H563AII3Q, STM32H563AII6, STM32H563IGK6, STM32H563IGT6, STM32H563IIK3Q, STM32H563IIK6, STM32H563IIT3Q, STM32H563IIT6, STM32H563MIY3QTR, STM32H563RGT6, STM32H563RGV6, STM32H563RIT6, STM32H563RIV6, STM32H563VGT6, STM32H563VIT3Q, STM32H563VIT6, STM32H563ZGT6, STM32H563ZIT3Q, STM32H563ZIT6, STM32H573AII3Q, STM32H573AII6, STM32H573I-DK, STM32H573IIK3Q, STM32H573IIK6, STM32H573IIT3Q, STM32H573IIT6, STM32H573MIY3QTR, STM32H573RIT6, STM32H573RIV6, STM32H573VIT3Q, STM32H573VIT6, STM32H573ZIT3Q, STM32H573ZIT6, STM32L4R5QGI6STR, STM32MP131AAE3, STM32MP131AAF3, STM32MP131AAG3, STM32MP131CAE3, STM32MP131CAF3, STM32MP131CAG3, STM32MP131DAE7, STM32MP131DAF7, STM32MP131DAG7, STM32MP131FAE7, STM32MP131FAF7, STM32MP131FAG7, STM32MP133AAE3, STM32MP133AAF3, STM32MP133AAG3, STM32MP133CAE3, STM32MP133CAF3, STM32MP133CAG3, STM32MP133DAE7, STM32MP133DAF7, STM32MP133DAG7, STM32MP133FAE7, STM32MP133FAF7, STM32MP133FAG7, STM32MP135AAE3, STM32MP135AAF3, STM32MP135AAG3, STM32MP135CAE3, STM32MP135CAF3, STM32MP135CAG3, STM32MP135DAE7, STM32MP135DAF7, STM32MP135DAG7, STM32MP135F-DK, STM32MP135FAE7, STM32MP135FAF7, STM32MP135FAF7T, STM32MP135FAF7U, STM32MP135FAG7, STM32U535CBT6, STM32U535CBT6Q, STM32U535CBU6, STM32U535CBU6Q, STM32U535CCT6, STM32U535CCT6Q, STM32U535CCU6, STM32U535CCU6Q, STM32U535CET6, STM32U535CET6Q, STM32U535CEU6, STM32U535CEU6Q, STM32U535JEY6QTR, STM32U535NCY6QTR, STM32U535NEY6QTR, STM32U535RBI6, STM32U535RBI6Q, STM32U535RBT6, STM32U535RBT6Q, STM32U535RCI6, STM32U535RCI6Q, STM32U535RCT6, STM32U535RCT6Q, STM32U535REI6, STM32U535REI6Q, STM32U535RET6, STM32U535RET6Q, STM32U535VCI6, STM32U535VCI6Q, STM32U535VCT6, STM32U535VCT6Q, STM32U535VEI6, STM32U535VEI6Q, STM32U535VET6, STM32U535VET6Q, STM32U545CET6, STM32U545CET6Q, STM32U545CEU6, STM32U545CEU6Q, STM32U545JEY6QTR, STM32U545NEY6QTR, STM32U545REI6, STM32U545REI6Q, STM32U545RET6, STM32U545RET6Q, STM32U545VEI6, STM32U545VEI6Q, STM32U545VET6, STM32U545VET6Q, STM32U595AIH6, STM32U595AIH6Q, STM32U595AJH6, STM32U595AJH6Q, STM32U595QII6, STM32U595QII6Q, STM32U595QJI6, STM32U595QJI6Q, STM32U595RIT6, STM32U595RIT6Q, STM32U595RJT6, STM32U595RJT6Q, STM32U595VIT6, STM32U595VIT6Q, STM32U595VJT6, STM32U595VJT6Q, STM32U595ZIT6, STM32U595ZIT6Q, STM32U595ZIY6QTR, STM32U595ZJT6, STM32U595ZJT6Q, STM32U595ZJY6QTR, STM32U599BJY6QTR, STM32U599NIH6Q, STM32U599NJH6Q, STM32U599VIT6Q, STM32U599VJT6, STM32U599VJT6Q, STM32U599ZIT6Q, STM32U599ZIY6QTR, STM32U599ZJT6Q, STM32U599ZJY6QTR, STM32U5A5AJH6, STM32U5A5AJH6Q, STM32U5A5QJI6, STM32U5A5QJI6Q, STM32U5A5RJT6, STM32U5A5RJT6Q, STM32U5A5VJT6, STM32U5A5VJT6Q, STM32U5A5ZJT6, STM32U5A5ZJT6Q, STM32U5A5ZJY6QTR, STM32U5A9BJY6QTR, STM32U5A9J-DK, STM32U5A9NJH6Q, STM32U5A9VJT6Q, STM32U5A9ZJT6Q, STM32U5A9ZJY6QTR, STM32WB1MMCH6, STM32WBA52CEU6, STM32WBA52CEU6T, STM32WBA52CGU6, STM32WBA52CGU6T, STM32WL5MOCH6, STM32WL5MOCH6TR]
2023-11-07 19:42:16,407 [INFO] DbMcus:216 - Found 3825 MCUs, 3825 are supported
2023-11-07 19:42:16,414 [INFO] ApiDb:423 - Load user favorites file C:\Users\Admin/.stm32cubeide/favorites.mcus.txt: 0 item(s)
2023-11-07 19:42:16,414 [INFO] ApiDb:427 - User favorites MCUs=[]
2023-11-07 19:42:16,414 [INFO] DbMcus:222 - Set 0 / 0 favorites MCUs
2023-11-07 19:42:17,432 [WARN] ThirdParty:833 - waiting for thirdparty lock release [change project]
2023-11-07 19:42:17,432 [INFO] ThirdParty:835 - entering critical section [change project]
2023-11-07 19:42:17,432 [INFO] ThirdParty:1030 - CMSIS Pack Vendor :STMicroelectronics X-CUBE-ISPU 1.1.0
2023-11-07 19:42:17,432 [INFO] ThirdParty:1030 - CMSIS Pack Vendor :STMicroelectronics X-CUBE-GNSS1 6.0.0
2023-11-07 19:42:17,433 [INFO] ThirdParty:1030 - CMSIS Pack Vendor :STMicroelectronics USB_HOST 2.0.0
2023-11-07 19:42:17,433 [INFO] ThirdParty:1030 - CMSIS Pack Vendor :STMicroelectronics X-CUBE-AZRTOS-F4 1.1.0
2023-11-07 19:42:17,433 [INFO] ThirdParty:1030 - CMSIS Pack Vendor :STMicroelectronics LIBJPEG 8.0.0
2023-11-07 19:42:17,433 [INFO] ThirdParty:1030 - CMSIS Pack Vendor :STMicroelectronics X-CUBE-SMBUS 2.1.0
2023-11-07 19:42:17,433 [INFO] ThirdParty:1030 - CMSIS Pack Vendor :wolfSSL I-CUBE-wolfSSL 5.6.0
2023-11-07 19:42:17,433 [INFO] ThirdParty:1030 - CMSIS Pack Vendor :STMicroelectronics USB_DEVICE 3.0.0
2023-11-07 19:42:17,433 [INFO] ThirdParty:1030 - CMSIS Pack Vendor :STMicroelectronics X-CUBE-AZRTOS-WB 2.0.0
2023-11-07 19:42:17,433 [INFO] ThirdParty:1030 - CMSIS Pack Vendor :STMicroelectronics X-CUBE-FREERTOS 1.0.1
2023-11-07 19:42:17,433 [INFO] ThirdParty:1030 - CMSIS Pack Vendor :STMicroelectronics X-CUBE-AZRTOS-F7 1.1.0
2023-11-07 19:42:17,434 [INFO] ThirdParty:1030 - CMSIS Pack Vendor :STMicroelectronics X-CUBE-TOUCHGFX 4.21.4
2023-11-07 19:42:17,434 [INFO] ThirdParty:1030 - CMSIS Pack Vendor :STMicroelectronics X-CUBE-AZRTOS-L5 2.0.0
2023-11-07 19:42:17,434 [INFO] ThirdParty:1030 - CMSIS Pack Vendor :STMicroelectronics USB_DEVICE 2.0.0
2023-11-07 19:42:17,434 [INFO] ThirdParty:1030 - CMSIS Pack Vendor :STMicroelectronics X-CUBE-MEMS1 9.6.0
2023-11-07 19:42:17,434 [INFO] ThirdParty:1030 - CMSIS Pack Vendor :STMicroelectronics X-CUBE-EEPRMA1 4.2.0
2023-11-07 19:42:17,434 [INFO] ThirdParty:1030 - CMSIS Pack Vendor :ITTIA_DB I-CUBE-ITTIADB 8.8.0
2023-11-07 19:42:17,434 [INFO] ThirdParty:1030 - CMSIS Pack Vendor :STMicroelectronics FP-SNS-MOTENV1 4.3.2
2023-11-07 19:42:17,434 [INFO] ThirdParty:1030 - CMSIS Pack Vendor :STMicroelectronics FP-SNS-MOTENV1 4.3.1
2023-11-07 19:42:17,434 [INFO] ThirdParty:1030 - CMSIS Pack Vendor :STMicroelectronics FP-SNS-FLIGHT1 5.0.1
2023-11-07 19:42:17,434 [INFO] ThirdParty:1030 - CMSIS Pack Vendor :STMicroelectronics X-CUBE-ALGOBUILD 1.3.0
2023-11-07 19:42:17,435 [INFO] ThirdParty:1030 - CMSIS Pack Vendor :STMicroelectronics X-CUBE-BLE1 6.2.4
2023-11-07 19:42:17,435 [INFO] ThirdParty:1030 - CMSIS Pack Vendor :STMicroelectronics X-CUBE-AZRTOS-L5 1.1.0
2023-11-07 19:42:17,435 [INFO] ThirdParty:1030 - CMSIS Pack Vendor :STMicroelectronics FreeRTOS 0.0.1
2023-11-07 19:42:17,435 [INFO] ThirdParty:1030 - CMSIS Pack Vendor :STMicroelectronics X-CUBE-AZRTOS-G0 1.1.0
2023-11-07 19:42:17,435 [INFO] ThirdParty:1030 - CMSIS Pack Vendor :emotas I-CUBE-CANOPEN 1.1.3
2023-11-07 19:42:17,435 [INFO] ThirdParty:1030 - CMSIS Pack Vendor :STMicroelectronics X-CUBE-BLEMGR 2.0.0
2023-11-07 19:42:17,435 [INFO] ThirdParty:1030 - CMSIS Pack Vendor :STMicroelectronics X-CUBE-AI 8.0.1
2023-11-07 19:42:17,435 [INFO] ThirdParty:1030 - CMSIS Pack Vendor :STMicroelectronics X-CUBE-NFC4 3.0.0
2023-11-07 19:42:17,435 [INFO] ThirdParty:1030 - CMSIS Pack Vendor :STMicroelectronics X-CUBE-SUBG2 5.0.0
2023-11-07 19:42:17,435 [INFO] ThirdParty:1030 - CMSIS Pack Vendor :STMicroelectronics STM32_WPAN 1.0.0
2023-11-07 19:42:17,435 [INFO] ThirdParty:1030 - CMSIS Pack Vendor :STMicroelectronics lwIP 2.0.3
2023-11-07 19:42:17,435 [INFO] ThirdParty:1030 - CMSIS Pack Vendor :STMicroelectronics USB_HOST 1.0.0
2023-11-07 19:42:17,435 [INFO] ThirdParty:1030 - CMSIS Pack Vendor :STMicroelectronics X-CUBE-TOF1 3.3.1
2023-11-07 19:42:17,435 [INFO] ThirdParty:1030 - CMSIS Pack Vendor :STMicroelectronics X-CUBE-AZRTOS-G4 2.0.0
2023-11-07 19:42:17,436 [INFO] ThirdParty:1030 - CMSIS Pack Vendor :STMicroelectronics PDM2PCM 3.1.0
2023-11-07 19:42:17,436 [INFO] ThirdParty:1030 - CMSIS Pack Vendor :STMicroelectronics X-CUBE-AZRTOS-H7 3.1.0
2023-11-07 19:42:17,436 [INFO] ThirdParty:1030 - CMSIS Pack Vendor :STMicroelectronics X-CUBE-TOF1 3.3.0
2023-11-07 19:42:17,436 [INFO] ThirdParty:1030 - CMSIS Pack Vendor :Infineon AIROC-Wi-Fi-Bluetooth-STM32 1.5.1
2023-11-07 19:42:17,436 [INFO] ThirdParty:1030 - CMSIS Pack Vendor :STMicroelectronics X-CUBE-BLEMGR 3.0.0
2023-11-07 19:42:17,436 [INFO] ThirdParty:1030 - CMSIS Pack Vendor :STMicroelectronics PDM2PCM 3.3.0
2023-11-07 19:42:17,437 [INFO] ThirdParty:1030 - CMSIS Pack Vendor :STMicroelectronics X-CUBE-DISPLAY 3.0.0
2023-11-07 19:42:17,437 [INFO] ThirdParty:1030 - CMSIS Pack Vendor :STMicroelectronics FP-ATR-SIGFOX1 3.2.0
2023-11-07 19:42:17,437 [INFO] ThirdParty:1030 - CMSIS Pack Vendor :STMicroelectronics HAL Drivers 0.0.0
2023-11-07 19:42:17,437 [INFO] ThirdParty:1030 - CMSIS Pack Vendor :STMicroelectronics MBEDTLS 2.16.2
2023-11-07 19:42:17,437 [INFO] ThirdParty:1030 - CMSIS Pack Vendor :STMicroelectronics X-CUBE-MEMS1 10.0.0
2023-11-07 19:42:17,437 [INFO] ThirdParty:1030 - CMSIS Pack Vendor :STMicroelectronics X-CUBE-FREERTOS 1.1.0
2023-11-07 19:42:17,437 [INFO] ThirdParty:1030 - CMSIS Pack Vendor :STMicroelectronics X-CUBE-TOUCHGFX 4.22.0
2023-11-07 19:42:17,438 [INFO] ThirdParty:1030 - CMSIS Pack Vendor :STMicroelectronics X-CUBE-NFC7 1.0.1
2023-11-07 19:42:17,438 [INFO] ThirdParty:1030 - CMSIS Pack Vendor :STMicroelectronics MBEDTLS 2.14.1
2023-11-07 19:42:17,438 [INFO] ThirdParty:1030 - CMSIS Pack Vendor :STMicroelectronics X-CUBE-TOUCHGFX 4.22.1
2023-11-07 19:42:17,438 [INFO] ThirdParty:1030 - CMSIS Pack Vendor :STMicroelectronics X-CUBE-NFC6 3.0.0
2023-11-07 19:42:17,438 [INFO] ThirdParty:1030 - CMSIS Pack Vendor :STMicroelectronics X-CUBE-EEPRMA1 4.1.0
2023-11-07 19:42:17,438 [INFO] ThirdParty:1030 - CMSIS Pack Vendor :portGmbH I-Cube-SoM-uGOAL 1.1.0
2023-11-07 19:42:17,438 [INFO] ThirdParty:1030 - CMSIS Pack Vendor :STMicroelectronics X-CUBE-ALS 1.0.1
2023-11-07 19:42:17,438 [INFO] ThirdParty:1030 - CMSIS Pack Vendor :STMicroelectronics ThreadX 1.0.0
2023-11-07 19:42:17,438 [INFO] ThirdParty:1030 - CMSIS Pack Vendor :STMicroelectronics FP-SNS-SMARTAG2 1.2.0
2023-11-07 19:42:17,438 [INFO] ThirdParty:1030 - CMSIS Pack Vendor :STMicroelectronics X-CUBE-AZRTOS-WB 1.1.0
2023-11-07 19:42:17,438 [INFO] ThirdParty:1030 - CMSIS Pack Vendor :STMicroelectronics X-CUBE-AZRTOS-WL 2.0.0
2023-11-07 19:42:17,438 [INFO] ThirdParty:1030 - CMSIS Pack Vendor :SEGGER I-CUBE-embOS 1.3.1
2023-11-07 19:42:17,438 [INFO] ThirdParty:1030 - CMSIS Pack Vendor :STMicroelectronics USB_DEVICE 1.0.0
2023-11-07 19:42:17,439 [INFO] ThirdParty:1030 - CMSIS Pack Vendor :STMicroelectronics X-CUBE-AZRTOS-L4 2.0.0
2023-11-07 19:42:17,439 [INFO] ThirdParty:1030 - CMSIS Pack Vendor :STMicroelectronics ThreadX 0.0.2
2023-11-07 19:42:17,439 [INFO] ThirdParty:1030 - CMSIS Pack Vendor :WES I-CUBE-Cesium 1.3.0
2023-11-07 19:42:17,439 [INFO] ThirdParty:1030 - CMSIS Pack Vendor :STMicroelectronics FP-ATR-ASTRA1 2.0.0
2023-11-07 19:42:17,439 [INFO] ThirdParty:1030 - CMSIS Pack Vendor :STMicroelectronics lwIP 2.1.2
2023-11-07 19:42:17,439 [INFO] ThirdParty:1030 - CMSIS Pack Vendor :STMicroelectronics X-CUBE-SFXS2LP1 4.0.0
2023-11-07 19:42:17,439 [INFO] ThirdParty:1030 - CMSIS Pack Vendor :STMicroelectronics X-CUBE-BLE2 3.3.0
2023-11-07 19:42:17,439 [INFO] ThirdParty:1030 - CMSIS Pack Vendor :STMicroelectronics PDM2PCM 3.2.0
2023-11-07 19:42:17,439 [INFO] ThirdParty:841 - exiting critical section [change project]
2023-11-07 19:42:18,422 [INFO] PinOutPanel:1499 - setPackage(No Configuration,No Configuration)
2023-11-07 19:42:18,427 [INFO] PinOutPanel:1499 - setPackage(STM32F407VGTx,LQFP100)
2023-11-07 19:42:20,086 [INFO] UtilMem:75 - Before build in PCC Used Memory: 606366720 Bytes (867172352)
2023-11-07 19:42:22,636 [INFO] UtilMem:75 - After build in PCC Used Memory: 579338240 Bytes (867172352)
2023-11-07 19:42:22,705 [INFO] IPUIPlugin:80 - create IPUIPlugin
2023-11-07 19:42:22,705 [INFO] IPUIPlugin:80 - create IPUIPlugin
2023-11-07 19:42:22,706 [INFO] IPUIPlugin:80 - create IPUIPlugin
2023-11-07 19:42:22,706 [INFO] IPUIPlugin:80 - create IPUIPlugin
2023-11-07 19:42:22,706 [INFO] IPUIPlugin:80 - create IPUIPlugin
2023-11-07 19:42:22,706 [INFO] IPUIPlugin:80 - create IPUIPlugin
2023-11-07 19:42:22,707 [INFO] IPUIPlugin:80 - create IPUIPlugin
2023-11-07 19:42:22,707 [INFO] IPUIPlugin:80 - create IPUIPlugin
2023-11-07 19:42:22,707 [INFO] IPUIPlugin:80 - create IPUIPlugin
2023-11-07 19:42:22,707 [INFO] IPUIPlugin:80 - create IPUIPlugin
2023-11-07 19:42:22,707 [INFO] IPUIPlugin:80 - create IPUIPlugin
2023-11-07 19:42:22,708 [INFO] IPUIPlugin:80 - create IPUIPlugin
2023-11-07 19:42:22,708 [INFO] IPUIPlugin:80 - create IPUIPlugin
2023-11-07 19:42:22,708 [INFO] IPUIPlugin:80 - create IPUIPlugin
2023-11-07 19:42:22,708 [INFO] IPUIPlugin:80 - create IPUIPlugin
2023-11-07 19:42:22,708 [INFO] IPUIPlugin:80 - create IPUIPlugin
2023-11-07 19:42:22,709 [INFO] IPUIPlugin:80 - create IPUIPlugin
2023-11-07 19:42:22,709 [INFO] IPUIPlugin:80 - create IPUIPlugin
2023-11-07 19:42:22,709 [INFO] IPUIPlugin:80 - create IPUIPlugin
2023-11-07 19:42:22,709 [INFO] IPUIPlugin:80 - create IPUIPlugin
2023-11-07 19:42:22,710 [INFO] IPUIPlugin:80 - create IPUIPlugin
2023-11-07 19:42:22,710 [INFO] IPUIPlugin:80 - create IPUIPlugin
2023-11-07 19:42:22,711 [INFO] IPUIPlugin:80 - create IPUIPlugin
2023-11-07 19:42:22,711 [INFO] IPUIPlugin:80 - create IPUIPlugin
2023-11-07 19:42:22,712 [INFO] IPUIPlugin:80 - create IPUIPlugin
2023-11-07 19:42:22,712 [INFO] IPUIPlugin:80 - create IPUIPlugin
2023-11-07 19:42:22,713 [INFO] IPUIPlugin:80 - create IPUIPlugin
2023-11-07 19:42:22,713 [INFO] IPUIPlugin:80 - create IPUIPlugin
2023-11-07 19:42:22,713 [INFO] IPUIPlugin:80 - create IPUIPlugin
2023-11-07 19:42:22,714 [INFO] IPUIPlugin:80 - create IPUIPlugin
2023-11-07 19:42:22,714 [INFO] IPUIPlugin:80 - create IPUIPlugin
2023-11-07 19:42:22,715 [INFO] IPUIPlugin:80 - create IPUIPlugin
2023-11-07 19:42:22,715 [INFO] IPUIPlugin:80 - create IPUIPlugin
2023-11-07 19:42:22,716 [INFO] IPUIPlugin:80 - create IPUIPlugin
2023-11-07 19:42:22,716 [INFO] IPUIPlugin:80 - create IPUIPlugin
2023-11-07 19:42:22,716 [INFO] IPUIPlugin:80 - create IPUIPlugin
2023-11-07 19:42:22,717 [INFO] IPUIPlugin:80 - create IPUIPlugin
2023-11-07 19:42:22,718 [INFO] IPUIPlugin:80 - create IPUIPlugin
2023-11-07 19:42:22,718 [INFO] IPUIPlugin:80 - create IPUIPlugin
2023-11-07 19:42:22,718 [INFO] IPUIPlugin:80 - create IPUIPlugin
2023-11-07 19:42:22,719 [INFO] IPUIPlugin:80 - create IPUIPlugin
2023-11-07 19:42:22,720 [INFO] IPUIPlugin:80 - create IPUIPlugin
2023-11-07 19:42:22,720 [INFO] IPUIPlugin:80 - create IPUIPlugin
2023-11-07 19:42:22,721 [INFO] IPUIPlugin:80 - create IPUIPlugin
2023-11-07 19:42:22,721 [INFO] IPUIPlugin:80 - create IPUIPlugin
2023-11-07 19:42:22,722 [INFO] IPUIPlugin:80 - create IPUIPlugin
2023-11-07 19:42:22,722 [INFO] IPUIPlugin:80 - create IPUIPlugin
2023-11-07 19:42:22,723 [INFO] IPUIPlugin:80 - create IPUIPlugin
2023-11-07 19:42:22,724 [INFO] IPUIPlugin:80 - create IPUIPlugin
2023-11-07 19:42:22,724 [INFO] IPUIPlugin:80 - create IPUIPlugin
2023-11-07 19:42:22,725 [INFO] IPUIPlugin:80 - create IPUIPlugin
2023-11-07 19:42:22,726 [INFO] IPUIPlugin:80 - create IPUIPlugin
2023-11-07 19:42:22,726 [INFO] IPUIPlugin:80 - create IPUIPlugin
2023-11-07 19:42:22,727 [INFO] IPUIPlugin:80 - create IPUIPlugin
2023-11-07 19:42:22,729 [INFO] IPUIPlugin:80 - create IPUIPlugin
2023-11-07 19:42:22,730 [INFO] IPUIPlugin:80 - create IPUIPlugin
2023-11-07 19:42:22,731 [INFO] IPUIPlugin:80 - create IPUIPlugin
2023-11-07 19:42:22,731 [INFO] IPUIPlugin:80 - create IPUIPlugin
2023-11-07 19:42:22,871 [INFO] ApiDbMcu:507 - Load IP Config File for PDM2PCM
2023-11-07 19:42:23,246 [INFO] CADModel:165 - CPN selected for project levelSTM32F407VGT6
2023-11-07 19:42:23,246 [INFO] CADModel:114 - Register for checkConnection events
2023-11-07 19:42:23,332 [INFO] OpenFileManager:328 - Restore cursor
2023-11-07 20:06:17,652 [INFO] NvicIntPanel:101 - NVIC parent = com.st.microxplorer.plugins.ip.nvic.MultiNvicIntPanel[,0,0,0x0,invalid,layout=javax.swing.BoxLayout,alignmentX=0.0,alignmentY=0.0,border=,flags=9,maximumSize=,minimumSize=,preferredSize=]
2023-11-07 20:07:42,306 [INFO] NvicIntPanel:101 - NVIC parent = com.st.microxplorer.plugins.ip.nvic.MultiNvicIntPanel[,0,0,0x0,invalid,layout=javax.swing.BoxLayout,alignmentX=0.0,alignmentY=0.0,border=,flags=9,maximumSize=,minimumSize=,preferredSize=]
2023-11-07 20:08:10,925 [INFO] NvicIntPanel:101 - NVIC parent = com.st.microxplorer.plugins.ip.nvic.MultiNvicIntPanel[,0,0,0x0,invalid,layout=javax.swing.BoxLayout,alignmentX=0.0,alignmentY=0.0,border=,flags=9,maximumSize=,minimumSize=,preferredSize=]
2023-11-07 20:08:16,396 [INFO] NvicIntPanel:101 - NVIC parent = com.st.microxplorer.plugins.ip.nvic.MultiNvicIntPanel[,0,0,0x0,invalid,layout=javax.swing.BoxLayout,alignmentX=0.0,alignmentY=0.0,border=,flags=9,maximumSize=,minimumSize=,preferredSize=]
2023-11-07 20:08:19,040 [INFO] NvicIntPanel:101 - NVIC parent = com.st.microxplorer.plugins.ip.nvic.MultiNvicIntPanel[,0,0,0x0,invalid,layout=javax.swing.BoxLayout,alignmentX=0.0,alignmentY=0.0,border=,flags=9,maximumSize=,minimumSize=,preferredSize=]
2023-11-07 20:08:36,501 [INFO] NvicIntPanel:101 - NVIC parent = com.st.microxplorer.plugins.ip.nvic.MultiNvicIntPanel[,0,0,0x0,invalid,layout=javax.swing.BoxLayout,alignmentX=0.0,alignmentY=0.0,border=,flags=9,maximumSize=,minimumSize=,preferredSize=]
2023-11-07 20:08:41,892 [INFO] NvicIntPanel:101 - NVIC parent = com.st.microxplorer.plugins.ip.nvic.MultiNvicIntPanel[,0,0,0x0,invalid,layout=javax.swing.BoxLayout,alignmentX=0.0,alignmentY=0.0,border=,flags=9,maximumSize=,minimumSize=,preferredSize=]
2023-11-07 20:09:01,481 [INFO] NvicIntPanel:101 - NVIC parent = com.st.microxplorer.plugins.ip.nvic.MultiNvicIntPanel[,0,0,0x0,invalid,layout=javax.swing.BoxLayout,alignmentX=0.0,alignmentY=0.0,border=,flags=9,maximumSize=,minimumSize=,preferredSize=]
2023-11-07 20:11:20,521 [INFO] NvicIntPanel:101 - NVIC parent = com.st.microxplorer.plugins.ip.nvic.MultiNvicIntPanel[,0,0,0x0,invalid,layout=javax.swing.BoxLayout,alignmentX=0.0,alignmentY=0.0,border=,flags=9,maximumSize=,minimumSize=,preferredSize=]
2023-11-07 20:11:36,745 [INFO] NvicIntPanel:101 - NVIC parent = com.st.microxplorer.plugins.ip.nvic.MultiNvicIntPanel[,0,0,0x0,invalid,layout=javax.swing.BoxLayout,alignmentX=0.0,alignmentY=0.0,border=,flags=9,maximumSize=,minimumSize=,preferredSize=]
2023-11-07 20:11:39,934 [INFO] NvicIntPanel:101 - NVIC parent = com.st.microxplorer.plugins.ip.nvic.MultiNvicIntPanel[,0,0,0x0,invalid,layout=javax.swing.BoxLayout,alignmentX=0.0,alignmentY=0.0,border=,flags=9,maximumSize=,minimumSize=,preferredSize=]
2023-11-07 20:11:49,310 [INFO] Gpio:273 - dependency for GPIO [USART2]
2023-11-07 20:11:53,859 [INFO] NvicIntPanel:101 - NVIC parent = com.st.microxplorer.plugins.ip.nvic.MultiNvicIntPanel[,2,27,400x367,layout=javax.swing.BoxLayout,alignmentX=0.0,alignmentY=0.0,border=,flags=9,maximumSize=,minimumSize=,preferredSize=]
2023-11-07 20:12:01,714 [INFO] Gpio:273 - dependency for GPIO [USART2]
2023-11-07 20:12:02,376 [INFO] Gpio:273 - dependency for GPIO [USART2]
2023-11-07 20:12:03,079 [INFO] Gpio:273 - dependency for GPIO [USART2]
2023-11-07 20:14:27,651 [INFO] Gpio:273 - dependency for GPIO [USART2]
2023-11-07 20:14:30,832 [INFO] NvicIntPanel:101 - NVIC parent = com.st.microxplorer.plugins.ip.nvic.MultiNvicIntPanel[,0,0,0x0,invalid,layout=javax.swing.BoxLayout,alignmentX=0.0,alignmentY=0.0,border=,flags=9,maximumSize=,minimumSize=,preferredSize=]
2023-11-07 20:14:47,732 [ERROR] LogOutputStream:75 - [STDERR_REDIRECT] Exception in thread "AWT-EventQueue-0" java.awt.IllegalComponentStateException: component must be showing on the screen to determine its location
2023-11-07 20:14:47,735 [ERROR] LogOutputStream:75 - [STDERR_REDIRECT] 	at java.desktop/java.awt.Component.getLocationOnScreen_NoTreeLock(Component.java:2101)
2023-11-07 20:14:47,737 [ERROR] LogOutputStream:75 - [STDERR_REDIRECT] 	at java.desktop/java.awt.Component.getLocationOnScreen(Component.java:2075)
2023-11-07 20:14:47,739 [ERROR] LogOutputStream:75 - [STDERR_REDIRECT] 	at java.desktop/javax.swing.JPopupMenu.show(JPopupMenu.java:940)
2023-11-07 20:14:47,742 [ERROR] LogOutputStream:75 - [STDERR_REDIRECT] 	at java.desktop/javax.swing.plaf.basic.BasicComboPopup.show(BasicComboPopup.java:235)
2023-11-07 20:14:47,744 [ERROR] LogOutputStream:75 - [STDERR_REDIRECT] 	at java.desktop/javax.swing.plaf.basic.BasicComboPopup.togglePopup(BasicComboPopup.java:1218)
2023-11-07 20:14:47,747 [ERROR] LogOutputStream:75 - [STDERR_REDIRECT] 	at java.desktop/javax.swing.plaf.basic.BasicComboPopup$Handler.mousePressed(BasicComboPopup.java:897)
2023-11-07 20:14:47,749 [ERROR] LogOutputStream:75 - [STDERR_REDIRECT] 	at java.desktop/java.awt.Component.processMouseEvent(Component.java:6632)
2023-11-07 20:14:47,751 [ERROR] LogOutputStream:75 - [STDERR_REDIRECT] 	at java.desktop/javax.swing.JComponent.processMouseEvent(JComponent.java:3342)
2023-11-07 20:14:47,752 [ERROR] LogOutputStream:75 - [STDERR_REDIRECT] 	at java.desktop/java.awt.Component.processEvent(Component.java:6400)
2023-11-07 20:14:47,754 [ERROR] LogOutputStream:75 - [STDERR_REDIRECT] 	at java.desktop/java.awt.Container.processEvent(Container.java:2263)
2023-11-07 20:14:47,755 [ERROR] LogOutputStream:75 - [STDERR_REDIRECT] 	at java.desktop/java.awt.Component.dispatchEventImpl(Component.java:5011)
2023-11-07 20:14:47,757 [ERROR] LogOutputStream:75 - [STDERR_REDIRECT] 	at java.desktop/java.awt.Container.dispatchEventImpl(Container.java:2321)
2023-11-07 20:14:47,759 [ERROR] LogOutputStream:75 - [STDERR_REDIRECT] 	at java.desktop/java.awt.Component.dispatchEvent(Component.java:4843)
2023-11-07 20:14:47,761 [ERROR] LogOutputStream:75 - [STDERR_REDIRECT] 	at java.desktop/javax.swing.plaf.basic.BasicTableUI$Handler.repostEvent(BasicTableUI.java:967)
2023-11-07 20:14:47,764 [ERROR] LogOutputStream:75 - [STDERR_REDIRECT] 	at java.desktop/javax.swing.plaf.basic.BasicTableUI$Handler.adjustSelection(BasicTableUI.java:1129)
2023-11-07 20:14:47,766 [ERROR] LogOutputStream:75 - [STDERR_REDIRECT] 	at java.desktop/javax.swing.plaf.basic.BasicTableUI$Handler.mousePressed(BasicTableUI.java:1057)
2023-11-07 20:14:47,768 [ERROR] LogOutputStream:75 - [STDERR_REDIRECT] 	at java.desktop/java.awt.AWTEventMulticaster.mousePressed(AWTEventMulticaster.java:288)
2023-11-07 20:14:47,770 [ERROR] LogOutputStream:75 - [STDERR_REDIRECT] 	at java.desktop/java.awt.AWTEventMulticaster.mousePressed(AWTEventMulticaster.java:287)
2023-11-07 20:14:47,772 [ERROR] LogOutputStream:75 - [STDERR_REDIRECT] 	at java.desktop/java.awt.AWTEventMulticaster.mousePressed(AWTEventMulticaster.java:287)
2023-11-07 20:14:47,774 [ERROR] LogOutputStream:75 - [STDERR_REDIRECT] 	at java.desktop/java.awt.AWTEventMulticaster.mousePressed(AWTEventMulticaster.java:287)
2023-11-07 20:14:47,776 [ERROR] LogOutputStream:75 - [STDERR_REDIRECT] 	at java.desktop/java.awt.Component.processMouseEvent(Component.java:6632)
2023-11-07 20:14:47,777 [ERROR] LogOutputStream:75 - [STDERR_REDIRECT] 	at java.desktop/javax.swing.JComponent.processMouseEvent(JComponent.java:3342)
2023-11-07 20:14:47,779 [ERROR] LogOutputStream:75 - [STDERR_REDIRECT] 	at java.desktop/java.awt.Component.processEvent(Component.java:6400)
2023-11-07 20:14:47,781 [ERROR] LogOutputStream:75 - [STDERR_REDIRECT] 	at java.desktop/java.awt.Container.processEvent(Container.java:2263)
2023-11-07 20:14:47,784 [ERROR] LogOutputStream:75 - [STDERR_REDIRECT] 	at java.desktop/java.awt.Component.dispatchEventImpl(Component.java:5011)
2023-11-07 20:14:47,787 [ERROR] LogOutputStream:75 - [STDERR_REDIRECT] 	at java.desktop/java.awt.Container.dispatchEventImpl(Container.java:2321)
2023-11-07 20:14:47,788 [ERROR] LogOutputStream:75 - [STDERR_REDIRECT] 	at java.desktop/java.awt.Component.dispatchEvent(Component.java:4843)
2023-11-07 20:14:47,792 [ERROR] LogOutputStream:75 - [STDERR_REDIRECT] 	at java.desktop/java.awt.LightweightDispatcher.retargetMouseEvent(Container.java:4918)
2023-11-07 20:14:47,794 [ERROR] LogOutputStream:75 - [STDERR_REDIRECT] 	at java.desktop/java.awt.LightweightDispatcher.processMouseEvent(Container.java:4544)
2023-11-07 20:14:47,797 [ERROR] LogOutputStream:75 - [STDERR_REDIRECT] 	at java.desktop/java.awt.LightweightDispatcher.dispatchEvent(Container.java:4488)
2023-11-07 20:14:47,801 [ERROR] LogOutputStream:75 - [STDERR_REDIRECT] 	at java.desktop/java.awt.Container.dispatchEventImpl(Container.java:2307)
2023-11-07 20:14:47,805 [ERROR] LogOutputStream:75 - [STDERR_REDIRECT] 	at java.desktop/java.awt.Component.dispatchEvent(Component.java:4843)
2023-11-07 20:14:47,807 [ERROR] LogOutputStream:75 - [STDERR_REDIRECT] 	at java.desktop/java.awt.EventQueue.dispatchEventImpl(EventQueue.java:772)
2023-11-07 20:14:47,809 [ERROR] LogOutputStream:75 - [STDERR_REDIRECT] 	at java.desktop/java.awt.EventQueue$4.run(EventQueue.java:721)
2023-11-07 20:14:47,813 [ERROR] LogOutputStream:75 - [STDERR_REDIRECT] 	at java.desktop/java.awt.EventQueue$4.run(EventQueue.java:715)
2023-11-07 20:14:47,815 [ERROR] LogOutputStream:75 - [STDERR_REDIRECT] 	at java.base/java.security.AccessController.doPrivileged(Native Method)
2023-11-07 20:14:47,818 [ERROR] LogOutputStream:75 - [STDERR_REDIRECT] 	at java.base/java.security.ProtectionDomain$JavaSecurityAccessImpl.doIntersectionPrivilege(ProtectionDomain.java:85)
2023-11-07 20:14:47,821 [ERROR] LogOutputStream:75 - [STDERR_REDIRECT] 	at java.base/java.security.ProtectionDomain$JavaSecurityAccessImpl.doIntersectionPrivilege(ProtectionDomain.java:95)
2023-11-07 20:14:47,823 [ERROR] LogOutputStream:75 - [STDERR_REDIRECT] 	at java.desktop/java.awt.EventQueue$5.run(EventQueue.java:745)
2023-11-07 20:14:47,824 [ERROR] LogOutputStream:75 - [STDERR_REDIRECT] 	at java.desktop/java.awt.EventQueue$5.run(EventQueue.java:743)
2023-11-07 20:14:47,827 [ERROR] LogOutputStream:75 - [STDERR_REDIRECT] 	at java.base/java.security.AccessController.doPrivileged(Native Method)
2023-11-07 20:14:47,830 [ERROR] LogOutputStream:75 - [STDERR_REDIRECT] 	at java.base/java.security.ProtectionDomain$JavaSecurityAccessImpl.doIntersectionPrivilege(ProtectionDomain.java:85)
2023-11-07 20:14:47,833 [ERROR] LogOutputStream:75 - [STDERR_REDIRECT] 	at java.desktop/java.awt.EventQueue.dispatchEvent(EventQueue.java:742)
2023-11-07 20:14:47,836 [ERROR] LogOutputStream:75 - [STDERR_REDIRECT] 	at java.desktop/java.awt.EventDispatchThread.pumpOneEventForFilters(EventDispatchThread.java:203)
2023-11-07 20:14:47,839 [ERROR] LogOutputStream:75 - [STDERR_REDIRECT] 	at java.desktop/java.awt.EventDispatchThread.pumpEventsForFilter(EventDispatchThread.java:124)
2023-11-07 20:14:47,842 [ERROR] LogOutputStream:75 - [STDERR_REDIRECT] 	at java.desktop/java.awt.EventDispatchThread.pumpEventsForHierarchy(EventDispatchThread.java:113)
2023-11-07 20:14:47,844 [ERROR] LogOutputStream:75 - [STDERR_REDIRECT] 	at java.desktop/java.awt.EventDispatchThread.pumpEvents(EventDispatchThread.java:109)
2023-11-07 20:14:47,846 [ERROR] LogOutputStream:75 - [STDERR_REDIRECT] 	at java.desktop/java.awt.EventDispatchThread.pumpEvents(EventDispatchThread.java:101)
2023-11-07 20:14:47,848 [ERROR] LogOutputStream:75 - [STDERR_REDIRECT] 	at java.desktop/java.awt.EventDispatchThread.run(EventDispatchThread.java:90)
2023-11-07 20:14:58,503 [INFO] UtilMem:75 - End SaveConfig() Used Memory: 549737560 Bytes (867172352)
2023-11-07 20:15:00,621 [INFO] UtilMem:75 - End SaveConfig() Used Memory: 556667272 Bytes (867172352)
2023-11-07 20:15:21,756 [INFO] UtilMem:75 - End SaveConfig() Used Memory: 669302272 Bytes (867172352)
2023-11-07 20:15:23,417 [INFO] BlockDiagram:2759 - set Specific Code input for plugin: TIM1_8
2023-11-07 20:15:23,417 [INFO] BlockDiagram:2759 - set Specific Code input for plugin: RCC
2023-11-07 20:15:23,417 [INFO] BlockDiagram:2759 - set Specific Code input for plugin: NVIC
2023-11-07 20:15:23,417 [INFO] BlockDiagram:2759 - set Specific Code input for plugin: USART
2023-11-07 20:15:23,418 [INFO] BlockDiagram:2759 - set Specific Code input for plugin: GPIO
2023-11-07 20:15:23,420 [INFO] CodeGenerator:793 - code generatio: config db path: C:\ST\STM32CubeIDE_1.12.1\STM32CubeIDE\plugins\com.st.stm32cube.common.mx_6.8.1.202304191431\\db\
2023-11-07 20:15:25,842 [INFO] CodeEngine:255 - oldGeneratedFile, D:\stm32\carOfMaze_@\ultrasonic\MXTmpFiles\license.tmp_save
2023-11-07 20:15:30,053 [INFO] CodeEngine:279 - Generated code: D:\stm32\carOfMaze_@\ultrasonic\MXTmpFiles\license.tmp
2023-11-07 20:15:30,802 [INFO] CodeEngine:255 - oldGeneratedFile, D:\stm32\carOfMaze_@\ultrasonic\MXTmpFiles\gpio.tmp_save
2023-11-07 20:15:33,578 [INFO] CodeEngine:279 - Generated code: D:\stm32\carOfMaze_@\ultrasonic\MXTmpFiles\gpio.tmp
2023-11-07 20:15:34,427 [INFO] CodeEngine:255 - oldGeneratedFile, D:\stm32\carOfMaze_@\ultrasonic\Core\Src\stm32f4xx_it.c_save
2023-11-07 20:15:35,957 [INFO] CodeEngine:279 - Generated code: D:\stm32\carOfMaze_@\ultrasonic\Core\Src\stm32f4xx_it.c
2023-11-07 20:15:36,016 [INFO] CodeEngine:255 - oldGeneratedFile, D:\stm32\carOfMaze_@\ultrasonic\Core\Inc\stm32f4xx_it.h_save
2023-11-07 20:15:36,996 [INFO] CodeEngine:279 - Generated code: D:\stm32\carOfMaze_@\ultrasonic\Core\Inc\stm32f4xx_it.h
2023-11-07 20:15:37,704 [INFO] CodeEngine:255 - oldGeneratedFile, D:\stm32\carOfMaze_@\ultrasonic\Core\Src\stm32f4xx_hal_msp.c_save
2023-11-07 20:15:38,781 [INFO] CodeEngine:279 - Generated code: D:\stm32\carOfMaze_@\ultrasonic\Core\Src\stm32f4xx_hal_msp.c
2023-11-07 20:15:38,816 [INFO] CodeEngine:255 - oldGeneratedFile, D:\stm32\carOfMaze_@\ultrasonic\MXTmpFiles\system.tmp_save
2023-11-07 20:15:39,068 [INFO] CodeEngine:279 - Generated code: D:\stm32\carOfMaze_@\ultrasonic\MXTmpFiles\system.tmp
2023-11-07 20:15:39,384 [INFO] CodeEngine:311 - oldGeneratedFile, D:\stm32\carOfMaze_@\ultrasonic\Core\Inc\stm32f4xx_hal_conf.h_save
2023-11-07 20:15:39,959 [INFO] CodeEngine:335 - Generated code: D:\stm32\carOfMaze_@\ultrasonic\Core\Inc\stm32f4xx_hal_conf.h
2023-11-07 20:15:40,088 [WARN] IPConfigManager:3431 - IP not found : TIM
2023-11-07 20:15:40,094 [WARN] CodeGenerator:3754 - IP not found : null
2023-11-07 20:15:40,266 [INFO] CodeEngine:255 - oldGeneratedFile, D:\stm32\carOfMaze_@\ultrasonic\Core\Inc\main.h_save
2023-11-07 20:15:41,724 [INFO] CodeEngine:279 - Generated code: D:\stm32\carOfMaze_@\ultrasonic\Core\Inc\main.h
2023-11-07 20:15:41,769 [INFO] CodeEngine:255 - oldGeneratedFile, D:\stm32\carOfMaze_@\ultrasonic\Core\Src\main.c_save
2023-11-07 20:15:42,373 [INFO] CodeEngine:279 - Generated code: D:\stm32\carOfMaze_@\ultrasonic\Core\Src\main.c
2023-11-07 20:15:45,065 [INFO] ProjectBuilder:2996 - Time for Copy HAL[1] : 437mS.
2023-11-07 20:15:45,116 [INFO] ProjectBuilder:4304 - Project Generator version: 3.19.2
2023-11-07 20:15:46,670 [INFO] ConfigFileManager:1483 - The Die is : DIE413
2023-11-07 20:15:46,702 [INFO] ApiDbMcu:507 - Load IP Config File for FATFS
2023-11-07 20:15:46,736 [INFO] ApiDbMcu:507 - Load IP Config File for FREERTOS
2023-11-07 20:15:46,758 [INFO] ApiDbMcu:507 - Load IP Config File for LIBJPEG
2023-11-07 20:15:46,794 [INFO] ApiDbMcu:507 - Load IP Config File for LWIP
2023-11-07 20:15:46,833 [INFO] ApiDbMcu:507 - Load IP Config File for MBEDTLS
2023-11-07 20:15:46,881 [INFO] ApiDbMcu:507 - Load IP Config File for USB_DEVICE
2023-11-07 20:15:46,915 [INFO] ApiDbMcu:507 - Load IP Config File for USB_HOST
2023-11-07 20:15:50,989 [INFO] LogOutputStream:77 - [STDOUT_REDIRECT] 
2023-11-07 20:16:10,532 [INFO] ProjectBuilder:4505 - Time for Generating toolchain IDE Files: 25408mS.
2023-11-07 20:16:10,534 [INFO] ProjectBuilder:2867 - Time for Copy CMSIS : 1mS.
2023-11-07 20:16:10,539 [INFO] ProjectBuilder:2867 - Time for Copy CMSIS : 0mS.
