2023-11-01 22:58:58,673 [INFO] Activator:176 - 


2023-11-01 22:58:58,682 [INFO] Activator:177 - !SESSION log4j initialized
2023-11-01 22:59:15,919 [INFO] LogOutputStream:77 - [STDOUT_REDIRECT] 
2023-11-01 22:59:44,303 [ERROR] LogOutputStream:75 - [STDERR_REDIRECT] SLF4J: Failed to load class "org.slf4j.impl.StaticLoggerBinder".
2023-11-01 22:59:44,306 [ERROR] LogOutputStream:75 - [STDERR_REDIRECT] SLF4J: Defaulting to no-operation (NOP) logger implementation
2023-11-01 22:59:44,317 [ERROR] LogOutputStream:75 - [STDERR_REDIRECT] SLF4J: See http://www.slf4j.org/codes.html#StaticLoggerBinder for further details.
2023-11-01 23:10:54,718 [INFO] ApplicationProperties:184 - Using Application install path: C:\ST\STM32CubeIDE_1.12.1\STM32CubeIDE\plugins\com.st.stm32cube.common.mx_6.8.1.202304191431
2023-11-01 23:10:54,750 [INFO] DbMcusXml:78 - Set database path to: C:\ST\STM32CubeIDE_1.12.1\STM32CubeIDE\plugins\com.st.stm32cube.common.mx_6.8.1.202304191431\\db\/mcu/
2023-11-01 23:10:54,751 [INFO] ApiDb:274 - Set plugin database path to: C:\ST\STM32CubeIDE_1.12.1\STM32CubeIDE\plugins\com.st.stm32cube.common.mx_6.8.1.202304191431\\db\/plugins/boardmanager/
2023-11-01 23:10:54,752 [WARN] ApiDb:259 - Overriding images path with different value:  => C:\ST\STM32CubeIDE_1.12.1\STM32CubeIDE\plugins\com.st.stm32cube.common.mx_6.8.1.202304191431\\db\/plugins/mcufinder/images/
2023-11-01 23:10:54,786 [INFO] ApiDb:250 - Set database path to: C:\Users\Admin\.stmcufinder\plugins\mcufinder//mcu/
2023-11-01 23:10:54,789 [INFO] DbMcusAds:125 - Set database path to: C:\Users\Admin\.stmcufinder\plugins\mcufinder//mcu/
2023-11-01 23:10:55,576 [INFO] CrossReferenceDbSqlite:203 - Set database path to: C:\Users\Admin\.stmcufinder\plugins\mcufinder//mcu/cs/
2023-11-01 23:10:55,759 [INFO] RulesReader:64 - Compatibility file has been processed (293 Rules)
2023-11-01 23:10:55,903 [INFO] DbMcusXml:78 - Set database path to: C:\ST\STM32CubeIDE_1.12.1\STM32CubeIDE\plugins\com.st.stm32cube.common.mx_6.8.1.202304191431\\db\/mcu/
2023-11-01 23:10:55,903 [INFO] ApiDb:274 - Set plugin database path to: C:\ST\STM32CubeIDE_1.12.1\STM32CubeIDE\plugins\com.st.stm32cube.common.mx_6.8.1.202304191431\\db\/plugins/boardmanager/
2023-11-01 23:10:55,904 [INFO] ApiDb:261 - Set plugin images path to: C:\ST\STM32CubeIDE_1.12.1\STM32CubeIDE\plugins\com.st.stm32cube.common.mx_6.8.1.202304191431\\db\/plugins/mcufinder/images/
2023-11-01 23:10:55,904 [WARN] DbFile:41 - Overriding database path with different value: C:\Users\Admin\.stmcufinder\plugins\mcufinder/ => C:\Users\Admin\.stmcufinder\plugins\mcufinder
2023-11-01 23:10:55,904 [INFO] ApiDb:250 - Set database path to: C:\Users\Admin\.stmcufinder\plugins\mcufinder//mcu/
2023-11-01 23:10:55,904 [WARN] DbFile:41 - Overriding database path with different value: C:\Users\Admin\.stmcufinder\plugins\mcufinder/ => C:\Users\Admin\.stmcufinder\plugins\mcufinder
2023-11-01 23:10:55,905 [INFO] DbMcusAds:125 - Set database path to: C:\Users\Admin\.stmcufinder\plugins\mcufinder//mcu/
2023-11-01 23:10:55,905 [WARN] DbFile:41 - Overriding database path with different value: C:\Users\Admin\.stmcufinder\plugins\mcufinder/ => C:\Users\Admin\.stmcufinder\plugins\mcufinder
2023-11-01 23:10:55,905 [WARN] DbFile:41 - Overriding database path with different value: C:\Users\Admin\.stmcufinder\plugins\mcufinder/ => C:\Users\Admin\.stmcufinder\plugins\mcufinder
2023-11-01 23:10:56,562 [INFO] CrossReferenceDbSqlite:203 - Set database path to: C:\Users\Admin\.stmcufinder\plugins\mcufinder//mcu/cs/
2023-11-01 23:10:56,783 [INFO] MainPanel:253 - HeapMemory: 534773760
2023-11-01 23:10:56,952 [INFO] DbMcusXml:78 - Set database path to: C:\ST\STM32CubeIDE_1.12.1\STM32CubeIDE\plugins\com.st.stm32cube.common.mx_6.8.1.202304191431\\db\/mcu/
2023-11-01 23:10:56,952 [INFO] ApiDb:274 - Set plugin database path to: C:\ST\STM32CubeIDE_1.12.1\STM32CubeIDE\plugins\com.st.stm32cube.common.mx_6.8.1.202304191431\\db\/plugins/boardmanager/
2023-11-01 23:10:56,952 [INFO] ApiDb:261 - Set plugin images path to: C:\ST\STM32CubeIDE_1.12.1\STM32CubeIDE\plugins\com.st.stm32cube.common.mx_6.8.1.202304191431\\db\/plugins/mcufinder/images/
2023-11-01 23:10:56,953 [WARN] DbFile:41 - Overriding database path with different value: C:\Users\Admin\.stmcufinder\plugins\mcufinder/ => C:\Users\Admin\.stmcufinder\plugins\mcufinder
2023-11-01 23:10:56,953 [INFO] ApiDb:250 - Set database path to: C:\Users\Admin\.stmcufinder\plugins\mcufinder//mcu/
2023-11-01 23:10:56,954 [WARN] DbFile:41 - Overriding database path with different value: C:\Users\Admin\.stmcufinder\plugins\mcufinder/ => C:\Users\Admin\.stmcufinder\plugins\mcufinder
2023-11-01 23:10:56,954 [INFO] DbMcusAds:125 - Set database path to: C:\Users\Admin\.stmcufinder\plugins\mcufinder//mcu/
2023-11-01 23:10:56,954 [WARN] DbFile:41 - Overriding database path with different value: C:\Users\Admin\.stmcufinder\plugins\mcufinder/ => C:\Users\Admin\.stmcufinder\plugins\mcufinder
2023-11-01 23:10:56,954 [WARN] DbFile:41 - Overriding database path with different value: C:\Users\Admin\.stmcufinder\plugins\mcufinder/ => C:\Users\Admin\.stmcufinder\plugins\mcufinder
2023-11-01 23:10:57,573 [INFO] CrossReferenceDbSqlite:203 - Set database path to: C:\Users\Admin\.stmcufinder\plugins\mcufinder//mcu/cs/
2023-11-01 23:10:57,614 [INFO] ApplicationProperties:184 - Using Application install path: C:\ST\STM32CubeIDE_1.12.1\STM32CubeIDE\plugins\com.st.stm32cube.common.mx_6.8.1.202304191431
2023-11-01 23:10:57,617 [INFO] PluginManage:196 - Search for loadable plugins [exclusion list=, ]
2023-11-01 23:10:57,620 [INFO] PluginManage:310 - Check plugin analytics
2023-11-01 23:10:58,682 [INFO] AnalyticsPlugin:253 - Accepted Software Licenses: STM32CubeMX.6.8.1
2023-11-01 23:10:58,683 [INFO] AnalyticsPlugin:255 - Accepted CMSIS Pack Licenses: 
2023-11-01 23:10:58,683 [INFO] AnalyticsPlugin:257 - Accepted Firmware Licenses: FW.F4.1.27.0
2023-11-01 23:10:58,697 [INFO] PluginManage:359 - Loaded plugin analytics (category:tool,tabindex:-1)
2023-11-01 23:10:58,698 [INFO] PluginManage:310 - Check plugin cadmodel
2023-11-01 23:10:58,723 [INFO] CADModel:105 - Init CAD model plugin
2023-11-01 23:10:58,723 [INFO] PluginManage:359 - Loaded plugin cadmodel (category:power,tabindex:5)
2023-11-01 23:10:58,723 [INFO] PluginManage:310 - Check plugin clock
2023-11-01 23:10:58,766 [INFO] PluginManage:359 - Loaded plugin clock (category:base,tabindex:2)
2023-11-01 23:10:58,766 [INFO] PluginManage:310 - Check plugin ddr
2023-11-01 23:10:58,771 [INFO] PluginManage:359 - Loaded plugin ddr (category:tool,tabindex:6)
2023-11-01 23:10:58,771 [INFO] PluginManage:310 - Check plugin filemanager
2023-11-01 23:10:58,993 [INFO] PluginManage:359 - Loaded plugin filemanager (category:base,tabindex:10)
2023-11-01 23:10:58,993 [INFO] PluginManage:310 - Check plugin ipmanager
2023-11-01 23:10:59,006 [INFO] PluginManage:359 - Loaded plugin ipmanager (category:base,tabindex:5)
2023-11-01 23:10:59,006 [INFO] PluginManage:310 - Check plugin lpbam
2023-11-01 23:10:59,030 [INFO] PluginManage:359 - Loaded plugin lpbam (category:base,tabindex:0)
2023-11-01 23:10:59,031 [INFO] PluginManage:310 - Check plugin pinoutandconfiguration
2023-11-01 23:10:59,055 [INFO] PluginManage:359 - Loaded plugin pinoutandconfiguration (category:base,tabindex:1)
2023-11-01 23:10:59,055 [INFO] PluginManage:310 - Check plugin pinoutconfig
2023-11-01 23:10:59,222 [WARN] SupportedApi:132 - Cannot load RTOS API schema: s4s-elt-must-match.1: The content of 'definitions' must match (annotation?, (simpleType | complexType)?, (unique | key | keyref)*)). A problem was found starting at: attribute.
2023-11-01 23:10:59,463 [INFO] PluginManage:359 - Loaded plugin pinoutconfig (category:base,tabindex:0)
2023-11-01 23:10:59,464 [INFO] PluginManage:310 - Check plugin power
2023-11-01 23:10:59,506 [INFO] PluginManage:359 - Loaded plugin power (category:power,tabindex:4)
2023-11-01 23:10:59,507 [INFO] PluginManage:310 - Check plugin projectmanager
2023-11-01 23:10:59,543 [INFO] PluginManage:359 - Loaded plugin projectmanager (category:projectmanager,tabindex:3)
2023-11-01 23:10:59,544 [INFO] PluginManage:310 - Check plugin thirdparty
2023-11-01 23:11:00,181 [INFO] PluginManage:359 - Loaded plugin thirdparty (category:base,tabindex:-1)
2023-11-01 23:11:00,181 [WARN] IntegrityCheckThread:84 - waiting for thirdparty lock release [integrity check]
2023-11-01 23:11:00,182 [INFO] PluginManage:310 - Check plugin tools
2023-11-01 23:11:00,182 [INFO] IntegrityCheckThread:86 - entering critical section [integrity check]
2023-11-01 23:11:00,184 [INFO] ThirdPartyUpdaterWithRetryManager:70 - Updater plugin not ready yet. [1/15]
2023-11-01 23:11:00,224 [INFO] PluginManage:359 - Loaded plugin tools (category:base,tabindex:7)
2023-11-01 23:11:00,225 [INFO] PluginManage:310 - Check plugin tutovideos
2023-11-01 23:11:00,683 [INFO] PluginManage:359 - Loaded plugin tutovideos (category:base,tabindex:-1)
2023-11-01 23:11:00,684 [INFO] PluginManage:310 - Check plugin updater
2023-11-01 23:11:00,717 [INFO] PluginManage:359 - Loaded plugin updater (category:base,tabindex:12)
2023-11-01 23:11:00,718 [INFO] PluginManage:283 - PluginManage : Loaded plugins [15]
2023-11-01 23:11:01,412 [INFO] PinOutPanel:1499 - setPackage(No Configuration,No Configuration)
2023-11-01 23:11:01,532 [INFO] CADModel:165 - CPN selected for project level
2023-11-01 23:11:01,532 [INFO] CADModel:114 - Register for checkConnection events
2023-11-01 23:11:01,576 [INFO] IPUIPlugin:80 - create IPUIPlugin
2023-11-01 23:11:01,577 [INFO] PluginManager:220 - loadIPPluginJar : add adc
2023-11-01 23:11:01,628 [INFO] IPUIPlugin:80 - create IPUIPlugin
2023-11-01 23:11:01,628 [INFO] PluginManager:220 - loadIPPluginJar : add aes
2023-11-01 23:11:01,678 [INFO] IPUIPlugin:80 - create IPUIPlugin
2023-11-01 23:11:01,679 [INFO] PluginManager:220 - loadIPPluginJar : add can
2023-11-01 23:11:01,712 [INFO] IPUIPlugin:80 - create IPUIPlugin
2023-11-01 23:11:01,712 [INFO] PluginManager:220 - loadIPPluginJar : add comp
2023-11-01 23:11:01,752 [INFO] IPUIPlugin:80 - create IPUIPlugin
2023-11-01 23:11:01,753 [INFO] PluginManager:220 - loadIPPluginJar : add cryp
2023-11-01 23:11:01,791 [INFO] IPUIPlugin:80 - create IPUIPlugin
2023-11-01 23:11:01,791 [INFO] PluginManager:220 - loadIPPluginJar : add dfsdm
2023-11-01 23:11:01,811 [INFO] IPUIPlugin:80 - create IPUIPlugin
2023-11-01 23:11:01,812 [INFO] PluginManager:220 - loadIPPluginJar : add dma
2023-11-01 23:11:01,868 [INFO] IPUIPlugin:80 - create IPUIPlugin
2023-11-01 23:11:01,868 [INFO] PluginManager:220 - loadIPPluginJar : add dma3
2023-11-01 23:11:01,902 [INFO] IPUIPlugin:80 - create IPUIPlugin
2023-11-01 23:11:01,902 [INFO] PluginManager:220 - loadIPPluginJar : add fatfs
2023-11-01 23:11:01,965 [INFO] IPUIPlugin:80 - create IPUIPlugin
2023-11-01 23:11:01,965 [INFO] PluginManager:220 - loadIPPluginJar : add fmc
2023-11-01 23:11:01,990 [INFO] IPUIPlugin:80 - create IPUIPlugin
2023-11-01 23:11:01,990 [INFO] PluginManager:220 - loadIPPluginJar : add freertos
2023-11-01 23:11:02,020 [INFO] IPUIPlugin:80 - create IPUIPlugin
2023-11-01 23:11:02,020 [INFO] PluginManager:220 - loadIPPluginJar : add genericplugin
2023-11-01 23:11:02,142 [INFO] IPUIPlugin:80 - create IPUIPlugin
2023-11-01 23:11:02,142 [INFO] PluginManager:220 - loadIPPluginJar : add gfxmmu
2023-11-01 23:11:02,320 [INFO] IPUIPlugin:80 - create IPUIPlugin
2023-11-01 23:11:02,320 [INFO] PluginManager:220 - loadIPPluginJar : add gic
2023-11-01 23:11:02,346 [INFO] IPUIPlugin:80 - create IPUIPlugin
2023-11-01 23:11:02,347 [INFO] PluginManager:220 - loadIPPluginJar : add gpio
2023-11-01 23:11:02,469 [INFO] IPUIPlugin:80 - create IPUIPlugin
2023-11-01 23:11:02,469 [INFO] PluginManager:220 - loadIPPluginJar : add gtzc
2023-11-01 23:11:02,512 [INFO] IPUIPlugin:80 - create IPUIPlugin
2023-11-01 23:11:02,512 [INFO] PluginManager:220 - loadIPPluginJar : add hash
2023-11-01 23:11:02,578 [INFO] IPUIPlugin:80 - create IPUIPlugin
2023-11-01 23:11:02,578 [INFO] PluginManager:220 - loadIPPluginJar : add i2c
2023-11-01 23:11:02,645 [INFO] IPUIPlugin:80 - create IPUIPlugin
2023-11-01 23:11:02,646 [INFO] PluginManager:220 - loadIPPluginJar : add i2s
2023-11-01 23:11:02,709 [INFO] IPUIPlugin:80 - create IPUIPlugin
2023-11-01 23:11:02,710 [INFO] PluginManager:220 - loadIPPluginJar : add i3c
2023-11-01 23:11:02,838 [INFO] IPUIPlugin:80 - create IPUIPlugin
2023-11-01 23:11:02,838 [INFO] PluginManager:220 - loadIPPluginJar : add ipddr
2023-11-01 23:11:02,962 [INFO] IPUIPlugin:80 - create IPUIPlugin
2023-11-01 23:11:02,962 [INFO] PluginManager:220 - loadIPPluginJar : add linkedlist
2023-11-01 23:11:03,004 [INFO] IPUIPlugin:80 - create IPUIPlugin
2023-11-01 23:11:03,004 [INFO] PluginManager:220 - loadIPPluginJar : add lorawan
2023-11-01 23:11:03,048 [INFO] IPUIPlugin:80 - create IPUIPlugin
2023-11-01 23:11:03,048 [INFO] PluginManager:220 - loadIPPluginJar : add ltdc
2023-11-01 23:11:03,069 [INFO] IPUIPlugin:80 - create IPUIPlugin
2023-11-01 23:11:03,070 [INFO] PluginManager:220 - loadIPPluginJar : add mdma
2023-11-01 23:11:03,085 [INFO] IPUIPlugin:80 - create IPUIPlugin
2023-11-01 23:11:03,086 [INFO] PluginManager:220 - loadIPPluginJar : add nvic
2023-11-01 23:11:03,130 [INFO] IPUIPlugin:80 - create IPUIPlugin
2023-11-01 23:11:03,130 [INFO] PluginManager:220 - loadIPPluginJar : add opamp
2023-11-01 23:11:03,199 [INFO] ThirdPartyUpdaterWithRetryManager:70 - Updater plugin not ready yet. [2/15]
2023-11-01 23:11:03,203 [INFO] IPUIPlugin:80 - create IPUIPlugin
2023-11-01 23:11:03,203 [INFO] PluginManager:220 - loadIPPluginJar : add openamp
2023-11-01 23:11:03,254 [INFO] IPUIPlugin:80 - create IPUIPlugin
2023-11-01 23:11:03,254 [INFO] PluginManager:220 - loadIPPluginJar : add pdm2pcm
2023-11-01 23:11:03,276 [INFO] IPUIPlugin:80 - create IPUIPlugin
2023-11-01 23:11:03,280 [INFO] PluginManager:220 - loadIPPluginJar : add plateformsettings
2023-11-01 23:11:03,307 [INFO] IPUIPlugin:80 - create IPUIPlugin
2023-11-01 23:11:03,307 [INFO] PluginManager:220 - loadIPPluginJar : add quadspi
2023-11-01 23:11:03,324 [INFO] IPUIPlugin:80 - create IPUIPlugin
2023-11-01 23:11:03,324 [INFO] PluginManager:220 - loadIPPluginJar : add resmgrutility
2023-11-01 23:11:03,383 [INFO] IPUIPlugin:80 - create IPUIPlugin
2023-11-01 23:11:03,383 [INFO] PluginManager:220 - loadIPPluginJar : add sai
2023-11-01 23:11:03,428 [INFO] IPUIPlugin:80 - create IPUIPlugin
2023-11-01 23:11:03,428 [INFO] PluginManager:220 - loadIPPluginJar : add spi
2023-11-01 23:11:03,495 [INFO] IPUIPlugin:80 - create IPUIPlugin
2023-11-01 23:11:03,495 [INFO] PluginManager:220 - loadIPPluginJar : add stm32_wpan
2023-11-01 23:11:03,526 [INFO] IPUIPlugin:80 - create IPUIPlugin
2023-11-01 23:11:03,526 [INFO] PluginManager:220 - loadIPPluginJar : add tim
2023-11-01 23:11:03,592 [INFO] IPUIPlugin:80 - create IPUIPlugin
2023-11-01 23:11:03,592 [INFO] PluginManager:220 - loadIPPluginJar : add touchsensing
2023-11-01 23:11:03,620 [INFO] IPUIPlugin:80 - create IPUIPlugin
2023-11-01 23:11:03,620 [INFO] PluginManager:220 - loadIPPluginJar : add tracer_emb
2023-11-01 23:11:03,648 [INFO] IPUIPlugin:80 - create IPUIPlugin
2023-11-01 23:11:03,649 [INFO] PluginManager:220 - loadIPPluginJar : add ts
2023-11-01 23:11:03,711 [INFO] IPUIPlugin:80 - create IPUIPlugin
2023-11-01 23:11:03,711 [INFO] PluginManager:220 - loadIPPluginJar : add tsc
2023-11-01 23:11:03,773 [INFO] IPUIPlugin:80 - create IPUIPlugin
2023-11-01 23:11:03,774 [INFO] PluginManager:220 - loadIPPluginJar : add ucpd
2023-11-01 23:11:03,830 [INFO] IPUIPlugin:80 - create IPUIPlugin
2023-11-01 23:11:03,831 [INFO] PluginManager:220 - loadIPPluginJar : add usart
2023-11-01 23:11:03,886 [INFO] IPUIPlugin:80 - create IPUIPlugin
2023-11-01 23:11:03,887 [INFO] PluginManager:220 - loadIPPluginJar : add usbx
2023-11-01 23:11:04,068 [INFO] CADModel:165 - CPN selected for project level
2023-11-01 23:11:04,068 [INFO] CADModel:114 - Register for checkConnection events
2023-11-01 23:11:04,069 [FATAL] Updater:308 - Updater called before beeing initialized
2023-11-01 23:11:04,069 [ERROR] CADModel:125 - Updater not yet initialized, retry later 
2023-11-01 23:11:04,338 [INFO] CADModel:165 - CPN selected for project level
2023-11-01 23:11:04,338 [INFO] CADModel:114 - Register for checkConnection events
2023-11-01 23:11:04,339 [FATAL] Updater:308 - Updater called before beeing initialized
2023-11-01 23:11:04,339 [ERROR] CADModel:125 - Updater not yet initialized, retry later 
2023-11-01 23:11:04,346 [FATAL] Updater:308 - Updater called before beeing initialized
2023-11-01 23:11:04,552 [FATAL] Updater:308 - Updater called before beeing initialized
2023-11-01 23:11:04,575 [INFO] DbMcusAds:53 - JSON generation date=Tue Mar 07 15:50:55 ICT 2023 (1678179055114)
2023-11-01 23:11:04,575 [FATAL] Updater:308 - Updater called before beeing initialized
2023-11-01 23:11:04,637 [WARN] DetailPanel:346 - Failed to get advertising image, set to default
2023-11-01 23:11:04,864 [FATAL] Updater:308 - Updater called before beeing initialized
2023-11-01 23:11:04,868 [FATAL] Updater:308 - Updater called before beeing initialized
2023-11-01 23:11:04,868 [FATAL] Updater:308 - Updater called before beeing initialized
2023-11-01 23:11:04,868 [WARN] DetailPanel:346 - Failed to get advertising image, set to default
2023-11-01 23:11:04,870 [FATAL] Updater:308 - Updater called before beeing initialized
2023-11-01 23:11:04,980 [ERROR] Updater:1120 - MainUpdater not yet initialized. External WinMGr cannot be set.
2023-11-01 23:11:04,995 [INFO] Updater:1056 - Updater Version found : 6.8.1
2023-11-01 23:11:05,024 [INFO] ApplicationProperties:184 - Using Application install path: C:\ST\STM32CubeIDE_1.12.1\STM32CubeIDE\plugins\com.st.stm32cube.common.mx_6.8.1.202304191431
2023-11-01 23:11:05,292 [INFO] MainUpdater:2854 - connection check result : 10
2023-11-01 23:11:05,293 [INFO] MainUpdater:3548 - Updater definition file requires update
2023-11-01 23:11:05,295 [INFO] MainUpdater:283 - Updater Check For Update Now.
2023-11-01 23:11:05,295 [INFO] MicroXplorer:498 - Change Database Version : DB.6.0.81
2023-11-01 23:11:05,491 [INFO] ServerAccessManage:473 - Download File updaters.zip
2023-11-01 23:11:05,630 [INFO] FileExtend:240 - Unzip File : updaters.zip
2023-11-01 23:11:05,630 [INFO] FileExtend:255 - Standard Zip Deflate
2023-11-01 23:11:06,215 [WARN] MainUpdater:1187 - Updater busy. Cannot search thirdparties
2023-11-01 23:11:06,216 [INFO] ThirdPartyUpdaterWithRetryManager:96 - Updater plugin is busy. [1/15]
2023-11-01 23:11:06,284 [INFO] ServerAccessManage:473 - Download File PacksControlFlags.xml
2023-11-01 23:11:06,435 [INFO] ServerAccessManage:473 - Download File cubemx.pidx
2023-11-01 23:11:07,457 [INFO] ServerAccessManage:473 - Download File STMicroelectronics.X-CUBE-BLEMGR.pdsc
2023-11-01 23:11:09,221 [WARN] MainUpdater:1187 - Updater busy. Cannot search thirdparties
2023-11-01 23:11:09,372 [INFO] ThirdPartyUpdaterWithRetryManager:96 - Updater plugin is busy. [2/15]
2023-11-01 23:11:11,476 [ERROR] ServerAccessManage:1096 - Problem, Http access forbiden
2023-11-01 23:11:11,477 [ERROR] ServerAccessManage:651 - Problem, Http access forbiden : RoweBots.I-CUBE-UNISONRTOS.pdsc.
2023-11-01 23:11:11,793 [WARN] PackLoader:240 - Cannot read IP mode file for STMicroelectronics.X-CUBE-BLEMGR.3.0.0
2023-11-01 23:11:11,806 [INFO] PopulateThirdPartyThread:66 - Ending populate Thread
2023-11-01 23:11:11,813 [INFO] ThirdParty:1030 - CMSIS Pack Vendor :STMicroelectronics X-CUBE-BLEMGR 3.0.0
2023-11-01 23:11:11,813 [INFO] LoadServerUpdatesThread:373 - End of LoadServerUpdate Thread
2023-11-01 23:11:11,963 [INFO] CheckServerUpdateThread:120 - End of CheckServer Thread
2023-11-01 23:11:12,072 [INFO] MainUpdater:2854 - connection check result : 10
2023-11-01 23:11:12,090 [INFO] MainUpdater:2854 - connection check result : 10
2023-11-01 23:11:12,430 [INFO] MicroXplorer:468 - Change Database Path : 
2023-11-01 23:11:12,431 [INFO] MicroXplorer:498 - Change Database Version : DB.6.0.81
2023-11-01 23:11:12,431 [WARN] ThirdParty:871 - waiting for thirdparty lock release [close project]
2023-11-01 23:11:12,850 [WARN] PackLoader:240 - Cannot read IP mode file for STMicroelectronics.X-CUBE-SMBUS.2.1.0
2023-11-01 23:11:12,983 [WARN] PackLoader:240 - Cannot read IP mode file for STMicroelectronics.X-CUBE-AZRTOS-F7.1.1.0
2023-11-01 23:11:13,066 [WARN] PackLoader:240 - Cannot read IP mode file for STMicroelectronics.FP-SNS-MOTENV1.4.3.2
2023-11-01 23:11:13,101 [ERROR] RealEvaluatedCondition:428 - Found unsupported composite condition: CLASS='Data Exchange' GROUP='STM32_MetaDataManager'
2023-11-01 23:11:13,101 [ERROR] RealEvaluatedCondition:428 - Found unsupported composite condition: CLASS='Data Exchange' GROUP='STM32_MetaDataManager'
2023-11-01 23:11:13,105 [WARN] PackLoader:240 - Cannot read IP mode file for STMicroelectronics.FP-SNS-MOTENV1.4.3.1
2023-11-01 23:11:13,137 [WARN] PackLoader:240 - Cannot read IP mode file for STMicroelectronics.FP-SNS-FLIGHT1.5.0.1
2023-11-01 23:11:13,178 [WARN] PackLoader:240 - Cannot read IP mode file for STMicroelectronics.X-CUBE-BLE1.6.2.4
2023-11-01 23:11:13,208 [WARN] PackLoader:240 - Cannot read IP mode file for STMicroelectronics.X-CUBE-DISPLAY.3.0.0
2023-11-01 23:11:13,285 [WARN] PackLoader:240 - Cannot read IP mode file for STMicroelectronics.X-CUBE-TOUCHGFX.4.22.0
2023-11-01 23:11:13,312 [WARN] PackLoader:240 - Cannot read IP mode file for STMicroelectronics.X-CUBE-TOUCHGFX.4.22.1
2023-11-01 23:11:13,337 [WARN] PackLoader:240 - Cannot read IP mode file for STMicroelectronics.FP-SNS-SMARTAG2.1.2.0
2023-11-01 23:11:13,378 [INFO] LogOutputStream:77 - [STDOUT_REDIRECT] 1 : Invalid condition id : UX_CORESTACK_Condition cause : null
2023-11-01 23:11:13,379 [INFO] LogOutputStream:77 - [STDOUT_REDIRECT] 1 : Invalid condition id : UX_CORESTACK_Condition cause : null
2023-11-01 23:11:13,383 [INFO] LogOutputStream:77 - [STDOUT_REDIRECT] 1 : Invalid condition id : UX_CORESTACK_Condition cause : null
2023-11-01 23:11:13,386 [INFO] LogOutputStream:77 - [STDOUT_REDIRECT] 1 : Invalid condition id : UX_CORESTACK_Condition cause : null
2023-11-01 23:11:13,389 [INFO] LogOutputStream:77 - [STDOUT_REDIRECT] 1 : Invalid condition id : UX_CORESTACK_Condition cause : null
2023-11-01 23:11:13,396 [WARN] PackLoader:240 - Cannot read IP mode file for STMicroelectronics.X-CUBE-AZRTOS-WL.2.0.0
2023-11-01 23:11:13,423 [WARN] PackLoader:240 - Cannot read IP mode file for WES.I-CUBE-Cesium.1.3.0
2023-11-01 23:11:13,448 [WARN] PackLoader:240 - Cannot read IP mode file for STMicroelectronics.X-CUBE-BLE2.3.3.0
2023-11-01 23:11:13,470 [WARN] PackLoader:240 - Cannot read IP mode file for STMicroelectronics.X-CUBE-TOUCHGFX.4.21.4
2023-11-01 23:11:13,495 [WARN] PackLoader:240 - Cannot read IP mode file for STMicroelectronics.X-CUBE-ALGOBUILD.1.3.0
2023-11-01 23:11:13,550 [WARN] PackLoader:240 - Cannot read IP mode file for STMicroelectronics.X-CUBE-AZRTOS-G0.1.1.0
2023-11-01 23:11:13,583 [WARN] PackLoader:240 - Cannot read IP mode file for STMicroelectronics.X-CUBE-NFC4.3.0.0
2023-11-01 23:11:13,604 [WARN] PackLoader:240 - Cannot read IP mode file for STMicroelectronics.X-CUBE-BLEMGR.3.0.0
2023-11-01 23:11:13,633 [WARN] PackLoader:240 - Cannot read IP mode file for STMicroelectronics.FP-ATR-SIGFOX1.3.2.0
2023-11-01 23:11:13,800 [WARN] PackLoader:240 - Cannot read IP mode file for SEGGER.I-CUBE-embOS.1.3.1
2023-11-01 23:11:13,964 [WARN] PackLoader:240 - Cannot read IP mode file for STMicroelectronics.X-CUBE-GNSS1.6.0.0
2023-11-01 23:11:14,023 [WARN] PackLoader:240 - Cannot read IP mode file for STMicroelectronics.X-CUBE-AZRTOS-F4.1.1.0
2023-11-01 23:11:14,054 [WARN] PackLoader:240 - Cannot read IP mode file for wolfSSL.I-CUBE-wolfSSL.5.6.0
2023-11-01 23:11:14,129 [WARN] PackLoader:240 - Cannot read IP mode file for STMicroelectronics.X-CUBE-AZRTOS-L5.2.0.0
2023-11-01 23:11:14,252 [WARN] PackLoader:240 - Cannot read IP mode file for STMicroelectronics.X-CUBE-MEMS1.9.6.0
2023-11-01 23:11:14,712 [WARN] PackLoader:240 - Cannot read IP mode file for STMicroelectronics.X-CUBE-EEPRMA1.4.2.0
2023-11-01 23:11:14,740 [WARN] PackLoader:240 - Cannot read IP mode file for ITTIA_DB.I-CUBE-ITTIADB.8.8.0
2023-11-01 23:11:14,770 [WARN] PackLoader:240 - Cannot read IP mode file for emotas.I-CUBE-CANOPEN.1.1.3
2023-11-01 23:11:14,802 [WARN] PackLoader:240 - Cannot read IP mode file for STMicroelectronics.X-CUBE-BLEMGR.2.0.0
2023-11-01 23:11:14,874 [WARN] ConditionMgr:438 - getConditionDescription Invalid condition id : UX DEVICE CLASS RTOS Condition cause : null
2023-11-01 23:11:14,875 [WARN] ConditionMgr:438 - getConditionDescription Invalid condition id : UX DEVICE CLASS RTOS Condition cause : null
2023-11-01 23:11:14,882 [WARN] PackLoader:240 - Cannot read IP mode file for STMicroelectronics.X-CUBE-AZRTOS-H7.3.1.0
2023-11-01 23:11:14,884 [WARN] ConditionMgr:1039 - genDependencies : Invalid condition id : UX DEVICE CLASS RTOS Condition cause : null
2023-11-01 23:11:14,885 [WARN] ConditionMgr:1039 - genDependencies : Invalid condition id : UX DEVICE CLASS RTOS Condition cause : null
2023-11-01 23:11:14,886 [WARN] ConditionMgr:1039 - genDependencies : Invalid condition id : UX DEVICE CLASS RTOS Condition cause : null
2023-11-01 23:11:14,887 [WARN] ConditionMgr:1039 - genDependencies : Invalid condition id : UX DEVICE CLASS RTOS Condition cause : null
2023-11-01 23:11:14,888 [WARN] ConditionMgr:1039 - genDependencies : Invalid condition id : UX DEVICE CLASS RTOS Condition cause : null
2023-11-01 23:11:14,915 [WARN] PackLoader:240 - Cannot read IP mode file for STMicroelectronics.X-CUBE-NFC7.1.0.1
2023-11-01 23:11:14,946 [WARN] PackLoader:240 - Cannot read IP mode file for STMicroelectronics.X-CUBE-NFC6.3.0.0
2023-11-01 23:11:14,976 [WARN] PackLoader:240 - Cannot read IP mode file for STMicroelectronics.X-CUBE-EEPRMA1.4.1.0
2023-11-01 23:11:15,052 [WARN] ConditionMgr:438 - getConditionDescription Invalid condition id : LAN8742 Phy interface Condition cause : null
2023-11-01 23:11:15,053 [WARN] PackLoader:240 - Cannot read IP mode file for STMicroelectronics.X-CUBE-AZRTOS-L4.2.0.0
2023-11-01 23:11:15,055 [WARN] ConditionMgr:1039 - genDependencies : Invalid condition id : LAN8742 Phy interface Condition cause : null
2023-11-01 23:11:15,056 [WARN] ConditionMgr:1039 - genDependencies : Invalid condition id : LAN8742 Phy interface Condition cause : null
2023-11-01 23:11:15,057 [WARN] ConditionMgr:1039 - genDependencies : Invalid condition id : LAN8742 Phy interface Condition cause : null
2023-11-01 23:11:15,087 [WARN] PackLoader:240 - Cannot read IP mode file for STMicroelectronics.X-CUBE-SFXS2LP1.4.0.0
2023-11-01 23:11:15,118 [WARN] PackLoader:240 - Cannot read IP mode file for STMicroelectronics.X-CUBE-ISPU.1.1.0
2023-11-01 23:11:15,178 [WARN] ConditionMgr:438 - getConditionDescription Invalid condition id : UX DEVICE CLASS RTOS Condition cause : null
2023-11-01 23:11:15,179 [WARN] ConditionMgr:438 - getConditionDescription Invalid condition id : UX DEVICE CLASS RTOS Condition cause : null
2023-11-01 23:11:15,183 [WARN] PackLoader:240 - Cannot read IP mode file for STMicroelectronics.X-CUBE-AZRTOS-WB.2.0.0
2023-11-01 23:11:15,224 [WARN] ConditionMgr:1039 - genDependencies : Invalid condition id : UX DEVICE CLASS RTOS Condition cause : null
2023-11-01 23:11:15,224 [WARN] ConditionMgr:1039 - genDependencies : Invalid condition id : UX DEVICE CLASS RTOS Condition cause : null
2023-11-01 23:11:15,225 [WARN] ConditionMgr:1039 - genDependencies : Invalid condition id : UX DEVICE CLASS RTOS Condition cause : null
2023-11-01 23:11:15,225 [WARN] ConditionMgr:1039 - genDependencies : Invalid condition id : UX DEVICE CLASS RTOS Condition cause : null
2023-11-01 23:11:15,225 [WARN] ConditionMgr:1039 - genDependencies : Invalid condition id : UX DEVICE CLASS RTOS Condition cause : null
2023-11-01 23:11:15,253 [WARN] PackLoader:240 - Cannot read IP mode file for STMicroelectronics.X-CUBE-FREERTOS.1.0.1
2023-11-01 23:11:15,306 [WARN] PackLoader:240 - Cannot read IP mode file for STMicroelectronics.X-CUBE-AZRTOS-L5.1.1.0
2023-11-01 23:11:15,335 [WARN] PackLoader:240 - Cannot read IP mode file for STMicroelectronics.X-CUBE-AI.8.0.1
2023-11-01 23:11:15,385 [WARN] PackLoader:240 - Cannot read IP mode file for STMicroelectronics.X-CUBE-SUBG2.5.0.0
2023-11-01 23:11:15,489 [WARN] PackLoader:240 - Cannot read IP mode file for STMicroelectronics.X-CUBE-TOF1.3.3.1
2023-11-01 23:11:15,554 [WARN] PackLoader:240 - Cannot read IP mode file for STMicroelectronics.X-CUBE-AZRTOS-G4.2.0.0
2023-11-01 23:11:15,595 [WARN] PackLoader:240 - Cannot read IP mode file for STMicroelectronics.X-CUBE-TOF1.3.3.0
2023-11-01 23:11:15,654 [WARN] PackLoader:240 - Cannot read IP mode file for Infineon.AIROC-Wi-Fi-Bluetooth-STM32.1.5.1
2023-11-01 23:11:15,772 [WARN] PackLoader:240 - Cannot read IP mode file for STMicroelectronics.X-CUBE-MEMS1.10.0.0
2023-11-01 23:11:16,123 [WARN] PackLoader:240 - Cannot read IP mode file for STMicroelectronics.X-CUBE-FREERTOS.1.1.0
2023-11-01 23:11:16,149 [WARN] PackLoader:240 - Cannot read IP mode file for portGmbH.I-Cube-SoM-uGOAL.1.1.0
2023-11-01 23:11:16,174 [WARN] PackLoader:240 - Cannot read IP mode file for STMicroelectronics.X-CUBE-ALS.1.0.1
2023-11-01 23:11:16,236 [WARN] PackLoader:240 - Cannot read IP mode file for STMicroelectronics.X-CUBE-AZRTOS-WB.1.1.0
2023-11-01 23:11:16,245 [WARN] PackLoader:240 - Cannot read IP mode file for STMicroelectronics.FP-ATR-ASTRA1.2.0.0
2023-11-01 23:11:16,246 [INFO] ThirdParty:978 - Integrity check success = true
2023-11-01 23:11:16,246 [INFO] IntegrityCheckThread:100 - exiting critical section [integrity check]
2023-11-01 23:11:16,246 [INFO] IntegrityCheckThread:103 - End integrity checks thread
2023-11-01 23:11:16,247 [INFO] ThirdParty:873 - entering critical section [close project]
2023-11-01 23:11:16,249 [INFO] ThirdParty:883 - exiting critical section [close project]
2023-11-01 23:11:16,264 [INFO] PinOutPanel:1499 - setPackage(No Configuration,No Configuration)
2023-11-01 23:11:16,276 [INFO] UtilMem:75 - Begin LoadConfig() Used Memory: 520106192 Bytes (668991488)
2023-11-01 23:11:16,279 [INFO] MicroXplorer:468 - Change Database Path : 
2023-11-01 23:11:16,279 [INFO] MicroXplorer:498 - Change Database Version : DB.6.0.81
2023-11-01 23:11:16,279 [INFO] OpenFileManager:308 - Change cursor
2023-11-01 23:11:16,437 [INFO] Mcu:1937 - Initializing MCU STM32F407V(E-G)Tx STM32F407VGTx STM32F407VGT6
2023-11-01 23:11:21,144 [INFO] Context:659 - Trying to add GPIOservice into a context  which must be forbidden
2023-11-01 23:11:23,355 [INFO] RtosManager:555 - Registered RTOS mode: class=CMSIS, group=RTOS, mode=CMSIS_V1, owner=FREERTOS
2023-11-01 23:11:23,356 [INFO] RtosManager:555 - Registered RTOS mode: class=CMSIS, group=RTOS2, mode=CMSIS_V2, owner=FREERTOS
2023-11-01 23:11:23,356 [INFO] RtosManager:555 - Registered RTOS mode: class=RTOS, group=Core, mode=CMSIS_V1, owner=FREERTOS
2023-11-01 23:11:23,356 [INFO] RtosManager:555 - Registered RTOS mode: class=RTOS, group=Core, mode=CMSIS_V2, owner=FREERTOS
2023-11-01 23:11:23,357 [WARN] ModelIntegratedComponent:184 - Missing modes for component STMicroelectronics:FreeRTOS:0.0.1:STMicroelectronics:RTOS:FreeRTOS:Core:::10.2.0:
2023-11-01 23:11:23,413 [WARN] ModelIntegratedComponent:63 - No mode defined for component null
2023-11-01 23:11:23,414 [WARN] ModelIntegratedComponent:63 - No mode defined for component null
2023-11-01 23:11:23,414 [WARN] ModelIntegratedComponent:63 - No mode defined for component null
2023-11-01 23:11:23,414 [WARN] ModelIntegratedComponent:63 - No mode defined for component null
2023-11-01 23:11:23,414 [WARN] ModelIntegratedComponent:63 - No mode defined for component null
2023-11-01 23:11:23,414 [WARN] ModelIntegratedComponent:63 - No mode defined for component null
2023-11-01 23:11:23,414 [WARN] ModelIntegratedComponent:63 - No mode defined for component null
2023-11-01 23:11:23,415 [WARN] ModelIntegratedComponent:63 - No mode defined for component null
2023-11-01 23:11:23,415 [WARN] ModelIntegratedComponent:63 - No mode defined for component null
2023-11-01 23:11:23,415 [WARN] ModelIntegratedComponent:63 - No mode defined for component null
2023-11-01 23:11:23,415 [WARN] ModelIntegratedComponent:63 - No mode defined for component null
2023-11-01 23:11:23,415 [WARN] ModelIntegratedComponent:63 - No mode defined for component null
2023-11-01 23:11:23,415 [WARN] ModelIntegratedComponent:63 - No mode defined for component null
2023-11-01 23:11:23,416 [WARN] ModelIntegratedComponent:63 - No mode defined for component null
2023-11-01 23:11:23,416 [WARN] ModelIntegratedComponent:63 - No mode defined for component null
2023-11-01 23:11:23,416 [WARN] ModelIntegratedComponent:63 - No mode defined for component null
2023-11-01 23:11:23,416 [WARN] ModelIntegratedComponent:63 - No mode defined for component null
2023-11-01 23:11:23,416 [WARN] ModelIntegratedComponent:63 - No mode defined for component null
2023-11-01 23:11:23,416 [WARN] ModelIntegratedComponent:63 - No mode defined for component null
2023-11-01 23:11:23,417 [WARN] ModelIntegratedComponent:63 - No mode defined for component null
2023-11-01 23:11:23,418 [WARN] ModelIntegratedComponent:63 - No mode defined for component null
2023-11-01 23:11:23,418 [WARN] ModelIntegratedComponent:63 - No mode defined for component null
2023-11-01 23:11:23,418 [WARN] ModelIntegratedComponent:63 - No mode defined for component null
2023-11-01 23:11:23,418 [WARN] ModelIntegratedComponent:63 - No mode defined for component null
2023-11-01 23:11:23,418 [WARN] ModelIntegratedComponent:63 - No mode defined for component null
2023-11-01 23:11:23,418 [WARN] ModelIntegratedComponent:63 - No mode defined for component null
2023-11-01 23:11:23,419 [WARN] ModelIntegratedComponent:63 - No mode defined for component null
2023-11-01 23:11:23,419 [WARN] ModelIntegratedComponent:63 - No mode defined for component null
2023-11-01 23:11:23,419 [WARN] ModelIntegratedComponent:63 - No mode defined for component null
2023-11-01 23:11:23,419 [WARN] ModelIntegratedComponent:63 - No mode defined for component null
2023-11-01 23:11:23,419 [WARN] ModelIntegratedComponent:63 - No mode defined for component null
2023-11-01 23:11:23,419 [WARN] ModelIntegratedComponent:63 - No mode defined for component null
2023-11-01 23:11:23,419 [WARN] ModelIntegratedComponent:63 - No mode defined for component null
2023-11-01 23:11:23,674 [INFO] ThirdPartyModel:298 - Start build external matchings
2023-11-01 23:11:24,830 [INFO] ThirdPartyModel:316 - End build external matchings
2023-11-01 23:11:25,617 [INFO] UtilMem:75 - End LoadConfig() Used Memory: 491966280 Bytes (668991488)
2023-11-01 23:11:25,931 [INFO] ApiDb:581 - Connected to CubeFinder SQLite database (C:\Users\Admin\.stmcufinder\plugins\mcufinder\mcu\cube-finder-db.db)
2023-11-01 23:11:26,133 [INFO] ApiDb:668 - CubeFinder database Data Model version=2.1
2023-11-01 23:11:26,134 [INFO] ApiDb:669 - CubeFinder database Configuration version=3.0.37
2023-11-01 23:11:26,134 [INFO] ApiDb:670 - CubeFinder database generation date=2023-10-13 (1697197505)
2023-11-01 23:11:26,134 [INFO] ApiDb:671 - CubeFinder database FW Pack versions=[FP-ATR-ASTRA1_V2.0.0, FP-SNS-FLIGHT1_V5.0.1, FP-SNS-FLIGHT1_V5.0.2, FP-SNS-MOTENV1_V4.3.1, FP-SNS-MOTENV1_V4.3.2, FP-SNS-SMARTAG2_V1.2.0, I-CUBE-ITTIADB_V8.6.3-1, STM32Cube_FW_C0_V1.1.0, STM32Cube_FW_F4_V1.27.1, STM32Cube_FW_F7_V1.17.0, STM32Cube_FW_G0_V1.6.1, STM32Cube_FW_G4_V1.5.1, STM32Cube_FW_H5_V0.5.1, STM32Cube_FW_H5_V1.1.1, STM32Cube_FW_H7_V1.11.0, STM32Cube_FW_L0_V1.12.2, STM32Cube_FW_L5_V1.5.0, STM32Cube_FW_U5_V1.3.0, STM32Cube_FW_U5_V1.3.0RC4, STM32Cube_FW_WBA_V1.0.0RC1, STM32Cube_FW_WBA_V1.1.0RC1, STM32Cube_FW_WBA_V1.1.1, STM32Cube_FW_WB_V1.15.0RC1, STM32Cube_FW_WB_V1.16.0, STM32Cube_FW_WB_V1.16.0RC2, STM32Cube_FW_WB_V1.17.3, STM32Cube_FW_WL_V1.3.0, X-CUBE-ALGOBUILD_V1.3.0, X-CUBE-ALS_V1.0.1, X-CUBE-AZRTOS-F4_V1.1.0, X-CUBE-AZRTOS-F7_V1.1.0, X-CUBE-AZRTOS-G0_V1.1.0, X-CUBE-AZRTOS-G4_V2.0.0, X-CUBE-AZRTOS-H7_V3.1.0, X-CUBE-AZRTOS-L4_V1.0.0, X-CUBE-AZRTOS-L4_V2.0.0, X-CUBE-AZRTOS-L5_V1.1.0, X-CUBE-AZRTOS-WB_V2.0.0, X-CUBE-AZRTOS-WL_V2.0.0, X-CUBE-BLE1_V7.0.0, X-CUBE-BLE2_V3.3.0, X-CUBE-BLEMGR_V2.0.0, X-CUBE-EEPRMA1_V4.1.0, X-CUBE-FREERTOS_V1.1.0, X-CUBE-GNSS1_V6.0.0, X-CUBE-MEMS1_V10.0.0, X-CUBE-MEMS1_V9.1.0, X-CUBE-MEMS1_V9.4.0, X-CUBE-MEMS1_V9.6.0, X-CUBE-NFC4_V3.0.0, X-CUBE-NFC7_V1.0.1, X-CUBE-SFXS2LP1_V4.0.0, X-CUBE-SUBG2_V5.0.0, X-CUBE-TOF1_V3.3.1]
2023-11-01 23:11:30,474 [INFO] ApiDb:240 - Found 297 in-development CPN: [B-G473E-ZEST1S, B-WB1M-WPAN1, B-WL5M-SUBG1, NUCLEO-C031C6, NUCLEO-H503RB, NUCLEO-H563ZI, NUCLEO-U545RE-Q, NUCLEO-U5A5ZJ-Q, NUCLEO-WBA52CG, STEVAL-PROTEUS1, STEVAL-STWINBX1, STM320518-EVAL, STM32C0116-DK, STM32C011D6Y3TR, STM32C011D6Y6TR, STM32C011F4P3, STM32C011F4P6, STM32C011F4U3, STM32C011F4U6TR, STM32C011F6P3, STM32C011F6P6, STM32C011F6U3, STM32C011F6U6TR, STM32C011J4M3, STM32C011J4M6, STM32C011J6M3, STM32C011J6M6, STM32C0316-DK, STM32C031C4T3, STM32C031C4T6, STM32C031C4U3, STM32C031C4U6, STM32C031C6T3, STM32C031C6T6, STM32C031C6U3, STM32C031C6U6, STM32C031F4P3, STM32C031F4P6, STM32C031F6P3, STM32C031F6P6, STM32C031G4U3, STM32C031G4U6, STM32C031G6U3, STM32C031G6U6, STM32C031K4T3, STM32C031K4T6, STM32C031K4U3, STM32C031K4U6, STM32C031K6T3, STM32C031K6T6, STM32C031K6U3, STM32C031K6U6, STM32G071K8TXN, STM32G071K8UXN, STM32G081GBU6N, STM32G081KBT6N, STM32G081KBUXN, STM32G0B1CCT6N, STM32G0B1KCT6, STM32G0B1NEY6TR, STM32G0B1RCT6N, STM32G0C1CCT6, STM32G0C1CCT6N, STM32G0C1CCU6N, STM32G0C1CET6N, STM32G0C1CEU6N, STM32G0C1KCT6, STM32G0C1NEY6TR, STM32G0C1RCI6N, STM32G0C1RCT6N, STM32G0C1REI6N, STM32G0C1RET6N, STM32G0C1VCI6, STM32G0C1VEI6, STM32G471CCT6, STM32G471CCU6, STM32G471CET3, STM32G471CET6, STM32G471CEU3, STM32G471CEU6, STM32G471MCT6, STM32G471MET3, STM32G471MET6, STM32G471MEY6TR, STM32G471QCT6, STM32G471QET3, STM32G471RCT6, STM32G471RET3, STM32G471RET6, STM32G471VCH6, STM32G471VCI6, STM32G471VCT6, STM32G471VEH3, STM32G471VEH6, STM32G471VEI3, STM32G471VEI6, STM32G471VET3, STM32G471VET6, STM32G474CCT6, STM32H503CBT6, STM32H503CBU6, STM32H503EBY6TR, STM32H503KBU6, STM32H503RBT6, STM32H562AGI6, STM32H562AII6, STM32H562IGK6, STM32H562IGT6, STM32H562IIK6, STM32H562IIT6, STM32H562RGT6, STM32H562RGV6, STM32H562RIT6, STM32H562RIV6, STM32H562VGT6, STM32H562VIT6, STM32H562ZGT6, STM32H562ZIT6, STM32H563AGI6, STM32H563AII3Q, STM32H563AII6, STM32H563IGK6, STM32H563IGT6, STM32H563IIK3Q, STM32H563IIK6, STM32H563IIT3Q, STM32H563IIT6, STM32H563MIY3QTR, STM32H563RGT6, STM32H563RGV6, STM32H563RIT6, STM32H563RIV6, STM32H563VGT6, STM32H563VIT3Q, STM32H563VIT6, STM32H563ZGT6, STM32H563ZIT3Q, STM32H563ZIT6, STM32H573AII3Q, STM32H573AII6, STM32H573I-DK, STM32H573IIK3Q, STM32H573IIK6, STM32H573IIT3Q, STM32H573IIT6, STM32H573MIY3QTR, STM32H573RIT6, STM32H573RIV6, STM32H573VIT3Q, STM32H573VIT6, STM32H573ZIT3Q, STM32H573ZIT6, STM32L4R5QGI6STR, STM32MP131AAE3, STM32MP131AAF3, STM32MP131AAG3, STM32MP131CAE3, STM32MP131CAF3, STM32MP131CAG3, STM32MP131DAE7, STM32MP131DAF7, STM32MP131DAG7, STM32MP131FAE7, STM32MP131FAF7, STM32MP131FAG7, STM32MP133AAE3, STM32MP133AAF3, STM32MP133AAG3, STM32MP133CAE3, STM32MP133CAF3, STM32MP133CAG3, STM32MP133DAE7, STM32MP133DAF7, STM32MP133DAG7, STM32MP133FAE7, STM32MP133FAF7, STM32MP133FAG7, STM32MP135AAE3, STM32MP135AAF3, STM32MP135AAG3, STM32MP135CAE3, STM32MP135CAF3, STM32MP135CAG3, STM32MP135DAE7, STM32MP135DAF7, STM32MP135DAG7, STM32MP135F-DK, STM32MP135FAE7, STM32MP135FAF7, STM32MP135FAF7T, STM32MP135FAF7U, STM32MP135FAG7, STM32U535CBT6, STM32U535CBT6Q, STM32U535CBU6, STM32U535CBU6Q, STM32U535CCT6, STM32U535CCT6Q, STM32U535CCU6, STM32U535CCU6Q, STM32U535CET6, STM32U535CET6Q, STM32U535CEU6, STM32U535CEU6Q, STM32U535JEY6QTR, STM32U535NCY6QTR, STM32U535NEY6QTR, STM32U535RBI6, STM32U535RBI6Q, STM32U535RBT6, STM32U535RBT6Q, STM32U535RCI6, STM32U535RCI6Q, STM32U535RCT6, STM32U535RCT6Q, STM32U535REI6, STM32U535REI6Q, STM32U535RET6, STM32U535RET6Q, STM32U535VCI6, STM32U535VCI6Q, STM32U535VCT6, STM32U535VCT6Q, STM32U535VEI6, STM32U535VEI6Q, STM32U535VET6, STM32U535VET6Q, STM32U545CET6, STM32U545CET6Q, STM32U545CEU6, STM32U545CEU6Q, STM32U545JEY6QTR, STM32U545NEY6QTR, STM32U545REI6, STM32U545REI6Q, STM32U545RET6, STM32U545RET6Q, STM32U545VEI6, STM32U545VEI6Q, STM32U545VET6, STM32U545VET6Q, STM32U595AIH6, STM32U595AIH6Q, STM32U595AJH6, STM32U595AJH6Q, STM32U595QII6, STM32U595QII6Q, STM32U595QJI6, STM32U595QJI6Q, STM32U595RIT6, STM32U595RIT6Q, STM32U595RJT6, STM32U595RJT6Q, STM32U595VIT6, STM32U595VIT6Q, STM32U595VJT6, STM32U595VJT6Q, STM32U595ZIT6, STM32U595ZIT6Q, STM32U595ZIY6QTR, STM32U595ZJT6, STM32U595ZJT6Q, STM32U595ZJY6QTR, STM32U599BJY6QTR, STM32U599NIH6Q, STM32U599NJH6Q, STM32U599VIT6Q, STM32U599VJT6, STM32U599VJT6Q, STM32U599ZIT6Q, STM32U599ZIY6QTR, STM32U599ZJT6Q, STM32U599ZJY6QTR, STM32U5A5AJH6, STM32U5A5AJH6Q, STM32U5A5QJI6, STM32U5A5QJI6Q, STM32U5A5RJT6, STM32U5A5RJT6Q, STM32U5A5VJT6, STM32U5A5VJT6Q, STM32U5A5ZJT6, STM32U5A5ZJT6Q, STM32U5A5ZJY6QTR, STM32U5A9BJY6QTR, STM32U5A9J-DK, STM32U5A9NJH6Q, STM32U5A9VJT6Q, STM32U5A9ZJT6Q, STM32U5A9ZJY6QTR, STM32WB1MMCH6, STM32WBA52CEU6, STM32WBA52CEU6T, STM32WBA52CGU6, STM32WBA52CGU6T, STM32WL5MOCH6, STM32WL5MOCH6TR]
2023-11-01 23:11:30,478 [INFO] DbMcus:216 - Found 3825 MCUs, 3825 are supported
2023-11-01 23:11:30,481 [INFO] ApiDb:423 - Load user favorites file C:\Users\Admin/.stm32cubeide/favorites.mcus.txt: 0 item(s)
2023-11-01 23:11:30,482 [INFO] ApiDb:427 - User favorites MCUs=[]
2023-11-01 23:11:30,482 [INFO] DbMcus:222 - Set 0 / 0 favorites MCUs
2023-11-01 23:11:31,163 [WARN] ThirdParty:833 - waiting for thirdparty lock release [change project]
2023-11-01 23:11:31,163 [INFO] ThirdParty:835 - entering critical section [change project]
2023-11-01 23:11:31,163 [INFO] ThirdParty:1030 - CMSIS Pack Vendor :STMicroelectronics X-CUBE-ISPU 1.1.0
2023-11-01 23:11:31,163 [INFO] ThirdParty:1030 - CMSIS Pack Vendor :STMicroelectronics X-CUBE-GNSS1 6.0.0
2023-11-01 23:11:31,163 [INFO] ThirdParty:1030 - CMSIS Pack Vendor :STMicroelectronics USB_HOST 2.0.0
2023-11-01 23:11:31,163 [INFO] ThirdParty:1030 - CMSIS Pack Vendor :STMicroelectronics X-CUBE-AZRTOS-F4 1.1.0
2023-11-01 23:11:31,163 [INFO] ThirdParty:1030 - CMSIS Pack Vendor :STMicroelectronics LIBJPEG 8.0.0
2023-11-01 23:11:31,163 [INFO] ThirdParty:1030 - CMSIS Pack Vendor :STMicroelectronics X-CUBE-SMBUS 2.1.0
2023-11-01 23:11:31,163 [INFO] ThirdParty:1030 - CMSIS Pack Vendor :wolfSSL I-CUBE-wolfSSL 5.6.0
2023-11-01 23:11:31,163 [INFO] ThirdParty:1030 - CMSIS Pack Vendor :STMicroelectronics USB_DEVICE 3.0.0
2023-11-01 23:11:31,163 [INFO] ThirdParty:1030 - CMSIS Pack Vendor :STMicroelectronics X-CUBE-AZRTOS-WB 2.0.0
2023-11-01 23:11:31,163 [INFO] ThirdParty:1030 - CMSIS Pack Vendor :STMicroelectronics X-CUBE-FREERTOS 1.0.1
2023-11-01 23:11:31,163 [INFO] ThirdParty:1030 - CMSIS Pack Vendor :STMicroelectronics X-CUBE-AZRTOS-F7 1.1.0
2023-11-01 23:11:31,163 [INFO] ThirdParty:1030 - CMSIS Pack Vendor :STMicroelectronics X-CUBE-TOUCHGFX 4.21.4
2023-11-01 23:11:31,163 [INFO] ThirdParty:1030 - CMSIS Pack Vendor :STMicroelectronics X-CUBE-AZRTOS-L5 2.0.0
2023-11-01 23:11:31,163 [INFO] ThirdParty:1030 - CMSIS Pack Vendor :STMicroelectronics USB_DEVICE 2.0.0
2023-11-01 23:11:31,163 [INFO] ThirdParty:1030 - CMSIS Pack Vendor :STMicroelectronics X-CUBE-MEMS1 9.6.0
2023-11-01 23:11:31,164 [INFO] ThirdParty:1030 - CMSIS Pack Vendor :STMicroelectronics X-CUBE-EEPRMA1 4.2.0
2023-11-01 23:11:31,164 [INFO] ThirdParty:1030 - CMSIS Pack Vendor :ITTIA_DB I-CUBE-ITTIADB 8.8.0
2023-11-01 23:11:31,164 [INFO] ThirdParty:1030 - CMSIS Pack Vendor :STMicroelectronics FP-SNS-MOTENV1 4.3.2
2023-11-01 23:11:31,164 [INFO] ThirdParty:1030 - CMSIS Pack Vendor :STMicroelectronics FP-SNS-MOTENV1 4.3.1
2023-11-01 23:11:31,164 [INFO] ThirdParty:1030 - CMSIS Pack Vendor :STMicroelectronics FP-SNS-FLIGHT1 5.0.1
2023-11-01 23:11:31,164 [INFO] ThirdParty:1030 - CMSIS Pack Vendor :STMicroelectronics X-CUBE-ALGOBUILD 1.3.0
2023-11-01 23:11:31,164 [INFO] ThirdParty:1030 - CMSIS Pack Vendor :STMicroelectronics X-CUBE-BLE1 6.2.4
2023-11-01 23:11:31,164 [INFO] ThirdParty:1030 - CMSIS Pack Vendor :STMicroelectronics X-CUBE-AZRTOS-L5 1.1.0
2023-11-01 23:11:31,164 [INFO] ThirdParty:1030 - CMSIS Pack Vendor :STMicroelectronics FreeRTOS 0.0.1
2023-11-01 23:11:31,164 [INFO] ThirdParty:1030 - CMSIS Pack Vendor :STMicroelectronics X-CUBE-AZRTOS-G0 1.1.0
2023-11-01 23:11:31,164 [INFO] ThirdParty:1030 - CMSIS Pack Vendor :emotas I-CUBE-CANOPEN 1.1.3
2023-11-01 23:11:31,164 [INFO] ThirdParty:1030 - CMSIS Pack Vendor :STMicroelectronics X-CUBE-BLEMGR 2.0.0
2023-11-01 23:11:31,164 [INFO] ThirdParty:1030 - CMSIS Pack Vendor :STMicroelectronics X-CUBE-AI 8.0.1
2023-11-01 23:11:31,165 [INFO] ThirdParty:1030 - CMSIS Pack Vendor :STMicroelectronics X-CUBE-NFC4 3.0.0
2023-11-01 23:11:31,167 [INFO] ThirdParty:1030 - CMSIS Pack Vendor :STMicroelectronics X-CUBE-SUBG2 5.0.0
2023-11-01 23:11:31,167 [INFO] ThirdParty:1030 - CMSIS Pack Vendor :STMicroelectronics STM32_WPAN 1.0.0
2023-11-01 23:11:31,167 [INFO] ThirdParty:1030 - CMSIS Pack Vendor :STMicroelectronics lwIP 2.0.3
2023-11-01 23:11:31,167 [INFO] ThirdParty:1030 - CMSIS Pack Vendor :STMicroelectronics USB_HOST 1.0.0
2023-11-01 23:11:31,167 [INFO] ThirdParty:1030 - CMSIS Pack Vendor :STMicroelectronics X-CUBE-TOF1 3.3.1
2023-11-01 23:11:31,168 [INFO] ThirdParty:1030 - CMSIS Pack Vendor :STMicroelectronics X-CUBE-AZRTOS-G4 2.0.0
2023-11-01 23:11:31,168 [INFO] ThirdParty:1030 - CMSIS Pack Vendor :STMicroelectronics PDM2PCM 3.1.0
2023-11-01 23:11:31,168 [INFO] ThirdParty:1030 - CMSIS Pack Vendor :STMicroelectronics X-CUBE-AZRTOS-H7 3.1.0
2023-11-01 23:11:31,168 [INFO] ThirdParty:1030 - CMSIS Pack Vendor :STMicroelectronics X-CUBE-TOF1 3.3.0
2023-11-01 23:11:31,168 [INFO] ThirdParty:1030 - CMSIS Pack Vendor :Infineon AIROC-Wi-Fi-Bluetooth-STM32 1.5.1
2023-11-01 23:11:31,168 [INFO] ThirdParty:1030 - CMSIS Pack Vendor :STMicroelectronics X-CUBE-BLEMGR 3.0.0
2023-11-01 23:11:31,168 [INFO] ThirdParty:1030 - CMSIS Pack Vendor :STMicroelectronics PDM2PCM 3.3.0
2023-11-01 23:11:31,168 [INFO] ThirdParty:1030 - CMSIS Pack Vendor :STMicroelectronics X-CUBE-DISPLAY 3.0.0
2023-11-01 23:11:31,168 [INFO] ThirdParty:1030 - CMSIS Pack Vendor :STMicroelectronics FP-ATR-SIGFOX1 3.2.0
2023-11-01 23:11:31,168 [INFO] ThirdParty:1030 - CMSIS Pack Vendor :STMicroelectronics HAL Drivers 0.0.0
2023-11-01 23:11:31,168 [INFO] ThirdParty:1030 - CMSIS Pack Vendor :STMicroelectronics MBEDTLS 2.16.2
2023-11-01 23:11:31,168 [INFO] ThirdParty:1030 - CMSIS Pack Vendor :STMicroelectronics X-CUBE-MEMS1 10.0.0
2023-11-01 23:11:31,168 [INFO] ThirdParty:1030 - CMSIS Pack Vendor :STMicroelectronics X-CUBE-FREERTOS 1.1.0
2023-11-01 23:11:31,168 [INFO] ThirdParty:1030 - CMSIS Pack Vendor :STMicroelectronics X-CUBE-TOUCHGFX 4.22.0
2023-11-01 23:11:31,168 [INFO] ThirdParty:1030 - CMSIS Pack Vendor :STMicroelectronics X-CUBE-NFC7 1.0.1
2023-11-01 23:11:31,168 [INFO] ThirdParty:1030 - CMSIS Pack Vendor :STMicroelectronics MBEDTLS 2.14.1
2023-11-01 23:11:31,168 [INFO] ThirdParty:1030 - CMSIS Pack Vendor :STMicroelectronics X-CUBE-TOUCHGFX 4.22.1
2023-11-01 23:11:31,168 [INFO] ThirdParty:1030 - CMSIS Pack Vendor :STMicroelectronics X-CUBE-NFC6 3.0.0
2023-11-01 23:11:31,168 [INFO] ThirdParty:1030 - CMSIS Pack Vendor :STMicroelectronics X-CUBE-EEPRMA1 4.1.0
2023-11-01 23:11:31,169 [INFO] ThirdParty:1030 - CMSIS Pack Vendor :portGmbH I-Cube-SoM-uGOAL 1.1.0
2023-11-01 23:11:31,169 [INFO] ThirdParty:1030 - CMSIS Pack Vendor :STMicroelectronics X-CUBE-ALS 1.0.1
2023-11-01 23:11:31,169 [INFO] ThirdParty:1030 - CMSIS Pack Vendor :STMicroelectronics ThreadX 1.0.0
2023-11-01 23:11:31,169 [INFO] ThirdParty:1030 - CMSIS Pack Vendor :STMicroelectronics FP-SNS-SMARTAG2 1.2.0
2023-11-01 23:11:31,169 [INFO] ThirdParty:1030 - CMSIS Pack Vendor :STMicroelectronics X-CUBE-AZRTOS-WB 1.1.0
2023-11-01 23:11:31,169 [INFO] ThirdParty:1030 - CMSIS Pack Vendor :STMicroelectronics X-CUBE-AZRTOS-WL 2.0.0
2023-11-01 23:11:31,169 [INFO] ThirdParty:1030 - CMSIS Pack Vendor :SEGGER I-CUBE-embOS 1.3.1
2023-11-01 23:11:31,169 [INFO] ThirdParty:1030 - CMSIS Pack Vendor :STMicroelectronics USB_DEVICE 1.0.0
2023-11-01 23:11:31,169 [INFO] ThirdParty:1030 - CMSIS Pack Vendor :STMicroelectronics X-CUBE-AZRTOS-L4 2.0.0
2023-11-01 23:11:31,169 [INFO] ThirdParty:1030 - CMSIS Pack Vendor :STMicroelectronics ThreadX 0.0.2
2023-11-01 23:11:31,169 [INFO] ThirdParty:1030 - CMSIS Pack Vendor :WES I-CUBE-Cesium 1.3.0
2023-11-01 23:11:31,169 [INFO] ThirdParty:1030 - CMSIS Pack Vendor :STMicroelectronics FP-ATR-ASTRA1 2.0.0
2023-11-01 23:11:31,169 [INFO] ThirdParty:1030 - CMSIS Pack Vendor :STMicroelectronics lwIP 2.1.2
2023-11-01 23:11:31,169 [INFO] ThirdParty:1030 - CMSIS Pack Vendor :STMicroelectronics X-CUBE-SFXS2LP1 4.0.0
2023-11-01 23:11:31,169 [INFO] ThirdParty:1030 - CMSIS Pack Vendor :STMicroelectronics X-CUBE-BLE2 3.3.0
2023-11-01 23:11:31,169 [INFO] ThirdParty:1030 - CMSIS Pack Vendor :STMicroelectronics PDM2PCM 3.2.0
2023-11-01 23:11:31,169 [INFO] ThirdParty:841 - exiting critical section [change project]
2023-11-01 23:11:32,299 [INFO] PinOutPanel:1499 - setPackage(No Configuration,No Configuration)
2023-11-01 23:11:32,305 [INFO] PinOutPanel:1499 - setPackage(STM32F407VGTx,LQFP100)
2023-11-01 23:11:35,055 [INFO] UtilMem:75 - Before build in PCC Used Memory: 557776360 Bytes (668991488)
2023-11-01 23:11:37,317 [INFO] UtilMem:75 - After build in PCC Used Memory: 554605952 Bytes (668991488)
2023-11-01 23:11:37,381 [INFO] IPUIPlugin:80 - create IPUIPlugin
2023-11-01 23:11:37,381 [INFO] IPUIPlugin:80 - create IPUIPlugin
2023-11-01 23:11:37,381 [INFO] IPUIPlugin:80 - create IPUIPlugin
2023-11-01 23:11:37,381 [INFO] IPUIPlugin:80 - create IPUIPlugin
2023-11-01 23:11:37,381 [INFO] IPUIPlugin:80 - create IPUIPlugin
2023-11-01 23:11:37,382 [INFO] IPUIPlugin:80 - create IPUIPlugin
2023-11-01 23:11:37,382 [INFO] IPUIPlugin:80 - create IPUIPlugin
2023-11-01 23:11:37,384 [INFO] IPUIPlugin:80 - create IPUIPlugin
2023-11-01 23:11:37,387 [INFO] IPUIPlugin:80 - create IPUIPlugin
2023-11-01 23:11:37,387 [INFO] IPUIPlugin:80 - create IPUIPlugin
2023-11-01 23:11:37,387 [INFO] IPUIPlugin:80 - create IPUIPlugin
2023-11-01 23:11:37,388 [INFO] IPUIPlugin:80 - create IPUIPlugin
2023-11-01 23:11:37,388 [INFO] IPUIPlugin:80 - create IPUIPlugin
2023-11-01 23:11:37,388 [INFO] IPUIPlugin:80 - create IPUIPlugin
2023-11-01 23:11:37,388 [INFO] IPUIPlugin:80 - create IPUIPlugin
2023-11-01 23:11:37,391 [INFO] IPUIPlugin:80 - create IPUIPlugin
2023-11-01 23:11:37,391 [INFO] IPUIPlugin:80 - create IPUIPlugin
2023-11-01 23:11:37,391 [INFO] IPUIPlugin:80 - create IPUIPlugin
2023-11-01 23:11:37,392 [INFO] IPUIPlugin:80 - create IPUIPlugin
2023-11-01 23:11:37,392 [INFO] IPUIPlugin:80 - create IPUIPlugin
2023-11-01 23:11:37,394 [INFO] IPUIPlugin:80 - create IPUIPlugin
2023-11-01 23:11:37,394 [INFO] IPUIPlugin:80 - create IPUIPlugin
2023-11-01 23:11:37,395 [INFO] IPUIPlugin:80 - create IPUIPlugin
2023-11-01 23:11:37,395 [INFO] IPUIPlugin:80 - create IPUIPlugin
2023-11-01 23:11:37,396 [INFO] IPUIPlugin:80 - create IPUIPlugin
2023-11-01 23:11:37,396 [INFO] IPUIPlugin:80 - create IPUIPlugin
2023-11-01 23:11:37,397 [INFO] IPUIPlugin:80 - create IPUIPlugin
2023-11-01 23:11:37,397 [INFO] IPUIPlugin:80 - create IPUIPlugin
2023-11-01 23:11:37,397 [INFO] IPUIPlugin:80 - create IPUIPlugin
2023-11-01 23:11:37,398 [INFO] IPUIPlugin:80 - create IPUIPlugin
2023-11-01 23:11:37,398 [INFO] IPUIPlugin:80 - create IPUIPlugin
2023-11-01 23:11:37,399 [INFO] IPUIPlugin:80 - create IPUIPlugin
2023-11-01 23:11:37,399 [INFO] IPUIPlugin:80 - create IPUIPlugin
2023-11-01 23:11:37,400 [INFO] IPUIPlugin:80 - create IPUIPlugin
2023-11-01 23:11:37,401 [INFO] IPUIPlugin:80 - create IPUIPlugin
2023-11-01 23:11:37,402 [INFO] IPUIPlugin:80 - create IPUIPlugin
2023-11-01 23:11:37,403 [INFO] IPUIPlugin:80 - create IPUIPlugin
2023-11-01 23:11:37,404 [INFO] IPUIPlugin:80 - create IPUIPlugin
2023-11-01 23:11:37,404 [INFO] IPUIPlugin:80 - create IPUIPlugin
2023-11-01 23:11:37,406 [INFO] IPUIPlugin:80 - create IPUIPlugin
2023-11-01 23:11:37,406 [INFO] IPUIPlugin:80 - create IPUIPlugin
2023-11-01 23:11:37,407 [INFO] IPUIPlugin:80 - create IPUIPlugin
2023-11-01 23:11:37,408 [INFO] IPUIPlugin:80 - create IPUIPlugin
2023-11-01 23:11:37,409 [INFO] IPUIPlugin:80 - create IPUIPlugin
2023-11-01 23:11:37,410 [INFO] IPUIPlugin:80 - create IPUIPlugin
2023-11-01 23:11:37,410 [INFO] IPUIPlugin:80 - create IPUIPlugin
2023-11-01 23:11:37,411 [INFO] IPUIPlugin:80 - create IPUIPlugin
2023-11-01 23:11:37,412 [INFO] IPUIPlugin:80 - create IPUIPlugin
2023-11-01 23:11:37,412 [INFO] IPUIPlugin:80 - create IPUIPlugin
2023-11-01 23:11:37,413 [INFO] IPUIPlugin:80 - create IPUIPlugin
2023-11-01 23:11:37,414 [INFO] IPUIPlugin:80 - create IPUIPlugin
2023-11-01 23:11:37,414 [INFO] IPUIPlugin:80 - create IPUIPlugin
2023-11-01 23:11:37,415 [INFO] IPUIPlugin:80 - create IPUIPlugin
2023-11-01 23:11:37,416 [INFO] IPUIPlugin:80 - create IPUIPlugin
2023-11-01 23:11:37,417 [INFO] IPUIPlugin:80 - create IPUIPlugin
2023-11-01 23:11:37,418 [INFO] IPUIPlugin:80 - create IPUIPlugin
2023-11-01 23:11:37,419 [INFO] IPUIPlugin:80 - create IPUIPlugin
2023-11-01 23:11:37,420 [INFO] IPUIPlugin:80 - create IPUIPlugin
2023-11-01 23:11:37,667 [INFO] ApiDbMcu:507 - Load IP Config File for PDM2PCM
2023-11-01 23:11:38,741 [INFO] CADModel:165 - CPN selected for project levelSTM32F407VGT6
2023-11-01 23:11:38,741 [INFO] CADModel:114 - Register for checkConnection events
2023-11-01 23:11:38,856 [INFO] OpenFileManager:328 - Restore cursor
2023-11-01 23:11:57,593 [INFO] DmaTabbedPanel:205 - Cannot restore the selected Tab for DMA
2023-11-01 23:15:29,025 [INFO] NvicIntPanel:101 - NVIC parent = com.st.microxplorer.plugins.ip.nvic.MultiNvicIntPanel[,0,0,450x169,layout=javax.swing.BoxLayout,alignmentX=0.0,alignmentY=0.0,border=,flags=9,maximumSize=,minimumSize=,preferredSize=]
2023-11-01 23:15:30,259 [INFO] NvicIntPanel:101 - NVIC parent = com.st.microxplorer.plugins.ip.nvic.MultiNvicIntPanel[,0,0,0x0,invalid,layout=javax.swing.BoxLayout,alignmentX=0.0,alignmentY=0.0,border=,flags=9,maximumSize=,minimumSize=,preferredSize=]
2023-11-01 23:15:59,302 [INFO] UtilMem:75 - End SaveConfig() Used Memory: 578422464 Bytes (668991488)
2023-11-01 23:16:01,586 [INFO] UtilMem:75 - End SaveConfig() Used Memory: 552594376 Bytes (668991488)
2023-11-01 23:16:12,677 [INFO] UtilMem:75 - End SaveConfig() Used Memory: 597342224 Bytes (668991488)
2023-11-01 23:16:14,338 [INFO] BlockDiagram:2759 - set Specific Code input for plugin: RCC
2023-11-01 23:16:14,338 [INFO] BlockDiagram:2759 - set Specific Code input for plugin: NVIC
2023-11-01 23:16:14,338 [INFO] BlockDiagram:2759 - set Specific Code input for plugin: USART
2023-11-01 23:16:14,339 [INFO] BlockDiagram:2759 - set Specific Code input for plugin: GPIO
2023-11-01 23:16:14,343 [INFO] CodeGenerator:793 - code generatio: config db path: C:\ST\STM32CubeIDE_1.12.1\STM32CubeIDE\plugins\com.st.stm32cube.common.mx_6.8.1.202304191431\\db\
2023-11-01 23:16:15,509 [INFO] CodeEngine:255 - oldGeneratedFile, D:\stm32\carOfMaze_@\ultrasonic\MXTmpFiles\license.tmp_save
2023-11-01 23:16:18,106 [INFO] CodeEngine:279 - Generated code: D:\stm32\carOfMaze_@\ultrasonic\MXTmpFiles\license.tmp
2023-11-01 23:16:18,359 [INFO] CodeEngine:255 - oldGeneratedFile, D:\stm32\carOfMaze_@\ultrasonic\MXTmpFiles\gpio.tmp_save
2023-11-01 23:16:18,985 [INFO] CodeEngine:279 - Generated code: D:\stm32\carOfMaze_@\ultrasonic\MXTmpFiles\gpio.tmp
2023-11-01 23:16:19,198 [INFO] CodeEngine:255 - oldGeneratedFile, D:\stm32\carOfMaze_@\ultrasonic\Core\Src\stm32f4xx_it.c_save
2023-11-01 23:16:19,558 [INFO] CodeEngine:279 - Generated code: D:\stm32\carOfMaze_@\ultrasonic\Core\Src\stm32f4xx_it.c
2023-11-01 23:16:19,582 [INFO] CodeEngine:255 - oldGeneratedFile, D:\stm32\carOfMaze_@\ultrasonic\Core\Inc\stm32f4xx_it.h_save
2023-11-01 23:16:19,763 [INFO] CodeEngine:279 - Generated code: D:\stm32\carOfMaze_@\ultrasonic\Core\Inc\stm32f4xx_it.h
2023-11-01 23:16:19,864 [INFO] CodeEngine:255 - oldGeneratedFile, D:\stm32\carOfMaze_@\ultrasonic\Core\Src\stm32f4xx_hal_msp.c_save
2023-11-01 23:16:20,321 [INFO] CodeEngine:279 - Generated code: D:\stm32\carOfMaze_@\ultrasonic\Core\Src\stm32f4xx_hal_msp.c
2023-11-01 23:16:20,339 [INFO] CodeEngine:255 - oldGeneratedFile, D:\stm32\carOfMaze_@\ultrasonic\MXTmpFiles\system.tmp_save
2023-11-01 23:16:20,497 [INFO] CodeEngine:279 - Generated code: D:\stm32\carOfMaze_@\ultrasonic\MXTmpFiles\system.tmp
2023-11-01 23:16:20,538 [INFO] CodeEngine:311 - oldGeneratedFile, D:\stm32\carOfMaze_@\ultrasonic\Core\Inc\stm32f4xx_hal_conf.h_save
2023-11-01 23:16:20,786 [INFO] CodeEngine:335 - Generated code: D:\stm32\carOfMaze_@\ultrasonic\Core\Inc\stm32f4xx_hal_conf.h
2023-11-01 23:16:20,985 [INFO] CodeEngine:255 - oldGeneratedFile, D:\stm32\carOfMaze_@\ultrasonic\Core\Inc\main.h_save
2023-11-01 23:16:21,303 [INFO] CodeEngine:279 - Generated code: D:\stm32\carOfMaze_@\ultrasonic\Core\Inc\main.h
2023-11-01 23:16:21,346 [INFO] CodeEngine:255 - oldGeneratedFile, D:\stm32\carOfMaze_@\ultrasonic\Core\Src\main.c_save
2023-11-01 23:16:21,859 [INFO] CodeEngine:279 - Generated code: D:\stm32\carOfMaze_@\ultrasonic\Core\Src\main.c
2023-11-01 23:16:23,571 [INFO] ProjectBuilder:2996 - Time for Copy HAL[1] : 274mS.
2023-11-01 23:16:23,603 [INFO] ProjectBuilder:4304 - Project Generator version: 3.19.2
2023-11-01 23:16:24,578 [INFO] ConfigFileManager:1483 - The Die is : DIE413
2023-11-01 23:16:24,606 [INFO] ApiDbMcu:507 - Load IP Config File for FATFS
2023-11-01 23:16:24,635 [INFO] ApiDbMcu:507 - Load IP Config File for FREERTOS
2023-11-01 23:16:24,655 [INFO] ApiDbMcu:507 - Load IP Config File for LIBJPEG
2023-11-01 23:16:24,684 [INFO] ApiDbMcu:507 - Load IP Config File for LWIP
2023-11-01 23:16:24,710 [INFO] ApiDbMcu:507 - Load IP Config File for MBEDTLS
2023-11-01 23:16:24,748 [INFO] ApiDbMcu:507 - Load IP Config File for USB_DEVICE
2023-11-01 23:16:24,767 [INFO] ApiDbMcu:507 - Load IP Config File for USB_HOST
2023-11-01 23:16:27,842 [INFO] LogOutputStream:77 - [STDOUT_REDIRECT] 
2023-11-01 23:16:33,036 [INFO] ProjectBuilder:4505 - Time for Generating toolchain IDE Files: 9431mS.
2023-11-01 23:16:33,038 [INFO] ProjectBuilder:2867 - Time for Copy CMSIS : 0mS.
2023-11-01 23:16:33,041 [INFO] ProjectBuilder:2867 - Time for Copy CMSIS : 0mS.
2023-11-01 23:40:12,412 [INFO] Activator:176 - 


2023-11-01 23:40:12,416 [INFO] Activator:177 - !SESSION log4j initialized
2023-11-01 23:40:23,308 [INFO] LogOutputStream:77 - [STDOUT_REDIRECT] 
2023-11-01 23:40:47,577 [ERROR] LogOutputStream:75 - [STDERR_REDIRECT] SLF4J: Failed to load class "org.slf4j.impl.StaticLoggerBinder".
2023-11-01 23:40:47,578 [ERROR] LogOutputStream:75 - [STDERR_REDIRECT] SLF4J: Defaulting to no-operation (NOP) logger implementation
2023-11-01 23:40:47,582 [ERROR] LogOutputStream:75 - [STDERR_REDIRECT] SLF4J: See http://www.slf4j.org/codes.html#StaticLoggerBinder for further details.
