2023-11-09 19:51:59,067 [INFO] Activator:176 - 


2023-11-09 19:51:59,079 [INFO] Activator:177 - !SESSION log4j initialized
2023-11-09 19:52:22,552 [INFO] LogOutputStream:77 - [STDOUT_REDIRECT] 
2023-11-09 19:52:49,981 [ERROR] LogOutputStream:75 - [STDERR_REDIRECT] SLF4J: Failed to load class "org.slf4j.impl.StaticLoggerBinder".
2023-11-09 19:52:49,982 [ERROR] LogOutputStream:75 - [STDERR_REDIRECT] SLF4J: Defaulting to no-operation (NOP) logger implementation
2023-11-09 19:52:49,986 [ERROR] LogOutputStream:75 - [STDERR_REDIRECT] SLF4J: See http://www.slf4j.org/codes.html#StaticLoggerBinder for further details.
2023-11-09 20:03:26,381 [INFO] ApplicationProperties:184 - Using Application install path: C:\ST\STM32CubeIDE_1.12.1\STM32CubeIDE\plugins\com.st.stm32cube.common.mx_6.8.1.202304191431
2023-11-09 20:03:26,443 [INFO] DbMcusXml:78 - Set database path to: C:\ST\STM32CubeIDE_1.12.1\STM32CubeIDE\plugins\com.st.stm32cube.common.mx_6.8.1.202304191431\\db\/mcu/
2023-11-09 20:03:26,444 [INFO] ApiDb:274 - Set plugin database path to: C:\ST\STM32CubeIDE_1.12.1\STM32CubeIDE\plugins\com.st.stm32cube.common.mx_6.8.1.202304191431\\db\/plugins/boardmanager/
2023-11-09 20:03:26,450 [WARN] ApiDb:259 - Overriding images path with different value:  => C:\ST\STM32CubeIDE_1.12.1\STM32CubeIDE\plugins\com.st.stm32cube.common.mx_6.8.1.202304191431\\db\/plugins/mcufinder/images/
2023-11-09 20:03:26,561 [INFO] ApiDb:250 - Set database path to: C:\Users\Admin\.stmcufinder\plugins\mcufinder//mcu/
2023-11-09 20:03:26,565 [INFO] DbMcusAds:125 - Set database path to: C:\Users\Admin\.stmcufinder\plugins\mcufinder//mcu/
2023-11-09 20:03:27,459 [INFO] CrossReferenceDbSqlite:203 - Set database path to: C:\Users\Admin\.stmcufinder\plugins\mcufinder//mcu/cs/
2023-11-09 20:03:27,676 [INFO] RulesReader:64 - Compatibility file has been processed (293 Rules)
2023-11-09 20:03:27,934 [INFO] DbMcusXml:78 - Set database path to: C:\ST\STM32CubeIDE_1.12.1\STM32CubeIDE\plugins\com.st.stm32cube.common.mx_6.8.1.202304191431\\db\/mcu/
2023-11-09 20:03:27,934 [INFO] ApiDb:274 - Set plugin database path to: C:\ST\STM32CubeIDE_1.12.1\STM32CubeIDE\plugins\com.st.stm32cube.common.mx_6.8.1.202304191431\\db\/plugins/boardmanager/
2023-11-09 20:03:27,935 [INFO] ApiDb:261 - Set plugin images path to: C:\ST\STM32CubeIDE_1.12.1\STM32CubeIDE\plugins\com.st.stm32cube.common.mx_6.8.1.202304191431\\db\/plugins/mcufinder/images/
2023-11-09 20:03:27,935 [WARN] DbFile:41 - Overriding database path with different value: C:\Users\Admin\.stmcufinder\plugins\mcufinder/ => C:\Users\Admin\.stmcufinder\plugins\mcufinder
2023-11-09 20:03:27,936 [INFO] ApiDb:250 - Set database path to: C:\Users\Admin\.stmcufinder\plugins\mcufinder//mcu/
2023-11-09 20:03:27,936 [WARN] DbFile:41 - Overriding database path with different value: C:\Users\Admin\.stmcufinder\plugins\mcufinder/ => C:\Users\Admin\.stmcufinder\plugins\mcufinder
2023-11-09 20:03:27,936 [INFO] DbMcusAds:125 - Set database path to: C:\Users\Admin\.stmcufinder\plugins\mcufinder//mcu/
2023-11-09 20:03:27,936 [WARN] DbFile:41 - Overriding database path with different value: C:\Users\Admin\.stmcufinder\plugins\mcufinder/ => C:\Users\Admin\.stmcufinder\plugins\mcufinder
2023-11-09 20:03:27,936 [WARN] DbFile:41 - Overriding database path with different value: C:\Users\Admin\.stmcufinder\plugins\mcufinder/ => C:\Users\Admin\.stmcufinder\plugins\mcufinder
2023-11-09 20:03:28,460 [INFO] CrossReferenceDbSqlite:203 - Set database path to: C:\Users\Admin\.stmcufinder\plugins\mcufinder//mcu/cs/
2023-11-09 20:03:28,610 [INFO] MainPanel:253 - HeapMemory: 500170752
2023-11-09 20:03:28,807 [INFO] DbMcusXml:78 - Set database path to: C:\ST\STM32CubeIDE_1.12.1\STM32CubeIDE\plugins\com.st.stm32cube.common.mx_6.8.1.202304191431\\db\/mcu/
2023-11-09 20:03:28,807 [INFO] ApiDb:274 - Set plugin database path to: C:\ST\STM32CubeIDE_1.12.1\STM32CubeIDE\plugins\com.st.stm32cube.common.mx_6.8.1.202304191431\\db\/plugins/boardmanager/
2023-11-09 20:03:28,807 [INFO] ApiDb:261 - Set plugin images path to: C:\ST\STM32CubeIDE_1.12.1\STM32CubeIDE\plugins\com.st.stm32cube.common.mx_6.8.1.202304191431\\db\/plugins/mcufinder/images/
2023-11-09 20:03:28,808 [WARN] DbFile:41 - Overriding database path with different value: C:\Users\Admin\.stmcufinder\plugins\mcufinder/ => C:\Users\Admin\.stmcufinder\plugins\mcufinder
2023-11-09 20:03:28,809 [INFO] ApiDb:250 - Set database path to: C:\Users\Admin\.stmcufinder\plugins\mcufinder//mcu/
2023-11-09 20:03:28,809 [WARN] DbFile:41 - Overriding database path with different value: C:\Users\Admin\.stmcufinder\plugins\mcufinder/ => C:\Users\Admin\.stmcufinder\plugins\mcufinder
2023-11-09 20:03:28,809 [INFO] DbMcusAds:125 - Set database path to: C:\Users\Admin\.stmcufinder\plugins\mcufinder//mcu/
2023-11-09 20:03:28,809 [WARN] DbFile:41 - Overriding database path with different value: C:\Users\Admin\.stmcufinder\plugins\mcufinder/ => C:\Users\Admin\.stmcufinder\plugins\mcufinder
2023-11-09 20:03:28,809 [WARN] DbFile:41 - Overriding database path with different value: C:\Users\Admin\.stmcufinder\plugins\mcufinder/ => C:\Users\Admin\.stmcufinder\plugins\mcufinder
2023-11-09 20:03:29,462 [INFO] CrossReferenceDbSqlite:203 - Set database path to: C:\Users\Admin\.stmcufinder\plugins\mcufinder//mcu/cs/
2023-11-09 20:03:29,516 [INFO] ApplicationProperties:184 - Using Application install path: C:\ST\STM32CubeIDE_1.12.1\STM32CubeIDE\plugins\com.st.stm32cube.common.mx_6.8.1.202304191431
2023-11-09 20:03:29,518 [INFO] PluginManage:196 - Search for loadable plugins [exclusion list=, ]
2023-11-09 20:03:29,522 [INFO] PluginManage:310 - Check plugin analytics
2023-11-09 20:03:30,833 [INFO] AnalyticsPlugin:253 - Accepted Software Licenses: STM32CubeMX.6.8.1
2023-11-09 20:03:30,841 [INFO] AnalyticsPlugin:255 - Accepted CMSIS Pack Licenses: 
2023-11-09 20:03:30,842 [INFO] AnalyticsPlugin:257 - Accepted Firmware Licenses: FW.F4.1.27.0
2023-11-09 20:03:30,932 [INFO] PluginManage:359 - Loaded plugin analytics (category:tool,tabindex:-1)
2023-11-09 20:03:30,932 [INFO] PluginManage:310 - Check plugin cadmodel
2023-11-09 20:03:31,005 [INFO] CADModel:105 - Init CAD model plugin
2023-11-09 20:03:31,007 [INFO] PluginManage:359 - Loaded plugin cadmodel (category:power,tabindex:5)
2023-11-09 20:03:31,009 [INFO] PluginManage:310 - Check plugin clock
2023-11-09 20:03:31,058 [INFO] PluginManage:359 - Loaded plugin clock (category:base,tabindex:2)
2023-11-09 20:03:31,058 [INFO] PluginManage:310 - Check plugin ddr
2023-11-09 20:03:31,067 [INFO] PluginManage:359 - Loaded plugin ddr (category:tool,tabindex:6)
2023-11-09 20:03:31,067 [INFO] PluginManage:310 - Check plugin filemanager
2023-11-09 20:03:31,394 [INFO] PluginManage:359 - Loaded plugin filemanager (category:base,tabindex:10)
2023-11-09 20:03:31,394 [INFO] PluginManage:310 - Check plugin ipmanager
2023-11-09 20:03:31,409 [INFO] PluginManage:359 - Loaded plugin ipmanager (category:base,tabindex:5)
2023-11-09 20:03:31,410 [INFO] PluginManage:310 - Check plugin lpbam
2023-11-09 20:03:31,454 [INFO] PluginManage:359 - Loaded plugin lpbam (category:base,tabindex:0)
2023-11-09 20:03:31,454 [INFO] PluginManage:310 - Check plugin pinoutandconfiguration
2023-11-09 20:03:31,497 [INFO] PluginManage:359 - Loaded plugin pinoutandconfiguration (category:base,tabindex:1)
2023-11-09 20:03:31,497 [INFO] PluginManage:310 - Check plugin pinoutconfig
2023-11-09 20:03:31,698 [WARN] SupportedApi:132 - Cannot load RTOS API schema: s4s-elt-must-match.1: The content of 'definitions' must match (annotation?, (simpleType | complexType)?, (unique | key | keyref)*)). A problem was found starting at: attribute.
2023-11-09 20:03:31,983 [INFO] PluginManage:359 - Loaded plugin pinoutconfig (category:base,tabindex:0)
2023-11-09 20:03:31,983 [INFO] PluginManage:310 - Check plugin power
2023-11-09 20:03:32,030 [INFO] PluginManage:359 - Loaded plugin power (category:power,tabindex:4)
2023-11-09 20:03:32,031 [INFO] PluginManage:310 - Check plugin projectmanager
2023-11-09 20:03:32,069 [INFO] PluginManage:359 - Loaded plugin projectmanager (category:projectmanager,tabindex:3)
2023-11-09 20:03:32,069 [INFO] PluginManage:310 - Check plugin thirdparty
2023-11-09 20:03:32,881 [INFO] PluginManage:359 - Loaded plugin thirdparty (category:base,tabindex:-1)
2023-11-09 20:03:32,880 [WARN] IntegrityCheckThread:84 - waiting for thirdparty lock release [integrity check]
2023-11-09 20:03:32,881 [INFO] IntegrityCheckThread:86 - entering critical section [integrity check]
2023-11-09 20:03:32,882 [INFO] PluginManage:310 - Check plugin tools
2023-11-09 20:03:32,897 [INFO] ThirdPartyUpdaterWithRetryManager:70 - Updater plugin not ready yet. [1/15]
2023-11-09 20:03:32,990 [INFO] PluginManage:359 - Loaded plugin tools (category:base,tabindex:7)
2023-11-09 20:03:32,991 [INFO] PluginManage:310 - Check plugin tutovideos
2023-11-09 20:03:33,611 [INFO] PluginManage:359 - Loaded plugin tutovideos (category:base,tabindex:-1)
2023-11-09 20:03:33,611 [INFO] PluginManage:310 - Check plugin updater
2023-11-09 20:03:33,687 [INFO] PluginManage:359 - Loaded plugin updater (category:base,tabindex:12)
2023-11-09 20:03:33,688 [INFO] PluginManage:283 - PluginManage : Loaded plugins [15]
2023-11-09 20:03:34,503 [INFO] PinOutPanel:1499 - setPackage(No Configuration,No Configuration)
2023-11-09 20:03:34,757 [INFO] CADModel:165 - CPN selected for project level
2023-11-09 20:03:34,758 [INFO] CADModel:114 - Register for checkConnection events
2023-11-09 20:03:34,845 [INFO] IPUIPlugin:80 - create IPUIPlugin
2023-11-09 20:03:34,846 [INFO] PluginManager:220 - loadIPPluginJar : add adc
2023-11-09 20:03:34,919 [INFO] IPUIPlugin:80 - create IPUIPlugin
2023-11-09 20:03:34,919 [INFO] PluginManager:220 - loadIPPluginJar : add aes
2023-11-09 20:03:34,992 [INFO] IPUIPlugin:80 - create IPUIPlugin
2023-11-09 20:03:34,992 [INFO] PluginManager:220 - loadIPPluginJar : add can
2023-11-09 20:03:35,034 [INFO] IPUIPlugin:80 - create IPUIPlugin
2023-11-09 20:03:35,034 [INFO] PluginManager:220 - loadIPPluginJar : add comp
2023-11-09 20:03:35,091 [INFO] IPUIPlugin:80 - create IPUIPlugin
2023-11-09 20:03:35,091 [INFO] PluginManager:220 - loadIPPluginJar : add cryp
2023-11-09 20:03:35,164 [INFO] IPUIPlugin:80 - create IPUIPlugin
2023-11-09 20:03:35,165 [INFO] PluginManager:220 - loadIPPluginJar : add dfsdm
2023-11-09 20:03:35,196 [INFO] IPUIPlugin:80 - create IPUIPlugin
2023-11-09 20:03:35,198 [INFO] PluginManager:220 - loadIPPluginJar : add dma
2023-11-09 20:03:35,296 [INFO] IPUIPlugin:80 - create IPUIPlugin
2023-11-09 20:03:35,296 [INFO] PluginManager:220 - loadIPPluginJar : add dma3
2023-11-09 20:03:35,338 [INFO] IPUIPlugin:80 - create IPUIPlugin
2023-11-09 20:03:35,338 [INFO] PluginManager:220 - loadIPPluginJar : add fatfs
2023-11-09 20:03:35,414 [INFO] IPUIPlugin:80 - create IPUIPlugin
2023-11-09 20:03:35,414 [INFO] PluginManager:220 - loadIPPluginJar : add fmc
2023-11-09 20:03:35,443 [INFO] IPUIPlugin:80 - create IPUIPlugin
2023-11-09 20:03:35,444 [INFO] PluginManager:220 - loadIPPluginJar : add freertos
2023-11-09 20:03:35,477 [INFO] IPUIPlugin:80 - create IPUIPlugin
2023-11-09 20:03:35,477 [INFO] PluginManager:220 - loadIPPluginJar : add genericplugin
2023-11-09 20:03:35,631 [INFO] IPUIPlugin:80 - create IPUIPlugin
2023-11-09 20:03:35,631 [INFO] PluginManager:220 - loadIPPluginJar : add gfxmmu
2023-11-09 20:03:35,844 [INFO] IPUIPlugin:80 - create IPUIPlugin
2023-11-09 20:03:35,844 [INFO] PluginManager:220 - loadIPPluginJar : add gic
2023-11-09 20:03:35,869 [INFO] IPUIPlugin:80 - create IPUIPlugin
2023-11-09 20:03:35,869 [INFO] PluginManager:220 - loadIPPluginJar : add gpio
2023-11-09 20:03:35,904 [INFO] ThirdPartyUpdaterWithRetryManager:70 - Updater plugin not ready yet. [2/15]
2023-11-09 20:03:36,006 [INFO] IPUIPlugin:80 - create IPUIPlugin
2023-11-09 20:03:36,006 [INFO] PluginManager:220 - loadIPPluginJar : add gtzc
2023-11-09 20:03:36,056 [INFO] IPUIPlugin:80 - create IPUIPlugin
2023-11-09 20:03:36,056 [INFO] PluginManager:220 - loadIPPluginJar : add hash
2023-11-09 20:03:36,141 [INFO] IPUIPlugin:80 - create IPUIPlugin
2023-11-09 20:03:36,141 [INFO] PluginManager:220 - loadIPPluginJar : add i2c
2023-11-09 20:03:36,205 [INFO] IPUIPlugin:80 - create IPUIPlugin
2023-11-09 20:03:36,206 [INFO] PluginManager:220 - loadIPPluginJar : add i2s
2023-11-09 20:03:36,264 [INFO] IPUIPlugin:80 - create IPUIPlugin
2023-11-09 20:03:36,264 [INFO] PluginManager:220 - loadIPPluginJar : add i3c
2023-11-09 20:03:36,429 [INFO] IPUIPlugin:80 - create IPUIPlugin
2023-11-09 20:03:36,430 [INFO] PluginManager:220 - loadIPPluginJar : add ipddr
2023-11-09 20:03:36,623 [INFO] IPUIPlugin:80 - create IPUIPlugin
2023-11-09 20:03:36,624 [INFO] PluginManager:220 - loadIPPluginJar : add linkedlist
2023-11-09 20:03:36,699 [INFO] IPUIPlugin:80 - create IPUIPlugin
2023-11-09 20:03:36,699 [INFO] PluginManager:220 - loadIPPluginJar : add lorawan
2023-11-09 20:03:36,760 [INFO] IPUIPlugin:80 - create IPUIPlugin
2023-11-09 20:03:36,760 [INFO] PluginManager:220 - loadIPPluginJar : add ltdc
2023-11-09 20:03:36,792 [INFO] IPUIPlugin:80 - create IPUIPlugin
2023-11-09 20:03:36,793 [INFO] PluginManager:220 - loadIPPluginJar : add mdma
2023-11-09 20:03:36,817 [INFO] IPUIPlugin:80 - create IPUIPlugin
2023-11-09 20:03:36,817 [INFO] PluginManager:220 - loadIPPluginJar : add nvic
2023-11-09 20:03:36,879 [INFO] IPUIPlugin:80 - create IPUIPlugin
2023-11-09 20:03:36,880 [INFO] PluginManager:220 - loadIPPluginJar : add opamp
2023-11-09 20:03:36,983 [INFO] IPUIPlugin:80 - create IPUIPlugin
2023-11-09 20:03:36,984 [INFO] PluginManager:220 - loadIPPluginJar : add openamp
2023-11-09 20:03:37,066 [INFO] IPUIPlugin:80 - create IPUIPlugin
2023-11-09 20:03:37,066 [INFO] PluginManager:220 - loadIPPluginJar : add pdm2pcm
2023-11-09 20:03:37,097 [INFO] IPUIPlugin:80 - create IPUIPlugin
2023-11-09 20:03:37,104 [INFO] PluginManager:220 - loadIPPluginJar : add plateformsettings
2023-11-09 20:03:37,143 [INFO] IPUIPlugin:80 - create IPUIPlugin
2023-11-09 20:03:37,144 [INFO] PluginManager:220 - loadIPPluginJar : add quadspi
2023-11-09 20:03:37,164 [INFO] IPUIPlugin:80 - create IPUIPlugin
2023-11-09 20:03:37,164 [INFO] PluginManager:220 - loadIPPluginJar : add resmgrutility
2023-11-09 20:03:37,262 [INFO] IPUIPlugin:80 - create IPUIPlugin
2023-11-09 20:03:37,262 [INFO] PluginManager:220 - loadIPPluginJar : add sai
2023-11-09 20:03:37,324 [INFO] IPUIPlugin:80 - create IPUIPlugin
2023-11-09 20:03:37,325 [INFO] PluginManager:220 - loadIPPluginJar : add spi
2023-11-09 20:03:37,416 [INFO] IPUIPlugin:80 - create IPUIPlugin
2023-11-09 20:03:37,417 [INFO] PluginManager:220 - loadIPPluginJar : add stm32_wpan
2023-11-09 20:03:37,455 [INFO] IPUIPlugin:80 - create IPUIPlugin
2023-11-09 20:03:37,455 [INFO] PluginManager:220 - loadIPPluginJar : add tim
2023-11-09 20:03:37,538 [INFO] IPUIPlugin:80 - create IPUIPlugin
2023-11-09 20:03:37,538 [INFO] PluginManager:220 - loadIPPluginJar : add touchsensing
2023-11-09 20:03:37,574 [INFO] IPUIPlugin:80 - create IPUIPlugin
2023-11-09 20:03:37,574 [INFO] PluginManager:220 - loadIPPluginJar : add tracer_emb
2023-11-09 20:03:37,608 [INFO] IPUIPlugin:80 - create IPUIPlugin
2023-11-09 20:03:37,608 [INFO] PluginManager:220 - loadIPPluginJar : add ts
2023-11-09 20:03:37,640 [INFO] IPUIPlugin:80 - create IPUIPlugin
2023-11-09 20:03:37,640 [INFO] PluginManager:220 - loadIPPluginJar : add tsc
2023-11-09 20:03:37,675 [INFO] IPUIPlugin:80 - create IPUIPlugin
2023-11-09 20:03:37,675 [INFO] PluginManager:220 - loadIPPluginJar : add ucpd
2023-11-09 20:03:37,741 [INFO] IPUIPlugin:80 - create IPUIPlugin
2023-11-09 20:03:37,741 [INFO] PluginManager:220 - loadIPPluginJar : add usart
2023-11-09 20:03:37,811 [INFO] IPUIPlugin:80 - create IPUIPlugin
2023-11-09 20:03:37,811 [INFO] PluginManager:220 - loadIPPluginJar : add usbx
2023-11-09 20:03:38,033 [INFO] CADModel:165 - CPN selected for project level
2023-11-09 20:03:38,033 [INFO] CADModel:114 - Register for checkConnection events
2023-11-09 20:03:38,033 [FATAL] Updater:308 - Updater called before beeing initialized
2023-11-09 20:03:38,033 [ERROR] CADModel:125 - Updater not yet initialized, retry later 
2023-11-09 20:03:38,423 [INFO] CADModel:165 - CPN selected for project level
2023-11-09 20:03:38,423 [INFO] CADModel:114 - Register for checkConnection events
2023-11-09 20:03:38,423 [FATAL] Updater:308 - Updater called before beeing initialized
2023-11-09 20:03:38,423 [ERROR] CADModel:125 - Updater not yet initialized, retry later 
2023-11-09 20:03:38,429 [FATAL] Updater:308 - Updater called before beeing initialized
2023-11-09 20:03:38,770 [FATAL] Updater:308 - Updater called before beeing initialized
2023-11-09 20:03:38,807 [INFO] DbMcusAds:53 - JSON generation date=Tue Mar 07 15:50:55 ICT 2023 (1678179055335)
2023-11-09 20:03:38,808 [FATAL] Updater:308 - Updater called before beeing initialized
2023-11-09 20:03:38,889 [WARN] DetailPanel:346 - Failed to get advertising image, set to default
2023-11-09 20:03:38,915 [INFO] ThirdPartyUpdaterWithRetryManager:70 - Updater plugin not ready yet. [3/15]
2023-11-09 20:03:39,154 [FATAL] Updater:308 - Updater called before beeing initialized
2023-11-09 20:03:39,158 [FATAL] Updater:308 - Updater called before beeing initialized
2023-11-09 20:03:39,159 [FATAL] Updater:308 - Updater called before beeing initialized
2023-11-09 20:03:39,159 [WARN] DetailPanel:346 - Failed to get advertising image, set to default
2023-11-09 20:03:39,161 [FATAL] Updater:308 - Updater called before beeing initialized
2023-11-09 20:03:39,332 [ERROR] Updater:1120 - MainUpdater not yet initialized. External WinMGr cannot be set.
2023-11-09 20:03:39,351 [INFO] Updater:1056 - Updater Version found : 6.8.1
2023-11-09 20:03:39,391 [INFO] ApplicationProperties:184 - Using Application install path: C:\ST\STM32CubeIDE_1.12.1\STM32CubeIDE\plugins\com.st.stm32cube.common.mx_6.8.1.202304191431
2023-11-09 20:03:39,824 [INFO] MainUpdater:2854 - connection check result : 10
2023-11-09 20:03:39,826 [INFO] MainUpdater:283 - Updater Check For Update Now.
2023-11-09 20:03:39,827 [INFO] MicroXplorer:498 - Change Database Version : DB.6.0.81
2023-11-09 20:03:40,277 [INFO] CheckServerUpdateThread:120 - End of CheckServer Thread
2023-11-09 20:03:40,354 [INFO] MainUpdater:2854 - connection check result : 10
2023-11-09 20:03:40,371 [INFO] MainUpdater:2854 - connection check result : 10
2023-11-09 20:03:40,814 [INFO] MicroXplorer:468 - Change Database Path : 
2023-11-09 20:03:40,815 [INFO] MicroXplorer:498 - Change Database Version : DB.6.0.81
2023-11-09 20:03:40,818 [WARN] ThirdParty:871 - waiting for thirdparty lock release [close project]
2023-11-09 20:03:43,612 [WARN] PackLoader:240 - Cannot read IP mode file for STMicroelectronics.X-CUBE-SMBUS.2.1.0
2023-11-09 20:03:43,800 [WARN] PackLoader:240 - Cannot read IP mode file for STMicroelectronics.X-CUBE-AZRTOS-F7.1.1.0
2023-11-09 20:03:43,899 [WARN] PackLoader:240 - Cannot read IP mode file for STMicroelectronics.FP-SNS-MOTENV1.4.3.2
2023-11-09 20:03:44,013 [ERROR] RealEvaluatedCondition:428 - Found unsupported composite condition: GROUP='STM32_MetaDataManager' CLASS='Data Exchange'
2023-11-09 20:03:44,014 [ERROR] RealEvaluatedCondition:428 - Found unsupported composite condition: CLASS='Data Exchange' GROUP='STM32_MetaDataManager'
2023-11-09 20:03:44,017 [WARN] PackLoader:240 - Cannot read IP mode file for STMicroelectronics.FP-SNS-MOTENV1.4.3.1
2023-11-09 20:03:44,057 [WARN] PackLoader:240 - Cannot read IP mode file for STMicroelectronics.FP-SNS-FLIGHT1.5.0.1
2023-11-09 20:03:44,085 [WARN] PackLoader:240 - Cannot read IP mode file for STMicroelectronics.X-CUBE-BLE1.6.2.4
2023-11-09 20:03:44,133 [WARN] PackLoader:240 - Cannot read IP mode file for STMicroelectronics.X-CUBE-DISPLAY.3.0.0
2023-11-09 20:03:44,212 [WARN] PackLoader:240 - Cannot read IP mode file for STMicroelectronics.X-CUBE-TOUCHGFX.4.22.0
2023-11-09 20:03:44,254 [WARN] PackLoader:240 - Cannot read IP mode file for STMicroelectronics.X-CUBE-TOUCHGFX.4.22.1
2023-11-09 20:03:44,277 [WARN] PackLoader:240 - Cannot read IP mode file for STMicroelectronics.FP-SNS-SMARTAG2.1.2.0
2023-11-09 20:03:44,311 [INFO] LogOutputStream:77 - [STDOUT_REDIRECT] 1 : Invalid condition id : UX_CORESTACK_Condition cause : null
2023-11-09 20:03:44,312 [INFO] LogOutputStream:77 - [STDOUT_REDIRECT] 1 : Invalid condition id : UX_CORESTACK_Condition cause : null
2023-11-09 20:03:44,314 [INFO] LogOutputStream:77 - [STDOUT_REDIRECT] 1 : Invalid condition id : UX_CORESTACK_Condition cause : null
2023-11-09 20:03:44,316 [INFO] LogOutputStream:77 - [STDOUT_REDIRECT] 1 : Invalid condition id : UX_CORESTACK_Condition cause : null
2023-11-09 20:03:44,318 [INFO] LogOutputStream:77 - [STDOUT_REDIRECT] 1 : Invalid condition id : UX_CORESTACK_Condition cause : null
2023-11-09 20:03:44,323 [WARN] PackLoader:240 - Cannot read IP mode file for STMicroelectronics.X-CUBE-AZRTOS-WL.2.0.0
2023-11-09 20:03:44,359 [WARN] PackLoader:240 - Cannot read IP mode file for WES.I-CUBE-Cesium.1.3.0
2023-11-09 20:03:44,379 [WARN] PackLoader:240 - Cannot read IP mode file for STMicroelectronics.X-CUBE-BLE2.3.3.0
2023-11-09 20:03:44,396 [WARN] PackLoader:240 - Cannot read IP mode file for STMicroelectronics.X-CUBE-TOUCHGFX.4.21.4
2023-11-09 20:03:44,417 [WARN] PackLoader:240 - Cannot read IP mode file for STMicroelectronics.X-CUBE-ALGOBUILD.1.3.0
2023-11-09 20:03:44,490 [WARN] PackLoader:240 - Cannot read IP mode file for STMicroelectronics.X-CUBE-AZRTOS-G0.1.1.0
2023-11-09 20:03:44,527 [WARN] PackLoader:240 - Cannot read IP mode file for STMicroelectronics.X-CUBE-NFC4.3.0.0
2023-11-09 20:03:44,572 [WARN] PackLoader:240 - Cannot read IP mode file for STMicroelectronics.X-CUBE-BLEMGR.3.0.0
2023-11-09 20:03:44,599 [WARN] PackLoader:240 - Cannot read IP mode file for STMicroelectronics.FP-ATR-SIGFOX1.3.2.0
2023-11-09 20:03:44,856 [WARN] PackLoader:240 - Cannot read IP mode file for SEGGER.I-CUBE-embOS.1.3.1
2023-11-09 20:03:45,722 [WARN] PackLoader:240 - Cannot read IP mode file for STMicroelectronics.X-CUBE-GNSS1.6.0.0
2023-11-09 20:03:46,050 [WARN] PackLoader:240 - Cannot read IP mode file for STMicroelectronics.X-CUBE-AZRTOS-F4.1.1.0
2023-11-09 20:03:46,099 [WARN] PackLoader:240 - Cannot read IP mode file for wolfSSL.I-CUBE-wolfSSL.5.6.0
2023-11-09 20:03:46,232 [WARN] PackLoader:240 - Cannot read IP mode file for STMicroelectronics.X-CUBE-AZRTOS-L5.2.0.0
2023-11-09 20:03:46,435 [WARN] PackLoader:240 - Cannot read IP mode file for STMicroelectronics.X-CUBE-MEMS1.9.6.0
2023-11-09 20:03:47,980 [WARN] PackLoader:240 - Cannot read IP mode file for STMicroelectronics.X-CUBE-EEPRMA1.4.2.0
2023-11-09 20:03:48,009 [WARN] PackLoader:240 - Cannot read IP mode file for ITTIA_DB.I-CUBE-ITTIADB.8.8.0
2023-11-09 20:03:48,039 [WARN] PackLoader:240 - Cannot read IP mode file for emotas.I-CUBE-CANOPEN.1.1.3
2023-11-09 20:03:48,074 [WARN] PackLoader:240 - Cannot read IP mode file for STMicroelectronics.X-CUBE-BLEMGR.2.0.0
2023-11-09 20:03:48,168 [WARN] ConditionMgr:438 - getConditionDescription Invalid condition id : UX DEVICE CLASS RTOS Condition cause : null
2023-11-09 20:03:48,168 [WARN] ConditionMgr:438 - getConditionDescription Invalid condition id : UX DEVICE CLASS RTOS Condition cause : null
2023-11-09 20:03:48,177 [WARN] PackLoader:240 - Cannot read IP mode file for STMicroelectronics.X-CUBE-AZRTOS-H7.3.1.0
2023-11-09 20:03:48,180 [WARN] ConditionMgr:1039 - genDependencies : Invalid condition id : UX DEVICE CLASS RTOS Condition cause : null
2023-11-09 20:03:48,181 [WARN] ConditionMgr:1039 - genDependencies : Invalid condition id : UX DEVICE CLASS RTOS Condition cause : null
2023-11-09 20:03:48,182 [WARN] ConditionMgr:1039 - genDependencies : Invalid condition id : UX DEVICE CLASS RTOS Condition cause : null
2023-11-09 20:03:48,185 [WARN] ConditionMgr:1039 - genDependencies : Invalid condition id : UX DEVICE CLASS RTOS Condition cause : null
2023-11-09 20:03:48,185 [WARN] ConditionMgr:1039 - genDependencies : Invalid condition id : UX DEVICE CLASS RTOS Condition cause : null
2023-11-09 20:03:48,218 [WARN] PackLoader:240 - Cannot read IP mode file for STMicroelectronics.X-CUBE-NFC7.1.0.1
2023-11-09 20:03:48,254 [WARN] PackLoader:240 - Cannot read IP mode file for STMicroelectronics.X-CUBE-NFC6.3.0.0
2023-11-09 20:03:48,287 [WARN] PackLoader:240 - Cannot read IP mode file for STMicroelectronics.X-CUBE-EEPRMA1.4.1.0
2023-11-09 20:03:48,381 [WARN] ConditionMgr:438 - getConditionDescription Invalid condition id : LAN8742 Phy interface Condition cause : null
2023-11-09 20:03:48,384 [WARN] PackLoader:240 - Cannot read IP mode file for STMicroelectronics.X-CUBE-AZRTOS-L4.2.0.0
2023-11-09 20:03:48,387 [WARN] ConditionMgr:1039 - genDependencies : Invalid condition id : LAN8742 Phy interface Condition cause : null
2023-11-09 20:03:48,388 [WARN] ConditionMgr:1039 - genDependencies : Invalid condition id : LAN8742 Phy interface Condition cause : null
2023-11-09 20:03:48,389 [WARN] ConditionMgr:1039 - genDependencies : Invalid condition id : LAN8742 Phy interface Condition cause : null
2023-11-09 20:03:48,430 [WARN] PackLoader:240 - Cannot read IP mode file for STMicroelectronics.X-CUBE-SFXS2LP1.4.0.0
2023-11-09 20:03:48,708 [WARN] PackLoader:240 - Cannot read IP mode file for STMicroelectronics.X-CUBE-ISPU.1.1.0
2023-11-09 20:03:48,875 [WARN] ConditionMgr:438 - getConditionDescription Invalid condition id : UX DEVICE CLASS RTOS Condition cause : null
2023-11-09 20:03:48,877 [WARN] ConditionMgr:438 - getConditionDescription Invalid condition id : UX DEVICE CLASS RTOS Condition cause : null
2023-11-09 20:03:48,882 [WARN] PackLoader:240 - Cannot read IP mode file for STMicroelectronics.X-CUBE-AZRTOS-WB.2.0.0
2023-11-09 20:03:48,885 [WARN] ConditionMgr:1039 - genDependencies : Invalid condition id : UX DEVICE CLASS RTOS Condition cause : null
2023-11-09 20:03:48,889 [WARN] ConditionMgr:1039 - genDependencies : Invalid condition id : UX DEVICE CLASS RTOS Condition cause : null
2023-11-09 20:03:48,890 [WARN] ConditionMgr:1039 - genDependencies : Invalid condition id : UX DEVICE CLASS RTOS Condition cause : null
2023-11-09 20:03:48,891 [WARN] ConditionMgr:1039 - genDependencies : Invalid condition id : UX DEVICE CLASS RTOS Condition cause : null
2023-11-09 20:03:48,891 [WARN] ConditionMgr:1039 - genDependencies : Invalid condition id : UX DEVICE CLASS RTOS Condition cause : null
2023-11-09 20:03:48,917 [WARN] PackLoader:240 - Cannot read IP mode file for STMicroelectronics.X-CUBE-FREERTOS.1.0.1
2023-11-09 20:03:48,993 [WARN] PackLoader:240 - Cannot read IP mode file for STMicroelectronics.X-CUBE-AZRTOS-L5.1.1.0
2023-11-09 20:03:49,029 [WARN] PackLoader:240 - Cannot read IP mode file for STMicroelectronics.X-CUBE-AI.8.0.1
2023-11-09 20:03:49,095 [WARN] PackLoader:240 - Cannot read IP mode file for STMicroelectronics.X-CUBE-SUBG2.5.0.0
2023-11-09 20:03:49,181 [WARN] PackLoader:240 - Cannot read IP mode file for STMicroelectronics.X-CUBE-TOF1.3.3.1
2023-11-09 20:03:49,279 [WARN] PackLoader:240 - Cannot read IP mode file for STMicroelectronics.X-CUBE-AZRTOS-G4.2.0.0
2023-11-09 20:03:49,326 [WARN] PackLoader:240 - Cannot read IP mode file for STMicroelectronics.X-CUBE-TOF1.3.3.0
2023-11-09 20:03:49,395 [WARN] PackLoader:240 - Cannot read IP mode file for Infineon.AIROC-Wi-Fi-Bluetooth-STM32.1.5.1
2023-11-09 20:03:49,566 [WARN] PackLoader:240 - Cannot read IP mode file for STMicroelectronics.X-CUBE-MEMS1.10.0.0
2023-11-09 20:03:51,245 [WARN] PackLoader:240 - Cannot read IP mode file for STMicroelectronics.X-CUBE-FREERTOS.1.1.0
2023-11-09 20:03:51,310 [WARN] PackLoader:240 - Cannot read IP mode file for portGmbH.I-Cube-SoM-uGOAL.1.1.0
2023-11-09 20:03:51,429 [WARN] PackLoader:240 - Cannot read IP mode file for STMicroelectronics.X-CUBE-ALS.1.0.1
2023-11-09 20:03:51,910 [WARN] PackLoader:240 - Cannot read IP mode file for STMicroelectronics.X-CUBE-AZRTOS-WB.1.1.0
2023-11-09 20:03:52,131 [WARN] PackLoader:240 - Cannot read IP mode file for STMicroelectronics.FP-ATR-ASTRA1.2.0.0
2023-11-09 20:03:52,133 [INFO] ThirdParty:978 - Integrity check success = true
2023-11-09 20:03:52,137 [INFO] IntegrityCheckThread:100 - exiting critical section [integrity check]
2023-11-09 20:03:52,137 [INFO] ThirdParty:873 - entering critical section [close project]
2023-11-09 20:03:52,139 [INFO] ThirdParty:883 - exiting critical section [close project]
2023-11-09 20:03:52,141 [INFO] IntegrityCheckThread:103 - End integrity checks thread
2023-11-09 20:03:52,156 [INFO] PinOutPanel:1499 - setPackage(No Configuration,No Configuration)
2023-11-09 20:03:52,171 [INFO] UtilMem:75 - Begin LoadConfig() Used Memory: 491472792 Bytes (515899392)
2023-11-09 20:03:52,173 [INFO] MicroXplorer:468 - Change Database Path : 
2023-11-09 20:03:52,173 [INFO] MicroXplorer:498 - Change Database Version : DB.6.0.81
2023-11-09 20:03:52,173 [INFO] OpenFileManager:308 - Change cursor
2023-11-09 20:03:52,868 [INFO] Mcu:1937 - Initializing MCU STM32F407V(E-G)Tx STM32F407VGTx STM32F407VGT6
2023-11-09 20:04:04,527 [INFO] Context:659 - Trying to add GPIOservice into a context  which must be forbidden
2023-11-09 20:04:10,430 [INFO] RtosManager:555 - Registered RTOS mode: class=CMSIS, group=RTOS, mode=CMSIS_V1, owner=FREERTOS
2023-11-09 20:04:10,439 [INFO] RtosManager:555 - Registered RTOS mode: class=CMSIS, group=RTOS2, mode=CMSIS_V2, owner=FREERTOS
2023-11-09 20:04:10,439 [INFO] RtosManager:555 - Registered RTOS mode: class=RTOS, group=Core, mode=CMSIS_V1, owner=FREERTOS
2023-11-09 20:04:10,439 [INFO] RtosManager:555 - Registered RTOS mode: class=RTOS, group=Core, mode=CMSIS_V2, owner=FREERTOS
2023-11-09 20:04:10,440 [WARN] ModelIntegratedComponent:184 - Missing modes for component STMicroelectronics:FreeRTOS:0.0.1:STMicroelectronics:RTOS:FreeRTOS:Core:::10.2.0:
2023-11-09 20:04:10,544 [WARN] ModelIntegratedComponent:63 - No mode defined for component null
2023-11-09 20:04:10,544 [WARN] ModelIntegratedComponent:63 - No mode defined for component null
2023-11-09 20:04:10,544 [WARN] ModelIntegratedComponent:63 - No mode defined for component null
2023-11-09 20:04:10,545 [WARN] ModelIntegratedComponent:63 - No mode defined for component null
2023-11-09 20:04:10,545 [WARN] ModelIntegratedComponent:63 - No mode defined for component null
2023-11-09 20:04:10,545 [WARN] ModelIntegratedComponent:63 - No mode defined for component null
2023-11-09 20:04:10,545 [WARN] ModelIntegratedComponent:63 - No mode defined for component null
2023-11-09 20:04:10,545 [WARN] ModelIntegratedComponent:63 - No mode defined for component null
2023-11-09 20:04:10,545 [WARN] ModelIntegratedComponent:63 - No mode defined for component null
2023-11-09 20:04:10,546 [WARN] ModelIntegratedComponent:63 - No mode defined for component null
2023-11-09 20:04:10,546 [WARN] ModelIntegratedComponent:63 - No mode defined for component null
2023-11-09 20:04:10,546 [WARN] ModelIntegratedComponent:63 - No mode defined for component null
2023-11-09 20:04:10,546 [WARN] ModelIntegratedComponent:63 - No mode defined for component null
2023-11-09 20:04:10,546 [WARN] ModelIntegratedComponent:63 - No mode defined for component null
2023-11-09 20:04:10,546 [WARN] ModelIntegratedComponent:63 - No mode defined for component null
2023-11-09 20:04:10,547 [WARN] ModelIntegratedComponent:63 - No mode defined for component null
2023-11-09 20:04:10,547 [WARN] ModelIntegratedComponent:63 - No mode defined for component null
2023-11-09 20:04:10,547 [WARN] ModelIntegratedComponent:63 - No mode defined for component null
2023-11-09 20:04:10,547 [WARN] ModelIntegratedComponent:63 - No mode defined for component null
2023-11-09 20:04:10,550 [WARN] ModelIntegratedComponent:63 - No mode defined for component null
2023-11-09 20:04:10,550 [WARN] ModelIntegratedComponent:63 - No mode defined for component null
2023-11-09 20:04:10,550 [WARN] ModelIntegratedComponent:63 - No mode defined for component null
2023-11-09 20:04:10,551 [WARN] ModelIntegratedComponent:63 - No mode defined for component null
2023-11-09 20:04:10,551 [WARN] ModelIntegratedComponent:63 - No mode defined for component null
2023-11-09 20:04:10,551 [WARN] ModelIntegratedComponent:63 - No mode defined for component null
2023-11-09 20:04:10,551 [WARN] ModelIntegratedComponent:63 - No mode defined for component null
2023-11-09 20:04:10,551 [WARN] ModelIntegratedComponent:63 - No mode defined for component null
2023-11-09 20:04:10,551 [WARN] ModelIntegratedComponent:63 - No mode defined for component null
2023-11-09 20:04:10,552 [WARN] ModelIntegratedComponent:63 - No mode defined for component null
2023-11-09 20:04:10,552 [WARN] ModelIntegratedComponent:63 - No mode defined for component null
2023-11-09 20:04:10,552 [WARN] ModelIntegratedComponent:63 - No mode defined for component null
2023-11-09 20:04:10,552 [WARN] ModelIntegratedComponent:63 - No mode defined for component null
2023-11-09 20:04:10,552 [WARN] ModelIntegratedComponent:63 - No mode defined for component null
2023-11-09 20:04:11,013 [INFO] ThirdPartyModel:298 - Start build external matchings
2023-11-09 20:04:12,510 [INFO] ThirdPartyModel:316 - End build external matchings
2023-11-09 20:04:13,727 [INFO] UtilMem:75 - End LoadConfig() Used Memory: 494031720 Bytes (515899392)
2023-11-09 20:04:14,179 [INFO] ApiDb:581 - Connected to CubeFinder SQLite database (C:\Users\Admin\.stmcufinder\plugins\mcufinder\mcu\cube-finder-db.db)
2023-11-09 20:04:14,389 [INFO] ApiDb:668 - CubeFinder database Data Model version=2.1
2023-11-09 20:04:14,389 [INFO] ApiDb:669 - CubeFinder database Configuration version=3.0.37
2023-11-09 20:04:14,390 [INFO] ApiDb:670 - CubeFinder database generation date=2023-10-13 (1697197505)
2023-11-09 20:04:14,390 [INFO] ApiDb:671 - CubeFinder database FW Pack versions=[FP-ATR-ASTRA1_V2.0.0, FP-SNS-FLIGHT1_V5.0.1, FP-SNS-FLIGHT1_V5.0.2, FP-SNS-MOTENV1_V4.3.1, FP-SNS-MOTENV1_V4.3.2, FP-SNS-SMARTAG2_V1.2.0, I-CUBE-ITTIADB_V8.6.3-1, STM32Cube_FW_C0_V1.1.0, STM32Cube_FW_F4_V1.27.1, STM32Cube_FW_F7_V1.17.0, STM32Cube_FW_G0_V1.6.1, STM32Cube_FW_G4_V1.5.1, STM32Cube_FW_H5_V0.5.1, STM32Cube_FW_H5_V1.1.1, STM32Cube_FW_H7_V1.11.0, STM32Cube_FW_L0_V1.12.2, STM32Cube_FW_L5_V1.5.0, STM32Cube_FW_U5_V1.3.0, STM32Cube_FW_U5_V1.3.0RC4, STM32Cube_FW_WBA_V1.0.0RC1, STM32Cube_FW_WBA_V1.1.0RC1, STM32Cube_FW_WBA_V1.1.1, STM32Cube_FW_WB_V1.15.0RC1, STM32Cube_FW_WB_V1.16.0, STM32Cube_FW_WB_V1.16.0RC2, STM32Cube_FW_WB_V1.17.3, STM32Cube_FW_WL_V1.3.0, X-CUBE-ALGOBUILD_V1.3.0, X-CUBE-ALS_V1.0.1, X-CUBE-AZRTOS-F4_V1.1.0, X-CUBE-AZRTOS-F7_V1.1.0, X-CUBE-AZRTOS-G0_V1.1.0, X-CUBE-AZRTOS-G4_V2.0.0, X-CUBE-AZRTOS-H7_V3.1.0, X-CUBE-AZRTOS-L4_V1.0.0, X-CUBE-AZRTOS-L4_V2.0.0, X-CUBE-AZRTOS-L5_V1.1.0, X-CUBE-AZRTOS-WB_V2.0.0, X-CUBE-AZRTOS-WL_V2.0.0, X-CUBE-BLE1_V7.0.0, X-CUBE-BLE2_V3.3.0, X-CUBE-BLEMGR_V2.0.0, X-CUBE-EEPRMA1_V4.1.0, X-CUBE-FREERTOS_V1.1.0, X-CUBE-GNSS1_V6.0.0, X-CUBE-MEMS1_V10.0.0, X-CUBE-MEMS1_V9.1.0, X-CUBE-MEMS1_V9.4.0, X-CUBE-MEMS1_V9.6.0, X-CUBE-NFC4_V3.0.0, X-CUBE-NFC7_V1.0.1, X-CUBE-SFXS2LP1_V4.0.0, X-CUBE-SUBG2_V5.0.0, X-CUBE-TOF1_V3.3.1]
2023-11-09 20:04:19,113 [INFO] ApiDb:240 - Found 297 in-development CPN: [B-G473E-ZEST1S, B-WB1M-WPAN1, B-WL5M-SUBG1, NUCLEO-C031C6, NUCLEO-H503RB, NUCLEO-H563ZI, NUCLEO-U545RE-Q, NUCLEO-U5A5ZJ-Q, NUCLEO-WBA52CG, STEVAL-PROTEUS1, STEVAL-STWINBX1, STM320518-EVAL, STM32C0116-DK, STM32C011D6Y3TR, STM32C011D6Y6TR, STM32C011F4P3, STM32C011F4P6, STM32C011F4U3, STM32C011F4U6TR, STM32C011F6P3, STM32C011F6P6, STM32C011F6U3, STM32C011F6U6TR, STM32C011J4M3, STM32C011J4M6, STM32C011J6M3, STM32C011J6M6, STM32C0316-DK, STM32C031C4T3, STM32C031C4T6, STM32C031C4U3, STM32C031C4U6, STM32C031C6T3, STM32C031C6T6, STM32C031C6U3, STM32C031C6U6, STM32C031F4P3, STM32C031F4P6, STM32C031F6P3, STM32C031F6P6, STM32C031G4U3, STM32C031G4U6, STM32C031G6U3, STM32C031G6U6, STM32C031K4T3, STM32C031K4T6, STM32C031K4U3, STM32C031K4U6, STM32C031K6T3, STM32C031K6T6, STM32C031K6U3, STM32C031K6U6, STM32G071K8TXN, STM32G071K8UXN, STM32G081GBU6N, STM32G081KBT6N, STM32G081KBUXN, STM32G0B1CCT6N, STM32G0B1KCT6, STM32G0B1NEY6TR, STM32G0B1RCT6N, STM32G0C1CCT6, STM32G0C1CCT6N, STM32G0C1CCU6N, STM32G0C1CET6N, STM32G0C1CEU6N, STM32G0C1KCT6, STM32G0C1NEY6TR, STM32G0C1RCI6N, STM32G0C1RCT6N, STM32G0C1REI6N, STM32G0C1RET6N, STM32G0C1VCI6, STM32G0C1VEI6, STM32G471CCT6, STM32G471CCU6, STM32G471CET3, STM32G471CET6, STM32G471CEU3, STM32G471CEU6, STM32G471MCT6, STM32G471MET3, STM32G471MET6, STM32G471MEY6TR, STM32G471QCT6, STM32G471QET3, STM32G471RCT6, STM32G471RET3, STM32G471RET6, STM32G471VCH6, STM32G471VCI6, STM32G471VCT6, STM32G471VEH3, STM32G471VEH6, STM32G471VEI3, STM32G471VEI6, STM32G471VET3, STM32G471VET6, STM32G474CCT6, STM32H503CBT6, STM32H503CBU6, STM32H503EBY6TR, STM32H503KBU6, STM32H503RBT6, STM32H562AGI6, STM32H562AII6, STM32H562IGK6, STM32H562IGT6, STM32H562IIK6, STM32H562IIT6, STM32H562RGT6, STM32H562RGV6, STM32H562RIT6, STM32H562RIV6, STM32H562VGT6, STM32H562VIT6, STM32H562ZGT6, STM32H562ZIT6, STM32H563AGI6, STM32H563AII3Q, STM32H563AII6, STM32H563IGK6, STM32H563IGT6, STM32H563IIK3Q, STM32H563IIK6, STM32H563IIT3Q, STM32H563IIT6, STM32H563MIY3QTR, STM32H563RGT6, STM32H563RGV6, STM32H563RIT6, STM32H563RIV6, STM32H563VGT6, STM32H563VIT3Q, STM32H563VIT6, STM32H563ZGT6, STM32H563ZIT3Q, STM32H563ZIT6, STM32H573AII3Q, STM32H573AII6, STM32H573I-DK, STM32H573IIK3Q, STM32H573IIK6, STM32H573IIT3Q, STM32H573IIT6, STM32H573MIY3QTR, STM32H573RIT6, STM32H573RIV6, STM32H573VIT3Q, STM32H573VIT6, STM32H573ZIT3Q, STM32H573ZIT6, STM32L4R5QGI6STR, STM32MP131AAE3, STM32MP131AAF3, STM32MP131AAG3, STM32MP131CAE3, STM32MP131CAF3, STM32MP131CAG3, STM32MP131DAE7, STM32MP131DAF7, STM32MP131DAG7, STM32MP131FAE7, STM32MP131FAF7, STM32MP131FAG7, STM32MP133AAE3, STM32MP133AAF3, STM32MP133AAG3, STM32MP133CAE3, STM32MP133CAF3, STM32MP133CAG3, STM32MP133DAE7, STM32MP133DAF7, STM32MP133DAG7, STM32MP133FAE7, STM32MP133FAF7, STM32MP133FAG7, STM32MP135AAE3, STM32MP135AAF3, STM32MP135AAG3, STM32MP135CAE3, STM32MP135CAF3, STM32MP135CAG3, STM32MP135DAE7, STM32MP135DAF7, STM32MP135DAG7, STM32MP135F-DK, STM32MP135FAE7, STM32MP135FAF7, STM32MP135FAF7T, STM32MP135FAF7U, STM32MP135FAG7, STM32U535CBT6, STM32U535CBT6Q, STM32U535CBU6, STM32U535CBU6Q, STM32U535CCT6, STM32U535CCT6Q, STM32U535CCU6, STM32U535CCU6Q, STM32U535CET6, STM32U535CET6Q, STM32U535CEU6, STM32U535CEU6Q, STM32U535JEY6QTR, STM32U535NCY6QTR, STM32U535NEY6QTR, STM32U535RBI6, STM32U535RBI6Q, STM32U535RBT6, STM32U535RBT6Q, STM32U535RCI6, STM32U535RCI6Q, STM32U535RCT6, STM32U535RCT6Q, STM32U535REI6, STM32U535REI6Q, STM32U535RET6, STM32U535RET6Q, STM32U535VCI6, STM32U535VCI6Q, STM32U535VCT6, STM32U535VCT6Q, STM32U535VEI6, STM32U535VEI6Q, STM32U535VET6, STM32U535VET6Q, STM32U545CET6, STM32U545CET6Q, STM32U545CEU6, STM32U545CEU6Q, STM32U545JEY6QTR, STM32U545NEY6QTR, STM32U545REI6, STM32U545REI6Q, STM32U545RET6, STM32U545RET6Q, STM32U545VEI6, STM32U545VEI6Q, STM32U545VET6, STM32U545VET6Q, STM32U595AIH6, STM32U595AIH6Q, STM32U595AJH6, STM32U595AJH6Q, STM32U595QII6, STM32U595QII6Q, STM32U595QJI6, STM32U595QJI6Q, STM32U595RIT6, STM32U595RIT6Q, STM32U595RJT6, STM32U595RJT6Q, STM32U595VIT6, STM32U595VIT6Q, STM32U595VJT6, STM32U595VJT6Q, STM32U595ZIT6, STM32U595ZIT6Q, STM32U595ZIY6QTR, STM32U595ZJT6, STM32U595ZJT6Q, STM32U595ZJY6QTR, STM32U599BJY6QTR, STM32U599NIH6Q, STM32U599NJH6Q, STM32U599VIT6Q, STM32U599VJT6, STM32U599VJT6Q, STM32U599ZIT6Q, STM32U599ZIY6QTR, STM32U599ZJT6Q, STM32U599ZJY6QTR, STM32U5A5AJH6, STM32U5A5AJH6Q, STM32U5A5QJI6, STM32U5A5QJI6Q, STM32U5A5RJT6, STM32U5A5RJT6Q, STM32U5A5VJT6, STM32U5A5VJT6Q, STM32U5A5ZJT6, STM32U5A5ZJT6Q, STM32U5A5ZJY6QTR, STM32U5A9BJY6QTR, STM32U5A9J-DK, STM32U5A9NJH6Q, STM32U5A9VJT6Q, STM32U5A9ZJT6Q, STM32U5A9ZJY6QTR, STM32WB1MMCH6, STM32WBA52CEU6, STM32WBA52CEU6T, STM32WBA52CGU6, STM32WBA52CGU6T, STM32WL5MOCH6, STM32WL5MOCH6TR]
2023-11-09 20:04:19,121 [INFO] DbMcus:216 - Found 3825 MCUs, 3825 are supported
2023-11-09 20:04:19,125 [INFO] ApiDb:423 - Load user favorites file C:\Users\Admin/.stm32cubeide/favorites.mcus.txt: 0 item(s)
2023-11-09 20:04:19,125 [INFO] ApiDb:427 - User favorites MCUs=[]
2023-11-09 20:04:19,126 [INFO] DbMcus:222 - Set 0 / 0 favorites MCUs
2023-11-09 20:04:20,141 [WARN] ThirdParty:833 - waiting for thirdparty lock release [change project]
2023-11-09 20:04:20,143 [INFO] ThirdParty:835 - entering critical section [change project]
2023-11-09 20:04:20,144 [INFO] ThirdParty:1030 - CMSIS Pack Vendor :STMicroelectronics X-CUBE-ISPU 1.1.0
2023-11-09 20:04:20,144 [INFO] ThirdParty:1030 - CMSIS Pack Vendor :STMicroelectronics X-CUBE-GNSS1 6.0.0
2023-11-09 20:04:20,144 [INFO] ThirdParty:1030 - CMSIS Pack Vendor :STMicroelectronics USB_HOST 2.0.0
2023-11-09 20:04:20,145 [INFO] ThirdParty:1030 - CMSIS Pack Vendor :STMicroelectronics X-CUBE-AZRTOS-F4 1.1.0
2023-11-09 20:04:20,145 [INFO] ThirdParty:1030 - CMSIS Pack Vendor :STMicroelectronics LIBJPEG 8.0.0
2023-11-09 20:04:20,145 [INFO] ThirdParty:1030 - CMSIS Pack Vendor :STMicroelectronics X-CUBE-SMBUS 2.1.0
2023-11-09 20:04:20,145 [INFO] ThirdParty:1030 - CMSIS Pack Vendor :wolfSSL I-CUBE-wolfSSL 5.6.0
2023-11-09 20:04:20,145 [INFO] ThirdParty:1030 - CMSIS Pack Vendor :STMicroelectronics USB_DEVICE 3.0.0
2023-11-09 20:04:20,146 [INFO] ThirdParty:1030 - CMSIS Pack Vendor :STMicroelectronics X-CUBE-AZRTOS-WB 2.0.0
2023-11-09 20:04:20,146 [INFO] ThirdParty:1030 - CMSIS Pack Vendor :STMicroelectronics X-CUBE-FREERTOS 1.0.1
2023-11-09 20:04:20,146 [INFO] ThirdParty:1030 - CMSIS Pack Vendor :STMicroelectronics X-CUBE-AZRTOS-F7 1.1.0
2023-11-09 20:04:20,146 [INFO] ThirdParty:1030 - CMSIS Pack Vendor :STMicroelectronics X-CUBE-TOUCHGFX 4.21.4
2023-11-09 20:04:20,146 [INFO] ThirdParty:1030 - CMSIS Pack Vendor :STMicroelectronics X-CUBE-AZRTOS-L5 2.0.0
2023-11-09 20:04:20,146 [INFO] ThirdParty:1030 - CMSIS Pack Vendor :STMicroelectronics USB_DEVICE 2.0.0
2023-11-09 20:04:20,146 [INFO] ThirdParty:1030 - CMSIS Pack Vendor :STMicroelectronics X-CUBE-MEMS1 9.6.0
2023-11-09 20:04:20,147 [INFO] ThirdParty:1030 - CMSIS Pack Vendor :STMicroelectronics X-CUBE-EEPRMA1 4.2.0
2023-11-09 20:04:20,154 [INFO] ThirdParty:1030 - CMSIS Pack Vendor :ITTIA_DB I-CUBE-ITTIADB 8.8.0
2023-11-09 20:04:20,155 [INFO] ThirdParty:1030 - CMSIS Pack Vendor :STMicroelectronics FP-SNS-MOTENV1 4.3.2
2023-11-09 20:04:20,155 [INFO] ThirdParty:1030 - CMSIS Pack Vendor :STMicroelectronics FP-SNS-MOTENV1 4.3.1
2023-11-09 20:04:20,155 [INFO] ThirdParty:1030 - CMSIS Pack Vendor :STMicroelectronics FP-SNS-FLIGHT1 5.0.1
2023-11-09 20:04:20,155 [INFO] ThirdParty:1030 - CMSIS Pack Vendor :STMicroelectronics X-CUBE-ALGOBUILD 1.3.0
2023-11-09 20:04:20,155 [INFO] ThirdParty:1030 - CMSIS Pack Vendor :STMicroelectronics X-CUBE-BLE1 6.2.4
2023-11-09 20:04:20,155 [INFO] ThirdParty:1030 - CMSIS Pack Vendor :STMicroelectronics X-CUBE-AZRTOS-L5 1.1.0
2023-11-09 20:04:20,155 [INFO] ThirdParty:1030 - CMSIS Pack Vendor :STMicroelectronics FreeRTOS 0.0.1
2023-11-09 20:04:20,155 [INFO] ThirdParty:1030 - CMSIS Pack Vendor :STMicroelectronics X-CUBE-AZRTOS-G0 1.1.0
2023-11-09 20:04:20,155 [INFO] ThirdParty:1030 - CMSIS Pack Vendor :emotas I-CUBE-CANOPEN 1.1.3
2023-11-09 20:04:20,156 [INFO] ThirdParty:1030 - CMSIS Pack Vendor :STMicroelectronics X-CUBE-BLEMGR 2.0.0
2023-11-09 20:04:20,156 [INFO] ThirdParty:1030 - CMSIS Pack Vendor :STMicroelectronics X-CUBE-AI 8.0.1
2023-11-09 20:04:20,156 [INFO] ThirdParty:1030 - CMSIS Pack Vendor :STMicroelectronics X-CUBE-NFC4 3.0.0
2023-11-09 20:04:20,156 [INFO] ThirdParty:1030 - CMSIS Pack Vendor :STMicroelectronics X-CUBE-SUBG2 5.0.0
2023-11-09 20:04:20,156 [INFO] ThirdParty:1030 - CMSIS Pack Vendor :STMicroelectronics STM32_WPAN 1.0.0
2023-11-09 20:04:20,156 [INFO] ThirdParty:1030 - CMSIS Pack Vendor :STMicroelectronics lwIP 2.0.3
2023-11-09 20:04:20,156 [INFO] ThirdParty:1030 - CMSIS Pack Vendor :STMicroelectronics USB_HOST 1.0.0
2023-11-09 20:04:20,156 [INFO] ThirdParty:1030 - CMSIS Pack Vendor :STMicroelectronics X-CUBE-TOF1 3.3.1
2023-11-09 20:04:20,157 [INFO] ThirdParty:1030 - CMSIS Pack Vendor :STMicroelectronics X-CUBE-AZRTOS-G4 2.0.0
2023-11-09 20:04:20,157 [INFO] ThirdParty:1030 - CMSIS Pack Vendor :STMicroelectronics PDM2PCM 3.1.0
2023-11-09 20:04:20,157 [INFO] ThirdParty:1030 - CMSIS Pack Vendor :STMicroelectronics X-CUBE-AZRTOS-H7 3.1.0
2023-11-09 20:04:20,157 [INFO] ThirdParty:1030 - CMSIS Pack Vendor :STMicroelectronics X-CUBE-TOF1 3.3.0
2023-11-09 20:04:20,157 [INFO] ThirdParty:1030 - CMSIS Pack Vendor :Infineon AIROC-Wi-Fi-Bluetooth-STM32 1.5.1
2023-11-09 20:04:20,157 [INFO] ThirdParty:1030 - CMSIS Pack Vendor :STMicroelectronics X-CUBE-BLEMGR 3.0.0
2023-11-09 20:04:20,158 [INFO] ThirdParty:1030 - CMSIS Pack Vendor :STMicroelectronics PDM2PCM 3.3.0
2023-11-09 20:04:20,158 [INFO] ThirdParty:1030 - CMSIS Pack Vendor :STMicroelectronics X-CUBE-DISPLAY 3.0.0
2023-11-09 20:04:20,158 [INFO] ThirdParty:1030 - CMSIS Pack Vendor :STMicroelectronics FP-ATR-SIGFOX1 3.2.0
2023-11-09 20:04:20,158 [INFO] ThirdParty:1030 - CMSIS Pack Vendor :STMicroelectronics HAL Drivers 0.0.0
2023-11-09 20:04:20,158 [INFO] ThirdParty:1030 - CMSIS Pack Vendor :STMicroelectronics MBEDTLS 2.16.2
2023-11-09 20:04:20,159 [INFO] ThirdParty:1030 - CMSIS Pack Vendor :STMicroelectronics X-CUBE-MEMS1 10.0.0
2023-11-09 20:04:20,159 [INFO] ThirdParty:1030 - CMSIS Pack Vendor :STMicroelectronics X-CUBE-FREERTOS 1.1.0
2023-11-09 20:04:20,161 [INFO] ThirdParty:1030 - CMSIS Pack Vendor :STMicroelectronics X-CUBE-TOUCHGFX 4.22.0
2023-11-09 20:04:20,161 [INFO] ThirdParty:1030 - CMSIS Pack Vendor :STMicroelectronics X-CUBE-NFC7 1.0.1
2023-11-09 20:04:20,162 [INFO] ThirdParty:1030 - CMSIS Pack Vendor :STMicroelectronics MBEDTLS 2.14.1
2023-11-09 20:04:20,162 [INFO] ThirdParty:1030 - CMSIS Pack Vendor :STMicroelectronics X-CUBE-TOUCHGFX 4.22.1
2023-11-09 20:04:20,162 [INFO] ThirdParty:1030 - CMSIS Pack Vendor :STMicroelectronics X-CUBE-NFC6 3.0.0
2023-11-09 20:04:20,162 [INFO] ThirdParty:1030 - CMSIS Pack Vendor :STMicroelectronics X-CUBE-EEPRMA1 4.1.0
2023-11-09 20:04:20,162 [INFO] ThirdParty:1030 - CMSIS Pack Vendor :portGmbH I-Cube-SoM-uGOAL 1.1.0
2023-11-09 20:04:20,169 [INFO] ThirdParty:1030 - CMSIS Pack Vendor :STMicroelectronics X-CUBE-ALS 1.0.1
2023-11-09 20:04:20,174 [INFO] ThirdParty:1030 - CMSIS Pack Vendor :STMicroelectronics ThreadX 1.0.0
2023-11-09 20:04:20,179 [INFO] ThirdParty:1030 - CMSIS Pack Vendor :STMicroelectronics FP-SNS-SMARTAG2 1.2.0
2023-11-09 20:04:20,179 [INFO] ThirdParty:1030 - CMSIS Pack Vendor :STMicroelectronics X-CUBE-AZRTOS-WB 1.1.0
2023-11-09 20:04:20,180 [INFO] ThirdParty:1030 - CMSIS Pack Vendor :STMicroelectronics X-CUBE-AZRTOS-WL 2.0.0
2023-11-09 20:04:20,180 [INFO] ThirdParty:1030 - CMSIS Pack Vendor :SEGGER I-CUBE-embOS 1.3.1
2023-11-09 20:04:20,187 [INFO] ThirdParty:1030 - CMSIS Pack Vendor :STMicroelectronics USB_DEVICE 1.0.0
2023-11-09 20:04:20,188 [INFO] ThirdParty:1030 - CMSIS Pack Vendor :STMicroelectronics X-CUBE-AZRTOS-L4 2.0.0
2023-11-09 20:04:20,188 [INFO] ThirdParty:1030 - CMSIS Pack Vendor :STMicroelectronics ThreadX 0.0.2
2023-11-09 20:04:20,188 [INFO] ThirdParty:1030 - CMSIS Pack Vendor :WES I-CUBE-Cesium 1.3.0
2023-11-09 20:04:20,192 [INFO] ThirdParty:1030 - CMSIS Pack Vendor :STMicroelectronics FP-ATR-ASTRA1 2.0.0
2023-11-09 20:04:20,193 [INFO] ThirdParty:1030 - CMSIS Pack Vendor :STMicroelectronics lwIP 2.1.2
2023-11-09 20:04:20,194 [INFO] ThirdParty:1030 - CMSIS Pack Vendor :STMicroelectronics X-CUBE-SFXS2LP1 4.0.0
2023-11-09 20:04:20,194 [INFO] ThirdParty:1030 - CMSIS Pack Vendor :STMicroelectronics X-CUBE-BLE2 3.3.0
2023-11-09 20:04:20,194 [INFO] ThirdParty:1030 - CMSIS Pack Vendor :STMicroelectronics PDM2PCM 3.2.0
2023-11-09 20:04:20,194 [INFO] ThirdParty:841 - exiting critical section [change project]
2023-11-09 20:04:23,139 [INFO] PinOutPanel:1499 - setPackage(No Configuration,No Configuration)
2023-11-09 20:04:23,142 [INFO] PinOutPanel:1499 - setPackage(STM32F407VGTx,LQFP100)
2023-11-09 20:04:29,568 [INFO] UtilMem:75 - Before build in PCC Used Memory: 515787344 Bytes (532676608)
2023-11-09 20:04:36,071 [INFO] UtilMem:75 - After build in PCC Used Memory: 515655064 Bytes (540016640)
2023-11-09 20:04:36,436 [INFO] IPUIPlugin:80 - create IPUIPlugin
2023-11-09 20:04:36,436 [INFO] IPUIPlugin:80 - create IPUIPlugin
2023-11-09 20:04:36,437 [INFO] IPUIPlugin:80 - create IPUIPlugin
2023-11-09 20:04:36,437 [INFO] IPUIPlugin:80 - create IPUIPlugin
2023-11-09 20:04:36,437 [INFO] IPUIPlugin:80 - create IPUIPlugin
2023-11-09 20:04:36,439 [INFO] IPUIPlugin:80 - create IPUIPlugin
2023-11-09 20:04:36,440 [INFO] IPUIPlugin:80 - create IPUIPlugin
2023-11-09 20:04:36,441 [INFO] IPUIPlugin:80 - create IPUIPlugin
2023-11-09 20:04:36,442 [INFO] IPUIPlugin:80 - create IPUIPlugin
2023-11-09 20:04:36,442 [INFO] IPUIPlugin:80 - create IPUIPlugin
2023-11-09 20:04:36,443 [INFO] IPUIPlugin:80 - create IPUIPlugin
2023-11-09 20:04:36,443 [INFO] IPUIPlugin:80 - create IPUIPlugin
2023-11-09 20:04:36,444 [INFO] IPUIPlugin:80 - create IPUIPlugin
2023-11-09 20:04:36,444 [INFO] IPUIPlugin:80 - create IPUIPlugin
2023-11-09 20:04:36,445 [INFO] IPUIPlugin:80 - create IPUIPlugin
2023-11-09 20:04:36,457 [INFO] IPUIPlugin:80 - create IPUIPlugin
2023-11-09 20:04:36,458 [INFO] IPUIPlugin:80 - create IPUIPlugin
2023-11-09 20:04:36,459 [INFO] IPUIPlugin:80 - create IPUIPlugin
2023-11-09 20:04:36,459 [INFO] IPUIPlugin:80 - create IPUIPlugin
2023-11-09 20:04:36,461 [INFO] IPUIPlugin:80 - create IPUIPlugin
2023-11-09 20:04:36,470 [INFO] IPUIPlugin:80 - create IPUIPlugin
2023-11-09 20:04:36,471 [INFO] IPUIPlugin:80 - create IPUIPlugin
2023-11-09 20:04:36,472 [INFO] IPUIPlugin:80 - create IPUIPlugin
2023-11-09 20:04:36,474 [INFO] IPUIPlugin:80 - create IPUIPlugin
2023-11-09 20:04:36,475 [INFO] IPUIPlugin:80 - create IPUIPlugin
2023-11-09 20:04:36,476 [INFO] IPUIPlugin:80 - create IPUIPlugin
2023-11-09 20:04:36,477 [INFO] IPUIPlugin:80 - create IPUIPlugin
2023-11-09 20:04:36,504 [INFO] IPUIPlugin:80 - create IPUIPlugin
2023-11-09 20:04:36,511 [INFO] IPUIPlugin:80 - create IPUIPlugin
2023-11-09 20:04:36,542 [INFO] IPUIPlugin:80 - create IPUIPlugin
2023-11-09 20:04:36,543 [INFO] IPUIPlugin:80 - create IPUIPlugin
2023-11-09 20:04:36,544 [INFO] IPUIPlugin:80 - create IPUIPlugin
2023-11-09 20:04:36,549 [INFO] IPUIPlugin:80 - create IPUIPlugin
2023-11-09 20:04:36,551 [INFO] IPUIPlugin:80 - create IPUIPlugin
2023-11-09 20:04:36,553 [INFO] IPUIPlugin:80 - create IPUIPlugin
2023-11-09 20:04:36,554 [INFO] IPUIPlugin:80 - create IPUIPlugin
2023-11-09 20:04:36,555 [INFO] IPUIPlugin:80 - create IPUIPlugin
2023-11-09 20:04:36,556 [INFO] IPUIPlugin:80 - create IPUIPlugin
2023-11-09 20:04:36,559 [INFO] IPUIPlugin:80 - create IPUIPlugin
2023-11-09 20:04:36,566 [INFO] IPUIPlugin:80 - create IPUIPlugin
2023-11-09 20:04:36,569 [INFO] IPUIPlugin:80 - create IPUIPlugin
2023-11-09 20:04:36,570 [INFO] IPUIPlugin:80 - create IPUIPlugin
2023-11-09 20:04:36,571 [INFO] IPUIPlugin:80 - create IPUIPlugin
2023-11-09 20:04:36,573 [INFO] IPUIPlugin:80 - create IPUIPlugin
2023-11-09 20:04:36,574 [INFO] IPUIPlugin:80 - create IPUIPlugin
2023-11-09 20:04:36,575 [INFO] IPUIPlugin:80 - create IPUIPlugin
2023-11-09 20:04:36,576 [INFO] IPUIPlugin:80 - create IPUIPlugin
2023-11-09 20:04:36,577 [INFO] IPUIPlugin:80 - create IPUIPlugin
2023-11-09 20:04:36,581 [INFO] IPUIPlugin:80 - create IPUIPlugin
2023-11-09 20:04:36,584 [INFO] IPUIPlugin:80 - create IPUIPlugin
2023-11-09 20:04:36,586 [INFO] IPUIPlugin:80 - create IPUIPlugin
2023-11-09 20:04:36,587 [INFO] IPUIPlugin:80 - create IPUIPlugin
2023-11-09 20:04:36,602 [INFO] IPUIPlugin:80 - create IPUIPlugin
2023-11-09 20:04:36,606 [INFO] IPUIPlugin:80 - create IPUIPlugin
2023-11-09 20:04:36,676 [INFO] IPUIPlugin:80 - create IPUIPlugin
2023-11-09 20:04:36,682 [INFO] IPUIPlugin:80 - create IPUIPlugin
2023-11-09 20:04:36,685 [INFO] IPUIPlugin:80 - create IPUIPlugin
2023-11-09 20:04:36,688 [INFO] IPUIPlugin:80 - create IPUIPlugin
2023-11-09 20:04:37,757 [INFO] ApiDbMcu:507 - Load IP Config File for PDM2PCM
2023-11-09 20:04:40,362 [INFO] CADModel:165 - CPN selected for project levelSTM32F407VGT6
2023-11-09 20:04:40,362 [INFO] CADModel:114 - Register for checkConnection events
2023-11-09 20:04:40,514 [INFO] OpenFileManager:328 - Restore cursor
